
__orio_perftest1.c: In function â€˜mainâ€™:
__orio_perftest1.c:131:52: error: â€˜Y_copyâ€™ undeclared (first use in this function)
 #pragma omp parallel for private(i,j,ii,jj,iii,jjj,Y_copy,X0_copy,X1_copy,X2_copy)
                                                    ^~~~~~
__orio_perftest1.c:131:52: note: each undeclared identifier is reported only once for each function it appears in
__orio_perftest1.c:131:59: error: â€˜X0_copyâ€™ undeclared (first use in this function)
 #pragma omp parallel for private(i,j,ii,jj,iii,jjj,Y_copy,X0_copy,X1_copy,X2_copy)
                                                           ^~~~~~~
__orio_perftest1.c:131:67: error: â€˜X1_copyâ€™ undeclared (first use in this function)
 #pragma omp parallel for private(i,j,ii,jj,iii,jjj,Y_copy,X0_copy,X1_copy,X2_copy)
                                                                   ^~~~~~~
__orio_perftest1.c:131:75: error: â€˜X2_copyâ€™ undeclared (first use in this function)
 #pragma omp parallel for private(i,j,ii,jj,iii,jjj,Y_copy,X0_copy,X1_copy,X2_copy)
                                                                           ^~~~~~~
[00;31mERROR: orio.main.tuner.ptest_driver:  failed to compile the original version of the code: "timeout --kill-after=30s --signal=9 20m gcc -O3 -fopenmp -DDYNAMIC  -DORIO_REPS=10 -DORIGINAL -o __orio_perftest_original.exe __orio_perftest1.c timer_cpu.o -lm -lrt"[00m
__orio_perftest1.c: In function â€˜mainâ€™:
__orio_perftest1.c:131:52: error: â€˜Y_copyâ€™ undeclared (first use in this function)
 #pragma omp parallel for private(i,j,ii,jj,iii,jjj,Y_copy,X0_copy,X1_copy,X2_copy)
                                                    ^~~~~~
__orio_perftest1.c:131:52: note: each undeclared identifier is reported only once for each function it appears in
__orio_perftest1.c:131:59: error: â€˜X0_copyâ€™ undeclared (first use in this function)
 #pragma omp parallel for private(i,j,ii,jj,iii,jjj,Y_copy,X0_copy,X1_copy,X2_copy)
                                                           ^~~~~~~
__orio_perftest1.c:131:67: error: â€˜X1_copyâ€™ undeclared (first use in this function)
 #pragma omp parallel for private(i,j,ii,jj,iii,jjj,Y_copy,X0_copy,X1_copy,X2_copy)
                                                                   ^~~~~~~
__orio_perftest1.c:131:75: error: â€˜X2_copyâ€™ undeclared (first use in this function)
 #pragma omp parallel for private(i,j,ii,jj,iii,jjj,Y_copy,X0_copy,X1_copy,X2_copy)
                                                                           ^~~~~~~
[00;31mERROR: orio.main.tuner.ptest_driver:  failed to compile the testing code: "timeout --kill-after=30s --signal=9 20m gcc -O3 -fopenmp -DDYNAMIC  -DORIO_REPS=10 -o __orio_perftest1.exe __orio_perftest1.c timer_cpu.o -lm -lrt"[00m
[00;31mERROR: orio.main.tuner.ptest_driver:  the executable of the test code does not exist[00m
timeout: failed to run command â€˜./__orio_perftest1.exeâ€™: No such file or directory
[00;31mERROR: orio.main.tuner.ptest_driver: failed to execute the test code: "timeout --kill-after=30s --signal=9 20m  ./__orio_perftest1.exe  "
 --> CalledProcessError: Command 'timeout --kill-after=30s --signal=9 20m  ./__orio_perftest1.exe  ' returned non-zero exit status 127[00m
[00;31mERROR: orio.main.tuner.ptest_driver:  performance testing failed: "timeout --kill-after=30s --signal=9 20m  ./__orio_perftest1.exe  "[00m
__orio_perftest2.c: In function â€˜mainâ€™:
__orio_perftest2.c:131:52: error: â€˜Y_copyâ€™ undeclared (first use in this function)
 #pragma omp parallel for private(i,j,ii,jj,iii,jjj,Y_copy,X0_copy,X1_copy,X2_copy)
                                                    ^~~~~~
__orio_perftest2.c:131:52: note: each undeclared identifier is reported only once for each function it appears in
__orio_perftest2.c:131:59: error: â€˜X0_copyâ€™ undeclared (first use in this function)
 #pragma omp parallel for private(i,j,ii,jj,iii,jjj,Y_copy,X0_copy,X1_copy,X2_copy)
                                                           ^~~~~~~
__orio_perftest2.c:131:67: error: â€˜X1_copyâ€™ undeclared (first use in this function)
 #pragma omp parallel for private(i,j,ii,jj,iii,jjj,Y_copy,X0_copy,X1_copy,X2_copy)
                                                                   ^~~~~~~
__orio_perftest2.c:131:75: error: â€˜X2_copyâ€™ undeclared (first use in this function)
 #pragma omp parallel for private(i,j,ii,jj,iii,jjj,Y_copy,X0_copy,X1_copy,X2_copy)
                                                                           ^~~~~~~
[00;31mERROR: orio.main.tuner.ptest_driver:  failed to compile the testing code: "timeout --kill-after=30s --signal=9 20m gcc -O3 -fopenmp -DDYNAMIC  -DORIO_REPS=10 -o __orio_perftest2.exe __orio_perftest2.c timer_cpu.o -lm -lrt"[00m
[00;31mERROR: orio.main.tuner.ptest_driver:  the executable of the test code does not exist[00m
timeout: failed to run command â€˜./__orio_perftest2.exeâ€™: No such file or directory
[00;31mERROR: orio.main.tuner.ptest_driver: failed to execute the test code: "timeout --kill-after=30s --signal=9 20m  ./__orio_perftest2.exe  "
 --> CalledProcessError: Command 'timeout --kill-after=30s --signal=9 20m  ./__orio_perftest2.exe  ' returned non-zero exit status 127[00m
[00;31mERROR: orio.main.tuner.ptest_driver:  performance testing failed: "timeout --kill-after=30s --signal=9 20m  ./__orio_perftest2.exe  "[00m
__orio_perftest3.c: In function â€˜mainâ€™:
__orio_perftest3.c:131:52: error: â€˜Y_copyâ€™ undeclared (first use in this function)
 #pragma omp parallel for private(i,j,ii,jj,iii,jjj,Y_copy,X0_copy,X1_copy,X2_copy)
                                                    ^~~~~~
__orio_perftest3.c:131:52: note: each undeclared identifier is reported only once for each function it appears in
__orio_perftest3.c:131:59: error: â€˜X0_copyâ€™ undeclared (first use in this function)
 #pragma omp parallel for private(i,j,ii,jj,iii,jjj,Y_copy,X0_copy,X1_copy,X2_copy)
                                                           ^~~~~~~
__orio_perftest3.c:131:67: error: â€˜X1_copyâ€™ undeclared (first use in this function)
 #pragma omp parallel for private(i,j,ii,jj,iii,jjj,Y_copy,X0_copy,X1_copy,X2_copy)
                                                                   ^~~~~~~
__orio_perftest3.c:131:75: error: â€˜X2_copyâ€™ undeclared (first use in this function)
 #pragma omp parallel for private(i,j,ii,jj,iii,jjj,Y_copy,X0_copy,X1_copy,X2_copy)
                                                                           ^~~~~~~
[00;31mERROR: orio.main.tuner.ptest_driver:  failed to compile the testing code: "timeout --kill-after=30s --signal=9 20m gcc -O3 -fopenmp -DDYNAMIC  -DORIO_REPS=10 -o __orio_perftest3.exe __orio_perftest3.c timer_cpu.o -lm -lrt"[00m
[00;31mERROR: orio.main.tuner.ptest_driver:  the executable of the test code does not exist[00m
timeout: failed to run command â€˜./__orio_perftest3.exeâ€™: No such file or directory
[00;31mERROR: orio.main.tuner.ptest_driver: failed to execute the test code: "timeout --kill-after=30s --signal=9 20m  ./__orio_perftest3.exe  "
 --> CalledProcessError: Command 'timeout --kill-after=30s --signal=9 20m  ./__orio_perftest3.exe  ' returned non-zero exit status 127[00m
[00;31mERROR: orio.main.tuner.ptest_driver:  performance testing failed: "timeout --kill-after=30s --signal=9 20m  ./__orio_perftest3.exe  "[00m
expected=14981109.589145
actual=14981109.589145
diff=0.000000
diff=1
__orio_perftest5.c: In function â€˜mainâ€™:
__orio_perftest5.c:131:52: error: â€˜Y_copyâ€™ undeclared (first use in this function)
 #pragma omp parallel for private(i,j,ii,jj,iii,jjj,Y_copy,X0_copy,X1_copy,X2_copy)
                                                    ^~~~~~
__orio_perftest5.c:131:52: note: each undeclared identifier is reported only once for each function it appears in
__orio_perftest5.c:131:59: error: â€˜X0_copyâ€™ undeclared (first use in this function)
 #pragma omp parallel for private(i,j,ii,jj,iii,jjj,Y_copy,X0_copy,X1_copy,X2_copy)
                                                           ^~~~~~~
__orio_perftest5.c:131:67: error: â€˜X1_copyâ€™ undeclared (first use in this function)
 #pragma omp parallel for private(i,j,ii,jj,iii,jjj,Y_copy,X0_copy,X1_copy,X2_copy)
                                                                   ^~~~~~~
__orio_perftest5.c:131:75: error: â€˜X2_copyâ€™ undeclared (first use in this function)
 #pragma omp parallel for private(i,j,ii,jj,iii,jjj,Y_copy,X0_copy,X1_copy,X2_copy)
                                                                           ^~~~~~~
[00;31mERROR: orio.main.tuner.ptest_driver:  failed to compile the testing code: "timeout --kill-after=30s --signal=9 20m gcc -O3 -fopenmp -DDYNAMIC  -DORIO_REPS=10 -o __orio_perftest5.exe __orio_perftest5.c timer_cpu.o -lm -lrt"[00m
[00;31mERROR: orio.main.tuner.ptest_driver:  the executable of the test code does not exist[00m
timeout: failed to run command â€˜./__orio_perftest5.exeâ€™: No such file or directory
[00;31mERROR: orio.main.tuner.ptest_driver: failed to execute the test code: "timeout --kill-after=30s --signal=9 20m  ./__orio_perftest5.exe  "
 --> CalledProcessError: Command 'timeout --kill-after=30s --signal=9 20m  ./__orio_perftest5.exe  ' returned non-zero exit status 127[00m
[00;31mERROR: orio.main.tuner.ptest_driver:  performance testing failed: "timeout --kill-after=30s --signal=9 20m  ./__orio_perftest5.exe  "[00m
expected=14981109.589145
actual=14981109.589145
diff=0.000000
diff=1
__orio_perftest7.c: In function â€˜mainâ€™:
__orio_perftest7.c:131:52: error: â€˜Y_copyâ€™ undeclared (first use in this function)
 #pragma omp parallel for private(i,j,ii,jj,iii,jjj,Y_copy,X0_copy,X1_copy,X2_copy)
                                                    ^~~~~~
__orio_perftest7.c:131:52: note: each undeclared identifier is reported only once for each function it appears in
__orio_perftest7.c:131:59: error: â€˜X0_copyâ€™ undeclared (first use in this function)
 #pragma omp parallel for private(i,j,ii,jj,iii,jjj,Y_copy,X0_copy,X1_copy,X2_copy)
                                                           ^~~~~~~
__orio_perftest7.c:131:67: error: â€˜X1_copyâ€™ undeclared (first use in this function)
 #pragma omp parallel for private(i,j,ii,jj,iii,jjj,Y_copy,X0_copy,X1_copy,X2_copy)
                                                                   ^~~~~~~
__orio_perftest7.c:131:75: error: â€˜X2_copyâ€™ undeclared (first use in this function)
 #pragma omp parallel for private(i,j,ii,jj,iii,jjj,Y_copy,X0_copy,X1_copy,X2_copy)
                                                                           ^~~~~~~
[00;31mERROR: orio.main.tuner.ptest_driver:  failed to compile the testing code: "timeout --kill-after=30s --signal=9 20m gcc -O3 -fopenmp -DDYNAMIC  -DORIO_REPS=10 -o __orio_perftest7.exe __orio_perftest7.c timer_cpu.o -lm -lrt"[00m
[00;31mERROR: orio.main.tuner.ptest_driver:  the executable of the test code does not exist[00m
timeout: failed to run command â€˜./__orio_perftest7.exeâ€™: No such file or directory
[00;31mERROR: orio.main.tuner.ptest_driver: failed to execute the test code: "timeout --kill-after=30s --signal=9 20m  ./__orio_perftest7.exe  "
 --> CalledProcessError: Command 'timeout --kill-after=30s --signal=9 20m  ./__orio_perftest7.exe  ' returned non-zero exit status 127[00m
[00;31mERROR: orio.main.tuner.ptest_driver:  performance testing failed: "timeout --kill-after=30s --signal=9 20m  ./__orio_perftest7.exe  "[00m
__orio_perftest8.c: In function â€˜mainâ€™:
__orio_perftest8.c:131:52: error: â€˜Y_copyâ€™ undeclared (first use in this function)
 #pragma omp parallel for private(i,j,ii,jj,iii,jjj,Y_copy,X0_copy,X1_copy,X2_copy)
                                                    ^~~~~~
__orio_perftest8.c:131:52: note: each undeclared identifier is reported only once for each function it appears in
__orio_perftest8.c:131:59: error: â€˜X0_copyâ€™ undeclared (first use in this function)
 #pragma omp parallel for private(i,j,ii,jj,iii,jjj,Y_copy,X0_copy,X1_copy,X2_copy)
                                                           ^~~~~~~
__orio_perftest8.c:131:67: error: â€˜X1_copyâ€™ undeclared (first use in this function)
 #pragma omp parallel for private(i,j,ii,jj,iii,jjj,Y_copy,X0_copy,X1_copy,X2_copy)
                                                                   ^~~~~~~
__orio_perftest8.c:131:75: error: â€˜X2_copyâ€™ undeclared (first use in this function)
 #pragma omp parallel for private(i,j,ii,jj,iii,jjj,Y_copy,X0_copy,X1_copy,X2_copy)
                                                                           ^~~~~~~
[00;31mERROR: orio.main.tuner.ptest_driver:  failed to compile the testing code: "timeout --kill-after=30s --signal=9 20m gcc -O3 -fopenmp -DDYNAMIC  -DORIO_REPS=10 -o __orio_perftest8.exe __orio_perftest8.c timer_cpu.o -lm -lrt"[00m
[00;31mERROR: orio.main.tuner.ptest_driver:  the executable of the test code does not exist[00m
timeout: failed to run command â€˜./__orio_perftest8.exeâ€™: No such file or directory
[00;31mERROR: orio.main.tuner.ptest_driver: failed to execute the test code: "timeout --kill-after=30s --signal=9 20m  ./__orio_perftest8.exe  "
 --> CalledProcessError: Command 'timeout --kill-after=30s --signal=9 20m  ./__orio_perftest8.exe  ' returned non-zero exit status 127[00m
[00;31mERROR: orio.main.tuner.ptest_driver:  performance testing failed: "timeout --kill-after=30s --signal=9 20m  ./__orio_perftest8.exe  "[00m
expected=14981109.589145
actual=14981109.589145
diff=0.000000
diff=1
__orio_perftest10.c: In function â€˜mainâ€™:
__orio_perftest10.c:131:52: error: â€˜Y_copyâ€™ undeclared (first use in this function)
 #pragma omp parallel for private(i,j,ii,jj,iii,jjj,Y_copy,X0_copy,X1_copy,X2_copy)
                                                    ^~~~~~
__orio_perftest10.c:131:52: note: each undeclared identifier is reported only once for each function it appears in
__orio_perftest10.c:131:59: error: â€˜X0_copyâ€™ undeclared (first use in this function)
 #pragma omp parallel for private(i,j,ii,jj,iii,jjj,Y_copy,X0_copy,X1_copy,X2_copy)
                                                           ^~~~~~~
__orio_perftest10.c:131:67: error: â€˜X1_copyâ€™ undeclared (first use in this function)
 #pragma omp parallel for private(i,j,ii,jj,iii,jjj,Y_copy,X0_copy,X1_copy,X2_copy)
                                                                   ^~~~~~~
__orio_perftest10.c:131:75: error: â€˜X2_copyâ€™ undeclared (first use in this function)
 #pragma omp parallel for private(i,j,ii,jj,iii,jjj,Y_copy,X0_copy,X1_copy,X2_copy)
                                                                           ^~~~~~~
[00;31mERROR: orio.main.tuner.ptest_driver:  failed to compile the testing code: "timeout --kill-after=30s --signal=9 20m gcc -O3 -fopenmp -DDYNAMIC  -DORIO_REPS=10 -o __orio_perftest10.exe __orio_perftest10.c timer_cpu.o -lm -lrt"[00m
[00;31mERROR: orio.main.tuner.ptest_driver:  the executable of the test code does not exist[00m
timeout: failed to run command â€˜./__orio_perftest10.exeâ€™: No such file or directory
[00;31mERROR: orio.main.tuner.ptest_driver: failed to execute the test code: "timeout --kill-after=30s --signal=9 20m  ./__orio_perftest10.exe  "
 --> CalledProcessError: Command 'timeout --kill-after=30s --signal=9 20m  ./__orio_perftest10.exe  ' returned non-zero exit status 127[00m
[00;31mERROR: orio.main.tuner.ptest_driver:  performance testing failed: "timeout --kill-after=30s --signal=9 20m  ./__orio_perftest10.exe  "[00m
__orio_perftest11.c: In function â€˜mainâ€™:
__orio_perftest11.c:131:52: error: â€˜Y_copyâ€™ undeclared (first use in this function)
 #pragma omp parallel for private(i,j,ii,jj,iii,jjj,Y_copy,X0_copy,X1_copy,X2_copy)
                                                    ^~~~~~
__orio_perftest11.c:131:52: note: each undeclared identifier is reported only once for each function it appears in
__orio_perftest11.c:131:59: error: â€˜X0_copyâ€™ undeclared (first use in this function)
 #pragma omp parallel for private(i,j,ii,jj,iii,jjj,Y_copy,X0_copy,X1_copy,X2_copy)
                                                           ^~~~~~~
__orio_perftest11.c:131:67: error: â€˜X1_copyâ€™ undeclared (first use in this function)
 #pragma omp parallel for private(i,j,ii,jj,iii,jjj,Y_copy,X0_copy,X1_copy,X2_copy)
                                                                   ^~~~~~~
__orio_perftest11.c:131:75: error: â€˜X2_copyâ€™ undeclared (first use in this function)
 #pragma omp parallel for private(i,j,ii,jj,iii,jjj,Y_copy,X0_copy,X1_copy,X2_copy)
                                                                           ^~~~~~~
[00;31mERROR: orio.main.tuner.ptest_driver:  failed to compile the testing code: "timeout --kill-after=30s --signal=9 20m gcc -O3 -fopenmp -DDYNAMIC  -DORIO_REPS=10 -o __orio_perftest11.exe __orio_perftest11.c timer_cpu.o -lm -lrt"[00m
[00;31mERROR: orio.main.tuner.ptest_driver:  the executable of the test code does not exist[00m
timeout: failed to run command â€˜./__orio_perftest11.exeâ€™: No such file or directory
[00;31mERROR: orio.main.tuner.ptest_driver: failed to execute the test code: "timeout --kill-after=30s --signal=9 20m  ./__orio_perftest11.exe  "
 --> CalledProcessError: Command 'timeout --kill-after=30s --signal=9 20m  ./__orio_perftest11.exe  ' returned non-zero exit status 127[00m
[00;31mERROR: orio.main.tuner.ptest_driver:  performance testing failed: "timeout --kill-after=30s --signal=9 20m  ./__orio_perftest11.exe  "[00m
expected=14981109.589145
actual=14981109.589145
diff=0.000000
diff=1
__orio_perftest13.c: In function â€˜mainâ€™:
__orio_perftest13.c:131:52: error: â€˜Y_copyâ€™ undeclared (first use in this function)
 #pragma omp parallel for private(i,j,ii,jj,iii,jjj,Y_copy,X0_copy,X1_copy,X2_copy)
                                                    ^~~~~~
__orio_perftest13.c:131:52: note: each undeclared identifier is reported only once for each function it appears in
__orio_perftest13.c:131:59: error: â€˜X0_copyâ€™ undeclared (first use in this function)
 #pragma omp parallel for private(i,j,ii,jj,iii,jjj,Y_copy,X0_copy,X1_copy,X2_copy)
                                                           ^~~~~~~
__orio_perftest13.c:131:67: error: â€˜X1_copyâ€™ undeclared (first use in this function)
 #pragma omp parallel for private(i,j,ii,jj,iii,jjj,Y_copy,X0_copy,X1_copy,X2_copy)
                                                                   ^~~~~~~
__orio_perftest13.c:131:75: error: â€˜X2_copyâ€™ undeclared (first use in this function)
 #pragma omp parallel for private(i,j,ii,jj,iii,jjj,Y_copy,X0_copy,X1_copy,X2_copy)
                                                                           ^~~~~~~
[00;31mERROR: orio.main.tuner.ptest_driver:  failed to compile the testing code: "timeout --kill-after=30s --signal=9 20m gcc -O3 -fopenmp -DDYNAMIC  -DORIO_REPS=10 -o __orio_perftest13.exe __orio_perftest13.c timer_cpu.o -lm -lrt"[00m
[00;31mERROR: orio.main.tuner.ptest_driver:  the executable of the test code does not exist[00m
timeout: failed to run command â€˜./__orio_perftest13.exeâ€™: No such file or directory
[00;31mERROR: orio.main.tuner.ptest_driver: failed to execute the test code: "timeout --kill-after=30s --signal=9 20m  ./__orio_perftest13.exe  "
 --> CalledProcessError: Command 'timeout --kill-after=30s --signal=9 20m  ./__orio_perftest13.exe  ' returned non-zero exit status 127[00m
[00;31mERROR: orio.main.tuner.ptest_driver:  performance testing failed: "timeout --kill-after=30s --signal=9 20m  ./__orio_perftest13.exe  "[00m
__orio_perftest14.c: In function â€˜mainâ€™:
__orio_perftest14.c:131:52: error: â€˜Y_copyâ€™ undeclared (first use in this function)
 #pragma omp parallel for private(i,j,ii,jj,iii,jjj,Y_copy,X0_copy,X1_copy,X2_copy)
                                                    ^~~~~~
__orio_perftest14.c:131:52: note: each undeclared identifier is reported only once for each function it appears in
__orio_perftest14.c:131:59: error: â€˜X0_copyâ€™ undeclared (first use in this function)
 #pragma omp parallel for private(i,j,ii,jj,iii,jjj,Y_copy,X0_copy,X1_copy,X2_copy)
                                                           ^~~~~~~
__orio_perftest14.c:131:67: error: â€˜X1_copyâ€™ undeclared (first use in this function)
 #pragma omp parallel for private(i,j,ii,jj,iii,jjj,Y_copy,X0_copy,X1_copy,X2_copy)
                                                                   ^~~~~~~
__orio_perftest14.c:131:75: error: â€˜X2_copyâ€™ undeclared (first use in this function)
 #pragma omp parallel for private(i,j,ii,jj,iii,jjj,Y_copy,X0_copy,X1_copy,X2_copy)
                                                                           ^~~~~~~
[00;31mERROR: orio.main.tuner.ptest_driver:  failed to compile the testing code: "timeout --kill-after=30s --signal=9 20m gcc -O3 -fopenmp -DDYNAMIC  -DORIO_REPS=10 -o __orio_perftest14.exe __orio_perftest14.c timer_cpu.o -lm -lrt"[00m
[00;31mERROR: orio.main.tuner.ptest_driver:  the executable of the test code does not exist[00m
timeout: failed to run command â€˜./__orio_perftest14.exeâ€™: No such file or directory
[00;31mERROR: orio.main.tuner.ptest_driver: failed to execute the test code: "timeout --kill-after=30s --signal=9 20m  ./__orio_perftest14.exe  "
 --> CalledProcessError: Command 'timeout --kill-after=30s --signal=9 20m  ./__orio_perftest14.exe  ' returned non-zero exit status 127[00m
[00;31mERROR: orio.main.tuner.ptest_driver:  performance testing failed: "timeout --kill-after=30s --signal=9 20m  ./__orio_perftest14.exe  "[00m
expected=14981109.589145
actual=14981109.589145
diff=0.000000
diff=1
expected=14981109.589145
actual=14981109.589145
diff=0.000000
diff=1
expected=14981109.589145
actual=14981109.589145
diff=0.000000
diff=1
__orio_perftest18.c: In function â€˜mainâ€™:
__orio_perftest18.c:132:52: error: â€˜Y_copyâ€™ undeclared (first use in this function)
 #pragma omp parallel for private(i,j,ii,jj,iii,jjj,Y_copy,X0_copy,X1_copy,X2_copy)
                                                    ^~~~~~
__orio_perftest18.c:132:52: note: each undeclared identifier is reported only once for each function it appears in
__orio_perftest18.c:132:59: error: â€˜X0_copyâ€™ undeclared (first use in this function)
 #pragma omp parallel for private(i,j,ii,jj,iii,jjj,Y_copy,X0_copy,X1_copy,X2_copy)
                                                           ^~~~~~~
__orio_perftest18.c:132:67: error: â€˜X1_copyâ€™ undeclared (first use in this function)
 #pragma omp parallel for private(i,j,ii,jj,iii,jjj,Y_copy,X0_copy,X1_copy,X2_copy)
                                                                   ^~~~~~~
__orio_perftest18.c:132:75: error: â€˜X2_copyâ€™ undeclared (first use in this function)
 #pragma omp parallel for private(i,j,ii,jj,iii,jjj,Y_copy,X0_copy,X1_copy,X2_copy)
                                                                           ^~~~~~~
[00;31mERROR: orio.main.tuner.ptest_driver:  failed to compile the testing code: "timeout --kill-after=30s --signal=9 20m gcc -O3 -fopenmp -DDYNAMIC  -DORIO_REPS=10 -o __orio_perftest18.exe __orio_perftest18.c timer_cpu.o -lm -lrt"[00m
[00;31mERROR: orio.main.tuner.ptest_driver:  the executable of the test code does not exist[00m
timeout: failed to run command â€˜./__orio_perftest18.exeâ€™: No such file or directory
[00;31mERROR: orio.main.tuner.ptest_driver: failed to execute the test code: "timeout --kill-after=30s --signal=9 20m  ./__orio_perftest18.exe  "
 --> CalledProcessError: Command 'timeout --kill-after=30s --signal=9 20m  ./__orio_perftest18.exe  ' returned non-zero exit status 127[00m
[00;31mERROR: orio.main.tuner.ptest_driver:  performance testing failed: "timeout --kill-after=30s --signal=9 20m  ./__orio_perftest18.exe  "[00m
__orio_perftest19.c: In function â€˜mainâ€™:
__orio_perftest19.c:131:52: error: â€˜Y_copyâ€™ undeclared (first use in this function)
 #pragma omp parallel for private(i,j,ii,jj,iii,jjj,Y_copy,X0_copy,X1_copy,X2_copy)
                                                    ^~~~~~
__orio_perftest19.c:131:52: note: each undeclared identifier is reported only once for each function it appears in
__orio_perftest19.c:131:59: error: â€˜X0_copyâ€™ undeclared (first use in this function)
 #pragma omp parallel for private(i,j,ii,jj,iii,jjj,Y_copy,X0_copy,X1_copy,X2_copy)
                                                           ^~~~~~~
__orio_perftest19.c:131:67: error: â€˜X1_copyâ€™ undeclared (first use in this function)
 #pragma omp parallel for private(i,j,ii,jj,iii,jjj,Y_copy,X0_copy,X1_copy,X2_copy)
                                                                   ^~~~~~~
__orio_perftest19.c:131:75: error: â€˜X2_copyâ€™ undeclared (first use in this function)
 #pragma omp parallel for private(i,j,ii,jj,iii,jjj,Y_copy,X0_copy,X1_copy,X2_copy)
                                                                           ^~~~~~~
[00;31mERROR: orio.main.tuner.ptest_driver:  failed to compile the testing code: "timeout --kill-after=30s --signal=9 20m gcc -O3 -fopenmp -DDYNAMIC  -DORIO_REPS=10 -o __orio_perftest19.exe __orio_perftest19.c timer_cpu.o -lm -lrt"[00m
[00;31mERROR: orio.main.tuner.ptest_driver:  the executable of the test code does not exist[00m
timeout: failed to run command â€˜./__orio_perftest19.exeâ€™: No such file or directory
[00;31mERROR: orio.main.tuner.ptest_driver: failed to execute the test code: "timeout --kill-after=30s --signal=9 20m  ./__orio_perftest19.exe  "
 --> CalledProcessError: Command 'timeout --kill-after=30s --signal=9 20m  ./__orio_perftest19.exe  ' returned non-zero exit status 127[00m
[00;31mERROR: orio.main.tuner.ptest_driver:  performance testing failed: "timeout --kill-after=30s --signal=9 20m  ./__orio_perftest19.exe  "[00m
expected=14981109.589145
actual=14981109.589145
diff=0.000000
diff=1
expected=14981109.589145
actual=14981109.589145
diff=0.000000
diff=1
__orio_perftest22.c: In function â€˜mainâ€™:
__orio_perftest22.c:131:52: error: â€˜Y_copyâ€™ undeclared (first use in this function)
 #pragma omp parallel for private(i,j,ii,jj,iii,jjj,Y_copy,X0_copy,X1_copy,X2_copy)
                                                    ^~~~~~
__orio_perftest22.c:131:52: note: each undeclared identifier is reported only once for each function it appears in
__orio_perftest22.c:131:59: error: â€˜X0_copyâ€™ undeclared (first use in this function)
 #pragma omp parallel for private(i,j,ii,jj,iii,jjj,Y_copy,X0_copy,X1_copy,X2_copy)
                                                           ^~~~~~~
__orio_perftest22.c:131:67: error: â€˜X1_copyâ€™ undeclared (first use in this function)
 #pragma omp parallel for private(i,j,ii,jj,iii,jjj,Y_copy,X0_copy,X1_copy,X2_copy)
                                                                   ^~~~~~~
__orio_perftest22.c:131:75: error: â€˜X2_copyâ€™ undeclared (first use in this function)
 #pragma omp parallel for private(i,j,ii,jj,iii,jjj,Y_copy,X0_copy,X1_copy,X2_copy)
                                                                           ^~~~~~~
[00;31mERROR: orio.main.tuner.ptest_driver:  failed to compile the testing code: "timeout --kill-after=30s --signal=9 20m gcc -O3 -fopenmp -DDYNAMIC  -DORIO_REPS=10 -o __orio_perftest22.exe __orio_perftest22.c timer_cpu.o -lm -lrt"[00m
[00;31mERROR: orio.main.tuner.ptest_driver:  the executable of the test code does not exist[00m
timeout: failed to run command â€˜./__orio_perftest22.exeâ€™: No such file or directory
[00;31mERROR: orio.main.tuner.ptest_driver: failed to execute the test code: "timeout --kill-after=30s --signal=9 20m  ./__orio_perftest22.exe  "
 --> CalledProcessError: Command 'timeout --kill-after=30s --signal=9 20m  ./__orio_perftest22.exe  ' returned non-zero exit status 127[00m
[00;31mERROR: orio.main.tuner.ptest_driver:  performance testing failed: "timeout --kill-after=30s --signal=9 20m  ./__orio_perftest22.exe  "[00m
__orio_perftest23.c: In function â€˜mainâ€™:
__orio_perftest23.c:131:52: error: â€˜Y_copyâ€™ undeclared (first use in this function)
 #pragma omp parallel for private(i,j,ii,jj,iii,jjj,Y_copy,X0_copy,X1_copy,X2_copy)
                                                    ^~~~~~
__orio_perftest23.c:131:52: note: each undeclared identifier is reported only once for each function it appears in
__orio_perftest23.c:131:59: error: â€˜X0_copyâ€™ undeclared (first use in this function)
 #pragma omp parallel for private(i,j,ii,jj,iii,jjj,Y_copy,X0_copy,X1_copy,X2_copy)
                                                           ^~~~~~~
__orio_perftest23.c:131:67: error: â€˜X1_copyâ€™ undeclared (first use in this function)
 #pragma omp parallel for private(i,j,ii,jj,iii,jjj,Y_copy,X0_copy,X1_copy,X2_copy)
                                                                   ^~~~~~~
__orio_perftest23.c:131:75: error: â€˜X2_copyâ€™ undeclared (first use in this function)
 #pragma omp parallel for private(i,j,ii,jj,iii,jjj,Y_copy,X0_copy,X1_copy,X2_copy)
                                                                           ^~~~~~~
[00;31mERROR: orio.main.tuner.ptest_driver:  failed to compile the testing code: "timeout --kill-after=30s --signal=9 20m gcc -O3 -fopenmp -DDYNAMIC  -DORIO_REPS=10 -o __orio_perftest23.exe __orio_perftest23.c timer_cpu.o -lm -lrt"[00m
[00;31mERROR: orio.main.tuner.ptest_driver:  the executable of the test code does not exist[00m
timeout: failed to run command â€˜./__orio_perftest23.exeâ€™: No such file or directory
[00;31mERROR: orio.main.tuner.ptest_driver: failed to execute the test code: "timeout --kill-after=30s --signal=9 20m  ./__orio_perftest23.exe  "
 --> CalledProcessError: Command 'timeout --kill-after=30s --signal=9 20m  ./__orio_perftest23.exe  ' returned non-zero exit status 127[00m
[00;31mERROR: orio.main.tuner.ptest_driver:  performance testing failed: "timeout --kill-after=30s --signal=9 20m  ./__orio_perftest23.exe  "[00m
expected=14981109.589145
actual=14981109.589145
diff=0.000000
diff=1
__orio_perftest25.c: In function â€˜mainâ€™:
__orio_perftest25.c:131:52: error: â€˜Y_copyâ€™ undeclared (first use in this function)
 #pragma omp parallel for private(i,j,ii,jj,iii,jjj,Y_copy,X0_copy,X1_copy,X2_copy)
                                                    ^~~~~~
__orio_perftest25.c:131:52: note: each undeclared identifier is reported only once for each function it appears in
__orio_perftest25.c:131:59: error: â€˜X0_copyâ€™ undeclared (first use in this function)
 #pragma omp parallel for private(i,j,ii,jj,iii,jjj,Y_copy,X0_copy,X1_copy,X2_copy)
                                                           ^~~~~~~
__orio_perftest25.c:131:67: error: â€˜X1_copyâ€™ undeclared (first use in this function)
 #pragma omp parallel for private(i,j,ii,jj,iii,jjj,Y_copy,X0_copy,X1_copy,X2_copy)
                                                                   ^~~~~~~
__orio_perftest25.c:131:75: error: â€˜X2_copyâ€™ undeclared (first use in this function)
 #pragma omp parallel for private(i,j,ii,jj,iii,jjj,Y_copy,X0_copy,X1_copy,X2_copy)
                                                                           ^~~~~~~
[00;31mERROR: orio.main.tuner.ptest_driver:  failed to compile the testing code: "timeout --kill-after=30s --signal=9 20m gcc -O3 -fopenmp -DDYNAMIC  -DORIO_REPS=10 -o __orio_perftest25.exe __orio_perftest25.c timer_cpu.o -lm -lrt"[00m
[00;31mERROR: orio.main.tuner.ptest_driver:  the executable of the test code does not exist[00m
timeout: failed to run command â€˜./__orio_perftest25.exeâ€™: No such file or directory
[00;31mERROR: orio.main.tuner.ptest_driver: failed to execute the test code: "timeout --kill-after=30s --signal=9 20m  ./__orio_perftest25.exe  "
 --> CalledProcessError: Command 'timeout --kill-after=30s --signal=9 20m  ./__orio_perftest25.exe  ' returned non-zero exit status 127[00m
[00;31mERROR: orio.main.tuner.ptest_driver:  performance testing failed: "timeout --kill-after=30s --signal=9 20m  ./__orio_perftest25.exe  "[00m
__orio_perftest26.c: In function â€˜mainâ€™:
__orio_perftest26.c:131:52: error: â€˜Y_copyâ€™ undeclared (first use in this function)
 #pragma omp parallel for private(i,j,ii,jj,iii,jjj,Y_copy,X0_copy,X1_copy,X2_copy)
                                                    ^~~~~~
__orio_perftest26.c:131:52: note: each undeclared identifier is reported only once for each function it appears in
__orio_perftest26.c:131:59: error: â€˜X0_copyâ€™ undeclared (first use in this function)
 #pragma omp parallel for private(i,j,ii,jj,iii,jjj,Y_copy,X0_copy,X1_copy,X2_copy)
                                                           ^~~~~~~
__orio_perftest26.c:131:67: error: â€˜X1_copyâ€™ undeclared (first use in this function)
 #pragma omp parallel for private(i,j,ii,jj,iii,jjj,Y_copy,X0_copy,X1_copy,X2_copy)
                                                                   ^~~~~~~
__orio_perftest26.c:131:75: error: â€˜X2_copyâ€™ undeclared (first use in this function)
 #pragma omp parallel for private(i,j,ii,jj,iii,jjj,Y_copy,X0_copy,X1_copy,X2_copy)
                                                                           ^~~~~~~
[00;31mERROR: orio.main.tuner.ptest_driver:  failed to compile the testing code: "timeout --kill-after=30s --signal=9 20m gcc -O3 -fopenmp -DDYNAMIC  -DORIO_REPS=10 -o __orio_perftest26.exe __orio_perftest26.c timer_cpu.o -lm -lrt"[00m
[00;31mERROR: orio.main.tuner.ptest_driver:  the executable of the test code does not exist[00m
timeout: failed to run command â€˜./__orio_perftest26.exeâ€™: No such file or directory
[00;31mERROR: orio.main.tuner.ptest_driver: failed to execute the test code: "timeout --kill-after=30s --signal=9 20m  ./__orio_perftest26.exe  "
 --> CalledProcessError: Command 'timeout --kill-after=30s --signal=9 20m  ./__orio_perftest26.exe  ' returned non-zero exit status 127[00m
[00;31mERROR: orio.main.tuner.ptest_driver:  performance testing failed: "timeout --kill-after=30s --signal=9 20m  ./__orio_perftest26.exe  "[00m
/usr/lib/python2.7/dist-packages/rpy2/rinterface/__init__.py:186: RRuntimeWarning: Error in lm.fit(x, y, offset = offset, singular.ok = singular.ok, ...) : 
  0 (non-NA) cases

  warnings.warn(x, RRuntimeWarning)
expected=14981109.589145
actual=14981109.589145
diff=0.000000
diff=1
expected=14981109.589145
actual=14981109.589145
diff=0.000000
diff=1
__orio_perftest29.c: In function â€˜mainâ€™:
__orio_perftest29.c:131:52: error: â€˜Y_copyâ€™ undeclared (first use in this function)
 #pragma omp parallel for private(i,j,ii,jj,iii,jjj,Y_copy,X0_copy,X1_copy,X2_copy)
                                                    ^~~~~~
__orio_perftest29.c:131:52: note: each undeclared identifier is reported only once for each function it appears in
__orio_perftest29.c:131:59: error: â€˜X0_copyâ€™ undeclared (first use in this function)
 #pragma omp parallel for private(i,j,ii,jj,iii,jjj,Y_copy,X0_copy,X1_copy,X2_copy)
                                                           ^~~~~~~
__orio_perftest29.c:131:67: error: â€˜X1_copyâ€™ undeclared (first use in this function)
 #pragma omp parallel for private(i,j,ii,jj,iii,jjj,Y_copy,X0_copy,X1_copy,X2_copy)
                                                                   ^~~~~~~
__orio_perftest29.c:131:75: error: â€˜X2_copyâ€™ undeclared (first use in this function)
 #pragma omp parallel for private(i,j,ii,jj,iii,jjj,Y_copy,X0_copy,X1_copy,X2_copy)
                                                                           ^~~~~~~
[00;31mERROR: orio.main.tuner.ptest_driver:  failed to compile the testing code: "timeout --kill-after=30s --signal=9 20m gcc -O3 -fopenmp -DDYNAMIC  -DORIO_REPS=10 -o __orio_perftest29.exe __orio_perftest29.c timer_cpu.o -lm -lrt"[00m
[00;31mERROR: orio.main.tuner.ptest_driver:  the executable of the test code does not exist[00m
timeout: failed to run command â€˜./__orio_perftest29.exeâ€™: No such file or directory
[00;31mERROR: orio.main.tuner.ptest_driver: failed to execute the test code: "timeout --kill-after=30s --signal=9 20m  ./__orio_perftest29.exe  "
 --> CalledProcessError: Command 'timeout --kill-after=30s --signal=9 20m  ./__orio_perftest29.exe  ' returned non-zero exit status 127[00m
[00;31mERROR: orio.main.tuner.ptest_driver:  performance testing failed: "timeout --kill-after=30s --signal=9 20m  ./__orio_perftest29.exe  "[00m
expected=14981109.589145
actual=14981109.589145
diff=0.000000
diff=1
expected=14981109.589145
actual=14981109.589145
diff=0.000000
diff=1
__orio_perftest32.c: In function â€˜mainâ€™:
__orio_perftest32.c:131:52: error: â€˜Y_copyâ€™ undeclared (first use in this function)
 #pragma omp parallel for private(i,j,ii,jj,iii,jjj,Y_copy,X0_copy,X1_copy,X2_copy)
                                                    ^~~~~~
__orio_perftest32.c:131:52: note: each undeclared identifier is reported only once for each function it appears in
__orio_perftest32.c:131:59: error: â€˜X0_copyâ€™ undeclared (first use in this function)
 #pragma omp parallel for private(i,j,ii,jj,iii,jjj,Y_copy,X0_copy,X1_copy,X2_copy)
                                                           ^~~~~~~
__orio_perftest32.c:131:67: error: â€˜X1_copyâ€™ undeclared (first use in this function)
 #pragma omp parallel for private(i,j,ii,jj,iii,jjj,Y_copy,X0_copy,X1_copy,X2_copy)
                                                                   ^~~~~~~
__orio_perftest32.c:131:75: error: â€˜X2_copyâ€™ undeclared (first use in this function)
 #pragma omp parallel for private(i,j,ii,jj,iii,jjj,Y_copy,X0_copy,X1_copy,X2_copy)
                                                                           ^~~~~~~
[00;31mERROR: orio.main.tuner.ptest_driver:  failed to compile the testing code: "timeout --kill-after=30s --signal=9 20m gcc -O3 -fopenmp -DDYNAMIC  -DORIO_REPS=10 -o __orio_perftest32.exe __orio_perftest32.c timer_cpu.o -lm -lrt"[00m
[00;31mERROR: orio.main.tuner.ptest_driver:  the executable of the test code does not exist[00m
timeout: failed to run command â€˜./__orio_perftest32.exeâ€™: No such file or directory
[00;31mERROR: orio.main.tuner.ptest_driver: failed to execute the test code: "timeout --kill-after=30s --signal=9 20m  ./__orio_perftest32.exe  "
 --> CalledProcessError: Command 'timeout --kill-after=30s --signal=9 20m  ./__orio_perftest32.exe  ' returned non-zero exit status 127[00m
[00;31mERROR: orio.main.tuner.ptest_driver:  performance testing failed: "timeout --kill-after=30s --signal=9 20m  ./__orio_perftest32.exe  "[00m
__orio_perftest33.c: In function â€˜mainâ€™:
__orio_perftest33.c:131:52: error: â€˜Y_copyâ€™ undeclared (first use in this function)
 #pragma omp parallel for private(i,j,ii,jj,iii,jjj,Y_copy,X0_copy,X1_copy,X2_copy)
                                                    ^~~~~~
__orio_perftest33.c:131:52: note: each undeclared identifier is reported only once for each function it appears in
__orio_perftest33.c:131:59: error: â€˜X0_copyâ€™ undeclared (first use in this function)
 #pragma omp parallel for private(i,j,ii,jj,iii,jjj,Y_copy,X0_copy,X1_copy,X2_copy)
                                                           ^~~~~~~
__orio_perftest33.c:131:67: error: â€˜X1_copyâ€™ undeclared (first use in this function)
 #pragma omp parallel for private(i,j,ii,jj,iii,jjj,Y_copy,X0_copy,X1_copy,X2_copy)
                                                                   ^~~~~~~
__orio_perftest33.c:131:75: error: â€˜X2_copyâ€™ undeclared (first use in this function)
 #pragma omp parallel for private(i,j,ii,jj,iii,jjj,Y_copy,X0_copy,X1_copy,X2_copy)
                                                                           ^~~~~~~
[00;31mERROR: orio.main.tuner.ptest_driver:  failed to compile the testing code: "timeout --kill-after=30s --signal=9 20m gcc -O3 -fopenmp -DDYNAMIC  -DORIO_REPS=10 -o __orio_perftest33.exe __orio_perftest33.c timer_cpu.o -lm -lrt"[00m
[00;31mERROR: orio.main.tuner.ptest_driver:  the executable of the test code does not exist[00m
timeout: failed to run command â€˜./__orio_perftest33.exeâ€™: No such file or directory
[00;31mERROR: orio.main.tuner.ptest_driver: failed to execute the test code: "timeout --kill-after=30s --signal=9 20m  ./__orio_perftest33.exe  "
 --> CalledProcessError: Command 'timeout --kill-after=30s --signal=9 20m  ./__orio_perftest33.exe  ' returned non-zero exit status 127[00m
[00;31mERROR: orio.main.tuner.ptest_driver:  performance testing failed: "timeout --kill-after=30s --signal=9 20m  ./__orio_perftest33.exe  "[00m
expected=14981109.589145
actual=14981109.589145
diff=0.000000
diff=1
expected=14981109.589145
actual=14981109.589145
diff=0.000000
diff=1
__orio_perftest36.c: In function â€˜mainâ€™:
__orio_perftest36.c:131:52: error: â€˜Y_copyâ€™ undeclared (first use in this function)
 #pragma omp parallel for private(i,j,ii,jj,iii,jjj,Y_copy,X0_copy,X1_copy,X2_copy)
                                                    ^~~~~~
__orio_perftest36.c:131:52: note: each undeclared identifier is reported only once for each function it appears in
__orio_perftest36.c:131:59: error: â€˜X0_copyâ€™ undeclared (first use in this function)
 #pragma omp parallel for private(i,j,ii,jj,iii,jjj,Y_copy,X0_copy,X1_copy,X2_copy)
                                                           ^~~~~~~
__orio_perftest36.c:131:67: error: â€˜X1_copyâ€™ undeclared (first use in this function)
 #pragma omp parallel for private(i,j,ii,jj,iii,jjj,Y_copy,X0_copy,X1_copy,X2_copy)
                                                                   ^~~~~~~
__orio_perftest36.c:131:75: error: â€˜X2_copyâ€™ undeclared (first use in this function)
 #pragma omp parallel for private(i,j,ii,jj,iii,jjj,Y_copy,X0_copy,X1_copy,X2_copy)
                                                                           ^~~~~~~
[00;31mERROR: orio.main.tuner.ptest_driver:  failed to compile the testing code: "timeout --kill-after=30s --signal=9 20m gcc -O3 -fopenmp -DDYNAMIC  -DORIO_REPS=10 -o __orio_perftest36.exe __orio_perftest36.c timer_cpu.o -lm -lrt"[00m
[00;31mERROR: orio.main.tuner.ptest_driver:  the executable of the test code does not exist[00m
timeout: failed to run command â€˜./__orio_perftest36.exeâ€™: No such file or directory
[00;31mERROR: orio.main.tuner.ptest_driver: failed to execute the test code: "timeout --kill-after=30s --signal=9 20m  ./__orio_perftest36.exe  "
 --> CalledProcessError: Command 'timeout --kill-after=30s --signal=9 20m  ./__orio_perftest36.exe  ' returned non-zero exit status 127[00m
[00;31mERROR: orio.main.tuner.ptest_driver:  performance testing failed: "timeout --kill-after=30s --signal=9 20m  ./__orio_perftest36.exe  "[00m
expected=14981109.589145
actual=14981109.589145
diff=0.000000
diff=1
__orio_perftest38.c: In function â€˜mainâ€™:
__orio_perftest38.c:131:52: error: â€˜Y_copyâ€™ undeclared (first use in this function)
 #pragma omp parallel for private(i,j,ii,jj,iii,jjj,Y_copy,X0_copy,X1_copy,X2_copy)
                                                    ^~~~~~
__orio_perftest38.c:131:52: note: each undeclared identifier is reported only once for each function it appears in
__orio_perftest38.c:131:59: error: â€˜X0_copyâ€™ undeclared (first use in this function)
 #pragma omp parallel for private(i,j,ii,jj,iii,jjj,Y_copy,X0_copy,X1_copy,X2_copy)
                                                           ^~~~~~~
__orio_perftest38.c:131:67: error: â€˜X1_copyâ€™ undeclared (first use in this function)
 #pragma omp parallel for private(i,j,ii,jj,iii,jjj,Y_copy,X0_copy,X1_copy,X2_copy)
                                                                   ^~~~~~~
__orio_perftest38.c:131:75: error: â€˜X2_copyâ€™ undeclared (first use in this function)
 #pragma omp parallel for private(i,j,ii,jj,iii,jjj,Y_copy,X0_copy,X1_copy,X2_copy)
                                                                           ^~~~~~~
[00;31mERROR: orio.main.tuner.ptest_driver:  failed to compile the testing code: "timeout --kill-after=30s --signal=9 20m gcc -O3 -fopenmp -DDYNAMIC  -DORIO_REPS=10 -o __orio_perftest38.exe __orio_perftest38.c timer_cpu.o -lm -lrt"[00m
[00;31mERROR: orio.main.tuner.ptest_driver:  the executable of the test code does not exist[00m
timeout: failed to run command â€˜./__orio_perftest38.exeâ€™: No such file or directory
[00;31mERROR: orio.main.tuner.ptest_driver: failed to execute the test code: "timeout --kill-after=30s --signal=9 20m  ./__orio_perftest38.exe  "
 --> CalledProcessError: Command 'timeout --kill-after=30s --signal=9 20m  ./__orio_perftest38.exe  ' returned non-zero exit status 127[00m
[00;31mERROR: orio.main.tuner.ptest_driver:  performance testing failed: "timeout --kill-after=30s --signal=9 20m  ./__orio_perftest38.exe  "[00m
__orio_perftest39.c: In function â€˜mainâ€™:
__orio_perftest39.c:131:52: error: â€˜Y_copyâ€™ undeclared (first use in this function)
 #pragma omp parallel for private(i,j,ii,jj,iii,jjj,Y_copy,X0_copy,X1_copy,X2_copy)
                                                    ^~~~~~
__orio_perftest39.c:131:52: note: each undeclared identifier is reported only once for each function it appears in
__orio_perftest39.c:131:59: error: â€˜X0_copyâ€™ undeclared (first use in this function)
 #pragma omp parallel for private(i,j,ii,jj,iii,jjj,Y_copy,X0_copy,X1_copy,X2_copy)
                                                           ^~~~~~~
__orio_perftest39.c:131:67: error: â€˜X1_copyâ€™ undeclared (first use in this function)
 #pragma omp parallel for private(i,j,ii,jj,iii,jjj,Y_copy,X0_copy,X1_copy,X2_copy)
                                                                   ^~~~~~~
__orio_perftest39.c:131:75: error: â€˜X2_copyâ€™ undeclared (first use in this function)
 #pragma omp parallel for private(i,j,ii,jj,iii,jjj,Y_copy,X0_copy,X1_copy,X2_copy)
                                                                           ^~~~~~~
[00;31mERROR: orio.main.tuner.ptest_driver:  failed to compile the testing code: "timeout --kill-after=30s --signal=9 20m gcc -O3 -fopenmp -DDYNAMIC  -DORIO_REPS=10 -o __orio_perftest39.exe __orio_perftest39.c timer_cpu.o -lm -lrt"[00m
[00;31mERROR: orio.main.tuner.ptest_driver:  the executable of the test code does not exist[00m
timeout: failed to run command â€˜./__orio_perftest39.exeâ€™: No such file or directory
[00;31mERROR: orio.main.tuner.ptest_driver: failed to execute the test code: "timeout --kill-after=30s --signal=9 20m  ./__orio_perftest39.exe  "
 --> CalledProcessError: Command 'timeout --kill-after=30s --signal=9 20m  ./__orio_perftest39.exe  ' returned non-zero exit status 127[00m
[00;31mERROR: orio.main.tuner.ptest_driver:  performance testing failed: "timeout --kill-after=30s --signal=9 20m  ./__orio_perftest39.exe  "[00m
expected=14981109.589145
actual=14981109.589145
diff=0.000000
diff=1
expected=14981109.589145
actual=14981109.589145
diff=0.000000
diff=1
__orio_perftest42.c: In function â€˜mainâ€™:
__orio_perftest42.c:131:52: error: â€˜Y_copyâ€™ undeclared (first use in this function)
 #pragma omp parallel for private(i,j,ii,jj,iii,jjj,Y_copy,X0_copy,X1_copy,X2_copy)
                                                    ^~~~~~
__orio_perftest42.c:131:52: note: each undeclared identifier is reported only once for each function it appears in
__orio_perftest42.c:131:59: error: â€˜X0_copyâ€™ undeclared (first use in this function)
 #pragma omp parallel for private(i,j,ii,jj,iii,jjj,Y_copy,X0_copy,X1_copy,X2_copy)
                                                           ^~~~~~~
__orio_perftest42.c:131:67: error: â€˜X1_copyâ€™ undeclared (first use in this function)
 #pragma omp parallel for private(i,j,ii,jj,iii,jjj,Y_copy,X0_copy,X1_copy,X2_copy)
                                                                   ^~~~~~~
__orio_perftest42.c:131:75: error: â€˜X2_copyâ€™ undeclared (first use in this function)
 #pragma omp parallel for private(i,j,ii,jj,iii,jjj,Y_copy,X0_copy,X1_copy,X2_copy)
                                                                           ^~~~~~~
[00;31mERROR: orio.main.tuner.ptest_driver:  failed to compile the testing code: "timeout --kill-after=30s --signal=9 20m gcc -O3 -fopenmp -DDYNAMIC  -DORIO_REPS=10 -o __orio_perftest42.exe __orio_perftest42.c timer_cpu.o -lm -lrt"[00m
[00;31mERROR: orio.main.tuner.ptest_driver:  the executable of the test code does not exist[00m
timeout: failed to run command â€˜./__orio_perftest42.exeâ€™: No such file or directory
[00;31mERROR: orio.main.tuner.ptest_driver: failed to execute the test code: "timeout --kill-after=30s --signal=9 20m  ./__orio_perftest42.exe  "
 --> CalledProcessError: Command 'timeout --kill-after=30s --signal=9 20m  ./__orio_perftest42.exe  ' returned non-zero exit status 127[00m
[00;31mERROR: orio.main.tuner.ptest_driver:  performance testing failed: "timeout --kill-after=30s --signal=9 20m  ./__orio_perftest42.exe  "[00m
expected=14981109.589145
actual=14981109.589145
diff=0.000000
diff=1
__orio_perftest44.c: In function â€˜mainâ€™:
__orio_perftest44.c:131:52: error: â€˜Y_copyâ€™ undeclared (first use in this function)
 #pragma omp parallel for private(i,j,ii,jj,iii,jjj,Y_copy,X0_copy,X1_copy,X2_copy)
                                                    ^~~~~~
__orio_perftest44.c:131:52: note: each undeclared identifier is reported only once for each function it appears in
__orio_perftest44.c:131:59: error: â€˜X0_copyâ€™ undeclared (first use in this function)
 #pragma omp parallel for private(i,j,ii,jj,iii,jjj,Y_copy,X0_copy,X1_copy,X2_copy)
                                                           ^~~~~~~
__orio_perftest44.c:131:67: error: â€˜X1_copyâ€™ undeclared (first use in this function)
 #pragma omp parallel for private(i,j,ii,jj,iii,jjj,Y_copy,X0_copy,X1_copy,X2_copy)
                                                                   ^~~~~~~
__orio_perftest44.c:131:75: error: â€˜X2_copyâ€™ undeclared (first use in this function)
 #pragma omp parallel for private(i,j,ii,jj,iii,jjj,Y_copy,X0_copy,X1_copy,X2_copy)
                                                                           ^~~~~~~
[00;31mERROR: orio.main.tuner.ptest_driver:  failed to compile the testing code: "timeout --kill-after=30s --signal=9 20m gcc -O3 -fopenmp -DDYNAMIC  -DORIO_REPS=10 -o __orio_perftest44.exe __orio_perftest44.c timer_cpu.o -lm -lrt"[00m
[00;31mERROR: orio.main.tuner.ptest_driver:  the executable of the test code does not exist[00m
timeout: failed to run command â€˜./__orio_perftest44.exeâ€™: No such file or directory
[00;31mERROR: orio.main.tuner.ptest_driver: failed to execute the test code: "timeout --kill-after=30s --signal=9 20m  ./__orio_perftest44.exe  "
 --> CalledProcessError: Command 'timeout --kill-after=30s --signal=9 20m  ./__orio_perftest44.exe  ' returned non-zero exit status 127[00m
[00;31mERROR: orio.main.tuner.ptest_driver:  performance testing failed: "timeout --kill-after=30s --signal=9 20m  ./__orio_perftest44.exe  "[00m
expected=14981109.589145
actual=14981109.589145
diff=0.000000
diff=1
expected=14981109.589145
actual=14981109.589145
diff=0.000000
diff=1
expected=14981109.589145
actual=14981109.589145
diff=0.000000
diff=1
__orio_perftest48.c: In function â€˜mainâ€™:
__orio_perftest48.c:131:52: error: â€˜Y_copyâ€™ undeclared (first use in this function)
 #pragma omp parallel for private(i,j,ii,jj,iii,jjj,Y_copy,X0_copy,X1_copy,X2_copy)
                                                    ^~~~~~
__orio_perftest48.c:131:52: note: each undeclared identifier is reported only once for each function it appears in
__orio_perftest48.c:131:59: error: â€˜X0_copyâ€™ undeclared (first use in this function)
 #pragma omp parallel for private(i,j,ii,jj,iii,jjj,Y_copy,X0_copy,X1_copy,X2_copy)
                                                           ^~~~~~~
__orio_perftest48.c:131:67: error: â€˜X1_copyâ€™ undeclared (first use in this function)
 #pragma omp parallel for private(i,j,ii,jj,iii,jjj,Y_copy,X0_copy,X1_copy,X2_copy)
                                                                   ^~~~~~~
__orio_perftest48.c:131:75: error: â€˜X2_copyâ€™ undeclared (first use in this function)
 #pragma omp parallel for private(i,j,ii,jj,iii,jjj,Y_copy,X0_copy,X1_copy,X2_copy)
                                                                           ^~~~~~~
[00;31mERROR: orio.main.tuner.ptest_driver:  failed to compile the testing code: "timeout --kill-after=30s --signal=9 20m gcc -O3 -fopenmp -DDYNAMIC  -DORIO_REPS=10 -o __orio_perftest48.exe __orio_perftest48.c timer_cpu.o -lm -lrt"[00m
[00;31mERROR: orio.main.tuner.ptest_driver:  the executable of the test code does not exist[00m
timeout: failed to run command â€˜./__orio_perftest48.exeâ€™: No such file or directory
[00;31mERROR: orio.main.tuner.ptest_driver: failed to execute the test code: "timeout --kill-after=30s --signal=9 20m  ./__orio_perftest48.exe  "
 --> CalledProcessError: Command 'timeout --kill-after=30s --signal=9 20m  ./__orio_perftest48.exe  ' returned non-zero exit status 127[00m
[00;31mERROR: orio.main.tuner.ptest_driver:  performance testing failed: "timeout --kill-after=30s --signal=9 20m  ./__orio_perftest48.exe  "[00m
__orio_perftest49.c: In function â€˜mainâ€™:
__orio_perftest49.c:131:52: error: â€˜Y_copyâ€™ undeclared (first use in this function)
 #pragma omp parallel for private(i,j,ii,jj,iii,jjj,Y_copy,X0_copy,X1_copy,X2_copy)
                                                    ^~~~~~
__orio_perftest49.c:131:52: note: each undeclared identifier is reported only once for each function it appears in
__orio_perftest49.c:131:59: error: â€˜X0_copyâ€™ undeclared (first use in this function)
 #pragma omp parallel for private(i,j,ii,jj,iii,jjj,Y_copy,X0_copy,X1_copy,X2_copy)
                                                           ^~~~~~~
__orio_perftest49.c:131:67: error: â€˜X1_copyâ€™ undeclared (first use in this function)
 #pragma omp parallel for private(i,j,ii,jj,iii,jjj,Y_copy,X0_copy,X1_copy,X2_copy)
                                                                   ^~~~~~~
__orio_perftest49.c:131:75: error: â€˜X2_copyâ€™ undeclared (first use in this function)
 #pragma omp parallel for private(i,j,ii,jj,iii,jjj,Y_copy,X0_copy,X1_copy,X2_copy)
                                                                           ^~~~~~~
[00;31mERROR: orio.main.tuner.ptest_driver:  failed to compile the testing code: "timeout --kill-after=30s --signal=9 20m gcc -O3 -fopenmp -DDYNAMIC  -DORIO_REPS=10 -o __orio_perftest49.exe __orio_perftest49.c timer_cpu.o -lm -lrt"[00m
[00;31mERROR: orio.main.tuner.ptest_driver:  the executable of the test code does not exist[00m
timeout: failed to run command â€˜./__orio_perftest49.exeâ€™: No such file or directory
[00;31mERROR: orio.main.tuner.ptest_driver: failed to execute the test code: "timeout --kill-after=30s --signal=9 20m  ./__orio_perftest49.exe  "
 --> CalledProcessError: Command 'timeout --kill-after=30s --signal=9 20m  ./__orio_perftest49.exe  ' returned non-zero exit status 127[00m
[00;31mERROR: orio.main.tuner.ptest_driver:  performance testing failed: "timeout --kill-after=30s --signal=9 20m  ./__orio_perftest49.exe  "[00m
expected=14981109.589145
actual=14981109.589145
diff=0.000000
diff=1
__orio_perftest51.c: In function â€˜mainâ€™:
__orio_perftest51.c:131:52: error: â€˜Y_copyâ€™ undeclared (first use in this function)
 #pragma omp parallel for private(i,j,ii,jj,iii,jjj,Y_copy,X0_copy,X1_copy,X2_copy)
                                                    ^~~~~~
__orio_perftest51.c:131:52: note: each undeclared identifier is reported only once for each function it appears in
__orio_perftest51.c:131:59: error: â€˜X0_copyâ€™ undeclared (first use in this function)
 #pragma omp parallel for private(i,j,ii,jj,iii,jjj,Y_copy,X0_copy,X1_copy,X2_copy)
                                                           ^~~~~~~
__orio_perftest51.c:131:67: error: â€˜X1_copyâ€™ undeclared (first use in this function)
 #pragma omp parallel for private(i,j,ii,jj,iii,jjj,Y_copy,X0_copy,X1_copy,X2_copy)
                                                                   ^~~~~~~
__orio_perftest51.c:131:75: error: â€˜X2_copyâ€™ undeclared (first use in this function)
 #pragma omp parallel for private(i,j,ii,jj,iii,jjj,Y_copy,X0_copy,X1_copy,X2_copy)
                                                                           ^~~~~~~
[00;31mERROR: orio.main.tuner.ptest_driver:  failed to compile the testing code: "timeout --kill-after=30s --signal=9 20m gcc -O3 -fopenmp -DDYNAMIC  -DORIO_REPS=10 -o __orio_perftest51.exe __orio_perftest51.c timer_cpu.o -lm -lrt"[00m
[00;31mERROR: orio.main.tuner.ptest_driver:  the executable of the test code does not exist[00m
timeout: failed to run command â€˜./__orio_perftest51.exeâ€™: No such file or directory
[00;31mERROR: orio.main.tuner.ptest_driver: failed to execute the test code: "timeout --kill-after=30s --signal=9 20m  ./__orio_perftest51.exe  "
 --> CalledProcessError: Command 'timeout --kill-after=30s --signal=9 20m  ./__orio_perftest51.exe  ' returned non-zero exit status 127[00m
[00;31mERROR: orio.main.tuner.ptest_driver:  performance testing failed: "timeout --kill-after=30s --signal=9 20m  ./__orio_perftest51.exe  "[00m
__orio_perftest52.c: In function â€˜mainâ€™:
__orio_perftest52.c:131:52: error: â€˜Y_copyâ€™ undeclared (first use in this function)
 #pragma omp parallel for private(i,j,ii,jj,iii,jjj,Y_copy,X0_copy,X1_copy,X2_copy)
                                                    ^~~~~~
__orio_perftest52.c:131:52: note: each undeclared identifier is reported only once for each function it appears in
__orio_perftest52.c:131:59: error: â€˜X0_copyâ€™ undeclared (first use in this function)
 #pragma omp parallel for private(i,j,ii,jj,iii,jjj,Y_copy,X0_copy,X1_copy,X2_copy)
                                                           ^~~~~~~
__orio_perftest52.c:131:67: error: â€˜X1_copyâ€™ undeclared (first use in this function)
 #pragma omp parallel for private(i,j,ii,jj,iii,jjj,Y_copy,X0_copy,X1_copy,X2_copy)
                                                                   ^~~~~~~
__orio_perftest52.c:131:75: error: â€˜X2_copyâ€™ undeclared (first use in this function)
 #pragma omp parallel for private(i,j,ii,jj,iii,jjj,Y_copy,X0_copy,X1_copy,X2_copy)
                                                                           ^~~~~~~
[00;31mERROR: orio.main.tuner.ptest_driver:  failed to compile the testing code: "timeout --kill-after=30s --signal=9 20m gcc -O3 -fopenmp -DDYNAMIC  -DORIO_REPS=10 -o __orio_perftest52.exe __orio_perftest52.c timer_cpu.o -lm -lrt"[00m
[00;31mERROR: orio.main.tuner.ptest_driver:  the executable of the test code does not exist[00m
timeout: failed to run command â€˜./__orio_perftest52.exeâ€™: No such file or directory
[00;31mERROR: orio.main.tuner.ptest_driver: failed to execute the test code: "timeout --kill-after=30s --signal=9 20m  ./__orio_perftest52.exe  "
 --> CalledProcessError: Command 'timeout --kill-after=30s --signal=9 20m  ./__orio_perftest52.exe  ' returned non-zero exit status 127[00m
[00;31mERROR: orio.main.tuner.ptest_driver:  performance testing failed: "timeout --kill-after=30s --signal=9 20m  ./__orio_perftest52.exe  "[00m
__orio_perftest53.c: In function â€˜mainâ€™:
__orio_perftest53.c:131:52: error: â€˜Y_copyâ€™ undeclared (first use in this function)
 #pragma omp parallel for private(i,j,ii,jj,iii,jjj,Y_copy,X0_copy,X1_copy,X2_copy)
                                                    ^~~~~~
__orio_perftest53.c:131:52: note: each undeclared identifier is reported only once for each function it appears in
__orio_perftest53.c:131:59: error: â€˜X0_copyâ€™ undeclared (first use in this function)
 #pragma omp parallel for private(i,j,ii,jj,iii,jjj,Y_copy,X0_copy,X1_copy,X2_copy)
                                                           ^~~~~~~
__orio_perftest53.c:131:67: error: â€˜X1_copyâ€™ undeclared (first use in this function)
 #pragma omp parallel for private(i,j,ii,jj,iii,jjj,Y_copy,X0_copy,X1_copy,X2_copy)
                                                                   ^~~~~~~
__orio_perftest53.c:131:75: error: â€˜X2_copyâ€™ undeclared (first use in this function)
 #pragma omp parallel for private(i,j,ii,jj,iii,jjj,Y_copy,X0_copy,X1_copy,X2_copy)
                                                                           ^~~~~~~
[00;31mERROR: orio.main.tuner.ptest_driver:  failed to compile the testing code: "timeout --kill-after=30s --signal=9 20m gcc -O3 -fopenmp -DDYNAMIC  -DORIO_REPS=10 -o __orio_perftest53.exe __orio_perftest53.c timer_cpu.o -lm -lrt"[00m
[00;31mERROR: orio.main.tuner.ptest_driver:  the executable of the test code does not exist[00m
timeout: failed to run command â€˜./__orio_perftest53.exeâ€™: No such file or directory
[00;31mERROR: orio.main.tuner.ptest_driver: failed to execute the test code: "timeout --kill-after=30s --signal=9 20m  ./__orio_perftest53.exe  "
 --> CalledProcessError: Command 'timeout --kill-after=30s --signal=9 20m  ./__orio_perftest53.exe  ' returned non-zero exit status 127[00m
[00;31mERROR: orio.main.tuner.ptest_driver:  performance testing failed: "timeout --kill-after=30s --signal=9 20m  ./__orio_perftest53.exe  "[00m
expected=14981109.589145
actual=14981109.589145
diff=0.000000
diff=1
__orio_perftest55.c: In function â€˜mainâ€™:
__orio_perftest55.c:131:52: error: â€˜Y_copyâ€™ undeclared (first use in this function)
 #pragma omp parallel for private(i,j,ii,jj,iii,jjj,Y_copy,X0_copy,X1_copy,X2_copy)
                                                    ^~~~~~
__orio_perftest55.c:131:52: note: each undeclared identifier is reported only once for each function it appears in
__orio_perftest55.c:131:59: error: â€˜X0_copyâ€™ undeclared (first use in this function)
 #pragma omp parallel for private(i,j,ii,jj,iii,jjj,Y_copy,X0_copy,X1_copy,X2_copy)
                                                           ^~~~~~~
__orio_perftest55.c:131:67: error: â€˜X1_copyâ€™ undeclared (first use in this function)
 #pragma omp parallel for private(i,j,ii,jj,iii,jjj,Y_copy,X0_copy,X1_copy,X2_copy)
                                                                   ^~~~~~~
__orio_perftest55.c:131:75: error: â€˜X2_copyâ€™ undeclared (first use in this function)
 #pragma omp parallel for private(i,j,ii,jj,iii,jjj,Y_copy,X0_copy,X1_copy,X2_copy)
                                                                           ^~~~~~~
[00;31mERROR: orio.main.tuner.ptest_driver:  failed to compile the testing code: "timeout --kill-after=30s --signal=9 20m gcc -O3 -fopenmp -DDYNAMIC  -DORIO_REPS=10 -o __orio_perftest55.exe __orio_perftest55.c timer_cpu.o -lm -lrt"[00m
[00;31mERROR: orio.main.tuner.ptest_driver:  the executable of the test code does not exist[00m
timeout: failed to run command â€˜./__orio_perftest55.exeâ€™: No such file or directory
[00;31mERROR: orio.main.tuner.ptest_driver: failed to execute the test code: "timeout --kill-after=30s --signal=9 20m  ./__orio_perftest55.exe  "
 --> CalledProcessError: Command 'timeout --kill-after=30s --signal=9 20m  ./__orio_perftest55.exe  ' returned non-zero exit status 127[00m
[00;31mERROR: orio.main.tuner.ptest_driver:  performance testing failed: "timeout --kill-after=30s --signal=9 20m  ./__orio_perftest55.exe  "[00m
__orio_perftest56.c: In function â€˜mainâ€™:
__orio_perftest56.c:131:52: error: â€˜Y_copyâ€™ undeclared (first use in this function)
 #pragma omp parallel for private(i,j,ii,jj,iii,jjj,Y_copy,X0_copy,X1_copy,X2_copy)
                                                    ^~~~~~
__orio_perftest56.c:131:52: note: each undeclared identifier is reported only once for each function it appears in
__orio_perftest56.c:131:59: error: â€˜X0_copyâ€™ undeclared (first use in this function)
 #pragma omp parallel for private(i,j,ii,jj,iii,jjj,Y_copy,X0_copy,X1_copy,X2_copy)
                                                           ^~~~~~~
__orio_perftest56.c:131:67: error: â€˜X1_copyâ€™ undeclared (first use in this function)
 #pragma omp parallel for private(i,j,ii,jj,iii,jjj,Y_copy,X0_copy,X1_copy,X2_copy)
                                                                   ^~~~~~~
__orio_perftest56.c:131:75: error: â€˜X2_copyâ€™ undeclared (first use in this function)
 #pragma omp parallel for private(i,j,ii,jj,iii,jjj,Y_copy,X0_copy,X1_copy,X2_copy)
                                                                           ^~~~~~~
[00;31mERROR: orio.main.tuner.ptest_driver:  failed to compile the testing code: "timeout --kill-after=30s --signal=9 20m gcc -O3 -fopenmp -DDYNAMIC  -DORIO_REPS=10 -o __orio_perftest56.exe __orio_perftest56.c timer_cpu.o -lm -lrt"[00m
[00;31mERROR: orio.main.tuner.ptest_driver:  the executable of the test code does not exist[00m
timeout: failed to run command â€˜./__orio_perftest56.exeâ€™: No such file or directory
[00;31mERROR: orio.main.tuner.ptest_driver: failed to execute the test code: "timeout --kill-after=30s --signal=9 20m  ./__orio_perftest56.exe  "
 --> CalledProcessError: Command 'timeout --kill-after=30s --signal=9 20m  ./__orio_perftest56.exe  ' returned non-zero exit status 127[00m
[00;31mERROR: orio.main.tuner.ptest_driver:  performance testing failed: "timeout --kill-after=30s --signal=9 20m  ./__orio_perftest56.exe  "[00m
expected=14981109.589145
actual=14981109.589145
diff=0.000000
diff=1
__orio_perftest58.c: In function â€˜mainâ€™:
__orio_perftest58.c:131:52: error: â€˜Y_copyâ€™ undeclared (first use in this function)
 #pragma omp parallel for private(i,j,ii,jj,iii,jjj,Y_copy,X0_copy,X1_copy,X2_copy)
                                                    ^~~~~~
__orio_perftest58.c:131:52: note: each undeclared identifier is reported only once for each function it appears in
__orio_perftest58.c:131:59: error: â€˜X0_copyâ€™ undeclared (first use in this function)
 #pragma omp parallel for private(i,j,ii,jj,iii,jjj,Y_copy,X0_copy,X1_copy,X2_copy)
                                                           ^~~~~~~
__orio_perftest58.c:131:67: error: â€˜X1_copyâ€™ undeclared (first use in this function)
 #pragma omp parallel for private(i,j,ii,jj,iii,jjj,Y_copy,X0_copy,X1_copy,X2_copy)
                                                                   ^~~~~~~
__orio_perftest58.c:131:75: error: â€˜X2_copyâ€™ undeclared (first use in this function)
 #pragma omp parallel for private(i,j,ii,jj,iii,jjj,Y_copy,X0_copy,X1_copy,X2_copy)
                                                                           ^~~~~~~
[00;31mERROR: orio.main.tuner.ptest_driver:  failed to compile the testing code: "timeout --kill-after=30s --signal=9 20m gcc -O3 -fopenmp -DDYNAMIC  -DORIO_REPS=10 -o __orio_perftest58.exe __orio_perftest58.c timer_cpu.o -lm -lrt"[00m
[00;31mERROR: orio.main.tuner.ptest_driver:  the executable of the test code does not exist[00m
timeout: failed to run command â€˜./__orio_perftest58.exeâ€™: No such file or directory
[00;31mERROR: orio.main.tuner.ptest_driver: failed to execute the test code: "timeout --kill-after=30s --signal=9 20m  ./__orio_perftest58.exe  "
 --> CalledProcessError: Command 'timeout --kill-after=30s --signal=9 20m  ./__orio_perftest58.exe  ' returned non-zero exit status 127[00m
[00;31mERROR: orio.main.tuner.ptest_driver:  performance testing failed: "timeout --kill-after=30s --signal=9 20m  ./__orio_perftest58.exe  "[00m
expected=14981109.589145
actual=14981109.589145
diff=0.000000
diff=1
__orio_perftest60.c: In function â€˜mainâ€™:
__orio_perftest60.c:131:52: error: â€˜Y_copyâ€™ undeclared (first use in this function)
 #pragma omp parallel for private(i,j,ii,jj,iii,jjj,Y_copy,X0_copy,X1_copy,X2_copy)
                                                    ^~~~~~
__orio_perftest60.c:131:52: note: each undeclared identifier is reported only once for each function it appears in
__orio_perftest60.c:131:59: error: â€˜X0_copyâ€™ undeclared (first use in this function)
 #pragma omp parallel for private(i,j,ii,jj,iii,jjj,Y_copy,X0_copy,X1_copy,X2_copy)
                                                           ^~~~~~~
__orio_perftest60.c:131:67: error: â€˜X1_copyâ€™ undeclared (first use in this function)
 #pragma omp parallel for private(i,j,ii,jj,iii,jjj,Y_copy,X0_copy,X1_copy,X2_copy)
                                                                   ^~~~~~~
__orio_perftest60.c:131:75: error: â€˜X2_copyâ€™ undeclared (first use in this function)
 #pragma omp parallel for private(i,j,ii,jj,iii,jjj,Y_copy,X0_copy,X1_copy,X2_copy)
                                                                           ^~~~~~~
[00;31mERROR: orio.main.tuner.ptest_driver:  failed to compile the testing code: "timeout --kill-after=30s --signal=9 20m gcc -O3 -fopenmp -DDYNAMIC  -DORIO_REPS=10 -o __orio_perftest60.exe __orio_perftest60.c timer_cpu.o -lm -lrt"[00m
[00;31mERROR: orio.main.tuner.ptest_driver:  the executable of the test code does not exist[00m
timeout: failed to run command â€˜./__orio_perftest60.exeâ€™: No such file or directory
[00;31mERROR: orio.main.tuner.ptest_driver: failed to execute the test code: "timeout --kill-after=30s --signal=9 20m  ./__orio_perftest60.exe  "
 --> CalledProcessError: Command 'timeout --kill-after=30s --signal=9 20m  ./__orio_perftest60.exe  ' returned non-zero exit status 127[00m
[00;31mERROR: orio.main.tuner.ptest_driver:  performance testing failed: "timeout --kill-after=30s --signal=9 20m  ./__orio_perftest60.exe  "[00m
expected=14981109.589145
actual=14981109.589145
diff=0.000000
diff=1
__orio_perftest62.c: In function â€˜mainâ€™:
__orio_perftest62.c:131:52: error: â€˜Y_copyâ€™ undeclared (first use in this function)
 #pragma omp parallel for private(i,j,ii,jj,iii,jjj,Y_copy,X0_copy,X1_copy,X2_copy)
                                                    ^~~~~~
__orio_perftest62.c:131:52: note: each undeclared identifier is reported only once for each function it appears in
__orio_perftest62.c:131:59: error: â€˜X0_copyâ€™ undeclared (first use in this function)
 #pragma omp parallel for private(i,j,ii,jj,iii,jjj,Y_copy,X0_copy,X1_copy,X2_copy)
                                                           ^~~~~~~
__orio_perftest62.c:131:67: error: â€˜X1_copyâ€™ undeclared (first use in this function)
 #pragma omp parallel for private(i,j,ii,jj,iii,jjj,Y_copy,X0_copy,X1_copy,X2_copy)
                                                                   ^~~~~~~
__orio_perftest62.c:131:75: error: â€˜X2_copyâ€™ undeclared (first use in this function)
 #pragma omp parallel for private(i,j,ii,jj,iii,jjj,Y_copy,X0_copy,X1_copy,X2_copy)
                                                                           ^~~~~~~
[00;31mERROR: orio.main.tuner.ptest_driver:  failed to compile the testing code: "timeout --kill-after=30s --signal=9 20m gcc -O3 -fopenmp -DDYNAMIC  -DORIO_REPS=10 -o __orio_perftest62.exe __orio_perftest62.c timer_cpu.o -lm -lrt"[00m
[00;31mERROR: orio.main.tuner.ptest_driver:  the executable of the test code does not exist[00m
timeout: failed to run command â€˜./__orio_perftest62.exeâ€™: No such file or directory
[00;31mERROR: orio.main.tuner.ptest_driver: failed to execute the test code: "timeout --kill-after=30s --signal=9 20m  ./__orio_perftest62.exe  "
 --> CalledProcessError: Command 'timeout --kill-after=30s --signal=9 20m  ./__orio_perftest62.exe  ' returned non-zero exit status 127[00m
[00;31mERROR: orio.main.tuner.ptest_driver:  performance testing failed: "timeout --kill-after=30s --signal=9 20m  ./__orio_perftest62.exe  "[00m
expected=14981109.589145
actual=14981109.589145
diff=0.000000
diff=1
expected=14981109.589145
actual=14981109.589145
diff=0.000000
diff=1
__orio_perftest65.c: In function â€˜mainâ€™:
__orio_perftest65.c:131:52: error: â€˜Y_copyâ€™ undeclared (first use in this function)
 #pragma omp parallel for private(i,j,ii,jj,iii,jjj,Y_copy,X0_copy,X1_copy,X2_copy)
                                                    ^~~~~~
__orio_perftest65.c:131:52: note: each undeclared identifier is reported only once for each function it appears in
__orio_perftest65.c:131:59: error: â€˜X0_copyâ€™ undeclared (first use in this function)
 #pragma omp parallel for private(i,j,ii,jj,iii,jjj,Y_copy,X0_copy,X1_copy,X2_copy)
                                                           ^~~~~~~
__orio_perftest65.c:131:67: error: â€˜X1_copyâ€™ undeclared (first use in this function)
 #pragma omp parallel for private(i,j,ii,jj,iii,jjj,Y_copy,X0_copy,X1_copy,X2_copy)
                                                                   ^~~~~~~
__orio_perftest65.c:131:75: error: â€˜X2_copyâ€™ undeclared (first use in this function)
 #pragma omp parallel for private(i,j,ii,jj,iii,jjj,Y_copy,X0_copy,X1_copy,X2_copy)
                                                                           ^~~~~~~
[00;31mERROR: orio.main.tuner.ptest_driver:  failed to compile the testing code: "timeout --kill-after=30s --signal=9 20m gcc -O3 -fopenmp -DDYNAMIC  -DORIO_REPS=10 -o __orio_perftest65.exe __orio_perftest65.c timer_cpu.o -lm -lrt"[00m
[00;31mERROR: orio.main.tuner.ptest_driver:  the executable of the test code does not exist[00m
timeout: failed to run command â€˜./__orio_perftest65.exeâ€™: No such file or directory
[00;31mERROR: orio.main.tuner.ptest_driver: failed to execute the test code: "timeout --kill-after=30s --signal=9 20m  ./__orio_perftest65.exe  "
 --> CalledProcessError: Command 'timeout --kill-after=30s --signal=9 20m  ./__orio_perftest65.exe  ' returned non-zero exit status 127[00m
[00;31mERROR: orio.main.tuner.ptest_driver:  performance testing failed: "timeout --kill-after=30s --signal=9 20m  ./__orio_perftest65.exe  "[00m
expected=14981109.589145
actual=14981109.589145
diff=0.000000
diff=1
__orio_perftest67.c: In function â€˜mainâ€™:
__orio_perftest67.c:131:52: error: â€˜Y_copyâ€™ undeclared (first use in this function)
 #pragma omp parallel for private(i,j,ii,jj,iii,jjj,Y_copy,X0_copy,X1_copy,X2_copy)
                                                    ^~~~~~
__orio_perftest67.c:131:52: note: each undeclared identifier is reported only once for each function it appears in
__orio_perftest67.c:131:59: error: â€˜X0_copyâ€™ undeclared (first use in this function)
 #pragma omp parallel for private(i,j,ii,jj,iii,jjj,Y_copy,X0_copy,X1_copy,X2_copy)
                                                           ^~~~~~~
__orio_perftest67.c:131:67: error: â€˜X1_copyâ€™ undeclared (first use in this function)
 #pragma omp parallel for private(i,j,ii,jj,iii,jjj,Y_copy,X0_copy,X1_copy,X2_copy)
                                                                   ^~~~~~~
__orio_perftest67.c:131:75: error: â€˜X2_copyâ€™ undeclared (first use in this function)
 #pragma omp parallel for private(i,j,ii,jj,iii,jjj,Y_copy,X0_copy,X1_copy,X2_copy)
                                                                           ^~~~~~~
[00;31mERROR: orio.main.tuner.ptest_driver:  failed to compile the testing code: "timeout --kill-after=30s --signal=9 20m gcc -O3 -fopenmp -DDYNAMIC  -DORIO_REPS=10 -o __orio_perftest67.exe __orio_perftest67.c timer_cpu.o -lm -lrt"[00m
[00;31mERROR: orio.main.tuner.ptest_driver:  the executable of the test code does not exist[00m
timeout: failed to run command â€˜./__orio_perftest67.exeâ€™: No such file or directory
[00;31mERROR: orio.main.tuner.ptest_driver: failed to execute the test code: "timeout --kill-after=30s --signal=9 20m  ./__orio_perftest67.exe  "
 --> CalledProcessError: Command 'timeout --kill-after=30s --signal=9 20m  ./__orio_perftest67.exe  ' returned non-zero exit status 127[00m
[00;31mERROR: orio.main.tuner.ptest_driver:  performance testing failed: "timeout --kill-after=30s --signal=9 20m  ./__orio_perftest67.exe  "[00m
expected=14981109.589145
actual=14981109.589145
diff=0.000000
diff=1
expected=14981109.589145
actual=14981109.589145
diff=0.000000
diff=1
__orio_perftest70.c: In function â€˜mainâ€™:
__orio_perftest70.c:131:52: error: â€˜Y_copyâ€™ undeclared (first use in this function)
 #pragma omp parallel for private(i,j,ii,jj,iii,jjj,Y_copy,X0_copy,X1_copy,X2_copy)
                                                    ^~~~~~
__orio_perftest70.c:131:52: note: each undeclared identifier is reported only once for each function it appears in
__orio_perftest70.c:131:59: error: â€˜X0_copyâ€™ undeclared (first use in this function)
 #pragma omp parallel for private(i,j,ii,jj,iii,jjj,Y_copy,X0_copy,X1_copy,X2_copy)
                                                           ^~~~~~~
__orio_perftest70.c:131:67: error: â€˜X1_copyâ€™ undeclared (first use in this function)
 #pragma omp parallel for private(i,j,ii,jj,iii,jjj,Y_copy,X0_copy,X1_copy,X2_copy)
                                                                   ^~~~~~~
__orio_perftest70.c:131:75: error: â€˜X2_copyâ€™ undeclared (first use in this function)
 #pragma omp parallel for private(i,j,ii,jj,iii,jjj,Y_copy,X0_copy,X1_copy,X2_copy)
                                                                           ^~~~~~~
[00;31mERROR: orio.main.tuner.ptest_driver:  failed to compile the testing code: "timeout --kill-after=30s --signal=9 20m gcc -O3 -fopenmp -DDYNAMIC  -DORIO_REPS=10 -o __orio_perftest70.exe __orio_perftest70.c timer_cpu.o -lm -lrt"[00m
[00;31mERROR: orio.main.tuner.ptest_driver:  the executable of the test code does not exist[00m
timeout: failed to run command â€˜./__orio_perftest70.exeâ€™: No such file or directory
[00;31mERROR: orio.main.tuner.ptest_driver: failed to execute the test code: "timeout --kill-after=30s --signal=9 20m  ./__orio_perftest70.exe  "
 --> CalledProcessError: Command 'timeout --kill-after=30s --signal=9 20m  ./__orio_perftest70.exe  ' returned non-zero exit status 127[00m
[00;31mERROR: orio.main.tuner.ptest_driver:  performance testing failed: "timeout --kill-after=30s --signal=9 20m  ./__orio_perftest70.exe  "[00m
__orio_perftest71.c: In function â€˜mainâ€™:
__orio_perftest71.c:131:52: error: â€˜Y_copyâ€™ undeclared (first use in this function)
 #pragma omp parallel for private(i,j,ii,jj,iii,jjj,Y_copy,X0_copy,X1_copy,X2_copy)
                                                    ^~~~~~
__orio_perftest71.c:131:52: note: each undeclared identifier is reported only once for each function it appears in
__orio_perftest71.c:131:59: error: â€˜X0_copyâ€™ undeclared (first use in this function)
 #pragma omp parallel for private(i,j,ii,jj,iii,jjj,Y_copy,X0_copy,X1_copy,X2_copy)
                                                           ^~~~~~~
__orio_perftest71.c:131:67: error: â€˜X1_copyâ€™ undeclared (first use in this function)
 #pragma omp parallel for private(i,j,ii,jj,iii,jjj,Y_copy,X0_copy,X1_copy,X2_copy)
                                                                   ^~~~~~~
__orio_perftest71.c:131:75: error: â€˜X2_copyâ€™ undeclared (first use in this function)
 #pragma omp parallel for private(i,j,ii,jj,iii,jjj,Y_copy,X0_copy,X1_copy,X2_copy)
                                                                           ^~~~~~~
[00;31mERROR: orio.main.tuner.ptest_driver:  failed to compile the testing code: "timeout --kill-after=30s --signal=9 20m gcc -O3 -fopenmp -DDYNAMIC  -DORIO_REPS=10 -o __orio_perftest71.exe __orio_perftest71.c timer_cpu.o -lm -lrt"[00m
[00;31mERROR: orio.main.tuner.ptest_driver:  the executable of the test code does not exist[00m
timeout: failed to run command â€˜./__orio_perftest71.exeâ€™: No such file or directory
[00;31mERROR: orio.main.tuner.ptest_driver: failed to execute the test code: "timeout --kill-after=30s --signal=9 20m  ./__orio_perftest71.exe  "
 --> CalledProcessError: Command 'timeout --kill-after=30s --signal=9 20m  ./__orio_perftest71.exe  ' returned non-zero exit status 127[00m
[00;31mERROR: orio.main.tuner.ptest_driver:  performance testing failed: "timeout --kill-after=30s --signal=9 20m  ./__orio_perftest71.exe  "[00m
expected=14981109.589145
actual=14981109.589145
diff=0.000000
diff=1
expected=14981109.589145
actual=14981109.589145
diff=0.000000
diff=1
expected=14981109.589145
actual=14981109.589145
diff=0.000000
diff=1
__orio_perftest75.c: In function â€˜mainâ€™:
__orio_perftest75.c:131:52: error: â€˜Y_copyâ€™ undeclared (first use in this function)
 #pragma omp parallel for private(i,j,ii,jj,iii,jjj,Y_copy,X0_copy,X1_copy,X2_copy)
                                                    ^~~~~~
__orio_perftest75.c:131:52: note: each undeclared identifier is reported only once for each function it appears in
__orio_perftest75.c:131:59: error: â€˜X0_copyâ€™ undeclared (first use in this function)
 #pragma omp parallel for private(i,j,ii,jj,iii,jjj,Y_copy,X0_copy,X1_copy,X2_copy)
                                                           ^~~~~~~
__orio_perftest75.c:131:67: error: â€˜X1_copyâ€™ undeclared (first use in this function)
 #pragma omp parallel for private(i,j,ii,jj,iii,jjj,Y_copy,X0_copy,X1_copy,X2_copy)
                                                                   ^~~~~~~
__orio_perftest75.c:131:75: error: â€˜X2_copyâ€™ undeclared (first use in this function)
 #pragma omp parallel for private(i,j,ii,jj,iii,jjj,Y_copy,X0_copy,X1_copy,X2_copy)
                                                                           ^~~~~~~
[00;31mERROR: orio.main.tuner.ptest_driver:  failed to compile the testing code: "timeout --kill-after=30s --signal=9 20m gcc -O3 -fopenmp -DDYNAMIC  -DORIO_REPS=10 -o __orio_perftest75.exe __orio_perftest75.c timer_cpu.o -lm -lrt"[00m
[00;31mERROR: orio.main.tuner.ptest_driver:  the executable of the test code does not exist[00m
timeout: failed to run command â€˜./__orio_perftest75.exeâ€™: No such file or directory
[00;31mERROR: orio.main.tuner.ptest_driver: failed to execute the test code: "timeout --kill-after=30s --signal=9 20m  ./__orio_perftest75.exe  "
 --> CalledProcessError: Command 'timeout --kill-after=30s --signal=9 20m  ./__orio_perftest75.exe  ' returned non-zero exit status 127[00m
[00;31mERROR: orio.main.tuner.ptest_driver:  performance testing failed: "timeout --kill-after=30s --signal=9 20m  ./__orio_perftest75.exe  "[00m
__orio_perftest76.c: In function â€˜mainâ€™:
__orio_perftest76.c:131:52: error: â€˜Y_copyâ€™ undeclared (first use in this function)
 #pragma omp parallel for private(i,j,ii,jj,iii,jjj,Y_copy,X0_copy,X1_copy,X2_copy)
                                                    ^~~~~~
__orio_perftest76.c:131:52: note: each undeclared identifier is reported only once for each function it appears in
__orio_perftest76.c:131:59: error: â€˜X0_copyâ€™ undeclared (first use in this function)
 #pragma omp parallel for private(i,j,ii,jj,iii,jjj,Y_copy,X0_copy,X1_copy,X2_copy)
                                                           ^~~~~~~
__orio_perftest76.c:131:67: error: â€˜X1_copyâ€™ undeclared (first use in this function)
 #pragma omp parallel for private(i,j,ii,jj,iii,jjj,Y_copy,X0_copy,X1_copy,X2_copy)
                                                                   ^~~~~~~
__orio_perftest76.c:131:75: error: â€˜X2_copyâ€™ undeclared (first use in this function)
 #pragma omp parallel for private(i,j,ii,jj,iii,jjj,Y_copy,X0_copy,X1_copy,X2_copy)
                                                                           ^~~~~~~
[00;31mERROR: orio.main.tuner.ptest_driver:  failed to compile the testing code: "timeout --kill-after=30s --signal=9 20m gcc -O3 -fopenmp -DDYNAMIC  -DORIO_REPS=10 -o __orio_perftest76.exe __orio_perftest76.c timer_cpu.o -lm -lrt"[00m
[00;31mERROR: orio.main.tuner.ptest_driver:  the executable of the test code does not exist[00m
timeout: failed to run command â€˜./__orio_perftest76.exeâ€™: No such file or directory
[00;31mERROR: orio.main.tuner.ptest_driver: failed to execute the test code: "timeout --kill-after=30s --signal=9 20m  ./__orio_perftest76.exe  "
 --> CalledProcessError: Command 'timeout --kill-after=30s --signal=9 20m  ./__orio_perftest76.exe  ' returned non-zero exit status 127[00m
[00;31mERROR: orio.main.tuner.ptest_driver:  performance testing failed: "timeout --kill-after=30s --signal=9 20m  ./__orio_perftest76.exe  "[00m
__orio_perftest77.c: In function â€˜mainâ€™:
__orio_perftest77.c:131:52: error: â€˜Y_copyâ€™ undeclared (first use in this function)
 #pragma omp parallel for private(i,j,ii,jj,iii,jjj,Y_copy,X0_copy,X1_copy,X2_copy)
                                                    ^~~~~~
__orio_perftest77.c:131:52: note: each undeclared identifier is reported only once for each function it appears in
__orio_perftest77.c:131:59: error: â€˜X0_copyâ€™ undeclared (first use in this function)
 #pragma omp parallel for private(i,j,ii,jj,iii,jjj,Y_copy,X0_copy,X1_copy,X2_copy)
                                                           ^~~~~~~
__orio_perftest77.c:131:67: error: â€˜X1_copyâ€™ undeclared (first use in this function)
 #pragma omp parallel for private(i,j,ii,jj,iii,jjj,Y_copy,X0_copy,X1_copy,X2_copy)
                                                                   ^~~~~~~
__orio_perftest77.c:131:75: error: â€˜X2_copyâ€™ undeclared (first use in this function)
 #pragma omp parallel for private(i,j,ii,jj,iii,jjj,Y_copy,X0_copy,X1_copy,X2_copy)
                                                                           ^~~~~~~
[00;31mERROR: orio.main.tuner.ptest_driver:  failed to compile the testing code: "timeout --kill-after=30s --signal=9 20m gcc -O3 -fopenmp -DDYNAMIC  -DORIO_REPS=10 -o __orio_perftest77.exe __orio_perftest77.c timer_cpu.o -lm -lrt"[00m
[00;31mERROR: orio.main.tuner.ptest_driver:  the executable of the test code does not exist[00m
timeout: failed to run command â€˜./__orio_perftest77.exeâ€™: No such file or directory
[00;31mERROR: orio.main.tuner.ptest_driver: failed to execute the test code: "timeout --kill-after=30s --signal=9 20m  ./__orio_perftest77.exe  "
 --> CalledProcessError: Command 'timeout --kill-after=30s --signal=9 20m  ./__orio_perftest77.exe  ' returned non-zero exit status 127[00m
[00;31mERROR: orio.main.tuner.ptest_driver:  performance testing failed: "timeout --kill-after=30s --signal=9 20m  ./__orio_perftest77.exe  "[00m
__orio_perftest78.c: In function â€˜mainâ€™:
__orio_perftest78.c:131:52: error: â€˜Y_copyâ€™ undeclared (first use in this function)
 #pragma omp parallel for private(i,j,ii,jj,iii,jjj,Y_copy,X0_copy,X1_copy,X2_copy)
                                                    ^~~~~~
__orio_perftest78.c:131:52: note: each undeclared identifier is reported only once for each function it appears in
__orio_perftest78.c:131:59: error: â€˜X0_copyâ€™ undeclared (first use in this function)
 #pragma omp parallel for private(i,j,ii,jj,iii,jjj,Y_copy,X0_copy,X1_copy,X2_copy)
                                                           ^~~~~~~
__orio_perftest78.c:131:67: error: â€˜X1_copyâ€™ undeclared (first use in this function)
 #pragma omp parallel for private(i,j,ii,jj,iii,jjj,Y_copy,X0_copy,X1_copy,X2_copy)
                                                                   ^~~~~~~
__orio_perftest78.c:131:75: error: â€˜X2_copyâ€™ undeclared (first use in this function)
 #pragma omp parallel for private(i,j,ii,jj,iii,jjj,Y_copy,X0_copy,X1_copy,X2_copy)
                                                                           ^~~~~~~
[00;31mERROR: orio.main.tuner.ptest_driver:  failed to compile the testing code: "timeout --kill-after=30s --signal=9 20m gcc -O3 -fopenmp -DDYNAMIC  -DORIO_REPS=10 -o __orio_perftest78.exe __orio_perftest78.c timer_cpu.o -lm -lrt"[00m
[00;31mERROR: orio.main.tuner.ptest_driver:  the executable of the test code does not exist[00m
timeout: failed to run command â€˜./__orio_perftest78.exeâ€™: No such file or directory
[00;31mERROR: orio.main.tuner.ptest_driver: failed to execute the test code: "timeout --kill-after=30s --signal=9 20m  ./__orio_perftest78.exe  "
 --> CalledProcessError: Command 'timeout --kill-after=30s --signal=9 20m  ./__orio_perftest78.exe  ' returned non-zero exit status 127[00m
[00;31mERROR: orio.main.tuner.ptest_driver:  performance testing failed: "timeout --kill-after=30s --signal=9 20m  ./__orio_perftest78.exe  "[00m
expected=14981109.589145
actual=14981109.589145
diff=0.000000
diff=1
__orio_perftest80.c: In function â€˜mainâ€™:
__orio_perftest80.c:131:52: error: â€˜Y_copyâ€™ undeclared (first use in this function)
 #pragma omp parallel for private(i,j,ii,jj,iii,jjj,Y_copy,X0_copy,X1_copy,X2_copy)
                                                    ^~~~~~
__orio_perftest80.c:131:52: note: each undeclared identifier is reported only once for each function it appears in
__orio_perftest80.c:131:59: error: â€˜X0_copyâ€™ undeclared (first use in this function)
 #pragma omp parallel for private(i,j,ii,jj,iii,jjj,Y_copy,X0_copy,X1_copy,X2_copy)
                                                           ^~~~~~~
__orio_perftest80.c:131:67: error: â€˜X1_copyâ€™ undeclared (first use in this function)
 #pragma omp parallel for private(i,j,ii,jj,iii,jjj,Y_copy,X0_copy,X1_copy,X2_copy)
                                                                   ^~~~~~~
__orio_perftest80.c:131:75: error: â€˜X2_copyâ€™ undeclared (first use in this function)
 #pragma omp parallel for private(i,j,ii,jj,iii,jjj,Y_copy,X0_copy,X1_copy,X2_copy)
                                                                           ^~~~~~~
[00;31mERROR: orio.main.tuner.ptest_driver:  failed to compile the testing code: "timeout --kill-after=30s --signal=9 20m gcc -O3 -fopenmp -DDYNAMIC  -DORIO_REPS=10 -o __orio_perftest80.exe __orio_perftest80.c timer_cpu.o -lm -lrt"[00m
[00;31mERROR: orio.main.tuner.ptest_driver:  the executable of the test code does not exist[00m
timeout: failed to run command â€˜./__orio_perftest80.exeâ€™: No such file or directory
[00;31mERROR: orio.main.tuner.ptest_driver: failed to execute the test code: "timeout --kill-after=30s --signal=9 20m  ./__orio_perftest80.exe  "
 --> CalledProcessError: Command 'timeout --kill-after=30s --signal=9 20m  ./__orio_perftest80.exe  ' returned non-zero exit status 127[00m
[00;31mERROR: orio.main.tuner.ptest_driver:  performance testing failed: "timeout --kill-after=30s --signal=9 20m  ./__orio_perftest80.exe  "[00m
expected=14981109.589145
actual=14981109.589145
diff=0.000000
diff=1
__orio_perftest82.c: In function â€˜mainâ€™:
__orio_perftest82.c:131:52: error: â€˜Y_copyâ€™ undeclared (first use in this function)
 #pragma omp parallel for private(i,j,ii,jj,iii,jjj,Y_copy,X0_copy,X1_copy,X2_copy)
                                                    ^~~~~~
__orio_perftest82.c:131:52: note: each undeclared identifier is reported only once for each function it appears in
__orio_perftest82.c:131:59: error: â€˜X0_copyâ€™ undeclared (first use in this function)
 #pragma omp parallel for private(i,j,ii,jj,iii,jjj,Y_copy,X0_copy,X1_copy,X2_copy)
                                                           ^~~~~~~
__orio_perftest82.c:131:67: error: â€˜X1_copyâ€™ undeclared (first use in this function)
 #pragma omp parallel for private(i,j,ii,jj,iii,jjj,Y_copy,X0_copy,X1_copy,X2_copy)
                                                                   ^~~~~~~
__orio_perftest82.c:131:75: error: â€˜X2_copyâ€™ undeclared (first use in this function)
 #pragma omp parallel for private(i,j,ii,jj,iii,jjj,Y_copy,X0_copy,X1_copy,X2_copy)
                                                                           ^~~~~~~
[00;31mERROR: orio.main.tuner.ptest_driver:  failed to compile the testing code: "timeout --kill-after=30s --signal=9 20m gcc -O3 -fopenmp -DDYNAMIC  -DORIO_REPS=10 -o __orio_perftest82.exe __orio_perftest82.c timer_cpu.o -lm -lrt"[00m
[00;31mERROR: orio.main.tuner.ptest_driver:  the executable of the test code does not exist[00m
timeout: failed to run command â€˜./__orio_perftest82.exeâ€™: No such file or directory
[00;31mERROR: orio.main.tuner.ptest_driver: failed to execute the test code: "timeout --kill-after=30s --signal=9 20m  ./__orio_perftest82.exe  "
 --> CalledProcessError: Command 'timeout --kill-after=30s --signal=9 20m  ./__orio_perftest82.exe  ' returned non-zero exit status 127[00m
[00;31mERROR: orio.main.tuner.ptest_driver:  performance testing failed: "timeout --kill-after=30s --signal=9 20m  ./__orio_perftest82.exe  "[00m
__orio_perftest83.c: In function â€˜mainâ€™:
__orio_perftest83.c:131:52: error: â€˜Y_copyâ€™ undeclared (first use in this function)
 #pragma omp parallel for private(i,j,ii,jj,iii,jjj,Y_copy,X0_copy,X1_copy,X2_copy)
                                                    ^~~~~~
__orio_perftest83.c:131:52: note: each undeclared identifier is reported only once for each function it appears in
__orio_perftest83.c:131:59: error: â€˜X0_copyâ€™ undeclared (first use in this function)
 #pragma omp parallel for private(i,j,ii,jj,iii,jjj,Y_copy,X0_copy,X1_copy,X2_copy)
                                                           ^~~~~~~
__orio_perftest83.c:131:67: error: â€˜X1_copyâ€™ undeclared (first use in this function)
 #pragma omp parallel for private(i,j,ii,jj,iii,jjj,Y_copy,X0_copy,X1_copy,X2_copy)
                                                                   ^~~~~~~
__orio_perftest83.c:131:75: error: â€˜X2_copyâ€™ undeclared (first use in this function)
 #pragma omp parallel for private(i,j,ii,jj,iii,jjj,Y_copy,X0_copy,X1_copy,X2_copy)
                                                                           ^~~~~~~
[00;31mERROR: orio.main.tuner.ptest_driver:  failed to compile the testing code: "timeout --kill-after=30s --signal=9 20m gcc -O3 -fopenmp -DDYNAMIC  -DORIO_REPS=10 -o __orio_perftest83.exe __orio_perftest83.c timer_cpu.o -lm -lrt"[00m
[00;31mERROR: orio.main.tuner.ptest_driver:  the executable of the test code does not exist[00m
timeout: failed to run command â€˜./__orio_perftest83.exeâ€™: No such file or directory
[00;31mERROR: orio.main.tuner.ptest_driver: failed to execute the test code: "timeout --kill-after=30s --signal=9 20m  ./__orio_perftest83.exe  "
 --> CalledProcessError: Command 'timeout --kill-after=30s --signal=9 20m  ./__orio_perftest83.exe  ' returned non-zero exit status 127[00m
[00;31mERROR: orio.main.tuner.ptest_driver:  performance testing failed: "timeout --kill-after=30s --signal=9 20m  ./__orio_perftest83.exe  "[00m
__orio_perftest84.c: In function â€˜mainâ€™:
__orio_perftest84.c:131:52: error: â€˜Y_copyâ€™ undeclared (first use in this function)
 #pragma omp parallel for private(i,j,ii,jj,iii,jjj,Y_copy,X0_copy,X1_copy,X2_copy)
                                                    ^~~~~~
__orio_perftest84.c:131:52: note: each undeclared identifier is reported only once for each function it appears in
__orio_perftest84.c:131:59: error: â€˜X0_copyâ€™ undeclared (first use in this function)
 #pragma omp parallel for private(i,j,ii,jj,iii,jjj,Y_copy,X0_copy,X1_copy,X2_copy)
                                                           ^~~~~~~
__orio_perftest84.c:131:67: error: â€˜X1_copyâ€™ undeclared (first use in this function)
 #pragma omp parallel for private(i,j,ii,jj,iii,jjj,Y_copy,X0_copy,X1_copy,X2_copy)
                                                                   ^~~~~~~
__orio_perftest84.c:131:75: error: â€˜X2_copyâ€™ undeclared (first use in this function)
 #pragma omp parallel for private(i,j,ii,jj,iii,jjj,Y_copy,X0_copy,X1_copy,X2_copy)
                                                                           ^~~~~~~
[00;31mERROR: orio.main.tuner.ptest_driver:  failed to compile the testing code: "timeout --kill-after=30s --signal=9 20m gcc -O3 -fopenmp -DDYNAMIC  -DORIO_REPS=10 -o __orio_perftest84.exe __orio_perftest84.c timer_cpu.o -lm -lrt"[00m
[00;31mERROR: orio.main.tuner.ptest_driver:  the executable of the test code does not exist[00m
timeout: failed to run command â€˜./__orio_perftest84.exeâ€™: No such file or directory
[00;31mERROR: orio.main.tuner.ptest_driver: failed to execute the test code: "timeout --kill-after=30s --signal=9 20m  ./__orio_perftest84.exe  "
 --> CalledProcessError: Command 'timeout --kill-after=30s --signal=9 20m  ./__orio_perftest84.exe  ' returned non-zero exit status 127[00m
[00;31mERROR: orio.main.tuner.ptest_driver:  performance testing failed: "timeout --kill-after=30s --signal=9 20m  ./__orio_perftest84.exe  "[00m
__orio_perftest85.c: In function â€˜mainâ€™:
__orio_perftest85.c:131:52: error: â€˜Y_copyâ€™ undeclared (first use in this function)
 #pragma omp parallel for private(i,j,ii,jj,iii,jjj,Y_copy,X0_copy,X1_copy,X2_copy)
                                                    ^~~~~~
__orio_perftest85.c:131:52: note: each undeclared identifier is reported only once for each function it appears in
__orio_perftest85.c:131:59: error: â€˜X0_copyâ€™ undeclared (first use in this function)
 #pragma omp parallel for private(i,j,ii,jj,iii,jjj,Y_copy,X0_copy,X1_copy,X2_copy)
                                                           ^~~~~~~
__orio_perftest85.c:131:67: error: â€˜X1_copyâ€™ undeclared (first use in this function)
 #pragma omp parallel for private(i,j,ii,jj,iii,jjj,Y_copy,X0_copy,X1_copy,X2_copy)
                                                                   ^~~~~~~
__orio_perftest85.c:131:75: error: â€˜X2_copyâ€™ undeclared (first use in this function)
 #pragma omp parallel for private(i,j,ii,jj,iii,jjj,Y_copy,X0_copy,X1_copy,X2_copy)
                                                                           ^~~~~~~
[00;31mERROR: orio.main.tuner.ptest_driver:  failed to compile the testing code: "timeout --kill-after=30s --signal=9 20m gcc -O3 -fopenmp -DDYNAMIC  -DORIO_REPS=10 -o __orio_perftest85.exe __orio_perftest85.c timer_cpu.o -lm -lrt"[00m
[00;31mERROR: orio.main.tuner.ptest_driver:  the executable of the test code does not exist[00m
timeout: failed to run command â€˜./__orio_perftest85.exeâ€™: No such file or directory
[00;31mERROR: orio.main.tuner.ptest_driver: failed to execute the test code: "timeout --kill-after=30s --signal=9 20m  ./__orio_perftest85.exe  "
 --> CalledProcessError: Command 'timeout --kill-after=30s --signal=9 20m  ./__orio_perftest85.exe  ' returned non-zero exit status 127[00m
[00;31mERROR: orio.main.tuner.ptest_driver:  performance testing failed: "timeout --kill-after=30s --signal=9 20m  ./__orio_perftest85.exe  "[00m
expected=14981109.589145
actual=14981109.589145
diff=0.000000
diff=1
__orio_perftest87.c: In function â€˜mainâ€™:
__orio_perftest87.c:131:52: error: â€˜Y_copyâ€™ undeclared (first use in this function)
 #pragma omp parallel for private(i,j,ii,jj,iii,jjj,Y_copy,X0_copy,X1_copy,X2_copy)
                                                    ^~~~~~
__orio_perftest87.c:131:52: note: each undeclared identifier is reported only once for each function it appears in
__orio_perftest87.c:131:59: error: â€˜X0_copyâ€™ undeclared (first use in this function)
 #pragma omp parallel for private(i,j,ii,jj,iii,jjj,Y_copy,X0_copy,X1_copy,X2_copy)
                                                           ^~~~~~~
__orio_perftest87.c:131:67: error: â€˜X1_copyâ€™ undeclared (first use in this function)
 #pragma omp parallel for private(i,j,ii,jj,iii,jjj,Y_copy,X0_copy,X1_copy,X2_copy)
                                                                   ^~~~~~~
__orio_perftest87.c:131:75: error: â€˜X2_copyâ€™ undeclared (first use in this function)
 #pragma omp parallel for private(i,j,ii,jj,iii,jjj,Y_copy,X0_copy,X1_copy,X2_copy)
                                                                           ^~~~~~~
[00;31mERROR: orio.main.tuner.ptest_driver:  failed to compile the testing code: "timeout --kill-after=30s --signal=9 20m gcc -O3 -fopenmp -DDYNAMIC  -DORIO_REPS=10 -o __orio_perftest87.exe __orio_perftest87.c timer_cpu.o -lm -lrt"[00m
[00;31mERROR: orio.main.tuner.ptest_driver:  the executable of the test code does not exist[00m
timeout: failed to run command â€˜./__orio_perftest87.exeâ€™: No such file or directory
[00;31mERROR: orio.main.tuner.ptest_driver: failed to execute the test code: "timeout --kill-after=30s --signal=9 20m  ./__orio_perftest87.exe  "
 --> CalledProcessError: Command 'timeout --kill-after=30s --signal=9 20m  ./__orio_perftest87.exe  ' returned non-zero exit status 127[00m
[00;31mERROR: orio.main.tuner.ptest_driver:  performance testing failed: "timeout --kill-after=30s --signal=9 20m  ./__orio_perftest87.exe  "[00m
__orio_perftest88.c: In function â€˜mainâ€™:
__orio_perftest88.c:131:52: error: â€˜Y_copyâ€™ undeclared (first use in this function)
 #pragma omp parallel for private(i,j,ii,jj,iii,jjj,Y_copy,X0_copy,X1_copy,X2_copy)
                                                    ^~~~~~
__orio_perftest88.c:131:52: note: each undeclared identifier is reported only once for each function it appears in
__orio_perftest88.c:131:59: error: â€˜X0_copyâ€™ undeclared (first use in this function)
 #pragma omp parallel for private(i,j,ii,jj,iii,jjj,Y_copy,X0_copy,X1_copy,X2_copy)
                                                           ^~~~~~~
__orio_perftest88.c:131:67: error: â€˜X1_copyâ€™ undeclared (first use in this function)
 #pragma omp parallel for private(i,j,ii,jj,iii,jjj,Y_copy,X0_copy,X1_copy,X2_copy)
                                                                   ^~~~~~~
__orio_perftest88.c:131:75: error: â€˜X2_copyâ€™ undeclared (first use in this function)
 #pragma omp parallel for private(i,j,ii,jj,iii,jjj,Y_copy,X0_copy,X1_copy,X2_copy)
                                                                           ^~~~~~~
[00;31mERROR: orio.main.tuner.ptest_driver:  failed to compile the testing code: "timeout --kill-after=30s --signal=9 20m gcc -O3 -fopenmp -DDYNAMIC  -DORIO_REPS=10 -o __orio_perftest88.exe __orio_perftest88.c timer_cpu.o -lm -lrt"[00m
[00;31mERROR: orio.main.tuner.ptest_driver:  the executable of the test code does not exist[00m
timeout: failed to run command â€˜./__orio_perftest88.exeâ€™: No such file or directory
[00;31mERROR: orio.main.tuner.ptest_driver: failed to execute the test code: "timeout --kill-after=30s --signal=9 20m  ./__orio_perftest88.exe  "
 --> CalledProcessError: Command 'timeout --kill-after=30s --signal=9 20m  ./__orio_perftest88.exe  ' returned non-zero exit status 127[00m
[00;31mERROR: orio.main.tuner.ptest_driver:  performance testing failed: "timeout --kill-after=30s --signal=9 20m  ./__orio_perftest88.exe  "[00m
__orio_perftest89.c: In function â€˜mainâ€™:
__orio_perftest89.c:131:52: error: â€˜Y_copyâ€™ undeclared (first use in this function)
 #pragma omp parallel for private(i,j,ii,jj,iii,jjj,Y_copy,X0_copy,X1_copy,X2_copy)
                                                    ^~~~~~
__orio_perftest89.c:131:52: note: each undeclared identifier is reported only once for each function it appears in
__orio_perftest89.c:131:59: error: â€˜X0_copyâ€™ undeclared (first use in this function)
 #pragma omp parallel for private(i,j,ii,jj,iii,jjj,Y_copy,X0_copy,X1_copy,X2_copy)
                                                           ^~~~~~~
__orio_perftest89.c:131:67: error: â€˜X1_copyâ€™ undeclared (first use in this function)
 #pragma omp parallel for private(i,j,ii,jj,iii,jjj,Y_copy,X0_copy,X1_copy,X2_copy)
                                                                   ^~~~~~~
__orio_perftest89.c:131:75: error: â€˜X2_copyâ€™ undeclared (first use in this function)
 #pragma omp parallel for private(i,j,ii,jj,iii,jjj,Y_copy,X0_copy,X1_copy,X2_copy)
                                                                           ^~~~~~~
[00;31mERROR: orio.main.tuner.ptest_driver:  failed to compile the testing code: "timeout --kill-after=30s --signal=9 20m gcc -O3 -fopenmp -DDYNAMIC  -DORIO_REPS=10 -o __orio_perftest89.exe __orio_perftest89.c timer_cpu.o -lm -lrt"[00m
[00;31mERROR: orio.main.tuner.ptest_driver:  the executable of the test code does not exist[00m
timeout: failed to run command â€˜./__orio_perftest89.exeâ€™: No such file or directory
[00;31mERROR: orio.main.tuner.ptest_driver: failed to execute the test code: "timeout --kill-after=30s --signal=9 20m  ./__orio_perftest89.exe  "
 --> CalledProcessError: Command 'timeout --kill-after=30s --signal=9 20m  ./__orio_perftest89.exe  ' returned non-zero exit status 127[00m
[00;31mERROR: orio.main.tuner.ptest_driver:  performance testing failed: "timeout --kill-after=30s --signal=9 20m  ./__orio_perftest89.exe  "[00m
expected=14981109.589145
actual=14981109.589145
diff=0.000000
diff=1
expected=14981109.589145
actual=14981109.589145
diff=0.000000
diff=1
expected=14981109.589145
actual=14981109.589145
diff=0.000000
diff=1
expected=14981109.589145
actual=14981109.589145
diff=0.000000
diff=1
expected=14981109.589145
actual=14981109.589145
diff=0.000000
diff=1
__orio_perftest95.c: In function â€˜mainâ€™:
__orio_perftest95.c:131:52: error: â€˜Y_copyâ€™ undeclared (first use in this function)
 #pragma omp parallel for private(i,j,ii,jj,iii,jjj,Y_copy,X0_copy,X1_copy,X2_copy)
                                                    ^~~~~~
__orio_perftest95.c:131:52: note: each undeclared identifier is reported only once for each function it appears in
__orio_perftest95.c:131:59: error: â€˜X0_copyâ€™ undeclared (first use in this function)
 #pragma omp parallel for private(i,j,ii,jj,iii,jjj,Y_copy,X0_copy,X1_copy,X2_copy)
                                                           ^~~~~~~
__orio_perftest95.c:131:67: error: â€˜X1_copyâ€™ undeclared (first use in this function)
 #pragma omp parallel for private(i,j,ii,jj,iii,jjj,Y_copy,X0_copy,X1_copy,X2_copy)
                                                                   ^~~~~~~
__orio_perftest95.c:131:75: error: â€˜X2_copyâ€™ undeclared (first use in this function)
 #pragma omp parallel for private(i,j,ii,jj,iii,jjj,Y_copy,X0_copy,X1_copy,X2_copy)
                                                                           ^~~~~~~
[00;31mERROR: orio.main.tuner.ptest_driver:  failed to compile the testing code: "timeout --kill-after=30s --signal=9 20m gcc -O3 -fopenmp -DDYNAMIC  -DORIO_REPS=10 -o __orio_perftest95.exe __orio_perftest95.c timer_cpu.o -lm -lrt"[00m
[00;31mERROR: orio.main.tuner.ptest_driver:  the executable of the test code does not exist[00m
timeout: failed to run command â€˜./__orio_perftest95.exeâ€™: No such file or directory
[00;31mERROR: orio.main.tuner.ptest_driver: failed to execute the test code: "timeout --kill-after=30s --signal=9 20m  ./__orio_perftest95.exe  "
 --> CalledProcessError: Command 'timeout --kill-after=30s --signal=9 20m  ./__orio_perftest95.exe  ' returned non-zero exit status 127[00m
[00;31mERROR: orio.main.tuner.ptest_driver:  performance testing failed: "timeout --kill-after=30s --signal=9 20m  ./__orio_perftest95.exe  "[00m
expected=14981109.589145
actual=14981109.589145
diff=0.000000
diff=1
__orio_perftest97.c: In function â€˜mainâ€™:
__orio_perftest97.c:131:52: error: â€˜Y_copyâ€™ undeclared (first use in this function)
 #pragma omp parallel for private(i,j,ii,jj,iii,jjj,Y_copy,X0_copy,X1_copy,X2_copy)
                                                    ^~~~~~
__orio_perftest97.c:131:52: note: each undeclared identifier is reported only once for each function it appears in
__orio_perftest97.c:131:59: error: â€˜X0_copyâ€™ undeclared (first use in this function)
 #pragma omp parallel for private(i,j,ii,jj,iii,jjj,Y_copy,X0_copy,X1_copy,X2_copy)
                                                           ^~~~~~~
__orio_perftest97.c:131:67: error: â€˜X1_copyâ€™ undeclared (first use in this function)
 #pragma omp parallel for private(i,j,ii,jj,iii,jjj,Y_copy,X0_copy,X1_copy,X2_copy)
                                                                   ^~~~~~~
__orio_perftest97.c:131:75: error: â€˜X2_copyâ€™ undeclared (first use in this function)
 #pragma omp parallel for private(i,j,ii,jj,iii,jjj,Y_copy,X0_copy,X1_copy,X2_copy)
                                                                           ^~~~~~~
[00;31mERROR: orio.main.tuner.ptest_driver:  failed to compile the testing code: "timeout --kill-after=30s --signal=9 20m gcc -O3 -fopenmp -DDYNAMIC  -DORIO_REPS=10 -o __orio_perftest97.exe __orio_perftest97.c timer_cpu.o -lm -lrt"[00m
[00;31mERROR: orio.main.tuner.ptest_driver:  the executable of the test code does not exist[00m
timeout: failed to run command â€˜./__orio_perftest97.exeâ€™: No such file or directory
[00;31mERROR: orio.main.tuner.ptest_driver: failed to execute the test code: "timeout --kill-after=30s --signal=9 20m  ./__orio_perftest97.exe  "
 --> CalledProcessError: Command 'timeout --kill-after=30s --signal=9 20m  ./__orio_perftest97.exe  ' returned non-zero exit status 127[00m
[00;31mERROR: orio.main.tuner.ptest_driver:  performance testing failed: "timeout --kill-after=30s --signal=9 20m  ./__orio_perftest97.exe  "[00m
__orio_perftest98.c: In function â€˜mainâ€™:
__orio_perftest98.c:131:52: error: â€˜Y_copyâ€™ undeclared (first use in this function)
 #pragma omp parallel for private(i,j,ii,jj,iii,jjj,Y_copy,X0_copy,X1_copy,X2_copy)
                                                    ^~~~~~
__orio_perftest98.c:131:52: note: each undeclared identifier is reported only once for each function it appears in
__orio_perftest98.c:131:59: error: â€˜X0_copyâ€™ undeclared (first use in this function)
 #pragma omp parallel for private(i,j,ii,jj,iii,jjj,Y_copy,X0_copy,X1_copy,X2_copy)
                                                           ^~~~~~~
__orio_perftest98.c:131:67: error: â€˜X1_copyâ€™ undeclared (first use in this function)
 #pragma omp parallel for private(i,j,ii,jj,iii,jjj,Y_copy,X0_copy,X1_copy,X2_copy)
                                                                   ^~~~~~~
__orio_perftest98.c:131:75: error: â€˜X2_copyâ€™ undeclared (first use in this function)
 #pragma omp parallel for private(i,j,ii,jj,iii,jjj,Y_copy,X0_copy,X1_copy,X2_copy)
                                                                           ^~~~~~~
[00;31mERROR: orio.main.tuner.ptest_driver:  failed to compile the testing code: "timeout --kill-after=30s --signal=9 20m gcc -O3 -fopenmp -DDYNAMIC  -DORIO_REPS=10 -o __orio_perftest98.exe __orio_perftest98.c timer_cpu.o -lm -lrt"[00m
[00;31mERROR: orio.main.tuner.ptest_driver:  the executable of the test code does not exist[00m
timeout: failed to run command â€˜./__orio_perftest98.exeâ€™: No such file or directory
[00;31mERROR: orio.main.tuner.ptest_driver: failed to execute the test code: "timeout --kill-after=30s --signal=9 20m  ./__orio_perftest98.exe  "
 --> CalledProcessError: Command 'timeout --kill-after=30s --signal=9 20m  ./__orio_perftest98.exe  ' returned non-zero exit status 127[00m
[00;31mERROR: orio.main.tuner.ptest_driver:  performance testing failed: "timeout --kill-after=30s --signal=9 20m  ./__orio_perftest98.exe  "[00m
expected=14981109.589145
actual=14981109.589145
diff=0.000000
diff=1
expected=14981109.589145
actual=14981109.589145
diff=0.000000
diff=1
expected=14981109.589145
actual=14981109.589145
diff=0.000000
diff=1
expected=14981109.589145
actual=14981109.589145
diff=0.000000
diff=1
expected=14981109.589145
actual=14981109.589145
diff=0.000000
diff=1
__orio_perftest104.c: In function â€˜mainâ€™:
__orio_perftest104.c:132:52: error: â€˜Y_copyâ€™ undeclared (first use in this function)
 #pragma omp parallel for private(i,j,ii,jj,iii,jjj,Y_copy,X0_copy,X1_copy,X2_copy)
                                                    ^~~~~~
__orio_perftest104.c:132:52: note: each undeclared identifier is reported only once for each function it appears in
__orio_perftest104.c:132:59: error: â€˜X0_copyâ€™ undeclared (first use in this function)
 #pragma omp parallel for private(i,j,ii,jj,iii,jjj,Y_copy,X0_copy,X1_copy,X2_copy)
                                                           ^~~~~~~
__orio_perftest104.c:132:67: error: â€˜X1_copyâ€™ undeclared (first use in this function)
 #pragma omp parallel for private(i,j,ii,jj,iii,jjj,Y_copy,X0_copy,X1_copy,X2_copy)
                                                                   ^~~~~~~
__orio_perftest104.c:132:75: error: â€˜X2_copyâ€™ undeclared (first use in this function)
 #pragma omp parallel for private(i,j,ii,jj,iii,jjj,Y_copy,X0_copy,X1_copy,X2_copy)
                                                                           ^~~~~~~
[00;31mERROR: orio.main.tuner.ptest_driver:  failed to compile the testing code: "timeout --kill-after=30s --signal=9 20m gcc -O3 -fopenmp -DDYNAMIC  -DORIO_REPS=10 -o __orio_perftest104.exe __orio_perftest104.c timer_cpu.o -lm -lrt"[00m
[00;31mERROR: orio.main.tuner.ptest_driver:  the executable of the test code does not exist[00m
timeout: failed to run command â€˜./__orio_perftest104.exeâ€™: No such file or directory
[00;31mERROR: orio.main.tuner.ptest_driver: failed to execute the test code: "timeout --kill-after=30s --signal=9 20m  ./__orio_perftest104.exe  "
 --> CalledProcessError: Command 'timeout --kill-after=30s --signal=9 20m  ./__orio_perftest104.exe  ' returned non-zero exit status 127[00m
[00;31mERROR: orio.main.tuner.ptest_driver:  performance testing failed: "timeout --kill-after=30s --signal=9 20m  ./__orio_perftest104.exe  "[00m
expected=14981109.589145
actual=14981109.589145
diff=0.000000
diff=1
