
expected=14981109.589145
actual=14981109.589145
diff=0.000000
diff=1
expected=14981109.589145
actual=14981109.589145
diff=0.000000
diff=1
__orio_perftest3.c: In function â€˜mainâ€™:
__orio_perftest3.c:131:52: error: â€˜Y_copyâ€™ undeclared (first use in this function)
 #pragma omp parallel for private(i,j,ii,jj,iii,jjj,Y_copy,X0_copy,X1_copy,X2_copy)
                                                    ^~~~~~
__orio_perftest3.c:131:52: note: each undeclared identifier is reported only once for each function it appears in
__orio_perftest3.c:131:59: error: â€˜X0_copyâ€™ undeclared (first use in this function)
 #pragma omp parallel for private(i,j,ii,jj,iii,jjj,Y_copy,X0_copy,X1_copy,X2_copy)
                                                           ^~~~~~~
__orio_perftest3.c:131:67: error: â€˜X1_copyâ€™ undeclared (first use in this function)
 #pragma omp parallel for private(i,j,ii,jj,iii,jjj,Y_copy,X0_copy,X1_copy,X2_copy)
                                                                   ^~~~~~~
__orio_perftest3.c:131:75: error: â€˜X2_copyâ€™ undeclared (first use in this function)
 #pragma omp parallel for private(i,j,ii,jj,iii,jjj,Y_copy,X0_copy,X1_copy,X2_copy)
                                                                           ^~~~~~~
[00;31mERROR: orio.main.tuner.ptest_driver:  failed to compile the testing code: "timeout --kill-after=30s --signal=9 20m gcc -O3 -fopenmp -DDYNAMIC  -DORIO_REPS=10 -o __orio_perftest3.exe __orio_perftest3.c timer_cpu.o -lm -lrt"[00m
[00;31mERROR: orio.main.tuner.ptest_driver:  the executable of the test code does not exist[00m
timeout: failed to run command â€˜./__orio_perftest3.exeâ€™: No such file or directory
[00;31mERROR: orio.main.tuner.ptest_driver: failed to execute the test code: "timeout --kill-after=30s --signal=9 20m  ./__orio_perftest3.exe  "
 --> CalledProcessError: Command 'timeout --kill-after=30s --signal=9 20m  ./__orio_perftest3.exe  ' returned non-zero exit status 127[00m
[00;31mERROR: orio.main.tuner.ptest_driver:  performance testing failed: "timeout --kill-after=30s --signal=9 20m  ./__orio_perftest3.exe  "[00m
__orio_perftest4.c: In function â€˜mainâ€™:
__orio_perftest4.c:131:52: error: â€˜Y_copyâ€™ undeclared (first use in this function)
 #pragma omp parallel for private(i,j,ii,jj,iii,jjj,Y_copy,X0_copy,X1_copy,X2_copy)
                                                    ^~~~~~
__orio_perftest4.c:131:52: note: each undeclared identifier is reported only once for each function it appears in
__orio_perftest4.c:131:59: error: â€˜X0_copyâ€™ undeclared (first use in this function)
 #pragma omp parallel for private(i,j,ii,jj,iii,jjj,Y_copy,X0_copy,X1_copy,X2_copy)
                                                           ^~~~~~~
__orio_perftest4.c:131:67: error: â€˜X1_copyâ€™ undeclared (first use in this function)
 #pragma omp parallel for private(i,j,ii,jj,iii,jjj,Y_copy,X0_copy,X1_copy,X2_copy)
                                                                   ^~~~~~~
__orio_perftest4.c:131:75: error: â€˜X2_copyâ€™ undeclared (first use in this function)
 #pragma omp parallel for private(i,j,ii,jj,iii,jjj,Y_copy,X0_copy,X1_copy,X2_copy)
                                                                           ^~~~~~~
[00;31mERROR: orio.main.tuner.ptest_driver:  failed to compile the testing code: "timeout --kill-after=30s --signal=9 20m gcc -O3 -fopenmp -DDYNAMIC  -DORIO_REPS=10 -o __orio_perftest4.exe __orio_perftest4.c timer_cpu.o -lm -lrt"[00m
[00;31mERROR: orio.main.tuner.ptest_driver:  the executable of the test code does not exist[00m
timeout: failed to run command â€˜./__orio_perftest4.exeâ€™: No such file or directory
[00;31mERROR: orio.main.tuner.ptest_driver: failed to execute the test code: "timeout --kill-after=30s --signal=9 20m  ./__orio_perftest4.exe  "
 --> CalledProcessError: Command 'timeout --kill-after=30s --signal=9 20m  ./__orio_perftest4.exe  ' returned non-zero exit status 127[00m
[00;31mERROR: orio.main.tuner.ptest_driver:  performance testing failed: "timeout --kill-after=30s --signal=9 20m  ./__orio_perftest4.exe  "[00m
__orio_perftest5.c: In function â€˜mainâ€™:
__orio_perftest5.c:131:52: error: â€˜Y_copyâ€™ undeclared (first use in this function)
 #pragma omp parallel for private(i,j,ii,jj,iii,jjj,Y_copy,X0_copy,X1_copy,X2_copy)
                                                    ^~~~~~
__orio_perftest5.c:131:52: note: each undeclared identifier is reported only once for each function it appears in
__orio_perftest5.c:131:59: error: â€˜X0_copyâ€™ undeclared (first use in this function)
 #pragma omp parallel for private(i,j,ii,jj,iii,jjj,Y_copy,X0_copy,X1_copy,X2_copy)
                                                           ^~~~~~~
__orio_perftest5.c:131:67: error: â€˜X1_copyâ€™ undeclared (first use in this function)
 #pragma omp parallel for private(i,j,ii,jj,iii,jjj,Y_copy,X0_copy,X1_copy,X2_copy)
                                                                   ^~~~~~~
__orio_perftest5.c:131:75: error: â€˜X2_copyâ€™ undeclared (first use in this function)
 #pragma omp parallel for private(i,j,ii,jj,iii,jjj,Y_copy,X0_copy,X1_copy,X2_copy)
                                                                           ^~~~~~~
[00;31mERROR: orio.main.tuner.ptest_driver:  failed to compile the testing code: "timeout --kill-after=30s --signal=9 20m gcc -O3 -fopenmp -DDYNAMIC  -DORIO_REPS=10 -o __orio_perftest5.exe __orio_perftest5.c timer_cpu.o -lm -lrt"[00m
[00;31mERROR: orio.main.tuner.ptest_driver:  the executable of the test code does not exist[00m
timeout: failed to run command â€˜./__orio_perftest5.exeâ€™: No such file or directory
[00;31mERROR: orio.main.tuner.ptest_driver: failed to execute the test code: "timeout --kill-after=30s --signal=9 20m  ./__orio_perftest5.exe  "
 --> CalledProcessError: Command 'timeout --kill-after=30s --signal=9 20m  ./__orio_perftest5.exe  ' returned non-zero exit status 127[00m
[00;31mERROR: orio.main.tuner.ptest_driver:  performance testing failed: "timeout --kill-after=30s --signal=9 20m  ./__orio_perftest5.exe  "[00m
__orio_perftest6.c: In function â€˜mainâ€™:
__orio_perftest6.c:131:52: error: â€˜Y_copyâ€™ undeclared (first use in this function)
 #pragma omp parallel for private(i,j,ii,jj,iii,jjj,Y_copy,X0_copy,X1_copy,X2_copy)
                                                    ^~~~~~
__orio_perftest6.c:131:52: note: each undeclared identifier is reported only once for each function it appears in
__orio_perftest6.c:131:59: error: â€˜X0_copyâ€™ undeclared (first use in this function)
 #pragma omp parallel for private(i,j,ii,jj,iii,jjj,Y_copy,X0_copy,X1_copy,X2_copy)
                                                           ^~~~~~~
__orio_perftest6.c:131:67: error: â€˜X1_copyâ€™ undeclared (first use in this function)
 #pragma omp parallel for private(i,j,ii,jj,iii,jjj,Y_copy,X0_copy,X1_copy,X2_copy)
                                                                   ^~~~~~~
__orio_perftest6.c:131:75: error: â€˜X2_copyâ€™ undeclared (first use in this function)
 #pragma omp parallel for private(i,j,ii,jj,iii,jjj,Y_copy,X0_copy,X1_copy,X2_copy)
                                                                           ^~~~~~~
[00;31mERROR: orio.main.tuner.ptest_driver:  failed to compile the testing code: "timeout --kill-after=30s --signal=9 20m gcc -O3 -fopenmp -DDYNAMIC  -DORIO_REPS=10 -o __orio_perftest6.exe __orio_perftest6.c timer_cpu.o -lm -lrt"[00m
[00;31mERROR: orio.main.tuner.ptest_driver:  the executable of the test code does not exist[00m
timeout: failed to run command â€˜./__orio_perftest6.exeâ€™: No such file or directory
[00;31mERROR: orio.main.tuner.ptest_driver: failed to execute the test code: "timeout --kill-after=30s --signal=9 20m  ./__orio_perftest6.exe  "
 --> CalledProcessError: Command 'timeout --kill-after=30s --signal=9 20m  ./__orio_perftest6.exe  ' returned non-zero exit status 127[00m
[00;31mERROR: orio.main.tuner.ptest_driver:  performance testing failed: "timeout --kill-after=30s --signal=9 20m  ./__orio_perftest6.exe  "[00m
__orio_perftest7.c: In function â€˜mainâ€™:
__orio_perftest7.c:131:52: error: â€˜Y_copyâ€™ undeclared (first use in this function)
 #pragma omp parallel for private(i,j,ii,jj,iii,jjj,Y_copy,X0_copy,X1_copy,X2_copy)
                                                    ^~~~~~
__orio_perftest7.c:131:52: note: each undeclared identifier is reported only once for each function it appears in
__orio_perftest7.c:131:59: error: â€˜X0_copyâ€™ undeclared (first use in this function)
 #pragma omp parallel for private(i,j,ii,jj,iii,jjj,Y_copy,X0_copy,X1_copy,X2_copy)
                                                           ^~~~~~~
__orio_perftest7.c:131:67: error: â€˜X1_copyâ€™ undeclared (first use in this function)
 #pragma omp parallel for private(i,j,ii,jj,iii,jjj,Y_copy,X0_copy,X1_copy,X2_copy)
                                                                   ^~~~~~~
__orio_perftest7.c:131:75: error: â€˜X2_copyâ€™ undeclared (first use in this function)
 #pragma omp parallel for private(i,j,ii,jj,iii,jjj,Y_copy,X0_copy,X1_copy,X2_copy)
                                                                           ^~~~~~~
[00;31mERROR: orio.main.tuner.ptest_driver:  failed to compile the testing code: "timeout --kill-after=30s --signal=9 20m gcc -O3 -fopenmp -DDYNAMIC  -DORIO_REPS=10 -o __orio_perftest7.exe __orio_perftest7.c timer_cpu.o -lm -lrt"[00m
[00;31mERROR: orio.main.tuner.ptest_driver:  the executable of the test code does not exist[00m
timeout: failed to run command â€˜./__orio_perftest7.exeâ€™: No such file or directory
[00;31mERROR: orio.main.tuner.ptest_driver: failed to execute the test code: "timeout --kill-after=30s --signal=9 20m  ./__orio_perftest7.exe  "
 --> CalledProcessError: Command 'timeout --kill-after=30s --signal=9 20m  ./__orio_perftest7.exe  ' returned non-zero exit status 127[00m
[00;31mERROR: orio.main.tuner.ptest_driver:  performance testing failed: "timeout --kill-after=30s --signal=9 20m  ./__orio_perftest7.exe  "[00m
expected=14981109.589145
actual=14981109.589145
diff=0.000000
diff=1
__orio_perftest9.c: In function â€˜mainâ€™:
__orio_perftest9.c:131:52: error: â€˜Y_copyâ€™ undeclared (first use in this function)
 #pragma omp parallel for private(i,j,ii,jj,iii,jjj,Y_copy,X0_copy,X1_copy,X2_copy)
                                                    ^~~~~~
__orio_perftest9.c:131:52: note: each undeclared identifier is reported only once for each function it appears in
__orio_perftest9.c:131:59: error: â€˜X0_copyâ€™ undeclared (first use in this function)
 #pragma omp parallel for private(i,j,ii,jj,iii,jjj,Y_copy,X0_copy,X1_copy,X2_copy)
                                                           ^~~~~~~
__orio_perftest9.c:131:67: error: â€˜X1_copyâ€™ undeclared (first use in this function)
 #pragma omp parallel for private(i,j,ii,jj,iii,jjj,Y_copy,X0_copy,X1_copy,X2_copy)
                                                                   ^~~~~~~
__orio_perftest9.c:131:75: error: â€˜X2_copyâ€™ undeclared (first use in this function)
 #pragma omp parallel for private(i,j,ii,jj,iii,jjj,Y_copy,X0_copy,X1_copy,X2_copy)
                                                                           ^~~~~~~
[00;31mERROR: orio.main.tuner.ptest_driver:  failed to compile the testing code: "timeout --kill-after=30s --signal=9 20m gcc -O3 -fopenmp -DDYNAMIC  -DORIO_REPS=10 -o __orio_perftest9.exe __orio_perftest9.c timer_cpu.o -lm -lrt"[00m
[00;31mERROR: orio.main.tuner.ptest_driver:  the executable of the test code does not exist[00m
timeout: failed to run command â€˜./__orio_perftest9.exeâ€™: No such file or directory
[00;31mERROR: orio.main.tuner.ptest_driver: failed to execute the test code: "timeout --kill-after=30s --signal=9 20m  ./__orio_perftest9.exe  "
 --> CalledProcessError: Command 'timeout --kill-after=30s --signal=9 20m  ./__orio_perftest9.exe  ' returned non-zero exit status 127[00m
[00;31mERROR: orio.main.tuner.ptest_driver:  performance testing failed: "timeout --kill-after=30s --signal=9 20m  ./__orio_perftest9.exe  "[00m
expected=14981109.589145
actual=14981109.589145
diff=0.000000
diff=1
__orio_perftest11.c: In function â€˜mainâ€™:
__orio_perftest11.c:131:52: error: â€˜Y_copyâ€™ undeclared (first use in this function)
 #pragma omp parallel for private(i,j,ii,jj,iii,jjj,Y_copy,X0_copy,X1_copy,X2_copy)
                                                    ^~~~~~
__orio_perftest11.c:131:52: note: each undeclared identifier is reported only once for each function it appears in
__orio_perftest11.c:131:59: error: â€˜X0_copyâ€™ undeclared (first use in this function)
 #pragma omp parallel for private(i,j,ii,jj,iii,jjj,Y_copy,X0_copy,X1_copy,X2_copy)
                                                           ^~~~~~~
__orio_perftest11.c:131:67: error: â€˜X1_copyâ€™ undeclared (first use in this function)
 #pragma omp parallel for private(i,j,ii,jj,iii,jjj,Y_copy,X0_copy,X1_copy,X2_copy)
                                                                   ^~~~~~~
__orio_perftest11.c:131:75: error: â€˜X2_copyâ€™ undeclared (first use in this function)
 #pragma omp parallel for private(i,j,ii,jj,iii,jjj,Y_copy,X0_copy,X1_copy,X2_copy)
                                                                           ^~~~~~~
[00;31mERROR: orio.main.tuner.ptest_driver:  failed to compile the testing code: "timeout --kill-after=30s --signal=9 20m gcc -O3 -fopenmp -DDYNAMIC  -DORIO_REPS=10 -o __orio_perftest11.exe __orio_perftest11.c timer_cpu.o -lm -lrt"[00m
[00;31mERROR: orio.main.tuner.ptest_driver:  the executable of the test code does not exist[00m
timeout: failed to run command â€˜./__orio_perftest11.exeâ€™: No such file or directory
[00;31mERROR: orio.main.tuner.ptest_driver: failed to execute the test code: "timeout --kill-after=30s --signal=9 20m  ./__orio_perftest11.exe  "
 --> CalledProcessError: Command 'timeout --kill-after=30s --signal=9 20m  ./__orio_perftest11.exe  ' returned non-zero exit status 127[00m
[00;31mERROR: orio.main.tuner.ptest_driver:  performance testing failed: "timeout --kill-after=30s --signal=9 20m  ./__orio_perftest11.exe  "[00m
expected=14981109.589145
actual=14981109.589145
diff=0.000000
diff=1
expected=14981109.589145
actual=14981109.589145
diff=0.000000
diff=1
expected=14981109.589145
actual=14981109.589145
diff=0.000000
diff=1
__orio_perftest15.c: In function â€˜mainâ€™:
__orio_perftest15.c:131:52: error: â€˜Y_copyâ€™ undeclared (first use in this function)
 #pragma omp parallel for private(i,j,ii,jj,iii,jjj,Y_copy,X0_copy,X1_copy,X2_copy)
                                                    ^~~~~~
__orio_perftest15.c:131:52: note: each undeclared identifier is reported only once for each function it appears in
__orio_perftest15.c:131:59: error: â€˜X0_copyâ€™ undeclared (first use in this function)
 #pragma omp parallel for private(i,j,ii,jj,iii,jjj,Y_copy,X0_copy,X1_copy,X2_copy)
                                                           ^~~~~~~
__orio_perftest15.c:131:67: error: â€˜X1_copyâ€™ undeclared (first use in this function)
 #pragma omp parallel for private(i,j,ii,jj,iii,jjj,Y_copy,X0_copy,X1_copy,X2_copy)
                                                                   ^~~~~~~
__orio_perftest15.c:131:75: error: â€˜X2_copyâ€™ undeclared (first use in this function)
 #pragma omp parallel for private(i,j,ii,jj,iii,jjj,Y_copy,X0_copy,X1_copy,X2_copy)
                                                                           ^~~~~~~
[00;31mERROR: orio.main.tuner.ptest_driver:  failed to compile the testing code: "timeout --kill-after=30s --signal=9 20m gcc -O3 -fopenmp -DDYNAMIC  -DORIO_REPS=10 -o __orio_perftest15.exe __orio_perftest15.c timer_cpu.o -lm -lrt"[00m
[00;31mERROR: orio.main.tuner.ptest_driver:  the executable of the test code does not exist[00m
timeout: failed to run command â€˜./__orio_perftest15.exeâ€™: No such file or directory
[00;31mERROR: orio.main.tuner.ptest_driver: failed to execute the test code: "timeout --kill-after=30s --signal=9 20m  ./__orio_perftest15.exe  "
 --> CalledProcessError: Command 'timeout --kill-after=30s --signal=9 20m  ./__orio_perftest15.exe  ' returned non-zero exit status 127[00m
[00;31mERROR: orio.main.tuner.ptest_driver:  performance testing failed: "timeout --kill-after=30s --signal=9 20m  ./__orio_perftest15.exe  "[00m
__orio_perftest16.c: In function â€˜mainâ€™:
__orio_perftest16.c:131:52: error: â€˜Y_copyâ€™ undeclared (first use in this function)
 #pragma omp parallel for private(i,j,ii,jj,iii,jjj,Y_copy,X0_copy,X1_copy,X2_copy)
                                                    ^~~~~~
__orio_perftest16.c:131:52: note: each undeclared identifier is reported only once for each function it appears in
__orio_perftest16.c:131:59: error: â€˜X0_copyâ€™ undeclared (first use in this function)
 #pragma omp parallel for private(i,j,ii,jj,iii,jjj,Y_copy,X0_copy,X1_copy,X2_copy)
                                                           ^~~~~~~
__orio_perftest16.c:131:67: error: â€˜X1_copyâ€™ undeclared (first use in this function)
 #pragma omp parallel for private(i,j,ii,jj,iii,jjj,Y_copy,X0_copy,X1_copy,X2_copy)
                                                                   ^~~~~~~
__orio_perftest16.c:131:75: error: â€˜X2_copyâ€™ undeclared (first use in this function)
 #pragma omp parallel for private(i,j,ii,jj,iii,jjj,Y_copy,X0_copy,X1_copy,X2_copy)
                                                                           ^~~~~~~
[00;31mERROR: orio.main.tuner.ptest_driver:  failed to compile the testing code: "timeout --kill-after=30s --signal=9 20m gcc -O3 -fopenmp -DDYNAMIC  -DORIO_REPS=10 -o __orio_perftest16.exe __orio_perftest16.c timer_cpu.o -lm -lrt"[00m
[00;31mERROR: orio.main.tuner.ptest_driver:  the executable of the test code does not exist[00m
timeout: failed to run command â€˜./__orio_perftest16.exeâ€™: No such file or directory
[00;31mERROR: orio.main.tuner.ptest_driver: failed to execute the test code: "timeout --kill-after=30s --signal=9 20m  ./__orio_perftest16.exe  "
 --> CalledProcessError: Command 'timeout --kill-after=30s --signal=9 20m  ./__orio_perftest16.exe  ' returned non-zero exit status 127[00m
[00;31mERROR: orio.main.tuner.ptest_driver:  performance testing failed: "timeout --kill-after=30s --signal=9 20m  ./__orio_perftest16.exe  "[00m
__orio_perftest17.c: In function â€˜mainâ€™:
__orio_perftest17.c:131:52: error: â€˜Y_copyâ€™ undeclared (first use in this function)
 #pragma omp parallel for private(i,j,ii,jj,iii,jjj,Y_copy,X0_copy,X1_copy,X2_copy)
                                                    ^~~~~~
__orio_perftest17.c:131:52: note: each undeclared identifier is reported only once for each function it appears in
__orio_perftest17.c:131:59: error: â€˜X0_copyâ€™ undeclared (first use in this function)
 #pragma omp parallel for private(i,j,ii,jj,iii,jjj,Y_copy,X0_copy,X1_copy,X2_copy)
                                                           ^~~~~~~
__orio_perftest17.c:131:67: error: â€˜X1_copyâ€™ undeclared (first use in this function)
 #pragma omp parallel for private(i,j,ii,jj,iii,jjj,Y_copy,X0_copy,X1_copy,X2_copy)
                                                                   ^~~~~~~
__orio_perftest17.c:131:75: error: â€˜X2_copyâ€™ undeclared (first use in this function)
 #pragma omp parallel for private(i,j,ii,jj,iii,jjj,Y_copy,X0_copy,X1_copy,X2_copy)
                                                                           ^~~~~~~
[00;31mERROR: orio.main.tuner.ptest_driver:  failed to compile the testing code: "timeout --kill-after=30s --signal=9 20m gcc -O3 -fopenmp -DDYNAMIC  -DORIO_REPS=10 -o __orio_perftest17.exe __orio_perftest17.c timer_cpu.o -lm -lrt"[00m
[00;31mERROR: orio.main.tuner.ptest_driver:  the executable of the test code does not exist[00m
timeout: failed to run command â€˜./__orio_perftest17.exeâ€™: No such file or directory
[00;31mERROR: orio.main.tuner.ptest_driver: failed to execute the test code: "timeout --kill-after=30s --signal=9 20m  ./__orio_perftest17.exe  "
 --> CalledProcessError: Command 'timeout --kill-after=30s --signal=9 20m  ./__orio_perftest17.exe  ' returned non-zero exit status 127[00m
[00;31mERROR: orio.main.tuner.ptest_driver:  performance testing failed: "timeout --kill-after=30s --signal=9 20m  ./__orio_perftest17.exe  "[00m
expected=14981109.589145
actual=14981109.589145
diff=0.000000
diff=1
__orio_perftest19.c: In function â€˜mainâ€™:
__orio_perftest19.c:131:52: error: â€˜Y_copyâ€™ undeclared (first use in this function)
 #pragma omp parallel for private(i,j,ii,jj,iii,jjj,Y_copy,X0_copy,X1_copy,X2_copy)
                                                    ^~~~~~
__orio_perftest19.c:131:52: note: each undeclared identifier is reported only once for each function it appears in
__orio_perftest19.c:131:59: error: â€˜X0_copyâ€™ undeclared (first use in this function)
 #pragma omp parallel for private(i,j,ii,jj,iii,jjj,Y_copy,X0_copy,X1_copy,X2_copy)
                                                           ^~~~~~~
__orio_perftest19.c:131:67: error: â€˜X1_copyâ€™ undeclared (first use in this function)
 #pragma omp parallel for private(i,j,ii,jj,iii,jjj,Y_copy,X0_copy,X1_copy,X2_copy)
                                                                   ^~~~~~~
__orio_perftest19.c:131:75: error: â€˜X2_copyâ€™ undeclared (first use in this function)
 #pragma omp parallel for private(i,j,ii,jj,iii,jjj,Y_copy,X0_copy,X1_copy,X2_copy)
                                                                           ^~~~~~~
[00;31mERROR: orio.main.tuner.ptest_driver:  failed to compile the testing code: "timeout --kill-after=30s --signal=9 20m gcc -O3 -fopenmp -DDYNAMIC  -DORIO_REPS=10 -o __orio_perftest19.exe __orio_perftest19.c timer_cpu.o -lm -lrt"[00m
[00;31mERROR: orio.main.tuner.ptest_driver:  the executable of the test code does not exist[00m
timeout: failed to run command â€˜./__orio_perftest19.exeâ€™: No such file or directory
[00;31mERROR: orio.main.tuner.ptest_driver: failed to execute the test code: "timeout --kill-after=30s --signal=9 20m  ./__orio_perftest19.exe  "
 --> CalledProcessError: Command 'timeout --kill-after=30s --signal=9 20m  ./__orio_perftest19.exe  ' returned non-zero exit status 127[00m
[00;31mERROR: orio.main.tuner.ptest_driver:  performance testing failed: "timeout --kill-after=30s --signal=9 20m  ./__orio_perftest19.exe  "[00m
expected=14981109.589145
actual=14981109.589145
diff=0.000000
diff=1
__orio_perftest21.c: In function â€˜mainâ€™:
__orio_perftest21.c:131:52: error: â€˜Y_copyâ€™ undeclared (first use in this function)
 #pragma omp parallel for private(i,j,ii,jj,iii,jjj,Y_copy,X0_copy,X1_copy,X2_copy)
                                                    ^~~~~~
__orio_perftest21.c:131:52: note: each undeclared identifier is reported only once for each function it appears in
__orio_perftest21.c:131:59: error: â€˜X0_copyâ€™ undeclared (first use in this function)
 #pragma omp parallel for private(i,j,ii,jj,iii,jjj,Y_copy,X0_copy,X1_copy,X2_copy)
                                                           ^~~~~~~
__orio_perftest21.c:131:67: error: â€˜X1_copyâ€™ undeclared (first use in this function)
 #pragma omp parallel for private(i,j,ii,jj,iii,jjj,Y_copy,X0_copy,X1_copy,X2_copy)
                                                                   ^~~~~~~
__orio_perftest21.c:131:75: error: â€˜X2_copyâ€™ undeclared (first use in this function)
 #pragma omp parallel for private(i,j,ii,jj,iii,jjj,Y_copy,X0_copy,X1_copy,X2_copy)
                                                                           ^~~~~~~
[00;31mERROR: orio.main.tuner.ptest_driver:  failed to compile the testing code: "timeout --kill-after=30s --signal=9 20m gcc -O3 -fopenmp -DDYNAMIC  -DORIO_REPS=10 -o __orio_perftest21.exe __orio_perftest21.c timer_cpu.o -lm -lrt"[00m
[00;31mERROR: orio.main.tuner.ptest_driver:  the executable of the test code does not exist[00m
timeout: failed to run command â€˜./__orio_perftest21.exeâ€™: No such file or directory
[00;31mERROR: orio.main.tuner.ptest_driver: failed to execute the test code: "timeout --kill-after=30s --signal=9 20m  ./__orio_perftest21.exe  "
 --> CalledProcessError: Command 'timeout --kill-after=30s --signal=9 20m  ./__orio_perftest21.exe  ' returned non-zero exit status 127[00m
[00;31mERROR: orio.main.tuner.ptest_driver:  performance testing failed: "timeout --kill-after=30s --signal=9 20m  ./__orio_perftest21.exe  "[00m
expected=14981109.589145
actual=14981109.589145
diff=0.000000
diff=1
expected=14981109.589145
actual=14981109.589145
diff=0.000000
diff=1
__orio_perftest24.c: In function â€˜mainâ€™:
__orio_perftest24.c:131:52: error: â€˜Y_copyâ€™ undeclared (first use in this function)
 #pragma omp parallel for private(i,j,ii,jj,iii,jjj,Y_copy,X0_copy,X1_copy,X2_copy)
                                                    ^~~~~~
__orio_perftest24.c:131:52: note: each undeclared identifier is reported only once for each function it appears in
__orio_perftest24.c:131:59: error: â€˜X0_copyâ€™ undeclared (first use in this function)
 #pragma omp parallel for private(i,j,ii,jj,iii,jjj,Y_copy,X0_copy,X1_copy,X2_copy)
                                                           ^~~~~~~
__orio_perftest24.c:131:67: error: â€˜X1_copyâ€™ undeclared (first use in this function)
 #pragma omp parallel for private(i,j,ii,jj,iii,jjj,Y_copy,X0_copy,X1_copy,X2_copy)
                                                                   ^~~~~~~
__orio_perftest24.c:131:75: error: â€˜X2_copyâ€™ undeclared (first use in this function)
 #pragma omp parallel for private(i,j,ii,jj,iii,jjj,Y_copy,X0_copy,X1_copy,X2_copy)
                                                                           ^~~~~~~
[00;31mERROR: orio.main.tuner.ptest_driver:  failed to compile the testing code: "timeout --kill-after=30s --signal=9 20m gcc -O3 -fopenmp -DDYNAMIC  -DORIO_REPS=10 -o __orio_perftest24.exe __orio_perftest24.c timer_cpu.o -lm -lrt"[00m
[00;31mERROR: orio.main.tuner.ptest_driver:  the executable of the test code does not exist[00m
timeout: failed to run command â€˜./__orio_perftest24.exeâ€™: No such file or directory
[00;31mERROR: orio.main.tuner.ptest_driver: failed to execute the test code: "timeout --kill-after=30s --signal=9 20m  ./__orio_perftest24.exe  "
 --> CalledProcessError: Command 'timeout --kill-after=30s --signal=9 20m  ./__orio_perftest24.exe  ' returned non-zero exit status 127[00m
[00;31mERROR: orio.main.tuner.ptest_driver:  performance testing failed: "timeout --kill-after=30s --signal=9 20m  ./__orio_perftest24.exe  "[00m
expected=14981109.589145
actual=14981109.589145
diff=0.000000
diff=1
expected=14981109.589145
actual=14981109.589145
diff=0.000000
diff=1
/usr/lib/python2.7/dist-packages/rpy2/rinterface/__init__.py:186: RRuntimeWarning: Error in lm.fit(x, y, offset = offset, singular.ok = singular.ok, ...) : 
  0 (non-NA) cases

  warnings.warn(x, RRuntimeWarning)
expected=14981109.589145
actual=14981109.589145
diff=0.000000
diff=1
expected=14981109.589145
actual=14981109.589145
diff=0.000000
diff=1
expected=14981109.589145
actual=14981109.589145
diff=0.000000
diff=1
expected=14981109.589145
actual=14981109.589145
diff=0.000000
diff=1
__orio_perftest31.c: In function â€˜mainâ€™:
__orio_perftest31.c:131:52: error: â€˜Y_copyâ€™ undeclared (first use in this function)
 #pragma omp parallel for private(i,j,ii,jj,iii,jjj,Y_copy,X0_copy,X1_copy,X2_copy)
                                                    ^~~~~~
__orio_perftest31.c:131:52: note: each undeclared identifier is reported only once for each function it appears in
__orio_perftest31.c:131:59: error: â€˜X0_copyâ€™ undeclared (first use in this function)
 #pragma omp parallel for private(i,j,ii,jj,iii,jjj,Y_copy,X0_copy,X1_copy,X2_copy)
                                                           ^~~~~~~
__orio_perftest31.c:131:67: error: â€˜X1_copyâ€™ undeclared (first use in this function)
 #pragma omp parallel for private(i,j,ii,jj,iii,jjj,Y_copy,X0_copy,X1_copy,X2_copy)
                                                                   ^~~~~~~
__orio_perftest31.c:131:75: error: â€˜X2_copyâ€™ undeclared (first use in this function)
 #pragma omp parallel for private(i,j,ii,jj,iii,jjj,Y_copy,X0_copy,X1_copy,X2_copy)
                                                                           ^~~~~~~
[00;31mERROR: orio.main.tuner.ptest_driver:  failed to compile the testing code: "timeout --kill-after=30s --signal=9 20m gcc -O3 -fopenmp -DDYNAMIC  -DORIO_REPS=10 -o __orio_perftest31.exe __orio_perftest31.c timer_cpu.o -lm -lrt"[00m
[00;31mERROR: orio.main.tuner.ptest_driver:  the executable of the test code does not exist[00m
timeout: failed to run command â€˜./__orio_perftest31.exeâ€™: No such file or directory
[00;31mERROR: orio.main.tuner.ptest_driver: failed to execute the test code: "timeout --kill-after=30s --signal=9 20m  ./__orio_perftest31.exe  "
 --> CalledProcessError: Command 'timeout --kill-after=30s --signal=9 20m  ./__orio_perftest31.exe  ' returned non-zero exit status 127[00m
[00;31mERROR: orio.main.tuner.ptest_driver:  performance testing failed: "timeout --kill-after=30s --signal=9 20m  ./__orio_perftest31.exe  "[00m
__orio_perftest32.c: In function â€˜mainâ€™:
__orio_perftest32.c:131:52: error: â€˜Y_copyâ€™ undeclared (first use in this function)
 #pragma omp parallel for private(i,j,ii,jj,iii,jjj,Y_copy,X0_copy,X1_copy,X2_copy)
                                                    ^~~~~~
__orio_perftest32.c:131:52: note: each undeclared identifier is reported only once for each function it appears in
__orio_perftest32.c:131:59: error: â€˜X0_copyâ€™ undeclared (first use in this function)
 #pragma omp parallel for private(i,j,ii,jj,iii,jjj,Y_copy,X0_copy,X1_copy,X2_copy)
                                                           ^~~~~~~
__orio_perftest32.c:131:67: error: â€˜X1_copyâ€™ undeclared (first use in this function)
 #pragma omp parallel for private(i,j,ii,jj,iii,jjj,Y_copy,X0_copy,X1_copy,X2_copy)
                                                                   ^~~~~~~
__orio_perftest32.c:131:75: error: â€˜X2_copyâ€™ undeclared (first use in this function)
 #pragma omp parallel for private(i,j,ii,jj,iii,jjj,Y_copy,X0_copy,X1_copy,X2_copy)
                                                                           ^~~~~~~
[00;31mERROR: orio.main.tuner.ptest_driver:  failed to compile the testing code: "timeout --kill-after=30s --signal=9 20m gcc -O3 -fopenmp -DDYNAMIC  -DORIO_REPS=10 -o __orio_perftest32.exe __orio_perftest32.c timer_cpu.o -lm -lrt"[00m
[00;31mERROR: orio.main.tuner.ptest_driver:  the executable of the test code does not exist[00m
timeout: failed to run command â€˜./__orio_perftest32.exeâ€™: No such file or directory
[00;31mERROR: orio.main.tuner.ptest_driver: failed to execute the test code: "timeout --kill-after=30s --signal=9 20m  ./__orio_perftest32.exe  "
 --> CalledProcessError: Command 'timeout --kill-after=30s --signal=9 20m  ./__orio_perftest32.exe  ' returned non-zero exit status 127[00m
[00;31mERROR: orio.main.tuner.ptest_driver:  performance testing failed: "timeout --kill-after=30s --signal=9 20m  ./__orio_perftest32.exe  "[00m
expected=14981109.589145
actual=14981109.589145
diff=0.000000
diff=1
__orio_perftest34.c: In function â€˜mainâ€™:
__orio_perftest34.c:131:52: error: â€˜Y_copyâ€™ undeclared (first use in this function)
 #pragma omp parallel for private(i,j,ii,jj,iii,jjj,Y_copy,X0_copy,X1_copy,X2_copy)
                                                    ^~~~~~
__orio_perftest34.c:131:52: note: each undeclared identifier is reported only once for each function it appears in
__orio_perftest34.c:131:59: error: â€˜X0_copyâ€™ undeclared (first use in this function)
 #pragma omp parallel for private(i,j,ii,jj,iii,jjj,Y_copy,X0_copy,X1_copy,X2_copy)
                                                           ^~~~~~~
__orio_perftest34.c:131:67: error: â€˜X1_copyâ€™ undeclared (first use in this function)
 #pragma omp parallel for private(i,j,ii,jj,iii,jjj,Y_copy,X0_copy,X1_copy,X2_copy)
                                                                   ^~~~~~~
__orio_perftest34.c:131:75: error: â€˜X2_copyâ€™ undeclared (first use in this function)
 #pragma omp parallel for private(i,j,ii,jj,iii,jjj,Y_copy,X0_copy,X1_copy,X2_copy)
                                                                           ^~~~~~~
[00;31mERROR: orio.main.tuner.ptest_driver:  failed to compile the testing code: "timeout --kill-after=30s --signal=9 20m gcc -O3 -fopenmp -DDYNAMIC  -DORIO_REPS=10 -o __orio_perftest34.exe __orio_perftest34.c timer_cpu.o -lm -lrt"[00m
[00;31mERROR: orio.main.tuner.ptest_driver:  the executable of the test code does not exist[00m
timeout: failed to run command â€˜./__orio_perftest34.exeâ€™: No such file or directory
[00;31mERROR: orio.main.tuner.ptest_driver: failed to execute the test code: "timeout --kill-after=30s --signal=9 20m  ./__orio_perftest34.exe  "
 --> CalledProcessError: Command 'timeout --kill-after=30s --signal=9 20m  ./__orio_perftest34.exe  ' returned non-zero exit status 127[00m
[00;31mERROR: orio.main.tuner.ptest_driver:  performance testing failed: "timeout --kill-after=30s --signal=9 20m  ./__orio_perftest34.exe  "[00m
expected=14981109.589145
actual=14981109.589145
diff=0.000000
diff=1
__orio_perftest36.c: In function â€˜mainâ€™:
__orio_perftest36.c:131:52: error: â€˜Y_copyâ€™ undeclared (first use in this function)
 #pragma omp parallel for private(i,j,ii,jj,iii,jjj,Y_copy,X0_copy,X1_copy,X2_copy)
                                                    ^~~~~~
__orio_perftest36.c:131:52: note: each undeclared identifier is reported only once for each function it appears in
__orio_perftest36.c:131:59: error: â€˜X0_copyâ€™ undeclared (first use in this function)
 #pragma omp parallel for private(i,j,ii,jj,iii,jjj,Y_copy,X0_copy,X1_copy,X2_copy)
                                                           ^~~~~~~
__orio_perftest36.c:131:67: error: â€˜X1_copyâ€™ undeclared (first use in this function)
 #pragma omp parallel for private(i,j,ii,jj,iii,jjj,Y_copy,X0_copy,X1_copy,X2_copy)
                                                                   ^~~~~~~
__orio_perftest36.c:131:75: error: â€˜X2_copyâ€™ undeclared (first use in this function)
 #pragma omp parallel for private(i,j,ii,jj,iii,jjj,Y_copy,X0_copy,X1_copy,X2_copy)
                                                                           ^~~~~~~
[00;31mERROR: orio.main.tuner.ptest_driver:  failed to compile the testing code: "timeout --kill-after=30s --signal=9 20m gcc -O3 -fopenmp -DDYNAMIC  -DORIO_REPS=10 -o __orio_perftest36.exe __orio_perftest36.c timer_cpu.o -lm -lrt"[00m
[00;31mERROR: orio.main.tuner.ptest_driver:  the executable of the test code does not exist[00m
timeout: failed to run command â€˜./__orio_perftest36.exeâ€™: No such file or directory
[00;31mERROR: orio.main.tuner.ptest_driver: failed to execute the test code: "timeout --kill-after=30s --signal=9 20m  ./__orio_perftest36.exe  "
 --> CalledProcessError: Command 'timeout --kill-after=30s --signal=9 20m  ./__orio_perftest36.exe  ' returned non-zero exit status 127[00m
[00;31mERROR: orio.main.tuner.ptest_driver:  performance testing failed: "timeout --kill-after=30s --signal=9 20m  ./__orio_perftest36.exe  "[00m
expected=14981109.589145
actual=14981109.589145
diff=0.000000
diff=1
expected=14981109.589145
actual=14981109.589145
diff=0.000000
diff=1
expected=14981109.589145
actual=14981109.589145
diff=0.000000
diff=1
__orio_perftest40.c: In function â€˜mainâ€™:
__orio_perftest40.c:131:52: error: â€˜Y_copyâ€™ undeclared (first use in this function)
 #pragma omp parallel for private(i,j,ii,jj,iii,jjj,Y_copy,X0_copy,X1_copy,X2_copy)
                                                    ^~~~~~
__orio_perftest40.c:131:52: note: each undeclared identifier is reported only once for each function it appears in
__orio_perftest40.c:131:59: error: â€˜X0_copyâ€™ undeclared (first use in this function)
 #pragma omp parallel for private(i,j,ii,jj,iii,jjj,Y_copy,X0_copy,X1_copy,X2_copy)
                                                           ^~~~~~~
__orio_perftest40.c:131:67: error: â€˜X1_copyâ€™ undeclared (first use in this function)
 #pragma omp parallel for private(i,j,ii,jj,iii,jjj,Y_copy,X0_copy,X1_copy,X2_copy)
                                                                   ^~~~~~~
__orio_perftest40.c:131:75: error: â€˜X2_copyâ€™ undeclared (first use in this function)
 #pragma omp parallel for private(i,j,ii,jj,iii,jjj,Y_copy,X0_copy,X1_copy,X2_copy)
                                                                           ^~~~~~~
[00;31mERROR: orio.main.tuner.ptest_driver:  failed to compile the testing code: "timeout --kill-after=30s --signal=9 20m gcc -O3 -fopenmp -DDYNAMIC  -DORIO_REPS=10 -o __orio_perftest40.exe __orio_perftest40.c timer_cpu.o -lm -lrt"[00m
[00;31mERROR: orio.main.tuner.ptest_driver:  the executable of the test code does not exist[00m
timeout: failed to run command â€˜./__orio_perftest40.exeâ€™: No such file or directory
[00;31mERROR: orio.main.tuner.ptest_driver: failed to execute the test code: "timeout --kill-after=30s --signal=9 20m  ./__orio_perftest40.exe  "
 --> CalledProcessError: Command 'timeout --kill-after=30s --signal=9 20m  ./__orio_perftest40.exe  ' returned non-zero exit status 127[00m
[00;31mERROR: orio.main.tuner.ptest_driver:  performance testing failed: "timeout --kill-after=30s --signal=9 20m  ./__orio_perftest40.exe  "[00m
__orio_perftest41.c: In function â€˜mainâ€™:
__orio_perftest41.c:131:52: error: â€˜Y_copyâ€™ undeclared (first use in this function)
 #pragma omp parallel for private(i,j,ii,jj,iii,jjj,Y_copy,X0_copy,X1_copy,X2_copy)
                                                    ^~~~~~
__orio_perftest41.c:131:52: note: each undeclared identifier is reported only once for each function it appears in
__orio_perftest41.c:131:59: error: â€˜X0_copyâ€™ undeclared (first use in this function)
 #pragma omp parallel for private(i,j,ii,jj,iii,jjj,Y_copy,X0_copy,X1_copy,X2_copy)
                                                           ^~~~~~~
__orio_perftest41.c:131:67: error: â€˜X1_copyâ€™ undeclared (first use in this function)
 #pragma omp parallel for private(i,j,ii,jj,iii,jjj,Y_copy,X0_copy,X1_copy,X2_copy)
                                                                   ^~~~~~~
__orio_perftest41.c:131:75: error: â€˜X2_copyâ€™ undeclared (first use in this function)
 #pragma omp parallel for private(i,j,ii,jj,iii,jjj,Y_copy,X0_copy,X1_copy,X2_copy)
                                                                           ^~~~~~~
[00;31mERROR: orio.main.tuner.ptest_driver:  failed to compile the testing code: "timeout --kill-after=30s --signal=9 20m gcc -O3 -fopenmp -DDYNAMIC  -DORIO_REPS=10 -o __orio_perftest41.exe __orio_perftest41.c timer_cpu.o -lm -lrt"[00m
[00;31mERROR: orio.main.tuner.ptest_driver:  the executable of the test code does not exist[00m
timeout: failed to run command â€˜./__orio_perftest41.exeâ€™: No such file or directory
[00;31mERROR: orio.main.tuner.ptest_driver: failed to execute the test code: "timeout --kill-after=30s --signal=9 20m  ./__orio_perftest41.exe  "
 --> CalledProcessError: Command 'timeout --kill-after=30s --signal=9 20m  ./__orio_perftest41.exe  ' returned non-zero exit status 127[00m
[00;31mERROR: orio.main.tuner.ptest_driver:  performance testing failed: "timeout --kill-after=30s --signal=9 20m  ./__orio_perftest41.exe  "[00m
expected=14981109.589145
actual=14981109.589145
diff=0.000000
diff=1
expected=14981109.589145
actual=14981109.589145
diff=0.000000
diff=1
__orio_perftest44.c: In function â€˜mainâ€™:
__orio_perftest44.c:131:52: error: â€˜Y_copyâ€™ undeclared (first use in this function)
 #pragma omp parallel for private(i,j,ii,jj,iii,jjj,Y_copy,X0_copy,X1_copy,X2_copy)
                                                    ^~~~~~
__orio_perftest44.c:131:52: note: each undeclared identifier is reported only once for each function it appears in
__orio_perftest44.c:131:59: error: â€˜X0_copyâ€™ undeclared (first use in this function)
 #pragma omp parallel for private(i,j,ii,jj,iii,jjj,Y_copy,X0_copy,X1_copy,X2_copy)
                                                           ^~~~~~~
__orio_perftest44.c:131:67: error: â€˜X1_copyâ€™ undeclared (first use in this function)
 #pragma omp parallel for private(i,j,ii,jj,iii,jjj,Y_copy,X0_copy,X1_copy,X2_copy)
                                                                   ^~~~~~~
__orio_perftest44.c:131:75: error: â€˜X2_copyâ€™ undeclared (first use in this function)
 #pragma omp parallel for private(i,j,ii,jj,iii,jjj,Y_copy,X0_copy,X1_copy,X2_copy)
                                                                           ^~~~~~~
[00;31mERROR: orio.main.tuner.ptest_driver:  failed to compile the testing code: "timeout --kill-after=30s --signal=9 20m gcc -O3 -fopenmp -DDYNAMIC  -DORIO_REPS=10 -o __orio_perftest44.exe __orio_perftest44.c timer_cpu.o -lm -lrt"[00m
[00;31mERROR: orio.main.tuner.ptest_driver:  the executable of the test code does not exist[00m
timeout: failed to run command â€˜./__orio_perftest44.exeâ€™: No such file or directory
[00;31mERROR: orio.main.tuner.ptest_driver: failed to execute the test code: "timeout --kill-after=30s --signal=9 20m  ./__orio_perftest44.exe  "
 --> CalledProcessError: Command 'timeout --kill-after=30s --signal=9 20m  ./__orio_perftest44.exe  ' returned non-zero exit status 127[00m
[00;31mERROR: orio.main.tuner.ptest_driver:  performance testing failed: "timeout --kill-after=30s --signal=9 20m  ./__orio_perftest44.exe  "[00m
__orio_perftest45.c: In function â€˜mainâ€™:
__orio_perftest45.c:131:52: error: â€˜Y_copyâ€™ undeclared (first use in this function)
 #pragma omp parallel for private(i,j,ii,jj,iii,jjj,Y_copy,X0_copy,X1_copy,X2_copy)
                                                    ^~~~~~
__orio_perftest45.c:131:52: note: each undeclared identifier is reported only once for each function it appears in
__orio_perftest45.c:131:59: error: â€˜X0_copyâ€™ undeclared (first use in this function)
 #pragma omp parallel for private(i,j,ii,jj,iii,jjj,Y_copy,X0_copy,X1_copy,X2_copy)
                                                           ^~~~~~~
__orio_perftest45.c:131:67: error: â€˜X1_copyâ€™ undeclared (first use in this function)
 #pragma omp parallel for private(i,j,ii,jj,iii,jjj,Y_copy,X0_copy,X1_copy,X2_copy)
                                                                   ^~~~~~~
__orio_perftest45.c:131:75: error: â€˜X2_copyâ€™ undeclared (first use in this function)
 #pragma omp parallel for private(i,j,ii,jj,iii,jjj,Y_copy,X0_copy,X1_copy,X2_copy)
                                                                           ^~~~~~~
[00;31mERROR: orio.main.tuner.ptest_driver:  failed to compile the testing code: "timeout --kill-after=30s --signal=9 20m gcc -O3 -fopenmp -DDYNAMIC  -DORIO_REPS=10 -o __orio_perftest45.exe __orio_perftest45.c timer_cpu.o -lm -lrt"[00m
[00;31mERROR: orio.main.tuner.ptest_driver:  the executable of the test code does not exist[00m
timeout: failed to run command â€˜./__orio_perftest45.exeâ€™: No such file or directory
[00;31mERROR: orio.main.tuner.ptest_driver: failed to execute the test code: "timeout --kill-after=30s --signal=9 20m  ./__orio_perftest45.exe  "
 --> CalledProcessError: Command 'timeout --kill-after=30s --signal=9 20m  ./__orio_perftest45.exe  ' returned non-zero exit status 127[00m
[00;31mERROR: orio.main.tuner.ptest_driver:  performance testing failed: "timeout --kill-after=30s --signal=9 20m  ./__orio_perftest45.exe  "[00m
expected=14981109.589145
actual=14981109.589145
diff=0.000000
diff=1
expected=14981109.589145
actual=14981109.589145
diff=0.000000
diff=1
expected=14981109.589145
actual=14981109.589145
diff=0.000000
diff=1
__orio_perftest49.c: In function â€˜mainâ€™:
__orio_perftest49.c:131:52: error: â€˜Y_copyâ€™ undeclared (first use in this function)
 #pragma omp parallel for private(i,j,ii,jj,iii,jjj,Y_copy,X0_copy,X1_copy,X2_copy)
                                                    ^~~~~~
__orio_perftest49.c:131:52: note: each undeclared identifier is reported only once for each function it appears in
__orio_perftest49.c:131:59: error: â€˜X0_copyâ€™ undeclared (first use in this function)
 #pragma omp parallel for private(i,j,ii,jj,iii,jjj,Y_copy,X0_copy,X1_copy,X2_copy)
                                                           ^~~~~~~
__orio_perftest49.c:131:67: error: â€˜X1_copyâ€™ undeclared (first use in this function)
 #pragma omp parallel for private(i,j,ii,jj,iii,jjj,Y_copy,X0_copy,X1_copy,X2_copy)
                                                                   ^~~~~~~
__orio_perftest49.c:131:75: error: â€˜X2_copyâ€™ undeclared (first use in this function)
 #pragma omp parallel for private(i,j,ii,jj,iii,jjj,Y_copy,X0_copy,X1_copy,X2_copy)
                                                                           ^~~~~~~
[00;31mERROR: orio.main.tuner.ptest_driver:  failed to compile the testing code: "timeout --kill-after=30s --signal=9 20m gcc -O3 -fopenmp -DDYNAMIC  -DORIO_REPS=10 -o __orio_perftest49.exe __orio_perftest49.c timer_cpu.o -lm -lrt"[00m
[00;31mERROR: orio.main.tuner.ptest_driver:  the executable of the test code does not exist[00m
timeout: failed to run command â€˜./__orio_perftest49.exeâ€™: No such file or directory
[00;31mERROR: orio.main.tuner.ptest_driver: failed to execute the test code: "timeout --kill-after=30s --signal=9 20m  ./__orio_perftest49.exe  "
 --> CalledProcessError: Command 'timeout --kill-after=30s --signal=9 20m  ./__orio_perftest49.exe  ' returned non-zero exit status 127[00m
[00;31mERROR: orio.main.tuner.ptest_driver:  performance testing failed: "timeout --kill-after=30s --signal=9 20m  ./__orio_perftest49.exe  "[00m
__orio_perftest50.c: In function â€˜mainâ€™:
__orio_perftest50.c:131:52: error: â€˜Y_copyâ€™ undeclared (first use in this function)
 #pragma omp parallel for private(i,j,ii,jj,iii,jjj,Y_copy,X0_copy,X1_copy,X2_copy)
                                                    ^~~~~~
__orio_perftest50.c:131:52: note: each undeclared identifier is reported only once for each function it appears in
__orio_perftest50.c:131:59: error: â€˜X0_copyâ€™ undeclared (first use in this function)
 #pragma omp parallel for private(i,j,ii,jj,iii,jjj,Y_copy,X0_copy,X1_copy,X2_copy)
                                                           ^~~~~~~
__orio_perftest50.c:131:67: error: â€˜X1_copyâ€™ undeclared (first use in this function)
 #pragma omp parallel for private(i,j,ii,jj,iii,jjj,Y_copy,X0_copy,X1_copy,X2_copy)
                                                                   ^~~~~~~
__orio_perftest50.c:131:75: error: â€˜X2_copyâ€™ undeclared (first use in this function)
 #pragma omp parallel for private(i,j,ii,jj,iii,jjj,Y_copy,X0_copy,X1_copy,X2_copy)
                                                                           ^~~~~~~
[00;31mERROR: orio.main.tuner.ptest_driver:  failed to compile the testing code: "timeout --kill-after=30s --signal=9 20m gcc -O3 -fopenmp -DDYNAMIC  -DORIO_REPS=10 -o __orio_perftest50.exe __orio_perftest50.c timer_cpu.o -lm -lrt"[00m
[00;31mERROR: orio.main.tuner.ptest_driver:  the executable of the test code does not exist[00m
timeout: failed to run command â€˜./__orio_perftest50.exeâ€™: No such file or directory
[00;31mERROR: orio.main.tuner.ptest_driver: failed to execute the test code: "timeout --kill-after=30s --signal=9 20m  ./__orio_perftest50.exe  "
 --> CalledProcessError: Command 'timeout --kill-after=30s --signal=9 20m  ./__orio_perftest50.exe  ' returned non-zero exit status 127[00m
[00;31mERROR: orio.main.tuner.ptest_driver:  performance testing failed: "timeout --kill-after=30s --signal=9 20m  ./__orio_perftest50.exe  "[00m
expected=14981109.589145
actual=14981109.589145
diff=0.000000
diff=1
expected=14981109.589145
actual=14981109.589145
diff=0.000000
diff=1
__orio_perftest53.c: In function â€˜mainâ€™:
__orio_perftest53.c:131:52: error: â€˜Y_copyâ€™ undeclared (first use in this function)
 #pragma omp parallel for private(i,j,ii,jj,iii,jjj,Y_copy,X0_copy,X1_copy,X2_copy)
                                                    ^~~~~~
__orio_perftest53.c:131:52: note: each undeclared identifier is reported only once for each function it appears in
__orio_perftest53.c:131:59: error: â€˜X0_copyâ€™ undeclared (first use in this function)
 #pragma omp parallel for private(i,j,ii,jj,iii,jjj,Y_copy,X0_copy,X1_copy,X2_copy)
                                                           ^~~~~~~
__orio_perftest53.c:131:67: error: â€˜X1_copyâ€™ undeclared (first use in this function)
 #pragma omp parallel for private(i,j,ii,jj,iii,jjj,Y_copy,X0_copy,X1_copy,X2_copy)
                                                                   ^~~~~~~
__orio_perftest53.c:131:75: error: â€˜X2_copyâ€™ undeclared (first use in this function)
 #pragma omp parallel for private(i,j,ii,jj,iii,jjj,Y_copy,X0_copy,X1_copy,X2_copy)
                                                                           ^~~~~~~
[00;31mERROR: orio.main.tuner.ptest_driver:  failed to compile the testing code: "timeout --kill-after=30s --signal=9 20m gcc -O3 -fopenmp -DDYNAMIC  -DORIO_REPS=10 -o __orio_perftest53.exe __orio_perftest53.c timer_cpu.o -lm -lrt"[00m
[00;31mERROR: orio.main.tuner.ptest_driver:  the executable of the test code does not exist[00m
timeout: failed to run command â€˜./__orio_perftest53.exeâ€™: No such file or directory
[00;31mERROR: orio.main.tuner.ptest_driver: failed to execute the test code: "timeout --kill-after=30s --signal=9 20m  ./__orio_perftest53.exe  "
 --> CalledProcessError: Command 'timeout --kill-after=30s --signal=9 20m  ./__orio_perftest53.exe  ' returned non-zero exit status 127[00m
[00;31mERROR: orio.main.tuner.ptest_driver:  performance testing failed: "timeout --kill-after=30s --signal=9 20m  ./__orio_perftest53.exe  "[00m
expected=14981109.589145
actual=14981109.589145
diff=0.000000
diff=1
expected=14981109.589145
actual=14981109.589145
diff=0.000000
diff=1
expected=14981109.589145
actual=14981109.589145
diff=0.000000
diff=1
expected=14981109.589145
actual=14981109.589145
diff=0.000000
diff=1
expected=14981109.589145
actual=14981109.589145
diff=0.000000
diff=1
__orio_perftest59.c: In function â€˜mainâ€™:
__orio_perftest59.c:131:52: error: â€˜Y_copyâ€™ undeclared (first use in this function)
 #pragma omp parallel for private(i,j,ii,jj,iii,jjj,Y_copy,X0_copy,X1_copy,X2_copy)
                                                    ^~~~~~
__orio_perftest59.c:131:52: note: each undeclared identifier is reported only once for each function it appears in
__orio_perftest59.c:131:59: error: â€˜X0_copyâ€™ undeclared (first use in this function)
 #pragma omp parallel for private(i,j,ii,jj,iii,jjj,Y_copy,X0_copy,X1_copy,X2_copy)
                                                           ^~~~~~~
__orio_perftest59.c:131:67: error: â€˜X1_copyâ€™ undeclared (first use in this function)
 #pragma omp parallel for private(i,j,ii,jj,iii,jjj,Y_copy,X0_copy,X1_copy,X2_copy)
                                                                   ^~~~~~~
__orio_perftest59.c:131:75: error: â€˜X2_copyâ€™ undeclared (first use in this function)
 #pragma omp parallel for private(i,j,ii,jj,iii,jjj,Y_copy,X0_copy,X1_copy,X2_copy)
                                                                           ^~~~~~~
[00;31mERROR: orio.main.tuner.ptest_driver:  failed to compile the testing code: "timeout --kill-after=30s --signal=9 20m gcc -O3 -fopenmp -DDYNAMIC  -DORIO_REPS=10 -o __orio_perftest59.exe __orio_perftest59.c timer_cpu.o -lm -lrt"[00m
[00;31mERROR: orio.main.tuner.ptest_driver:  the executable of the test code does not exist[00m
timeout: failed to run command â€˜./__orio_perftest59.exeâ€™: No such file or directory
[00;31mERROR: orio.main.tuner.ptest_driver: failed to execute the test code: "timeout --kill-after=30s --signal=9 20m  ./__orio_perftest59.exe  "
 --> CalledProcessError: Command 'timeout --kill-after=30s --signal=9 20m  ./__orio_perftest59.exe  ' returned non-zero exit status 127[00m
[00;31mERROR: orio.main.tuner.ptest_driver:  performance testing failed: "timeout --kill-after=30s --signal=9 20m  ./__orio_perftest59.exe  "[00m
__orio_perftest60.c: In function â€˜mainâ€™:
__orio_perftest60.c:131:52: error: â€˜Y_copyâ€™ undeclared (first use in this function)
 #pragma omp parallel for private(i,j,ii,jj,iii,jjj,Y_copy,X0_copy,X1_copy,X2_copy)
                                                    ^~~~~~
__orio_perftest60.c:131:52: note: each undeclared identifier is reported only once for each function it appears in
__orio_perftest60.c:131:59: error: â€˜X0_copyâ€™ undeclared (first use in this function)
 #pragma omp parallel for private(i,j,ii,jj,iii,jjj,Y_copy,X0_copy,X1_copy,X2_copy)
                                                           ^~~~~~~
__orio_perftest60.c:131:67: error: â€˜X1_copyâ€™ undeclared (first use in this function)
 #pragma omp parallel for private(i,j,ii,jj,iii,jjj,Y_copy,X0_copy,X1_copy,X2_copy)
                                                                   ^~~~~~~
__orio_perftest60.c:131:75: error: â€˜X2_copyâ€™ undeclared (first use in this function)
 #pragma omp parallel for private(i,j,ii,jj,iii,jjj,Y_copy,X0_copy,X1_copy,X2_copy)
                                                                           ^~~~~~~
[00;31mERROR: orio.main.tuner.ptest_driver:  failed to compile the testing code: "timeout --kill-after=30s --signal=9 20m gcc -O3 -fopenmp -DDYNAMIC  -DORIO_REPS=10 -o __orio_perftest60.exe __orio_perftest60.c timer_cpu.o -lm -lrt"[00m
[00;31mERROR: orio.main.tuner.ptest_driver:  the executable of the test code does not exist[00m
timeout: failed to run command â€˜./__orio_perftest60.exeâ€™: No such file or directory
[00;31mERROR: orio.main.tuner.ptest_driver: failed to execute the test code: "timeout --kill-after=30s --signal=9 20m  ./__orio_perftest60.exe  "
 --> CalledProcessError: Command 'timeout --kill-after=30s --signal=9 20m  ./__orio_perftest60.exe  ' returned non-zero exit status 127[00m
[00;31mERROR: orio.main.tuner.ptest_driver:  performance testing failed: "timeout --kill-after=30s --signal=9 20m  ./__orio_perftest60.exe  "[00m
expected=14981109.589145
actual=14981109.589145
diff=0.000000
diff=1
__orio_perftest62.c: In function â€˜mainâ€™:
__orio_perftest62.c:131:52: error: â€˜Y_copyâ€™ undeclared (first use in this function)
 #pragma omp parallel for private(i,j,ii,jj,iii,jjj,Y_copy,X0_copy,X1_copy,X2_copy)
                                                    ^~~~~~
__orio_perftest62.c:131:52: note: each undeclared identifier is reported only once for each function it appears in
__orio_perftest62.c:131:59: error: â€˜X0_copyâ€™ undeclared (first use in this function)
 #pragma omp parallel for private(i,j,ii,jj,iii,jjj,Y_copy,X0_copy,X1_copy,X2_copy)
                                                           ^~~~~~~
__orio_perftest62.c:131:67: error: â€˜X1_copyâ€™ undeclared (first use in this function)
 #pragma omp parallel for private(i,j,ii,jj,iii,jjj,Y_copy,X0_copy,X1_copy,X2_copy)
                                                                   ^~~~~~~
__orio_perftest62.c:131:75: error: â€˜X2_copyâ€™ undeclared (first use in this function)
 #pragma omp parallel for private(i,j,ii,jj,iii,jjj,Y_copy,X0_copy,X1_copy,X2_copy)
                                                                           ^~~~~~~
[00;31mERROR: orio.main.tuner.ptest_driver:  failed to compile the testing code: "timeout --kill-after=30s --signal=9 20m gcc -O3 -fopenmp -DDYNAMIC  -DORIO_REPS=10 -o __orio_perftest62.exe __orio_perftest62.c timer_cpu.o -lm -lrt"[00m
[00;31mERROR: orio.main.tuner.ptest_driver:  the executable of the test code does not exist[00m
timeout: failed to run command â€˜./__orio_perftest62.exeâ€™: No such file or directory
[00;31mERROR: orio.main.tuner.ptest_driver: failed to execute the test code: "timeout --kill-after=30s --signal=9 20m  ./__orio_perftest62.exe  "
 --> CalledProcessError: Command 'timeout --kill-after=30s --signal=9 20m  ./__orio_perftest62.exe  ' returned non-zero exit status 127[00m
[00;31mERROR: orio.main.tuner.ptest_driver:  performance testing failed: "timeout --kill-after=30s --signal=9 20m  ./__orio_perftest62.exe  "[00m
__orio_perftest63.c: In function â€˜mainâ€™:
__orio_perftest63.c:131:52: error: â€˜Y_copyâ€™ undeclared (first use in this function)
 #pragma omp parallel for private(i,j,ii,jj,iii,jjj,Y_copy,X0_copy,X1_copy,X2_copy)
                                                    ^~~~~~
__orio_perftest63.c:131:52: note: each undeclared identifier is reported only once for each function it appears in
__orio_perftest63.c:131:59: error: â€˜X0_copyâ€™ undeclared (first use in this function)
 #pragma omp parallel for private(i,j,ii,jj,iii,jjj,Y_copy,X0_copy,X1_copy,X2_copy)
                                                           ^~~~~~~
__orio_perftest63.c:131:67: error: â€˜X1_copyâ€™ undeclared (first use in this function)
 #pragma omp parallel for private(i,j,ii,jj,iii,jjj,Y_copy,X0_copy,X1_copy,X2_copy)
                                                                   ^~~~~~~
__orio_perftest63.c:131:75: error: â€˜X2_copyâ€™ undeclared (first use in this function)
 #pragma omp parallel for private(i,j,ii,jj,iii,jjj,Y_copy,X0_copy,X1_copy,X2_copy)
                                                                           ^~~~~~~
[00;31mERROR: orio.main.tuner.ptest_driver:  failed to compile the testing code: "timeout --kill-after=30s --signal=9 20m gcc -O3 -fopenmp -DDYNAMIC  -DORIO_REPS=10 -o __orio_perftest63.exe __orio_perftest63.c timer_cpu.o -lm -lrt"[00m
[00;31mERROR: orio.main.tuner.ptest_driver:  the executable of the test code does not exist[00m
timeout: failed to run command â€˜./__orio_perftest63.exeâ€™: No such file or directory
[00;31mERROR: orio.main.tuner.ptest_driver: failed to execute the test code: "timeout --kill-after=30s --signal=9 20m  ./__orio_perftest63.exe  "
 --> CalledProcessError: Command 'timeout --kill-after=30s --signal=9 20m  ./__orio_perftest63.exe  ' returned non-zero exit status 127[00m
[00;31mERROR: orio.main.tuner.ptest_driver:  performance testing failed: "timeout --kill-after=30s --signal=9 20m  ./__orio_perftest63.exe  "[00m
expected=14981109.589145
actual=14981109.589145
diff=0.000000
diff=1
__orio_perftest65.c: In function â€˜mainâ€™:
__orio_perftest65.c:131:52: error: â€˜Y_copyâ€™ undeclared (first use in this function)
 #pragma omp parallel for private(i,j,ii,jj,iii,jjj,Y_copy,X0_copy,X1_copy,X2_copy)
                                                    ^~~~~~
__orio_perftest65.c:131:52: note: each undeclared identifier is reported only once for each function it appears in
__orio_perftest65.c:131:59: error: â€˜X0_copyâ€™ undeclared (first use in this function)
 #pragma omp parallel for private(i,j,ii,jj,iii,jjj,Y_copy,X0_copy,X1_copy,X2_copy)
                                                           ^~~~~~~
__orio_perftest65.c:131:67: error: â€˜X1_copyâ€™ undeclared (first use in this function)
 #pragma omp parallel for private(i,j,ii,jj,iii,jjj,Y_copy,X0_copy,X1_copy,X2_copy)
                                                                   ^~~~~~~
__orio_perftest65.c:131:75: error: â€˜X2_copyâ€™ undeclared (first use in this function)
 #pragma omp parallel for private(i,j,ii,jj,iii,jjj,Y_copy,X0_copy,X1_copy,X2_copy)
                                                                           ^~~~~~~
[00;31mERROR: orio.main.tuner.ptest_driver:  failed to compile the testing code: "timeout --kill-after=30s --signal=9 20m gcc -O3 -fopenmp -DDYNAMIC  -DORIO_REPS=10 -o __orio_perftest65.exe __orio_perftest65.c timer_cpu.o -lm -lrt"[00m
[00;31mERROR: orio.main.tuner.ptest_driver:  the executable of the test code does not exist[00m
timeout: failed to run command â€˜./__orio_perftest65.exeâ€™: No such file or directory
[00;31mERROR: orio.main.tuner.ptest_driver: failed to execute the test code: "timeout --kill-after=30s --signal=9 20m  ./__orio_perftest65.exe  "
 --> CalledProcessError: Command 'timeout --kill-after=30s --signal=9 20m  ./__orio_perftest65.exe  ' returned non-zero exit status 127[00m
[00;31mERROR: orio.main.tuner.ptest_driver:  performance testing failed: "timeout --kill-after=30s --signal=9 20m  ./__orio_perftest65.exe  "[00m
expected=14981109.589145
actual=14981109.589145
diff=0.000000
diff=1
__orio_perftest67.c: In function â€˜mainâ€™:
__orio_perftest67.c:131:52: error: â€˜Y_copyâ€™ undeclared (first use in this function)
 #pragma omp parallel for private(i,j,ii,jj,iii,jjj,Y_copy,X0_copy,X1_copy,X2_copy)
                                                    ^~~~~~
__orio_perftest67.c:131:52: note: each undeclared identifier is reported only once for each function it appears in
__orio_perftest67.c:131:59: error: â€˜X0_copyâ€™ undeclared (first use in this function)
 #pragma omp parallel for private(i,j,ii,jj,iii,jjj,Y_copy,X0_copy,X1_copy,X2_copy)
                                                           ^~~~~~~
__orio_perftest67.c:131:67: error: â€˜X1_copyâ€™ undeclared (first use in this function)
 #pragma omp parallel for private(i,j,ii,jj,iii,jjj,Y_copy,X0_copy,X1_copy,X2_copy)
                                                                   ^~~~~~~
__orio_perftest67.c:131:75: error: â€˜X2_copyâ€™ undeclared (first use in this function)
 #pragma omp parallel for private(i,j,ii,jj,iii,jjj,Y_copy,X0_copy,X1_copy,X2_copy)
                                                                           ^~~~~~~
[00;31mERROR: orio.main.tuner.ptest_driver:  failed to compile the testing code: "timeout --kill-after=30s --signal=9 20m gcc -O3 -fopenmp -DDYNAMIC  -DORIO_REPS=10 -o __orio_perftest67.exe __orio_perftest67.c timer_cpu.o -lm -lrt"[00m
[00;31mERROR: orio.main.tuner.ptest_driver:  the executable of the test code does not exist[00m
timeout: failed to run command â€˜./__orio_perftest67.exeâ€™: No such file or directory
[00;31mERROR: orio.main.tuner.ptest_driver: failed to execute the test code: "timeout --kill-after=30s --signal=9 20m  ./__orio_perftest67.exe  "
 --> CalledProcessError: Command 'timeout --kill-after=30s --signal=9 20m  ./__orio_perftest67.exe  ' returned non-zero exit status 127[00m
[00;31mERROR: orio.main.tuner.ptest_driver:  performance testing failed: "timeout --kill-after=30s --signal=9 20m  ./__orio_perftest67.exe  "[00m
expected=14981109.589145
actual=14981109.589145
diff=0.000000
diff=1
__orio_perftest69.c: In function â€˜mainâ€™:
__orio_perftest69.c:131:52: error: â€˜Y_copyâ€™ undeclared (first use in this function)
 #pragma omp parallel for private(i,j,ii,jj,iii,jjj,Y_copy,X0_copy,X1_copy,X2_copy)
                                                    ^~~~~~
__orio_perftest69.c:131:52: note: each undeclared identifier is reported only once for each function it appears in
__orio_perftest69.c:131:59: error: â€˜X0_copyâ€™ undeclared (first use in this function)
 #pragma omp parallel for private(i,j,ii,jj,iii,jjj,Y_copy,X0_copy,X1_copy,X2_copy)
                                                           ^~~~~~~
__orio_perftest69.c:131:67: error: â€˜X1_copyâ€™ undeclared (first use in this function)
 #pragma omp parallel for private(i,j,ii,jj,iii,jjj,Y_copy,X0_copy,X1_copy,X2_copy)
                                                                   ^~~~~~~
__orio_perftest69.c:131:75: error: â€˜X2_copyâ€™ undeclared (first use in this function)
 #pragma omp parallel for private(i,j,ii,jj,iii,jjj,Y_copy,X0_copy,X1_copy,X2_copy)
                                                                           ^~~~~~~
[00;31mERROR: orio.main.tuner.ptest_driver:  failed to compile the testing code: "timeout --kill-after=30s --signal=9 20m gcc -O3 -fopenmp -DDYNAMIC  -DORIO_REPS=10 -o __orio_perftest69.exe __orio_perftest69.c timer_cpu.o -lm -lrt"[00m
[00;31mERROR: orio.main.tuner.ptest_driver:  the executable of the test code does not exist[00m
timeout: failed to run command â€˜./__orio_perftest69.exeâ€™: No such file or directory
[00;31mERROR: orio.main.tuner.ptest_driver: failed to execute the test code: "timeout --kill-after=30s --signal=9 20m  ./__orio_perftest69.exe  "
 --> CalledProcessError: Command 'timeout --kill-after=30s --signal=9 20m  ./__orio_perftest69.exe  ' returned non-zero exit status 127[00m
[00;31mERROR: orio.main.tuner.ptest_driver:  performance testing failed: "timeout --kill-after=30s --signal=9 20m  ./__orio_perftest69.exe  "[00m
expected=14981109.589145
actual=14981109.589145
diff=0.000000
diff=1
expected=14981109.589145
actual=14981109.589145
diff=0.000000
diff=1
expected=14981109.589145
actual=14981109.589145
diff=0.000000
diff=1
__orio_perftest73.c: In function â€˜mainâ€™:
__orio_perftest73.c:131:52: error: â€˜Y_copyâ€™ undeclared (first use in this function)
 #pragma omp parallel for private(i,j,ii,jj,iii,jjj,Y_copy,X0_copy,X1_copy,X2_copy)
                                                    ^~~~~~
__orio_perftest73.c:131:52: note: each undeclared identifier is reported only once for each function it appears in
__orio_perftest73.c:131:59: error: â€˜X0_copyâ€™ undeclared (first use in this function)
 #pragma omp parallel for private(i,j,ii,jj,iii,jjj,Y_copy,X0_copy,X1_copy,X2_copy)
                                                           ^~~~~~~
__orio_perftest73.c:131:67: error: â€˜X1_copyâ€™ undeclared (first use in this function)
 #pragma omp parallel for private(i,j,ii,jj,iii,jjj,Y_copy,X0_copy,X1_copy,X2_copy)
                                                                   ^~~~~~~
__orio_perftest73.c:131:75: error: â€˜X2_copyâ€™ undeclared (first use in this function)
 #pragma omp parallel for private(i,j,ii,jj,iii,jjj,Y_copy,X0_copy,X1_copy,X2_copy)
                                                                           ^~~~~~~
[00;31mERROR: orio.main.tuner.ptest_driver:  failed to compile the testing code: "timeout --kill-after=30s --signal=9 20m gcc -O3 -fopenmp -DDYNAMIC  -DORIO_REPS=10 -o __orio_perftest73.exe __orio_perftest73.c timer_cpu.o -lm -lrt"[00m
[00;31mERROR: orio.main.tuner.ptest_driver:  the executable of the test code does not exist[00m
timeout: failed to run command â€˜./__orio_perftest73.exeâ€™: No such file or directory
[00;31mERROR: orio.main.tuner.ptest_driver: failed to execute the test code: "timeout --kill-after=30s --signal=9 20m  ./__orio_perftest73.exe  "
 --> CalledProcessError: Command 'timeout --kill-after=30s --signal=9 20m  ./__orio_perftest73.exe  ' returned non-zero exit status 127[00m
[00;31mERROR: orio.main.tuner.ptest_driver:  performance testing failed: "timeout --kill-after=30s --signal=9 20m  ./__orio_perftest73.exe  "[00m
__orio_perftest74.c: In function â€˜mainâ€™:
__orio_perftest74.c:131:52: error: â€˜Y_copyâ€™ undeclared (first use in this function)
 #pragma omp parallel for private(i,j,ii,jj,iii,jjj,Y_copy,X0_copy,X1_copy,X2_copy)
                                                    ^~~~~~
__orio_perftest74.c:131:52: note: each undeclared identifier is reported only once for each function it appears in
__orio_perftest74.c:131:59: error: â€˜X0_copyâ€™ undeclared (first use in this function)
 #pragma omp parallel for private(i,j,ii,jj,iii,jjj,Y_copy,X0_copy,X1_copy,X2_copy)
                                                           ^~~~~~~
__orio_perftest74.c:131:67: error: â€˜X1_copyâ€™ undeclared (first use in this function)
 #pragma omp parallel for private(i,j,ii,jj,iii,jjj,Y_copy,X0_copy,X1_copy,X2_copy)
                                                                   ^~~~~~~
__orio_perftest74.c:131:75: error: â€˜X2_copyâ€™ undeclared (first use in this function)
 #pragma omp parallel for private(i,j,ii,jj,iii,jjj,Y_copy,X0_copy,X1_copy,X2_copy)
                                                                           ^~~~~~~
[00;31mERROR: orio.main.tuner.ptest_driver:  failed to compile the testing code: "timeout --kill-after=30s --signal=9 20m gcc -O3 -fopenmp -DDYNAMIC  -DORIO_REPS=10 -o __orio_perftest74.exe __orio_perftest74.c timer_cpu.o -lm -lrt"[00m
[00;31mERROR: orio.main.tuner.ptest_driver:  the executable of the test code does not exist[00m
timeout: failed to run command â€˜./__orio_perftest74.exeâ€™: No such file or directory
[00;31mERROR: orio.main.tuner.ptest_driver: failed to execute the test code: "timeout --kill-after=30s --signal=9 20m  ./__orio_perftest74.exe  "
 --> CalledProcessError: Command 'timeout --kill-after=30s --signal=9 20m  ./__orio_perftest74.exe  ' returned non-zero exit status 127[00m
[00;31mERROR: orio.main.tuner.ptest_driver:  performance testing failed: "timeout --kill-after=30s --signal=9 20m  ./__orio_perftest74.exe  "[00m
expected=14981109.589145
actual=14981109.589145
diff=0.000000
diff=1
expected=14981109.589145
actual=14981109.589145
diff=0.000000
diff=1
expected=14981109.589145
actual=14981109.589145
diff=0.000000
diff=1
__orio_perftest78.c: In function â€˜mainâ€™:
__orio_perftest78.c:131:52: error: â€˜Y_copyâ€™ undeclared (first use in this function)
 #pragma omp parallel for private(i,j,ii,jj,iii,jjj,Y_copy,X0_copy,X1_copy,X2_copy)
                                                    ^~~~~~
__orio_perftest78.c:131:52: note: each undeclared identifier is reported only once for each function it appears in
__orio_perftest78.c:131:59: error: â€˜X0_copyâ€™ undeclared (first use in this function)
 #pragma omp parallel for private(i,j,ii,jj,iii,jjj,Y_copy,X0_copy,X1_copy,X2_copy)
                                                           ^~~~~~~
__orio_perftest78.c:131:67: error: â€˜X1_copyâ€™ undeclared (first use in this function)
 #pragma omp parallel for private(i,j,ii,jj,iii,jjj,Y_copy,X0_copy,X1_copy,X2_copy)
                                                                   ^~~~~~~
__orio_perftest78.c:131:75: error: â€˜X2_copyâ€™ undeclared (first use in this function)
 #pragma omp parallel for private(i,j,ii,jj,iii,jjj,Y_copy,X0_copy,X1_copy,X2_copy)
                                                                           ^~~~~~~
[00;31mERROR: orio.main.tuner.ptest_driver:  failed to compile the testing code: "timeout --kill-after=30s --signal=9 20m gcc -O3 -fopenmp -DDYNAMIC  -DORIO_REPS=10 -o __orio_perftest78.exe __orio_perftest78.c timer_cpu.o -lm -lrt"[00m
[00;31mERROR: orio.main.tuner.ptest_driver:  the executable of the test code does not exist[00m
timeout: failed to run command â€˜./__orio_perftest78.exeâ€™: No such file or directory
[00;31mERROR: orio.main.tuner.ptest_driver: failed to execute the test code: "timeout --kill-after=30s --signal=9 20m  ./__orio_perftest78.exe  "
 --> CalledProcessError: Command 'timeout --kill-after=30s --signal=9 20m  ./__orio_perftest78.exe  ' returned non-zero exit status 127[00m
[00;31mERROR: orio.main.tuner.ptest_driver:  performance testing failed: "timeout --kill-after=30s --signal=9 20m  ./__orio_perftest78.exe  "[00m
__orio_perftest79.c: In function â€˜mainâ€™:
__orio_perftest79.c:131:52: error: â€˜Y_copyâ€™ undeclared (first use in this function)
 #pragma omp parallel for private(i,j,ii,jj,iii,jjj,Y_copy,X0_copy,X1_copy,X2_copy)
                                                    ^~~~~~
__orio_perftest79.c:131:52: note: each undeclared identifier is reported only once for each function it appears in
__orio_perftest79.c:131:59: error: â€˜X0_copyâ€™ undeclared (first use in this function)
 #pragma omp parallel for private(i,j,ii,jj,iii,jjj,Y_copy,X0_copy,X1_copy,X2_copy)
                                                           ^~~~~~~
__orio_perftest79.c:131:67: error: â€˜X1_copyâ€™ undeclared (first use in this function)
 #pragma omp parallel for private(i,j,ii,jj,iii,jjj,Y_copy,X0_copy,X1_copy,X2_copy)
                                                                   ^~~~~~~
__orio_perftest79.c:131:75: error: â€˜X2_copyâ€™ undeclared (first use in this function)
 #pragma omp parallel for private(i,j,ii,jj,iii,jjj,Y_copy,X0_copy,X1_copy,X2_copy)
                                                                           ^~~~~~~
[00;31mERROR: orio.main.tuner.ptest_driver:  failed to compile the testing code: "timeout --kill-after=30s --signal=9 20m gcc -O3 -fopenmp -DDYNAMIC  -DORIO_REPS=10 -o __orio_perftest79.exe __orio_perftest79.c timer_cpu.o -lm -lrt"[00m
[00;31mERROR: orio.main.tuner.ptest_driver:  the executable of the test code does not exist[00m
timeout: failed to run command â€˜./__orio_perftest79.exeâ€™: No such file or directory
[00;31mERROR: orio.main.tuner.ptest_driver: failed to execute the test code: "timeout --kill-after=30s --signal=9 20m  ./__orio_perftest79.exe  "
 --> CalledProcessError: Command 'timeout --kill-after=30s --signal=9 20m  ./__orio_perftest79.exe  ' returned non-zero exit status 127[00m
[00;31mERROR: orio.main.tuner.ptest_driver:  performance testing failed: "timeout --kill-after=30s --signal=9 20m  ./__orio_perftest79.exe  "[00m
expected=14981109.589145
actual=14981109.589145
diff=0.000000
diff=1
__orio_perftest81.c: In function â€˜mainâ€™:
__orio_perftest81.c:131:52: error: â€˜Y_copyâ€™ undeclared (first use in this function)
 #pragma omp parallel for private(i,j,ii,jj,iii,jjj,Y_copy,X0_copy,X1_copy,X2_copy)
                                                    ^~~~~~
__orio_perftest81.c:131:52: note: each undeclared identifier is reported only once for each function it appears in
__orio_perftest81.c:131:59: error: â€˜X0_copyâ€™ undeclared (first use in this function)
 #pragma omp parallel for private(i,j,ii,jj,iii,jjj,Y_copy,X0_copy,X1_copy,X2_copy)
                                                           ^~~~~~~
__orio_perftest81.c:131:67: error: â€˜X1_copyâ€™ undeclared (first use in this function)
 #pragma omp parallel for private(i,j,ii,jj,iii,jjj,Y_copy,X0_copy,X1_copy,X2_copy)
                                                                   ^~~~~~~
__orio_perftest81.c:131:75: error: â€˜X2_copyâ€™ undeclared (first use in this function)
 #pragma omp parallel for private(i,j,ii,jj,iii,jjj,Y_copy,X0_copy,X1_copy,X2_copy)
                                                                           ^~~~~~~
[00;31mERROR: orio.main.tuner.ptest_driver:  failed to compile the testing code: "timeout --kill-after=30s --signal=9 20m gcc -O3 -fopenmp -DDYNAMIC  -DORIO_REPS=10 -o __orio_perftest81.exe __orio_perftest81.c timer_cpu.o -lm -lrt"[00m
[00;31mERROR: orio.main.tuner.ptest_driver:  the executable of the test code does not exist[00m
timeout: failed to run command â€˜./__orio_perftest81.exeâ€™: No such file or directory
[00;31mERROR: orio.main.tuner.ptest_driver: failed to execute the test code: "timeout --kill-after=30s --signal=9 20m  ./__orio_perftest81.exe  "
 --> CalledProcessError: Command 'timeout --kill-after=30s --signal=9 20m  ./__orio_perftest81.exe  ' returned non-zero exit status 127[00m
[00;31mERROR: orio.main.tuner.ptest_driver:  performance testing failed: "timeout --kill-after=30s --signal=9 20m  ./__orio_perftest81.exe  "[00m
expected=14981109.589145
actual=14981109.589145
diff=0.000000
diff=1
expected=14981109.589145
actual=14981109.589145
diff=0.000000
diff=1
__orio_perftest84.c: In function â€˜mainâ€™:
__orio_perftest84.c:131:52: error: â€˜Y_copyâ€™ undeclared (first use in this function)
 #pragma omp parallel for private(i,j,ii,jj,iii,jjj,Y_copy,X0_copy,X1_copy,X2_copy)
                                                    ^~~~~~
__orio_perftest84.c:131:52: note: each undeclared identifier is reported only once for each function it appears in
__orio_perftest84.c:131:59: error: â€˜X0_copyâ€™ undeclared (first use in this function)
 #pragma omp parallel for private(i,j,ii,jj,iii,jjj,Y_copy,X0_copy,X1_copy,X2_copy)
                                                           ^~~~~~~
__orio_perftest84.c:131:67: error: â€˜X1_copyâ€™ undeclared (first use in this function)
 #pragma omp parallel for private(i,j,ii,jj,iii,jjj,Y_copy,X0_copy,X1_copy,X2_copy)
                                                                   ^~~~~~~
__orio_perftest84.c:131:75: error: â€˜X2_copyâ€™ undeclared (first use in this function)
 #pragma omp parallel for private(i,j,ii,jj,iii,jjj,Y_copy,X0_copy,X1_copy,X2_copy)
                                                                           ^~~~~~~
[00;31mERROR: orio.main.tuner.ptest_driver:  failed to compile the testing code: "timeout --kill-after=30s --signal=9 20m gcc -O3 -fopenmp -DDYNAMIC  -DORIO_REPS=10 -o __orio_perftest84.exe __orio_perftest84.c timer_cpu.o -lm -lrt"[00m
[00;31mERROR: orio.main.tuner.ptest_driver:  the executable of the test code does not exist[00m
timeout: failed to run command â€˜./__orio_perftest84.exeâ€™: No such file or directory
[00;31mERROR: orio.main.tuner.ptest_driver: failed to execute the test code: "timeout --kill-after=30s --signal=9 20m  ./__orio_perftest84.exe  "
 --> CalledProcessError: Command 'timeout --kill-after=30s --signal=9 20m  ./__orio_perftest84.exe  ' returned non-zero exit status 127[00m
[00;31mERROR: orio.main.tuner.ptest_driver:  performance testing failed: "timeout --kill-after=30s --signal=9 20m  ./__orio_perftest84.exe  "[00m
__orio_perftest85.c: In function â€˜mainâ€™:
__orio_perftest85.c:131:52: error: â€˜Y_copyâ€™ undeclared (first use in this function)
 #pragma omp parallel for private(i,j,ii,jj,iii,jjj,Y_copy,X0_copy,X1_copy,X2_copy)
                                                    ^~~~~~
__orio_perftest85.c:131:52: note: each undeclared identifier is reported only once for each function it appears in
__orio_perftest85.c:131:59: error: â€˜X0_copyâ€™ undeclared (first use in this function)
 #pragma omp parallel for private(i,j,ii,jj,iii,jjj,Y_copy,X0_copy,X1_copy,X2_copy)
                                                           ^~~~~~~
__orio_perftest85.c:131:67: error: â€˜X1_copyâ€™ undeclared (first use in this function)
 #pragma omp parallel for private(i,j,ii,jj,iii,jjj,Y_copy,X0_copy,X1_copy,X2_copy)
                                                                   ^~~~~~~
__orio_perftest85.c:131:75: error: â€˜X2_copyâ€™ undeclared (first use in this function)
 #pragma omp parallel for private(i,j,ii,jj,iii,jjj,Y_copy,X0_copy,X1_copy,X2_copy)
                                                                           ^~~~~~~
[00;31mERROR: orio.main.tuner.ptest_driver:  failed to compile the testing code: "timeout --kill-after=30s --signal=9 20m gcc -O3 -fopenmp -DDYNAMIC  -DORIO_REPS=10 -o __orio_perftest85.exe __orio_perftest85.c timer_cpu.o -lm -lrt"[00m
[00;31mERROR: orio.main.tuner.ptest_driver:  the executable of the test code does not exist[00m
timeout: failed to run command â€˜./__orio_perftest85.exeâ€™: No such file or directory
[00;31mERROR: orio.main.tuner.ptest_driver: failed to execute the test code: "timeout --kill-after=30s --signal=9 20m  ./__orio_perftest85.exe  "
 --> CalledProcessError: Command 'timeout --kill-after=30s --signal=9 20m  ./__orio_perftest85.exe  ' returned non-zero exit status 127[00m
[00;31mERROR: orio.main.tuner.ptest_driver:  performance testing failed: "timeout --kill-after=30s --signal=9 20m  ./__orio_perftest85.exe  "[00m
__orio_perftest86.c: In function â€˜mainâ€™:
__orio_perftest86.c:131:52: error: â€˜Y_copyâ€™ undeclared (first use in this function)
 #pragma omp parallel for private(i,j,ii,jj,iii,jjj,Y_copy,X0_copy,X1_copy,X2_copy)
                                                    ^~~~~~
__orio_perftest86.c:131:52: note: each undeclared identifier is reported only once for each function it appears in
__orio_perftest86.c:131:59: error: â€˜X0_copyâ€™ undeclared (first use in this function)
 #pragma omp parallel for private(i,j,ii,jj,iii,jjj,Y_copy,X0_copy,X1_copy,X2_copy)
                                                           ^~~~~~~
__orio_perftest86.c:131:67: error: â€˜X1_copyâ€™ undeclared (first use in this function)
 #pragma omp parallel for private(i,j,ii,jj,iii,jjj,Y_copy,X0_copy,X1_copy,X2_copy)
                                                                   ^~~~~~~
__orio_perftest86.c:131:75: error: â€˜X2_copyâ€™ undeclared (first use in this function)
 #pragma omp parallel for private(i,j,ii,jj,iii,jjj,Y_copy,X0_copy,X1_copy,X2_copy)
                                                                           ^~~~~~~
[00;31mERROR: orio.main.tuner.ptest_driver:  failed to compile the testing code: "timeout --kill-after=30s --signal=9 20m gcc -O3 -fopenmp -DDYNAMIC  -DORIO_REPS=10 -o __orio_perftest86.exe __orio_perftest86.c timer_cpu.o -lm -lrt"[00m
[00;31mERROR: orio.main.tuner.ptest_driver:  the executable of the test code does not exist[00m
timeout: failed to run command â€˜./__orio_perftest86.exeâ€™: No such file or directory
[00;31mERROR: orio.main.tuner.ptest_driver: failed to execute the test code: "timeout --kill-after=30s --signal=9 20m  ./__orio_perftest86.exe  "
 --> CalledProcessError: Command 'timeout --kill-after=30s --signal=9 20m  ./__orio_perftest86.exe  ' returned non-zero exit status 127[00m
[00;31mERROR: orio.main.tuner.ptest_driver:  performance testing failed: "timeout --kill-after=30s --signal=9 20m  ./__orio_perftest86.exe  "[00m
__orio_perftest87.c: In function â€˜mainâ€™:
__orio_perftest87.c:131:52: error: â€˜Y_copyâ€™ undeclared (first use in this function)
 #pragma omp parallel for private(i,j,ii,jj,iii,jjj,Y_copy,X0_copy,X1_copy,X2_copy)
                                                    ^~~~~~
__orio_perftest87.c:131:52: note: each undeclared identifier is reported only once for each function it appears in
__orio_perftest87.c:131:59: error: â€˜X0_copyâ€™ undeclared (first use in this function)
 #pragma omp parallel for private(i,j,ii,jj,iii,jjj,Y_copy,X0_copy,X1_copy,X2_copy)
                                                           ^~~~~~~
__orio_perftest87.c:131:67: error: â€˜X1_copyâ€™ undeclared (first use in this function)
 #pragma omp parallel for private(i,j,ii,jj,iii,jjj,Y_copy,X0_copy,X1_copy,X2_copy)
                                                                   ^~~~~~~
__orio_perftest87.c:131:75: error: â€˜X2_copyâ€™ undeclared (first use in this function)
 #pragma omp parallel for private(i,j,ii,jj,iii,jjj,Y_copy,X0_copy,X1_copy,X2_copy)
                                                                           ^~~~~~~
[00;31mERROR: orio.main.tuner.ptest_driver:  failed to compile the testing code: "timeout --kill-after=30s --signal=9 20m gcc -O3 -fopenmp -DDYNAMIC  -DORIO_REPS=10 -o __orio_perftest87.exe __orio_perftest87.c timer_cpu.o -lm -lrt"[00m
[00;31mERROR: orio.main.tuner.ptest_driver:  the executable of the test code does not exist[00m
timeout: failed to run command â€˜./__orio_perftest87.exeâ€™: No such file or directory
[00;31mERROR: orio.main.tuner.ptest_driver: failed to execute the test code: "timeout --kill-after=30s --signal=9 20m  ./__orio_perftest87.exe  "
 --> CalledProcessError: Command 'timeout --kill-after=30s --signal=9 20m  ./__orio_perftest87.exe  ' returned non-zero exit status 127[00m
[00;31mERROR: orio.main.tuner.ptest_driver:  performance testing failed: "timeout --kill-after=30s --signal=9 20m  ./__orio_perftest87.exe  "[00m
expected=14981109.589145
actual=14981109.589145
diff=0.000000
diff=1
expected=14981109.589145
actual=14981109.589145
diff=0.000000
diff=1
expected=14981109.589145
actual=14981109.589145
diff=0.000000
diff=1
__orio_perftest91.c: In function â€˜mainâ€™:
__orio_perftest91.c:131:52: error: â€˜Y_copyâ€™ undeclared (first use in this function)
 #pragma omp parallel for private(i,j,ii,jj,iii,jjj,Y_copy,X0_copy,X1_copy,X2_copy)
                                                    ^~~~~~
__orio_perftest91.c:131:52: note: each undeclared identifier is reported only once for each function it appears in
__orio_perftest91.c:131:59: error: â€˜X0_copyâ€™ undeclared (first use in this function)
 #pragma omp parallel for private(i,j,ii,jj,iii,jjj,Y_copy,X0_copy,X1_copy,X2_copy)
                                                           ^~~~~~~
__orio_perftest91.c:131:67: error: â€˜X1_copyâ€™ undeclared (first use in this function)
 #pragma omp parallel for private(i,j,ii,jj,iii,jjj,Y_copy,X0_copy,X1_copy,X2_copy)
                                                                   ^~~~~~~
__orio_perftest91.c:131:75: error: â€˜X2_copyâ€™ undeclared (first use in this function)
 #pragma omp parallel for private(i,j,ii,jj,iii,jjj,Y_copy,X0_copy,X1_copy,X2_copy)
                                                                           ^~~~~~~
[00;31mERROR: orio.main.tuner.ptest_driver:  failed to compile the testing code: "timeout --kill-after=30s --signal=9 20m gcc -O3 -fopenmp -DDYNAMIC  -DORIO_REPS=10 -o __orio_perftest91.exe __orio_perftest91.c timer_cpu.o -lm -lrt"[00m
[00;31mERROR: orio.main.tuner.ptest_driver:  the executable of the test code does not exist[00m
timeout: failed to run command â€˜./__orio_perftest91.exeâ€™: No such file or directory
[00;31mERROR: orio.main.tuner.ptest_driver: failed to execute the test code: "timeout --kill-after=30s --signal=9 20m  ./__orio_perftest91.exe  "
 --> CalledProcessError: Command 'timeout --kill-after=30s --signal=9 20m  ./__orio_perftest91.exe  ' returned non-zero exit status 127[00m
[00;31mERROR: orio.main.tuner.ptest_driver:  performance testing failed: "timeout --kill-after=30s --signal=9 20m  ./__orio_perftest91.exe  "[00m
__orio_perftest92.c: In function â€˜mainâ€™:
__orio_perftest92.c:131:52: error: â€˜Y_copyâ€™ undeclared (first use in this function)
 #pragma omp parallel for private(i,j,ii,jj,iii,jjj,Y_copy,X0_copy,X1_copy,X2_copy)
                                                    ^~~~~~
__orio_perftest92.c:131:52: note: each undeclared identifier is reported only once for each function it appears in
__orio_perftest92.c:131:59: error: â€˜X0_copyâ€™ undeclared (first use in this function)
 #pragma omp parallel for private(i,j,ii,jj,iii,jjj,Y_copy,X0_copy,X1_copy,X2_copy)
                                                           ^~~~~~~
__orio_perftest92.c:131:67: error: â€˜X1_copyâ€™ undeclared (first use in this function)
 #pragma omp parallel for private(i,j,ii,jj,iii,jjj,Y_copy,X0_copy,X1_copy,X2_copy)
                                                                   ^~~~~~~
__orio_perftest92.c:131:75: error: â€˜X2_copyâ€™ undeclared (first use in this function)
 #pragma omp parallel for private(i,j,ii,jj,iii,jjj,Y_copy,X0_copy,X1_copy,X2_copy)
                                                                           ^~~~~~~
[00;31mERROR: orio.main.tuner.ptest_driver:  failed to compile the testing code: "timeout --kill-after=30s --signal=9 20m gcc -O3 -fopenmp -DDYNAMIC  -DORIO_REPS=10 -o __orio_perftest92.exe __orio_perftest92.c timer_cpu.o -lm -lrt"[00m
[00;31mERROR: orio.main.tuner.ptest_driver:  the executable of the test code does not exist[00m
timeout: failed to run command â€˜./__orio_perftest92.exeâ€™: No such file or directory
[00;31mERROR: orio.main.tuner.ptest_driver: failed to execute the test code: "timeout --kill-after=30s --signal=9 20m  ./__orio_perftest92.exe  "
 --> CalledProcessError: Command 'timeout --kill-after=30s --signal=9 20m  ./__orio_perftest92.exe  ' returned non-zero exit status 127[00m
[00;31mERROR: orio.main.tuner.ptest_driver:  performance testing failed: "timeout --kill-after=30s --signal=9 20m  ./__orio_perftest92.exe  "[00m
expected=14981109.589145
actual=14981109.589145
diff=0.000000
diff=1
__orio_perftest94.c: In function â€˜mainâ€™:
__orio_perftest94.c:131:52: error: â€˜Y_copyâ€™ undeclared (first use in this function)
 #pragma omp parallel for private(i,j,ii,jj,iii,jjj,Y_copy,X0_copy,X1_copy,X2_copy)
                                                    ^~~~~~
__orio_perftest94.c:131:52: note: each undeclared identifier is reported only once for each function it appears in
__orio_perftest94.c:131:59: error: â€˜X0_copyâ€™ undeclared (first use in this function)
 #pragma omp parallel for private(i,j,ii,jj,iii,jjj,Y_copy,X0_copy,X1_copy,X2_copy)
                                                           ^~~~~~~
__orio_perftest94.c:131:67: error: â€˜X1_copyâ€™ undeclared (first use in this function)
 #pragma omp parallel for private(i,j,ii,jj,iii,jjj,Y_copy,X0_copy,X1_copy,X2_copy)
                                                                   ^~~~~~~
__orio_perftest94.c:131:75: error: â€˜X2_copyâ€™ undeclared (first use in this function)
 #pragma omp parallel for private(i,j,ii,jj,iii,jjj,Y_copy,X0_copy,X1_copy,X2_copy)
                                                                           ^~~~~~~
[00;31mERROR: orio.main.tuner.ptest_driver:  failed to compile the testing code: "timeout --kill-after=30s --signal=9 20m gcc -O3 -fopenmp -DDYNAMIC  -DORIO_REPS=10 -o __orio_perftest94.exe __orio_perftest94.c timer_cpu.o -lm -lrt"[00m
[00;31mERROR: orio.main.tuner.ptest_driver:  the executable of the test code does not exist[00m
timeout: failed to run command â€˜./__orio_perftest94.exeâ€™: No such file or directory
[00;31mERROR: orio.main.tuner.ptest_driver: failed to execute the test code: "timeout --kill-after=30s --signal=9 20m  ./__orio_perftest94.exe  "
 --> CalledProcessError: Command 'timeout --kill-after=30s --signal=9 20m  ./__orio_perftest94.exe  ' returned non-zero exit status 127[00m
[00;31mERROR: orio.main.tuner.ptest_driver:  performance testing failed: "timeout --kill-after=30s --signal=9 20m  ./__orio_perftest94.exe  "[00m
expected=14981109.589145
actual=14981109.589145
diff=0.000000
diff=1
__orio_perftest96.c: In function â€˜mainâ€™:
__orio_perftest96.c:131:52: error: â€˜Y_copyâ€™ undeclared (first use in this function)
 #pragma omp parallel for private(i,j,ii,jj,iii,jjj,Y_copy,X0_copy,X1_copy,X2_copy)
                                                    ^~~~~~
__orio_perftest96.c:131:52: note: each undeclared identifier is reported only once for each function it appears in
__orio_perftest96.c:131:59: error: â€˜X0_copyâ€™ undeclared (first use in this function)
 #pragma omp parallel for private(i,j,ii,jj,iii,jjj,Y_copy,X0_copy,X1_copy,X2_copy)
                                                           ^~~~~~~
__orio_perftest96.c:131:67: error: â€˜X1_copyâ€™ undeclared (first use in this function)
 #pragma omp parallel for private(i,j,ii,jj,iii,jjj,Y_copy,X0_copy,X1_copy,X2_copy)
                                                                   ^~~~~~~
__orio_perftest96.c:131:75: error: â€˜X2_copyâ€™ undeclared (first use in this function)
 #pragma omp parallel for private(i,j,ii,jj,iii,jjj,Y_copy,X0_copy,X1_copy,X2_copy)
                                                                           ^~~~~~~
[00;31mERROR: orio.main.tuner.ptest_driver:  failed to compile the testing code: "timeout --kill-after=30s --signal=9 20m gcc -O3 -fopenmp -DDYNAMIC  -DORIO_REPS=10 -o __orio_perftest96.exe __orio_perftest96.c timer_cpu.o -lm -lrt"[00m
[00;31mERROR: orio.main.tuner.ptest_driver:  the executable of the test code does not exist[00m
timeout: failed to run command â€˜./__orio_perftest96.exeâ€™: No such file or directory
[00;31mERROR: orio.main.tuner.ptest_driver: failed to execute the test code: "timeout --kill-after=30s --signal=9 20m  ./__orio_perftest96.exe  "
 --> CalledProcessError: Command 'timeout --kill-after=30s --signal=9 20m  ./__orio_perftest96.exe  ' returned non-zero exit status 127[00m
[00;31mERROR: orio.main.tuner.ptest_driver:  performance testing failed: "timeout --kill-after=30s --signal=9 20m  ./__orio_perftest96.exe  "[00m
__orio_perftest97.c: In function â€˜mainâ€™:
__orio_perftest97.c:131:52: error: â€˜Y_copyâ€™ undeclared (first use in this function)
 #pragma omp parallel for private(i,j,ii,jj,iii,jjj,Y_copy,X0_copy,X1_copy,X2_copy)
                                                    ^~~~~~
__orio_perftest97.c:131:52: note: each undeclared identifier is reported only once for each function it appears in
__orio_perftest97.c:131:59: error: â€˜X0_copyâ€™ undeclared (first use in this function)
 #pragma omp parallel for private(i,j,ii,jj,iii,jjj,Y_copy,X0_copy,X1_copy,X2_copy)
                                                           ^~~~~~~
__orio_perftest97.c:131:67: error: â€˜X1_copyâ€™ undeclared (first use in this function)
 #pragma omp parallel for private(i,j,ii,jj,iii,jjj,Y_copy,X0_copy,X1_copy,X2_copy)
                                                                   ^~~~~~~
__orio_perftest97.c:131:75: error: â€˜X2_copyâ€™ undeclared (first use in this function)
 #pragma omp parallel for private(i,j,ii,jj,iii,jjj,Y_copy,X0_copy,X1_copy,X2_copy)
                                                                           ^~~~~~~
[00;31mERROR: orio.main.tuner.ptest_driver:  failed to compile the testing code: "timeout --kill-after=30s --signal=9 20m gcc -O3 -fopenmp -DDYNAMIC  -DORIO_REPS=10 -o __orio_perftest97.exe __orio_perftest97.c timer_cpu.o -lm -lrt"[00m
[00;31mERROR: orio.main.tuner.ptest_driver:  the executable of the test code does not exist[00m
timeout: failed to run command â€˜./__orio_perftest97.exeâ€™: No such file or directory
[00;31mERROR: orio.main.tuner.ptest_driver: failed to execute the test code: "timeout --kill-after=30s --signal=9 20m  ./__orio_perftest97.exe  "
 --> CalledProcessError: Command 'timeout --kill-after=30s --signal=9 20m  ./__orio_perftest97.exe  ' returned non-zero exit status 127[00m
[00;31mERROR: orio.main.tuner.ptest_driver:  performance testing failed: "timeout --kill-after=30s --signal=9 20m  ./__orio_perftest97.exe  "[00m
expected=14981109.589145
actual=14981109.589145
diff=0.000000
diff=1
__orio_perftest99.c: In function â€˜mainâ€™:
__orio_perftest99.c:131:52: error: â€˜Y_copyâ€™ undeclared (first use in this function)
 #pragma omp parallel for private(i,j,ii,jj,iii,jjj,Y_copy,X0_copy,X1_copy,X2_copy)
                                                    ^~~~~~
__orio_perftest99.c:131:52: note: each undeclared identifier is reported only once for each function it appears in
__orio_perftest99.c:131:59: error: â€˜X0_copyâ€™ undeclared (first use in this function)
 #pragma omp parallel for private(i,j,ii,jj,iii,jjj,Y_copy,X0_copy,X1_copy,X2_copy)
                                                           ^~~~~~~
__orio_perftest99.c:131:67: error: â€˜X1_copyâ€™ undeclared (first use in this function)
 #pragma omp parallel for private(i,j,ii,jj,iii,jjj,Y_copy,X0_copy,X1_copy,X2_copy)
                                                                   ^~~~~~~
__orio_perftest99.c:131:75: error: â€˜X2_copyâ€™ undeclared (first use in this function)
 #pragma omp parallel for private(i,j,ii,jj,iii,jjj,Y_copy,X0_copy,X1_copy,X2_copy)
                                                                           ^~~~~~~
[00;31mERROR: orio.main.tuner.ptest_driver:  failed to compile the testing code: "timeout --kill-after=30s --signal=9 20m gcc -O3 -fopenmp -DDYNAMIC  -DORIO_REPS=10 -o __orio_perftest99.exe __orio_perftest99.c timer_cpu.o -lm -lrt"[00m
[00;31mERROR: orio.main.tuner.ptest_driver:  the executable of the test code does not exist[00m
timeout: failed to run command â€˜./__orio_perftest99.exeâ€™: No such file or directory
[00;31mERROR: orio.main.tuner.ptest_driver: failed to execute the test code: "timeout --kill-after=30s --signal=9 20m  ./__orio_perftest99.exe  "
 --> CalledProcessError: Command 'timeout --kill-after=30s --signal=9 20m  ./__orio_perftest99.exe  ' returned non-zero exit status 127[00m
[00;31mERROR: orio.main.tuner.ptest_driver:  performance testing failed: "timeout --kill-after=30s --signal=9 20m  ./__orio_perftest99.exe  "[00m
expected=14981109.589145
actual=14981109.589145
diff=0.000000
diff=1
__orio_perftest101.c: In function â€˜mainâ€™:
__orio_perftest101.c:131:52: error: â€˜Y_copyâ€™ undeclared (first use in this function)
 #pragma omp parallel for private(i,j,ii,jj,iii,jjj,Y_copy,X0_copy,X1_copy,X2_copy)
                                                    ^~~~~~
__orio_perftest101.c:131:52: note: each undeclared identifier is reported only once for each function it appears in
__orio_perftest101.c:131:59: error: â€˜X0_copyâ€™ undeclared (first use in this function)
 #pragma omp parallel for private(i,j,ii,jj,iii,jjj,Y_copy,X0_copy,X1_copy,X2_copy)
                                                           ^~~~~~~
__orio_perftest101.c:131:67: error: â€˜X1_copyâ€™ undeclared (first use in this function)
 #pragma omp parallel for private(i,j,ii,jj,iii,jjj,Y_copy,X0_copy,X1_copy,X2_copy)
                                                                   ^~~~~~~
__orio_perftest101.c:131:75: error: â€˜X2_copyâ€™ undeclared (first use in this function)
 #pragma omp parallel for private(i,j,ii,jj,iii,jjj,Y_copy,X0_copy,X1_copy,X2_copy)
                                                                           ^~~~~~~
[00;31mERROR: orio.main.tuner.ptest_driver:  failed to compile the testing code: "timeout --kill-after=30s --signal=9 20m gcc -O3 -fopenmp -DDYNAMIC  -DORIO_REPS=10 -o __orio_perftest101.exe __orio_perftest101.c timer_cpu.o -lm -lrt"[00m
[00;31mERROR: orio.main.tuner.ptest_driver:  the executable of the test code does not exist[00m
timeout: failed to run command â€˜./__orio_perftest101.exeâ€™: No such file or directory
[00;31mERROR: orio.main.tuner.ptest_driver: failed to execute the test code: "timeout --kill-after=30s --signal=9 20m  ./__orio_perftest101.exe  "
 --> CalledProcessError: Command 'timeout --kill-after=30s --signal=9 20m  ./__orio_perftest101.exe  ' returned non-zero exit status 127[00m
[00;31mERROR: orio.main.tuner.ptest_driver:  performance testing failed: "timeout --kill-after=30s --signal=9 20m  ./__orio_perftest101.exe  "[00m
__orio_perftest102.c: In function â€˜mainâ€™:
__orio_perftest102.c:131:52: error: â€˜Y_copyâ€™ undeclared (first use in this function)
 #pragma omp parallel for private(i,j,ii,jj,iii,jjj,Y_copy,X0_copy,X1_copy,X2_copy)
                                                    ^~~~~~
__orio_perftest102.c:131:52: note: each undeclared identifier is reported only once for each function it appears in
__orio_perftest102.c:131:59: error: â€˜X0_copyâ€™ undeclared (first use in this function)
 #pragma omp parallel for private(i,j,ii,jj,iii,jjj,Y_copy,X0_copy,X1_copy,X2_copy)
                                                           ^~~~~~~
__orio_perftest102.c:131:67: error: â€˜X1_copyâ€™ undeclared (first use in this function)
 #pragma omp parallel for private(i,j,ii,jj,iii,jjj,Y_copy,X0_copy,X1_copy,X2_copy)
                                                                   ^~~~~~~
__orio_perftest102.c:131:75: error: â€˜X2_copyâ€™ undeclared (first use in this function)
 #pragma omp parallel for private(i,j,ii,jj,iii,jjj,Y_copy,X0_copy,X1_copy,X2_copy)
                                                                           ^~~~~~~
[00;31mERROR: orio.main.tuner.ptest_driver:  failed to compile the testing code: "timeout --kill-after=30s --signal=9 20m gcc -O3 -fopenmp -DDYNAMIC  -DORIO_REPS=10 -o __orio_perftest102.exe __orio_perftest102.c timer_cpu.o -lm -lrt"[00m
[00;31mERROR: orio.main.tuner.ptest_driver:  the executable of the test code does not exist[00m
timeout: failed to run command â€˜./__orio_perftest102.exeâ€™: No such file or directory
[00;31mERROR: orio.main.tuner.ptest_driver: failed to execute the test code: "timeout --kill-after=30s --signal=9 20m  ./__orio_perftest102.exe  "
 --> CalledProcessError: Command 'timeout --kill-after=30s --signal=9 20m  ./__orio_perftest102.exe  ' returned non-zero exit status 127[00m
[00;31mERROR: orio.main.tuner.ptest_driver:  performance testing failed: "timeout --kill-after=30s --signal=9 20m  ./__orio_perftest102.exe  "[00m
expected=14981109.589145
actual=14981109.589145
diff=0.000000
diff=1
__orio_perftest104.c: In function â€˜mainâ€™:
__orio_perftest104.c:131:52: error: â€˜Y_copyâ€™ undeclared (first use in this function)
 #pragma omp parallel for private(i,j,ii,jj,iii,jjj,Y_copy,X0_copy,X1_copy,X2_copy)
                                                    ^~~~~~
__orio_perftest104.c:131:52: note: each undeclared identifier is reported only once for each function it appears in
__orio_perftest104.c:131:59: error: â€˜X0_copyâ€™ undeclared (first use in this function)
 #pragma omp parallel for private(i,j,ii,jj,iii,jjj,Y_copy,X0_copy,X1_copy,X2_copy)
                                                           ^~~~~~~
__orio_perftest104.c:131:67: error: â€˜X1_copyâ€™ undeclared (first use in this function)
 #pragma omp parallel for private(i,j,ii,jj,iii,jjj,Y_copy,X0_copy,X1_copy,X2_copy)
                                                                   ^~~~~~~
__orio_perftest104.c:131:75: error: â€˜X2_copyâ€™ undeclared (first use in this function)
 #pragma omp parallel for private(i,j,ii,jj,iii,jjj,Y_copy,X0_copy,X1_copy,X2_copy)
                                                                           ^~~~~~~
[00;31mERROR: orio.main.tuner.ptest_driver:  failed to compile the testing code: "timeout --kill-after=30s --signal=9 20m gcc -O3 -fopenmp -DDYNAMIC  -DORIO_REPS=10 -o __orio_perftest104.exe __orio_perftest104.c timer_cpu.o -lm -lrt"[00m
[00;31mERROR: orio.main.tuner.ptest_driver:  the executable of the test code does not exist[00m
timeout: failed to run command â€˜./__orio_perftest104.exeâ€™: No such file or directory
[00;31mERROR: orio.main.tuner.ptest_driver: failed to execute the test code: "timeout --kill-after=30s --signal=9 20m  ./__orio_perftest104.exe  "
 --> CalledProcessError: Command 'timeout --kill-after=30s --signal=9 20m  ./__orio_perftest104.exe  ' returned non-zero exit status 127[00m
[00;31mERROR: orio.main.tuner.ptest_driver:  performance testing failed: "timeout --kill-after=30s --signal=9 20m  ./__orio_perftest104.exe  "[00m
expected=14981109.589145
actual=14981109.589145
diff=0.000000
diff=1
