
__orio_perftest1.c: In function â€˜mainâ€™:
__orio_perftest1.c:131:52: error: â€˜Y_copyâ€™ undeclared (first use in this function)
 #pragma omp parallel for private(i,j,ii,jj,iii,jjj,Y_copy,X0_copy,X1_copy,X2_copy)
                                                    ^~~~~~
__orio_perftest1.c:131:52: note: each undeclared identifier is reported only once for each function it appears in
__orio_perftest1.c:131:59: error: â€˜X0_copyâ€™ undeclared (first use in this function)
 #pragma omp parallel for private(i,j,ii,jj,iii,jjj,Y_copy,X0_copy,X1_copy,X2_copy)
                                                           ^~~~~~~
__orio_perftest1.c:131:67: error: â€˜X1_copyâ€™ undeclared (first use in this function)
 #pragma omp parallel for private(i,j,ii,jj,iii,jjj,Y_copy,X0_copy,X1_copy,X2_copy)
                                                                   ^~~~~~~
__orio_perftest1.c:131:75: error: â€˜X2_copyâ€™ undeclared (first use in this function)
 #pragma omp parallel for private(i,j,ii,jj,iii,jjj,Y_copy,X0_copy,X1_copy,X2_copy)
                                                                           ^~~~~~~
[00;31mERROR: orio.main.tuner.ptest_driver:  failed to compile the original version of the code: "timeout --kill-after=30s --signal=9 20m gcc -O3 -fopenmp -DDYNAMIC  -DORIO_REPS=10 -DORIGINAL -o __orio_perftest_original.exe __orio_perftest1.c timer_cpu.o -lm -lrt"[00m
__orio_perftest1.c: In function â€˜mainâ€™:
__orio_perftest1.c:131:52: error: â€˜Y_copyâ€™ undeclared (first use in this function)
 #pragma omp parallel for private(i,j,ii,jj,iii,jjj,Y_copy,X0_copy,X1_copy,X2_copy)
                                                    ^~~~~~
__orio_perftest1.c:131:52: note: each undeclared identifier is reported only once for each function it appears in
__orio_perftest1.c:131:59: error: â€˜X0_copyâ€™ undeclared (first use in this function)
 #pragma omp parallel for private(i,j,ii,jj,iii,jjj,Y_copy,X0_copy,X1_copy,X2_copy)
                                                           ^~~~~~~
__orio_perftest1.c:131:67: error: â€˜X1_copyâ€™ undeclared (first use in this function)
 #pragma omp parallel for private(i,j,ii,jj,iii,jjj,Y_copy,X0_copy,X1_copy,X2_copy)
                                                                   ^~~~~~~
__orio_perftest1.c:131:75: error: â€˜X2_copyâ€™ undeclared (first use in this function)
 #pragma omp parallel for private(i,j,ii,jj,iii,jjj,Y_copy,X0_copy,X1_copy,X2_copy)
                                                                           ^~~~~~~
[00;31mERROR: orio.main.tuner.ptest_driver:  failed to compile the testing code: "timeout --kill-after=30s --signal=9 20m gcc -O3 -fopenmp -DDYNAMIC  -DORIO_REPS=10 -o __orio_perftest1.exe __orio_perftest1.c timer_cpu.o -lm -lrt"[00m
[00;31mERROR: orio.main.tuner.ptest_driver:  the executable of the test code does not exist[00m
timeout: failed to run command â€˜./__orio_perftest1.exeâ€™: No such file or directory
[00;31mERROR: orio.main.tuner.ptest_driver: failed to execute the test code: "timeout --kill-after=30s --signal=9 20m  ./__orio_perftest1.exe  "
 --> CalledProcessError: Command 'timeout --kill-after=30s --signal=9 20m  ./__orio_perftest1.exe  ' returned non-zero exit status 127[00m
[00;31mERROR: orio.main.tuner.ptest_driver:  performance testing failed: "timeout --kill-after=30s --signal=9 20m  ./__orio_perftest1.exe  "[00m
__orio_perftest2.c: In function â€˜mainâ€™:
__orio_perftest2.c:131:52: error: â€˜Y_copyâ€™ undeclared (first use in this function)
 #pragma omp parallel for private(i,j,ii,jj,iii,jjj,Y_copy,X0_copy,X1_copy,X2_copy)
                                                    ^~~~~~
__orio_perftest2.c:131:52: note: each undeclared identifier is reported only once for each function it appears in
__orio_perftest2.c:131:59: error: â€˜X0_copyâ€™ undeclared (first use in this function)
 #pragma omp parallel for private(i,j,ii,jj,iii,jjj,Y_copy,X0_copy,X1_copy,X2_copy)
                                                           ^~~~~~~
__orio_perftest2.c:131:67: error: â€˜X1_copyâ€™ undeclared (first use in this function)
 #pragma omp parallel for private(i,j,ii,jj,iii,jjj,Y_copy,X0_copy,X1_copy,X2_copy)
                                                                   ^~~~~~~
__orio_perftest2.c:131:75: error: â€˜X2_copyâ€™ undeclared (first use in this function)
 #pragma omp parallel for private(i,j,ii,jj,iii,jjj,Y_copy,X0_copy,X1_copy,X2_copy)
                                                                           ^~~~~~~
[00;31mERROR: orio.main.tuner.ptest_driver:  failed to compile the testing code: "timeout --kill-after=30s --signal=9 20m gcc -O3 -fopenmp -DDYNAMIC  -DORIO_REPS=10 -o __orio_perftest2.exe __orio_perftest2.c timer_cpu.o -lm -lrt"[00m
[00;31mERROR: orio.main.tuner.ptest_driver:  the executable of the test code does not exist[00m
timeout: failed to run command â€˜./__orio_perftest2.exeâ€™: No such file or directory
[00;31mERROR: orio.main.tuner.ptest_driver: failed to execute the test code: "timeout --kill-after=30s --signal=9 20m  ./__orio_perftest2.exe  "
 --> CalledProcessError: Command 'timeout --kill-after=30s --signal=9 20m  ./__orio_perftest2.exe  ' returned non-zero exit status 127[00m
[00;31mERROR: orio.main.tuner.ptest_driver:  performance testing failed: "timeout --kill-after=30s --signal=9 20m  ./__orio_perftest2.exe  "[00m
expected=14981109.589145
actual=14981109.589145
diff=0.000000
diff=1
expected=14981109.589145
actual=14981109.589145
diff=0.000000
diff=1
__orio_perftest5.c: In function â€˜mainâ€™:
__orio_perftest5.c:131:52: error: â€˜Y_copyâ€™ undeclared (first use in this function)
 #pragma omp parallel for private(i,j,ii,jj,iii,jjj,Y_copy,X0_copy,X1_copy,X2_copy)
                                                    ^~~~~~
__orio_perftest5.c:131:52: note: each undeclared identifier is reported only once for each function it appears in
__orio_perftest5.c:131:59: error: â€˜X0_copyâ€™ undeclared (first use in this function)
 #pragma omp parallel for private(i,j,ii,jj,iii,jjj,Y_copy,X0_copy,X1_copy,X2_copy)
                                                           ^~~~~~~
__orio_perftest5.c:131:67: error: â€˜X1_copyâ€™ undeclared (first use in this function)
 #pragma omp parallel for private(i,j,ii,jj,iii,jjj,Y_copy,X0_copy,X1_copy,X2_copy)
                                                                   ^~~~~~~
__orio_perftest5.c:131:75: error: â€˜X2_copyâ€™ undeclared (first use in this function)
 #pragma omp parallel for private(i,j,ii,jj,iii,jjj,Y_copy,X0_copy,X1_copy,X2_copy)
                                                                           ^~~~~~~
[00;31mERROR: orio.main.tuner.ptest_driver:  failed to compile the testing code: "timeout --kill-after=30s --signal=9 20m gcc -O3 -fopenmp -DDYNAMIC  -DORIO_REPS=10 -o __orio_perftest5.exe __orio_perftest5.c timer_cpu.o -lm -lrt"[00m
[00;31mERROR: orio.main.tuner.ptest_driver:  the executable of the test code does not exist[00m
timeout: failed to run command â€˜./__orio_perftest5.exeâ€™: No such file or directory
[00;31mERROR: orio.main.tuner.ptest_driver: failed to execute the test code: "timeout --kill-after=30s --signal=9 20m  ./__orio_perftest5.exe  "
 --> CalledProcessError: Command 'timeout --kill-after=30s --signal=9 20m  ./__orio_perftest5.exe  ' returned non-zero exit status 127[00m
[00;31mERROR: orio.main.tuner.ptest_driver:  performance testing failed: "timeout --kill-after=30s --signal=9 20m  ./__orio_perftest5.exe  "[00m
expected=14981109.589145
actual=14981109.589145
diff=0.000000
diff=1
expected=14981109.589145
actual=14981109.589145
diff=0.000000
diff=1
__orio_perftest8.c: In function â€˜mainâ€™:
__orio_perftest8.c:131:52: error: â€˜Y_copyâ€™ undeclared (first use in this function)
 #pragma omp parallel for private(i,j,ii,jj,iii,jjj,Y_copy,X0_copy,X1_copy,X2_copy)
                                                    ^~~~~~
__orio_perftest8.c:131:52: note: each undeclared identifier is reported only once for each function it appears in
__orio_perftest8.c:131:59: error: â€˜X0_copyâ€™ undeclared (first use in this function)
 #pragma omp parallel for private(i,j,ii,jj,iii,jjj,Y_copy,X0_copy,X1_copy,X2_copy)
                                                           ^~~~~~~
__orio_perftest8.c:131:67: error: â€˜X1_copyâ€™ undeclared (first use in this function)
 #pragma omp parallel for private(i,j,ii,jj,iii,jjj,Y_copy,X0_copy,X1_copy,X2_copy)
                                                                   ^~~~~~~
__orio_perftest8.c:131:75: error: â€˜X2_copyâ€™ undeclared (first use in this function)
 #pragma omp parallel for private(i,j,ii,jj,iii,jjj,Y_copy,X0_copy,X1_copy,X2_copy)
                                                                           ^~~~~~~
[00;31mERROR: orio.main.tuner.ptest_driver:  failed to compile the testing code: "timeout --kill-after=30s --signal=9 20m gcc -O3 -fopenmp -DDYNAMIC  -DORIO_REPS=10 -o __orio_perftest8.exe __orio_perftest8.c timer_cpu.o -lm -lrt"[00m
[00;31mERROR: orio.main.tuner.ptest_driver:  the executable of the test code does not exist[00m
timeout: failed to run command â€˜./__orio_perftest8.exeâ€™: No such file or directory
[00;31mERROR: orio.main.tuner.ptest_driver: failed to execute the test code: "timeout --kill-after=30s --signal=9 20m  ./__orio_perftest8.exe  "
 --> CalledProcessError: Command 'timeout --kill-after=30s --signal=9 20m  ./__orio_perftest8.exe  ' returned non-zero exit status 127[00m
[00;31mERROR: orio.main.tuner.ptest_driver:  performance testing failed: "timeout --kill-after=30s --signal=9 20m  ./__orio_perftest8.exe  "[00m
__orio_perftest9.c: In function â€˜mainâ€™:
__orio_perftest9.c:131:52: error: â€˜Y_copyâ€™ undeclared (first use in this function)
 #pragma omp parallel for private(i,j,ii,jj,iii,jjj,Y_copy,X0_copy,X1_copy,X2_copy)
                                                    ^~~~~~
__orio_perftest9.c:131:52: note: each undeclared identifier is reported only once for each function it appears in
__orio_perftest9.c:131:59: error: â€˜X0_copyâ€™ undeclared (first use in this function)
 #pragma omp parallel for private(i,j,ii,jj,iii,jjj,Y_copy,X0_copy,X1_copy,X2_copy)
                                                           ^~~~~~~
__orio_perftest9.c:131:67: error: â€˜X1_copyâ€™ undeclared (first use in this function)
 #pragma omp parallel for private(i,j,ii,jj,iii,jjj,Y_copy,X0_copy,X1_copy,X2_copy)
                                                                   ^~~~~~~
__orio_perftest9.c:131:75: error: â€˜X2_copyâ€™ undeclared (first use in this function)
 #pragma omp parallel for private(i,j,ii,jj,iii,jjj,Y_copy,X0_copy,X1_copy,X2_copy)
                                                                           ^~~~~~~
[00;31mERROR: orio.main.tuner.ptest_driver:  failed to compile the testing code: "timeout --kill-after=30s --signal=9 20m gcc -O3 -fopenmp -DDYNAMIC  -DORIO_REPS=10 -o __orio_perftest9.exe __orio_perftest9.c timer_cpu.o -lm -lrt"[00m
[00;31mERROR: orio.main.tuner.ptest_driver:  the executable of the test code does not exist[00m
timeout: failed to run command â€˜./__orio_perftest9.exeâ€™: No such file or directory
[00;31mERROR: orio.main.tuner.ptest_driver: failed to execute the test code: "timeout --kill-after=30s --signal=9 20m  ./__orio_perftest9.exe  "
 --> CalledProcessError: Command 'timeout --kill-after=30s --signal=9 20m  ./__orio_perftest9.exe  ' returned non-zero exit status 127[00m
[00;31mERROR: orio.main.tuner.ptest_driver:  performance testing failed: "timeout --kill-after=30s --signal=9 20m  ./__orio_perftest9.exe  "[00m
__orio_perftest10.c: In function â€˜mainâ€™:
__orio_perftest10.c:131:52: error: â€˜Y_copyâ€™ undeclared (first use in this function)
 #pragma omp parallel for private(i,j,ii,jj,iii,jjj,Y_copy,X0_copy,X1_copy,X2_copy)
                                                    ^~~~~~
__orio_perftest10.c:131:52: note: each undeclared identifier is reported only once for each function it appears in
__orio_perftest10.c:131:59: error: â€˜X0_copyâ€™ undeclared (first use in this function)
 #pragma omp parallel for private(i,j,ii,jj,iii,jjj,Y_copy,X0_copy,X1_copy,X2_copy)
                                                           ^~~~~~~
__orio_perftest10.c:131:67: error: â€˜X1_copyâ€™ undeclared (first use in this function)
 #pragma omp parallel for private(i,j,ii,jj,iii,jjj,Y_copy,X0_copy,X1_copy,X2_copy)
                                                                   ^~~~~~~
__orio_perftest10.c:131:75: error: â€˜X2_copyâ€™ undeclared (first use in this function)
 #pragma omp parallel for private(i,j,ii,jj,iii,jjj,Y_copy,X0_copy,X1_copy,X2_copy)
                                                                           ^~~~~~~
[00;31mERROR: orio.main.tuner.ptest_driver:  failed to compile the testing code: "timeout --kill-after=30s --signal=9 20m gcc -O3 -fopenmp -DDYNAMIC  -DORIO_REPS=10 -o __orio_perftest10.exe __orio_perftest10.c timer_cpu.o -lm -lrt"[00m
[00;31mERROR: orio.main.tuner.ptest_driver:  the executable of the test code does not exist[00m
timeout: failed to run command â€˜./__orio_perftest10.exeâ€™: No such file or directory
[00;31mERROR: orio.main.tuner.ptest_driver: failed to execute the test code: "timeout --kill-after=30s --signal=9 20m  ./__orio_perftest10.exe  "
 --> CalledProcessError: Command 'timeout --kill-after=30s --signal=9 20m  ./__orio_perftest10.exe  ' returned non-zero exit status 127[00m
[00;31mERROR: orio.main.tuner.ptest_driver:  performance testing failed: "timeout --kill-after=30s --signal=9 20m  ./__orio_perftest10.exe  "[00m
expected=14981109.589145
actual=14981109.589145
diff=0.000000
diff=1
__orio_perftest12.c: In function â€˜mainâ€™:
__orio_perftest12.c:131:52: error: â€˜Y_copyâ€™ undeclared (first use in this function)
 #pragma omp parallel for private(i,j,ii,jj,iii,jjj,Y_copy,X0_copy,X1_copy,X2_copy)
                                                    ^~~~~~
__orio_perftest12.c:131:52: note: each undeclared identifier is reported only once for each function it appears in
__orio_perftest12.c:131:59: error: â€˜X0_copyâ€™ undeclared (first use in this function)
 #pragma omp parallel for private(i,j,ii,jj,iii,jjj,Y_copy,X0_copy,X1_copy,X2_copy)
                                                           ^~~~~~~
__orio_perftest12.c:131:67: error: â€˜X1_copyâ€™ undeclared (first use in this function)
 #pragma omp parallel for private(i,j,ii,jj,iii,jjj,Y_copy,X0_copy,X1_copy,X2_copy)
                                                                   ^~~~~~~
__orio_perftest12.c:131:75: error: â€˜X2_copyâ€™ undeclared (first use in this function)
 #pragma omp parallel for private(i,j,ii,jj,iii,jjj,Y_copy,X0_copy,X1_copy,X2_copy)
                                                                           ^~~~~~~
[00;31mERROR: orio.main.tuner.ptest_driver:  failed to compile the testing code: "timeout --kill-after=30s --signal=9 20m gcc -O3 -fopenmp -DDYNAMIC  -DORIO_REPS=10 -o __orio_perftest12.exe __orio_perftest12.c timer_cpu.o -lm -lrt"[00m
[00;31mERROR: orio.main.tuner.ptest_driver:  the executable of the test code does not exist[00m
timeout: failed to run command â€˜./__orio_perftest12.exeâ€™: No such file or directory
[00;31mERROR: orio.main.tuner.ptest_driver: failed to execute the test code: "timeout --kill-after=30s --signal=9 20m  ./__orio_perftest12.exe  "
 --> CalledProcessError: Command 'timeout --kill-after=30s --signal=9 20m  ./__orio_perftest12.exe  ' returned non-zero exit status 127[00m
[00;31mERROR: orio.main.tuner.ptest_driver:  performance testing failed: "timeout --kill-after=30s --signal=9 20m  ./__orio_perftest12.exe  "[00m
expected=14981109.589145
actual=14981109.589145
diff=0.000000
diff=1
__orio_perftest14.c: In function â€˜mainâ€™:
__orio_perftest14.c:131:52: error: â€˜Y_copyâ€™ undeclared (first use in this function)
 #pragma omp parallel for private(i,j,ii,jj,iii,jjj,Y_copy,X0_copy,X1_copy,X2_copy)
                                                    ^~~~~~
__orio_perftest14.c:131:52: note: each undeclared identifier is reported only once for each function it appears in
__orio_perftest14.c:131:59: error: â€˜X0_copyâ€™ undeclared (first use in this function)
 #pragma omp parallel for private(i,j,ii,jj,iii,jjj,Y_copy,X0_copy,X1_copy,X2_copy)
                                                           ^~~~~~~
__orio_perftest14.c:131:67: error: â€˜X1_copyâ€™ undeclared (first use in this function)
 #pragma omp parallel for private(i,j,ii,jj,iii,jjj,Y_copy,X0_copy,X1_copy,X2_copy)
                                                                   ^~~~~~~
__orio_perftest14.c:131:75: error: â€˜X2_copyâ€™ undeclared (first use in this function)
 #pragma omp parallel for private(i,j,ii,jj,iii,jjj,Y_copy,X0_copy,X1_copy,X2_copy)
                                                                           ^~~~~~~
[00;31mERROR: orio.main.tuner.ptest_driver:  failed to compile the testing code: "timeout --kill-after=30s --signal=9 20m gcc -O3 -fopenmp -DDYNAMIC  -DORIO_REPS=10 -o __orio_perftest14.exe __orio_perftest14.c timer_cpu.o -lm -lrt"[00m
[00;31mERROR: orio.main.tuner.ptest_driver:  the executable of the test code does not exist[00m
timeout: failed to run command â€˜./__orio_perftest14.exeâ€™: No such file or directory
[00;31mERROR: orio.main.tuner.ptest_driver: failed to execute the test code: "timeout --kill-after=30s --signal=9 20m  ./__orio_perftest14.exe  "
 --> CalledProcessError: Command 'timeout --kill-after=30s --signal=9 20m  ./__orio_perftest14.exe  ' returned non-zero exit status 127[00m
[00;31mERROR: orio.main.tuner.ptest_driver:  performance testing failed: "timeout --kill-after=30s --signal=9 20m  ./__orio_perftest14.exe  "[00m
__orio_perftest15.c: In function â€˜mainâ€™:
__orio_perftest15.c:131:52: error: â€˜Y_copyâ€™ undeclared (first use in this function)
 #pragma omp parallel for private(i,j,ii,jj,iii,jjj,Y_copy,X0_copy,X1_copy,X2_copy)
                                                    ^~~~~~
__orio_perftest15.c:131:52: note: each undeclared identifier is reported only once for each function it appears in
__orio_perftest15.c:131:59: error: â€˜X0_copyâ€™ undeclared (first use in this function)
 #pragma omp parallel for private(i,j,ii,jj,iii,jjj,Y_copy,X0_copy,X1_copy,X2_copy)
                                                           ^~~~~~~
__orio_perftest15.c:131:67: error: â€˜X1_copyâ€™ undeclared (first use in this function)
 #pragma omp parallel for private(i,j,ii,jj,iii,jjj,Y_copy,X0_copy,X1_copy,X2_copy)
                                                                   ^~~~~~~
__orio_perftest15.c:131:75: error: â€˜X2_copyâ€™ undeclared (first use in this function)
 #pragma omp parallel for private(i,j,ii,jj,iii,jjj,Y_copy,X0_copy,X1_copy,X2_copy)
                                                                           ^~~~~~~
[00;31mERROR: orio.main.tuner.ptest_driver:  failed to compile the testing code: "timeout --kill-after=30s --signal=9 20m gcc -O3 -fopenmp -DDYNAMIC  -DORIO_REPS=10 -o __orio_perftest15.exe __orio_perftest15.c timer_cpu.o -lm -lrt"[00m
[00;31mERROR: orio.main.tuner.ptest_driver:  the executable of the test code does not exist[00m
timeout: failed to run command â€˜./__orio_perftest15.exeâ€™: No such file or directory
[00;31mERROR: orio.main.tuner.ptest_driver: failed to execute the test code: "timeout --kill-after=30s --signal=9 20m  ./__orio_perftest15.exe  "
 --> CalledProcessError: Command 'timeout --kill-after=30s --signal=9 20m  ./__orio_perftest15.exe  ' returned non-zero exit status 127[00m
[00;31mERROR: orio.main.tuner.ptest_driver:  performance testing failed: "timeout --kill-after=30s --signal=9 20m  ./__orio_perftest15.exe  "[00m
__orio_perftest16.c: In function â€˜mainâ€™:
__orio_perftest16.c:131:52: error: â€˜Y_copyâ€™ undeclared (first use in this function)
 #pragma omp parallel for private(i,j,ii,jj,iii,jjj,Y_copy,X0_copy,X1_copy,X2_copy)
                                                    ^~~~~~
__orio_perftest16.c:131:52: note: each undeclared identifier is reported only once for each function it appears in
__orio_perftest16.c:131:59: error: â€˜X0_copyâ€™ undeclared (first use in this function)
 #pragma omp parallel for private(i,j,ii,jj,iii,jjj,Y_copy,X0_copy,X1_copy,X2_copy)
                                                           ^~~~~~~
__orio_perftest16.c:131:67: error: â€˜X1_copyâ€™ undeclared (first use in this function)
 #pragma omp parallel for private(i,j,ii,jj,iii,jjj,Y_copy,X0_copy,X1_copy,X2_copy)
                                                                   ^~~~~~~
__orio_perftest16.c:131:75: error: â€˜X2_copyâ€™ undeclared (first use in this function)
 #pragma omp parallel for private(i,j,ii,jj,iii,jjj,Y_copy,X0_copy,X1_copy,X2_copy)
                                                                           ^~~~~~~
[00;31mERROR: orio.main.tuner.ptest_driver:  failed to compile the testing code: "timeout --kill-after=30s --signal=9 20m gcc -O3 -fopenmp -DDYNAMIC  -DORIO_REPS=10 -o __orio_perftest16.exe __orio_perftest16.c timer_cpu.o -lm -lrt"[00m
[00;31mERROR: orio.main.tuner.ptest_driver:  the executable of the test code does not exist[00m
timeout: failed to run command â€˜./__orio_perftest16.exeâ€™: No such file or directory
[00;31mERROR: orio.main.tuner.ptest_driver: failed to execute the test code: "timeout --kill-after=30s --signal=9 20m  ./__orio_perftest16.exe  "
 --> CalledProcessError: Command 'timeout --kill-after=30s --signal=9 20m  ./__orio_perftest16.exe  ' returned non-zero exit status 127[00m
[00;31mERROR: orio.main.tuner.ptest_driver:  performance testing failed: "timeout --kill-after=30s --signal=9 20m  ./__orio_perftest16.exe  "[00m
expected=14981109.589145
actual=14981109.589145
diff=0.000000
diff=1
__orio_perftest18.c: In function â€˜mainâ€™:
__orio_perftest18.c:131:52: error: â€˜Y_copyâ€™ undeclared (first use in this function)
 #pragma omp parallel for private(i,j,ii,jj,iii,jjj,Y_copy,X0_copy,X1_copy,X2_copy)
                                                    ^~~~~~
__orio_perftest18.c:131:52: note: each undeclared identifier is reported only once for each function it appears in
__orio_perftest18.c:131:59: error: â€˜X0_copyâ€™ undeclared (first use in this function)
 #pragma omp parallel for private(i,j,ii,jj,iii,jjj,Y_copy,X0_copy,X1_copy,X2_copy)
                                                           ^~~~~~~
__orio_perftest18.c:131:67: error: â€˜X1_copyâ€™ undeclared (first use in this function)
 #pragma omp parallel for private(i,j,ii,jj,iii,jjj,Y_copy,X0_copy,X1_copy,X2_copy)
                                                                   ^~~~~~~
__orio_perftest18.c:131:75: error: â€˜X2_copyâ€™ undeclared (first use in this function)
 #pragma omp parallel for private(i,j,ii,jj,iii,jjj,Y_copy,X0_copy,X1_copy,X2_copy)
                                                                           ^~~~~~~
[00;31mERROR: orio.main.tuner.ptest_driver:  failed to compile the testing code: "timeout --kill-after=30s --signal=9 20m gcc -O3 -fopenmp -DDYNAMIC  -DORIO_REPS=10 -o __orio_perftest18.exe __orio_perftest18.c timer_cpu.o -lm -lrt"[00m
[00;31mERROR: orio.main.tuner.ptest_driver:  the executable of the test code does not exist[00m
timeout: failed to run command â€˜./__orio_perftest18.exeâ€™: No such file or directory
[00;31mERROR: orio.main.tuner.ptest_driver: failed to execute the test code: "timeout --kill-after=30s --signal=9 20m  ./__orio_perftest18.exe  "
 --> CalledProcessError: Command 'timeout --kill-after=30s --signal=9 20m  ./__orio_perftest18.exe  ' returned non-zero exit status 127[00m
[00;31mERROR: orio.main.tuner.ptest_driver:  performance testing failed: "timeout --kill-after=30s --signal=9 20m  ./__orio_perftest18.exe  "[00m
expected=14981109.589145
actual=14981109.589145
diff=0.000000
diff=1
expected=14981109.589145
actual=14981109.589145
diff=0.000000
diff=1
__orio_perftest21.c: In function â€˜mainâ€™:
__orio_perftest21.c:131:52: error: â€˜Y_copyâ€™ undeclared (first use in this function)
 #pragma omp parallel for private(i,j,ii,jj,iii,jjj,Y_copy,X0_copy,X1_copy,X2_copy)
                                                    ^~~~~~
__orio_perftest21.c:131:52: note: each undeclared identifier is reported only once for each function it appears in
__orio_perftest21.c:131:59: error: â€˜X0_copyâ€™ undeclared (first use in this function)
 #pragma omp parallel for private(i,j,ii,jj,iii,jjj,Y_copy,X0_copy,X1_copy,X2_copy)
                                                           ^~~~~~~
__orio_perftest21.c:131:67: error: â€˜X1_copyâ€™ undeclared (first use in this function)
 #pragma omp parallel for private(i,j,ii,jj,iii,jjj,Y_copy,X0_copy,X1_copy,X2_copy)
                                                                   ^~~~~~~
__orio_perftest21.c:131:75: error: â€˜X2_copyâ€™ undeclared (first use in this function)
 #pragma omp parallel for private(i,j,ii,jj,iii,jjj,Y_copy,X0_copy,X1_copy,X2_copy)
                                                                           ^~~~~~~
[00;31mERROR: orio.main.tuner.ptest_driver:  failed to compile the testing code: "timeout --kill-after=30s --signal=9 20m gcc -O3 -fopenmp -DDYNAMIC  -DORIO_REPS=10 -o __orio_perftest21.exe __orio_perftest21.c timer_cpu.o -lm -lrt"[00m
[00;31mERROR: orio.main.tuner.ptest_driver:  the executable of the test code does not exist[00m
timeout: failed to run command â€˜./__orio_perftest21.exeâ€™: No such file or directory
[00;31mERROR: orio.main.tuner.ptest_driver: failed to execute the test code: "timeout --kill-after=30s --signal=9 20m  ./__orio_perftest21.exe  "
 --> CalledProcessError: Command 'timeout --kill-after=30s --signal=9 20m  ./__orio_perftest21.exe  ' returned non-zero exit status 127[00m
[00;31mERROR: orio.main.tuner.ptest_driver:  performance testing failed: "timeout --kill-after=30s --signal=9 20m  ./__orio_perftest21.exe  "[00m
__orio_perftest22.c: In function â€˜mainâ€™:
__orio_perftest22.c:131:52: error: â€˜Y_copyâ€™ undeclared (first use in this function)
 #pragma omp parallel for private(i,j,ii,jj,iii,jjj,Y_copy,X0_copy,X1_copy,X2_copy)
                                                    ^~~~~~
__orio_perftest22.c:131:52: note: each undeclared identifier is reported only once for each function it appears in
__orio_perftest22.c:131:59: error: â€˜X0_copyâ€™ undeclared (first use in this function)
 #pragma omp parallel for private(i,j,ii,jj,iii,jjj,Y_copy,X0_copy,X1_copy,X2_copy)
                                                           ^~~~~~~
__orio_perftest22.c:131:67: error: â€˜X1_copyâ€™ undeclared (first use in this function)
 #pragma omp parallel for private(i,j,ii,jj,iii,jjj,Y_copy,X0_copy,X1_copy,X2_copy)
                                                                   ^~~~~~~
__orio_perftest22.c:131:75: error: â€˜X2_copyâ€™ undeclared (first use in this function)
 #pragma omp parallel for private(i,j,ii,jj,iii,jjj,Y_copy,X0_copy,X1_copy,X2_copy)
                                                                           ^~~~~~~
[00;31mERROR: orio.main.tuner.ptest_driver:  failed to compile the testing code: "timeout --kill-after=30s --signal=9 20m gcc -O3 -fopenmp -DDYNAMIC  -DORIO_REPS=10 -o __orio_perftest22.exe __orio_perftest22.c timer_cpu.o -lm -lrt"[00m
[00;31mERROR: orio.main.tuner.ptest_driver:  the executable of the test code does not exist[00m
timeout: failed to run command â€˜./__orio_perftest22.exeâ€™: No such file or directory
[00;31mERROR: orio.main.tuner.ptest_driver: failed to execute the test code: "timeout --kill-after=30s --signal=9 20m  ./__orio_perftest22.exe  "
 --> CalledProcessError: Command 'timeout --kill-after=30s --signal=9 20m  ./__orio_perftest22.exe  ' returned non-zero exit status 127[00m
[00;31mERROR: orio.main.tuner.ptest_driver:  performance testing failed: "timeout --kill-after=30s --signal=9 20m  ./__orio_perftest22.exe  "[00m
expected=14981109.589145
actual=14981109.589145
diff=0.000000
diff=1
expected=14981109.589145
actual=14981109.589145
diff=0.000000
diff=1
expected=14981109.589145
actual=14981109.589145
diff=0.000000
diff=1
expected=14981109.589145
actual=14981109.589145
diff=0.000000
diff=1
/usr/lib/python2.7/dist-packages/rpy2/rinterface/__init__.py:186: RRuntimeWarning: Error in lm.fit(x, y, offset = offset, singular.ok = singular.ok, ...) : 
  0 (non-NA) cases

  warnings.warn(x, RRuntimeWarning)
expected=14981109.589145
actual=14981109.589145
diff=0.000000
diff=1
expected=14981109.589145
actual=14981109.589145
diff=0.000000
diff=1
expected=14981109.589145
actual=14981109.589145
diff=0.000000
diff=1
expected=14981109.589145
actual=14981109.589145
diff=0.000000
diff=1
__orio_perftest31.c: In function â€˜mainâ€™:
__orio_perftest31.c:131:52: error: â€˜Y_copyâ€™ undeclared (first use in this function)
 #pragma omp parallel for private(i,j,ii,jj,iii,jjj,Y_copy,X0_copy,X1_copy,X2_copy)
                                                    ^~~~~~
__orio_perftest31.c:131:52: note: each undeclared identifier is reported only once for each function it appears in
__orio_perftest31.c:131:59: error: â€˜X0_copyâ€™ undeclared (first use in this function)
 #pragma omp parallel for private(i,j,ii,jj,iii,jjj,Y_copy,X0_copy,X1_copy,X2_copy)
                                                           ^~~~~~~
__orio_perftest31.c:131:67: error: â€˜X1_copyâ€™ undeclared (first use in this function)
 #pragma omp parallel for private(i,j,ii,jj,iii,jjj,Y_copy,X0_copy,X1_copy,X2_copy)
                                                                   ^~~~~~~
__orio_perftest31.c:131:75: error: â€˜X2_copyâ€™ undeclared (first use in this function)
 #pragma omp parallel for private(i,j,ii,jj,iii,jjj,Y_copy,X0_copy,X1_copy,X2_copy)
                                                                           ^~~~~~~
[00;31mERROR: orio.main.tuner.ptest_driver:  failed to compile the testing code: "timeout --kill-after=30s --signal=9 20m gcc -O3 -fopenmp -DDYNAMIC  -DORIO_REPS=10 -o __orio_perftest31.exe __orio_perftest31.c timer_cpu.o -lm -lrt"[00m
[00;31mERROR: orio.main.tuner.ptest_driver:  the executable of the test code does not exist[00m
timeout: failed to run command â€˜./__orio_perftest31.exeâ€™: No such file or directory
[00;31mERROR: orio.main.tuner.ptest_driver: failed to execute the test code: "timeout --kill-after=30s --signal=9 20m  ./__orio_perftest31.exe  "
 --> CalledProcessError: Command 'timeout --kill-after=30s --signal=9 20m  ./__orio_perftest31.exe  ' returned non-zero exit status 127[00m
[00;31mERROR: orio.main.tuner.ptest_driver:  performance testing failed: "timeout --kill-after=30s --signal=9 20m  ./__orio_perftest31.exe  "[00m
expected=14981109.589145
actual=14981109.589145
diff=0.000000
diff=1
__orio_perftest33.c: In function â€˜mainâ€™:
__orio_perftest33.c:131:52: error: â€˜Y_copyâ€™ undeclared (first use in this function)
 #pragma omp parallel for private(i,j,ii,jj,iii,jjj,Y_copy,X0_copy,X1_copy,X2_copy)
                                                    ^~~~~~
__orio_perftest33.c:131:52: note: each undeclared identifier is reported only once for each function it appears in
__orio_perftest33.c:131:59: error: â€˜X0_copyâ€™ undeclared (first use in this function)
 #pragma omp parallel for private(i,j,ii,jj,iii,jjj,Y_copy,X0_copy,X1_copy,X2_copy)
                                                           ^~~~~~~
__orio_perftest33.c:131:67: error: â€˜X1_copyâ€™ undeclared (first use in this function)
 #pragma omp parallel for private(i,j,ii,jj,iii,jjj,Y_copy,X0_copy,X1_copy,X2_copy)
                                                                   ^~~~~~~
__orio_perftest33.c:131:75: error: â€˜X2_copyâ€™ undeclared (first use in this function)
 #pragma omp parallel for private(i,j,ii,jj,iii,jjj,Y_copy,X0_copy,X1_copy,X2_copy)
                                                                           ^~~~~~~
[00;31mERROR: orio.main.tuner.ptest_driver:  failed to compile the testing code: "timeout --kill-after=30s --signal=9 20m gcc -O3 -fopenmp -DDYNAMIC  -DORIO_REPS=10 -o __orio_perftest33.exe __orio_perftest33.c timer_cpu.o -lm -lrt"[00m
[00;31mERROR: orio.main.tuner.ptest_driver:  the executable of the test code does not exist[00m
timeout: failed to run command â€˜./__orio_perftest33.exeâ€™: No such file or directory
[00;31mERROR: orio.main.tuner.ptest_driver: failed to execute the test code: "timeout --kill-after=30s --signal=9 20m  ./__orio_perftest33.exe  "
 --> CalledProcessError: Command 'timeout --kill-after=30s --signal=9 20m  ./__orio_perftest33.exe  ' returned non-zero exit status 127[00m
[00;31mERROR: orio.main.tuner.ptest_driver:  performance testing failed: "timeout --kill-after=30s --signal=9 20m  ./__orio_perftest33.exe  "[00m
expected=14981109.589145
actual=14981109.589145
diff=0.000000
diff=1
expected=14981109.589145
actual=14981109.589145
diff=0.000000
diff=1
__orio_perftest36.c: In function â€˜mainâ€™:
__orio_perftest36.c:131:52: error: â€˜Y_copyâ€™ undeclared (first use in this function)
 #pragma omp parallel for private(i,j,ii,jj,iii,jjj,Y_copy,X0_copy,X1_copy,X2_copy)
                                                    ^~~~~~
__orio_perftest36.c:131:52: note: each undeclared identifier is reported only once for each function it appears in
__orio_perftest36.c:131:59: error: â€˜X0_copyâ€™ undeclared (first use in this function)
 #pragma omp parallel for private(i,j,ii,jj,iii,jjj,Y_copy,X0_copy,X1_copy,X2_copy)
                                                           ^~~~~~~
__orio_perftest36.c:131:67: error: â€˜X1_copyâ€™ undeclared (first use in this function)
 #pragma omp parallel for private(i,j,ii,jj,iii,jjj,Y_copy,X0_copy,X1_copy,X2_copy)
                                                                   ^~~~~~~
__orio_perftest36.c:131:75: error: â€˜X2_copyâ€™ undeclared (first use in this function)
 #pragma omp parallel for private(i,j,ii,jj,iii,jjj,Y_copy,X0_copy,X1_copy,X2_copy)
                                                                           ^~~~~~~
[00;31mERROR: orio.main.tuner.ptest_driver:  failed to compile the testing code: "timeout --kill-after=30s --signal=9 20m gcc -O3 -fopenmp -DDYNAMIC  -DORIO_REPS=10 -o __orio_perftest36.exe __orio_perftest36.c timer_cpu.o -lm -lrt"[00m
[00;31mERROR: orio.main.tuner.ptest_driver:  the executable of the test code does not exist[00m
timeout: failed to run command â€˜./__orio_perftest36.exeâ€™: No such file or directory
[00;31mERROR: orio.main.tuner.ptest_driver: failed to execute the test code: "timeout --kill-after=30s --signal=9 20m  ./__orio_perftest36.exe  "
 --> CalledProcessError: Command 'timeout --kill-after=30s --signal=9 20m  ./__orio_perftest36.exe  ' returned non-zero exit status 127[00m
[00;31mERROR: orio.main.tuner.ptest_driver:  performance testing failed: "timeout --kill-after=30s --signal=9 20m  ./__orio_perftest36.exe  "[00m
__orio_perftest37.c: In function â€˜mainâ€™:
__orio_perftest37.c:131:52: error: â€˜Y_copyâ€™ undeclared (first use in this function)
 #pragma omp parallel for private(i,j,ii,jj,iii,jjj,Y_copy,X0_copy,X1_copy,X2_copy)
                                                    ^~~~~~
__orio_perftest37.c:131:52: note: each undeclared identifier is reported only once for each function it appears in
__orio_perftest37.c:131:59: error: â€˜X0_copyâ€™ undeclared (first use in this function)
 #pragma omp parallel for private(i,j,ii,jj,iii,jjj,Y_copy,X0_copy,X1_copy,X2_copy)
                                                           ^~~~~~~
__orio_perftest37.c:131:67: error: â€˜X1_copyâ€™ undeclared (first use in this function)
 #pragma omp parallel for private(i,j,ii,jj,iii,jjj,Y_copy,X0_copy,X1_copy,X2_copy)
                                                                   ^~~~~~~
__orio_perftest37.c:131:75: error: â€˜X2_copyâ€™ undeclared (first use in this function)
 #pragma omp parallel for private(i,j,ii,jj,iii,jjj,Y_copy,X0_copy,X1_copy,X2_copy)
                                                                           ^~~~~~~
[00;31mERROR: orio.main.tuner.ptest_driver:  failed to compile the testing code: "timeout --kill-after=30s --signal=9 20m gcc -O3 -fopenmp -DDYNAMIC  -DORIO_REPS=10 -o __orio_perftest37.exe __orio_perftest37.c timer_cpu.o -lm -lrt"[00m
[00;31mERROR: orio.main.tuner.ptest_driver:  the executable of the test code does not exist[00m
timeout: failed to run command â€˜./__orio_perftest37.exeâ€™: No such file or directory
[00;31mERROR: orio.main.tuner.ptest_driver: failed to execute the test code: "timeout --kill-after=30s --signal=9 20m  ./__orio_perftest37.exe  "
 --> CalledProcessError: Command 'timeout --kill-after=30s --signal=9 20m  ./__orio_perftest37.exe  ' returned non-zero exit status 127[00m
[00;31mERROR: orio.main.tuner.ptest_driver:  performance testing failed: "timeout --kill-after=30s --signal=9 20m  ./__orio_perftest37.exe  "[00m
expected=14981109.589145
actual=14981109.589145
diff=0.000000
diff=1
__orio_perftest39.c: In function â€˜mainâ€™:
__orio_perftest39.c:131:52: error: â€˜Y_copyâ€™ undeclared (first use in this function)
 #pragma omp parallel for private(i,j,ii,jj,iii,jjj,Y_copy,X0_copy,X1_copy,X2_copy)
                                                    ^~~~~~
__orio_perftest39.c:131:52: note: each undeclared identifier is reported only once for each function it appears in
__orio_perftest39.c:131:59: error: â€˜X0_copyâ€™ undeclared (first use in this function)
 #pragma omp parallel for private(i,j,ii,jj,iii,jjj,Y_copy,X0_copy,X1_copy,X2_copy)
                                                           ^~~~~~~
__orio_perftest39.c:131:67: error: â€˜X1_copyâ€™ undeclared (first use in this function)
 #pragma omp parallel for private(i,j,ii,jj,iii,jjj,Y_copy,X0_copy,X1_copy,X2_copy)
                                                                   ^~~~~~~
__orio_perftest39.c:131:75: error: â€˜X2_copyâ€™ undeclared (first use in this function)
 #pragma omp parallel for private(i,j,ii,jj,iii,jjj,Y_copy,X0_copy,X1_copy,X2_copy)
                                                                           ^~~~~~~
[00;31mERROR: orio.main.tuner.ptest_driver:  failed to compile the testing code: "timeout --kill-after=30s --signal=9 20m gcc -O3 -fopenmp -DDYNAMIC  -DORIO_REPS=10 -o __orio_perftest39.exe __orio_perftest39.c timer_cpu.o -lm -lrt"[00m
[00;31mERROR: orio.main.tuner.ptest_driver:  the executable of the test code does not exist[00m
timeout: failed to run command â€˜./__orio_perftest39.exeâ€™: No such file or directory
[00;31mERROR: orio.main.tuner.ptest_driver: failed to execute the test code: "timeout --kill-after=30s --signal=9 20m  ./__orio_perftest39.exe  "
 --> CalledProcessError: Command 'timeout --kill-after=30s --signal=9 20m  ./__orio_perftest39.exe  ' returned non-zero exit status 127[00m
[00;31mERROR: orio.main.tuner.ptest_driver:  performance testing failed: "timeout --kill-after=30s --signal=9 20m  ./__orio_perftest39.exe  "[00m
__orio_perftest40.c: In function â€˜mainâ€™:
__orio_perftest40.c:131:52: error: â€˜Y_copyâ€™ undeclared (first use in this function)
 #pragma omp parallel for private(i,j,ii,jj,iii,jjj,Y_copy,X0_copy,X1_copy,X2_copy)
                                                    ^~~~~~
__orio_perftest40.c:131:52: note: each undeclared identifier is reported only once for each function it appears in
__orio_perftest40.c:131:59: error: â€˜X0_copyâ€™ undeclared (first use in this function)
 #pragma omp parallel for private(i,j,ii,jj,iii,jjj,Y_copy,X0_copy,X1_copy,X2_copy)
                                                           ^~~~~~~
__orio_perftest40.c:131:67: error: â€˜X1_copyâ€™ undeclared (first use in this function)
 #pragma omp parallel for private(i,j,ii,jj,iii,jjj,Y_copy,X0_copy,X1_copy,X2_copy)
                                                                   ^~~~~~~
__orio_perftest40.c:131:75: error: â€˜X2_copyâ€™ undeclared (first use in this function)
 #pragma omp parallel for private(i,j,ii,jj,iii,jjj,Y_copy,X0_copy,X1_copy,X2_copy)
                                                                           ^~~~~~~
[00;31mERROR: orio.main.tuner.ptest_driver:  failed to compile the testing code: "timeout --kill-after=30s --signal=9 20m gcc -O3 -fopenmp -DDYNAMIC  -DORIO_REPS=10 -o __orio_perftest40.exe __orio_perftest40.c timer_cpu.o -lm -lrt"[00m
[00;31mERROR: orio.main.tuner.ptest_driver:  the executable of the test code does not exist[00m
timeout: failed to run command â€˜./__orio_perftest40.exeâ€™: No such file or directory
[00;31mERROR: orio.main.tuner.ptest_driver: failed to execute the test code: "timeout --kill-after=30s --signal=9 20m  ./__orio_perftest40.exe  "
 --> CalledProcessError: Command 'timeout --kill-after=30s --signal=9 20m  ./__orio_perftest40.exe  ' returned non-zero exit status 127[00m
[00;31mERROR: orio.main.tuner.ptest_driver:  performance testing failed: "timeout --kill-after=30s --signal=9 20m  ./__orio_perftest40.exe  "[00m
__orio_perftest41.c: In function â€˜mainâ€™:
__orio_perftest41.c:131:52: error: â€˜Y_copyâ€™ undeclared (first use in this function)
 #pragma omp parallel for private(i,j,ii,jj,iii,jjj,Y_copy,X0_copy,X1_copy,X2_copy)
                                                    ^~~~~~
__orio_perftest41.c:131:52: note: each undeclared identifier is reported only once for each function it appears in
__orio_perftest41.c:131:59: error: â€˜X0_copyâ€™ undeclared (first use in this function)
 #pragma omp parallel for private(i,j,ii,jj,iii,jjj,Y_copy,X0_copy,X1_copy,X2_copy)
                                                           ^~~~~~~
__orio_perftest41.c:131:67: error: â€˜X1_copyâ€™ undeclared (first use in this function)
 #pragma omp parallel for private(i,j,ii,jj,iii,jjj,Y_copy,X0_copy,X1_copy,X2_copy)
                                                                   ^~~~~~~
__orio_perftest41.c:131:75: error: â€˜X2_copyâ€™ undeclared (first use in this function)
 #pragma omp parallel for private(i,j,ii,jj,iii,jjj,Y_copy,X0_copy,X1_copy,X2_copy)
                                                                           ^~~~~~~
[00;31mERROR: orio.main.tuner.ptest_driver:  failed to compile the testing code: "timeout --kill-after=30s --signal=9 20m gcc -O3 -fopenmp -DDYNAMIC  -DORIO_REPS=10 -o __orio_perftest41.exe __orio_perftest41.c timer_cpu.o -lm -lrt"[00m
[00;31mERROR: orio.main.tuner.ptest_driver:  the executable of the test code does not exist[00m
timeout: failed to run command â€˜./__orio_perftest41.exeâ€™: No such file or directory
[00;31mERROR: orio.main.tuner.ptest_driver: failed to execute the test code: "timeout --kill-after=30s --signal=9 20m  ./__orio_perftest41.exe  "
 --> CalledProcessError: Command 'timeout --kill-after=30s --signal=9 20m  ./__orio_perftest41.exe  ' returned non-zero exit status 127[00m
[00;31mERROR: orio.main.tuner.ptest_driver:  performance testing failed: "timeout --kill-after=30s --signal=9 20m  ./__orio_perftest41.exe  "[00m
expected=14981109.589145
actual=14981109.589145
diff=0.000000
diff=1
expected=14981109.589145
actual=14981109.589145
diff=0.000000
diff=1
expected=14981109.589145
actual=14981109.589145
diff=0.000000
diff=1
expected=14981109.589145
actual=14981109.589145
diff=0.000000
diff=1
__orio_perftest46.c: In function â€˜mainâ€™:
__orio_perftest46.c:131:52: error: â€˜Y_copyâ€™ undeclared (first use in this function)
 #pragma omp parallel for private(i,j,ii,jj,iii,jjj,Y_copy,X0_copy,X1_copy,X2_copy)
                                                    ^~~~~~
__orio_perftest46.c:131:52: note: each undeclared identifier is reported only once for each function it appears in
__orio_perftest46.c:131:59: error: â€˜X0_copyâ€™ undeclared (first use in this function)
 #pragma omp parallel for private(i,j,ii,jj,iii,jjj,Y_copy,X0_copy,X1_copy,X2_copy)
                                                           ^~~~~~~
__orio_perftest46.c:131:67: error: â€˜X1_copyâ€™ undeclared (first use in this function)
 #pragma omp parallel for private(i,j,ii,jj,iii,jjj,Y_copy,X0_copy,X1_copy,X2_copy)
                                                                   ^~~~~~~
__orio_perftest46.c:131:75: error: â€˜X2_copyâ€™ undeclared (first use in this function)
 #pragma omp parallel for private(i,j,ii,jj,iii,jjj,Y_copy,X0_copy,X1_copy,X2_copy)
                                                                           ^~~~~~~
[00;31mERROR: orio.main.tuner.ptest_driver:  failed to compile the testing code: "timeout --kill-after=30s --signal=9 20m gcc -O3 -fopenmp -DDYNAMIC  -DORIO_REPS=10 -o __orio_perftest46.exe __orio_perftest46.c timer_cpu.o -lm -lrt"[00m
[00;31mERROR: orio.main.tuner.ptest_driver:  the executable of the test code does not exist[00m
timeout: failed to run command â€˜./__orio_perftest46.exeâ€™: No such file or directory
[00;31mERROR: orio.main.tuner.ptest_driver: failed to execute the test code: "timeout --kill-after=30s --signal=9 20m  ./__orio_perftest46.exe  "
 --> CalledProcessError: Command 'timeout --kill-after=30s --signal=9 20m  ./__orio_perftest46.exe  ' returned non-zero exit status 127[00m
[00;31mERROR: orio.main.tuner.ptest_driver:  performance testing failed: "timeout --kill-after=30s --signal=9 20m  ./__orio_perftest46.exe  "[00m
expected=14981109.589145
actual=14981109.589145
diff=0.000000
diff=1
expected=14981109.589145
actual=14981109.589145
diff=0.000000
diff=1
expected=14981109.589145
actual=14981109.589145
diff=0.000000
diff=1
expected=14981109.589145
actual=14981109.589145
diff=0.000000
diff=1
expected=14981109.589145
actual=14981109.589145
diff=0.000000
diff=1
__orio_perftest52.c: In function â€˜mainâ€™:
__orio_perftest52.c:131:52: error: â€˜Y_copyâ€™ undeclared (first use in this function)
 #pragma omp parallel for private(i,j,ii,jj,iii,jjj,Y_copy,X0_copy,X1_copy,X2_copy)
                                                    ^~~~~~
__orio_perftest52.c:131:52: note: each undeclared identifier is reported only once for each function it appears in
__orio_perftest52.c:131:59: error: â€˜X0_copyâ€™ undeclared (first use in this function)
 #pragma omp parallel for private(i,j,ii,jj,iii,jjj,Y_copy,X0_copy,X1_copy,X2_copy)
                                                           ^~~~~~~
__orio_perftest52.c:131:67: error: â€˜X1_copyâ€™ undeclared (first use in this function)
 #pragma omp parallel for private(i,j,ii,jj,iii,jjj,Y_copy,X0_copy,X1_copy,X2_copy)
                                                                   ^~~~~~~
__orio_perftest52.c:131:75: error: â€˜X2_copyâ€™ undeclared (first use in this function)
 #pragma omp parallel for private(i,j,ii,jj,iii,jjj,Y_copy,X0_copy,X1_copy,X2_copy)
                                                                           ^~~~~~~
[00;31mERROR: orio.main.tuner.ptest_driver:  failed to compile the testing code: "timeout --kill-after=30s --signal=9 20m gcc -O3 -fopenmp -DDYNAMIC  -DORIO_REPS=10 -o __orio_perftest52.exe __orio_perftest52.c timer_cpu.o -lm -lrt"[00m
[00;31mERROR: orio.main.tuner.ptest_driver:  the executable of the test code does not exist[00m
timeout: failed to run command â€˜./__orio_perftest52.exeâ€™: No such file or directory
[00;31mERROR: orio.main.tuner.ptest_driver: failed to execute the test code: "timeout --kill-after=30s --signal=9 20m  ./__orio_perftest52.exe  "
 --> CalledProcessError: Command 'timeout --kill-after=30s --signal=9 20m  ./__orio_perftest52.exe  ' returned non-zero exit status 127[00m
[00;31mERROR: orio.main.tuner.ptest_driver:  performance testing failed: "timeout --kill-after=30s --signal=9 20m  ./__orio_perftest52.exe  "[00m
expected=14981109.589145
actual=14981109.589145
diff=0.000000
diff=1
__orio_perftest54.c: In function â€˜mainâ€™:
__orio_perftest54.c:131:52: error: â€˜Y_copyâ€™ undeclared (first use in this function)
 #pragma omp parallel for private(i,j,ii,jj,iii,jjj,Y_copy,X0_copy,X1_copy,X2_copy)
                                                    ^~~~~~
__orio_perftest54.c:131:52: note: each undeclared identifier is reported only once for each function it appears in
__orio_perftest54.c:131:59: error: â€˜X0_copyâ€™ undeclared (first use in this function)
 #pragma omp parallel for private(i,j,ii,jj,iii,jjj,Y_copy,X0_copy,X1_copy,X2_copy)
                                                           ^~~~~~~
__orio_perftest54.c:131:67: error: â€˜X1_copyâ€™ undeclared (first use in this function)
 #pragma omp parallel for private(i,j,ii,jj,iii,jjj,Y_copy,X0_copy,X1_copy,X2_copy)
                                                                   ^~~~~~~
__orio_perftest54.c:131:75: error: â€˜X2_copyâ€™ undeclared (first use in this function)
 #pragma omp parallel for private(i,j,ii,jj,iii,jjj,Y_copy,X0_copy,X1_copy,X2_copy)
                                                                           ^~~~~~~
[00;31mERROR: orio.main.tuner.ptest_driver:  failed to compile the testing code: "timeout --kill-after=30s --signal=9 20m gcc -O3 -fopenmp -DDYNAMIC  -DORIO_REPS=10 -o __orio_perftest54.exe __orio_perftest54.c timer_cpu.o -lm -lrt"[00m
[00;31mERROR: orio.main.tuner.ptest_driver:  the executable of the test code does not exist[00m
timeout: failed to run command â€˜./__orio_perftest54.exeâ€™: No such file or directory
[00;31mERROR: orio.main.tuner.ptest_driver: failed to execute the test code: "timeout --kill-after=30s --signal=9 20m  ./__orio_perftest54.exe  "
 --> CalledProcessError: Command 'timeout --kill-after=30s --signal=9 20m  ./__orio_perftest54.exe  ' returned non-zero exit status 127[00m
[00;31mERROR: orio.main.tuner.ptest_driver:  performance testing failed: "timeout --kill-after=30s --signal=9 20m  ./__orio_perftest54.exe  "[00m
expected=14981109.589145
actual=14981109.589145
diff=0.000000
diff=1
__orio_perftest56.c: In function â€˜mainâ€™:
__orio_perftest56.c:131:52: error: â€˜Y_copyâ€™ undeclared (first use in this function)
 #pragma omp parallel for private(i,j,ii,jj,iii,jjj,Y_copy,X0_copy,X1_copy,X2_copy)
                                                    ^~~~~~
__orio_perftest56.c:131:52: note: each undeclared identifier is reported only once for each function it appears in
__orio_perftest56.c:131:59: error: â€˜X0_copyâ€™ undeclared (first use in this function)
 #pragma omp parallel for private(i,j,ii,jj,iii,jjj,Y_copy,X0_copy,X1_copy,X2_copy)
                                                           ^~~~~~~
__orio_perftest56.c:131:67: error: â€˜X1_copyâ€™ undeclared (first use in this function)
 #pragma omp parallel for private(i,j,ii,jj,iii,jjj,Y_copy,X0_copy,X1_copy,X2_copy)
                                                                   ^~~~~~~
__orio_perftest56.c:131:75: error: â€˜X2_copyâ€™ undeclared (first use in this function)
 #pragma omp parallel for private(i,j,ii,jj,iii,jjj,Y_copy,X0_copy,X1_copy,X2_copy)
                                                                           ^~~~~~~
[00;31mERROR: orio.main.tuner.ptest_driver:  failed to compile the testing code: "timeout --kill-after=30s --signal=9 20m gcc -O3 -fopenmp -DDYNAMIC  -DORIO_REPS=10 -o __orio_perftest56.exe __orio_perftest56.c timer_cpu.o -lm -lrt"[00m
[00;31mERROR: orio.main.tuner.ptest_driver:  the executable of the test code does not exist[00m
timeout: failed to run command â€˜./__orio_perftest56.exeâ€™: No such file or directory
[00;31mERROR: orio.main.tuner.ptest_driver: failed to execute the test code: "timeout --kill-after=30s --signal=9 20m  ./__orio_perftest56.exe  "
 --> CalledProcessError: Command 'timeout --kill-after=30s --signal=9 20m  ./__orio_perftest56.exe  ' returned non-zero exit status 127[00m
[00;31mERROR: orio.main.tuner.ptest_driver:  performance testing failed: "timeout --kill-after=30s --signal=9 20m  ./__orio_perftest56.exe  "[00m
__orio_perftest57.c: In function â€˜mainâ€™:
__orio_perftest57.c:131:52: error: â€˜Y_copyâ€™ undeclared (first use in this function)
 #pragma omp parallel for private(i,j,ii,jj,iii,jjj,Y_copy,X0_copy,X1_copy,X2_copy)
                                                    ^~~~~~
__orio_perftest57.c:131:52: note: each undeclared identifier is reported only once for each function it appears in
__orio_perftest57.c:131:59: error: â€˜X0_copyâ€™ undeclared (first use in this function)
 #pragma omp parallel for private(i,j,ii,jj,iii,jjj,Y_copy,X0_copy,X1_copy,X2_copy)
                                                           ^~~~~~~
__orio_perftest57.c:131:67: error: â€˜X1_copyâ€™ undeclared (first use in this function)
 #pragma omp parallel for private(i,j,ii,jj,iii,jjj,Y_copy,X0_copy,X1_copy,X2_copy)
                                                                   ^~~~~~~
__orio_perftest57.c:131:75: error: â€˜X2_copyâ€™ undeclared (first use in this function)
 #pragma omp parallel for private(i,j,ii,jj,iii,jjj,Y_copy,X0_copy,X1_copy,X2_copy)
                                                                           ^~~~~~~
[00;31mERROR: orio.main.tuner.ptest_driver:  failed to compile the testing code: "timeout --kill-after=30s --signal=9 20m gcc -O3 -fopenmp -DDYNAMIC  -DORIO_REPS=10 -o __orio_perftest57.exe __orio_perftest57.c timer_cpu.o -lm -lrt"[00m
[00;31mERROR: orio.main.tuner.ptest_driver:  the executable of the test code does not exist[00m
timeout: failed to run command â€˜./__orio_perftest57.exeâ€™: No such file or directory
[00;31mERROR: orio.main.tuner.ptest_driver: failed to execute the test code: "timeout --kill-after=30s --signal=9 20m  ./__orio_perftest57.exe  "
 --> CalledProcessError: Command 'timeout --kill-after=30s --signal=9 20m  ./__orio_perftest57.exe  ' returned non-zero exit status 127[00m
[00;31mERROR: orio.main.tuner.ptest_driver:  performance testing failed: "timeout --kill-after=30s --signal=9 20m  ./__orio_perftest57.exe  "[00m
__orio_perftest58.c: In function â€˜mainâ€™:
__orio_perftest58.c:131:52: error: â€˜Y_copyâ€™ undeclared (first use in this function)
 #pragma omp parallel for private(i,j,ii,jj,iii,jjj,Y_copy,X0_copy,X1_copy,X2_copy)
                                                    ^~~~~~
__orio_perftest58.c:131:52: note: each undeclared identifier is reported only once for each function it appears in
__orio_perftest58.c:131:59: error: â€˜X0_copyâ€™ undeclared (first use in this function)
 #pragma omp parallel for private(i,j,ii,jj,iii,jjj,Y_copy,X0_copy,X1_copy,X2_copy)
                                                           ^~~~~~~
__orio_perftest58.c:131:67: error: â€˜X1_copyâ€™ undeclared (first use in this function)
 #pragma omp parallel for private(i,j,ii,jj,iii,jjj,Y_copy,X0_copy,X1_copy,X2_copy)
                                                                   ^~~~~~~
__orio_perftest58.c:131:75: error: â€˜X2_copyâ€™ undeclared (first use in this function)
 #pragma omp parallel for private(i,j,ii,jj,iii,jjj,Y_copy,X0_copy,X1_copy,X2_copy)
                                                                           ^~~~~~~
[00;31mERROR: orio.main.tuner.ptest_driver:  failed to compile the testing code: "timeout --kill-after=30s --signal=9 20m gcc -O3 -fopenmp -DDYNAMIC  -DORIO_REPS=10 -o __orio_perftest58.exe __orio_perftest58.c timer_cpu.o -lm -lrt"[00m
[00;31mERROR: orio.main.tuner.ptest_driver:  the executable of the test code does not exist[00m
timeout: failed to run command â€˜./__orio_perftest58.exeâ€™: No such file or directory
[00;31mERROR: orio.main.tuner.ptest_driver: failed to execute the test code: "timeout --kill-after=30s --signal=9 20m  ./__orio_perftest58.exe  "
 --> CalledProcessError: Command 'timeout --kill-after=30s --signal=9 20m  ./__orio_perftest58.exe  ' returned non-zero exit status 127[00m
[00;31mERROR: orio.main.tuner.ptest_driver:  performance testing failed: "timeout --kill-after=30s --signal=9 20m  ./__orio_perftest58.exe  "[00m
expected=14981109.589145
actual=14981109.589145
diff=0.000000
diff=1
expected=14981109.589145
actual=14981109.589145
diff=0.000000
diff=1
expected=14981109.589145
actual=14981109.589145
diff=0.000000
diff=1
expected=14981109.589145
actual=14981109.589145
diff=0.000000
diff=1
expected=14981109.589145
actual=14981109.589145
diff=0.000000
diff=1
__orio_perftest64.c: In function â€˜mainâ€™:
__orio_perftest64.c:131:52: error: â€˜Y_copyâ€™ undeclared (first use in this function)
 #pragma omp parallel for private(i,j,ii,jj,iii,jjj,Y_copy,X0_copy,X1_copy,X2_copy)
                                                    ^~~~~~
__orio_perftest64.c:131:52: note: each undeclared identifier is reported only once for each function it appears in
__orio_perftest64.c:131:59: error: â€˜X0_copyâ€™ undeclared (first use in this function)
 #pragma omp parallel for private(i,j,ii,jj,iii,jjj,Y_copy,X0_copy,X1_copy,X2_copy)
                                                           ^~~~~~~
__orio_perftest64.c:131:67: error: â€˜X1_copyâ€™ undeclared (first use in this function)
 #pragma omp parallel for private(i,j,ii,jj,iii,jjj,Y_copy,X0_copy,X1_copy,X2_copy)
                                                                   ^~~~~~~
__orio_perftest64.c:131:75: error: â€˜X2_copyâ€™ undeclared (first use in this function)
 #pragma omp parallel for private(i,j,ii,jj,iii,jjj,Y_copy,X0_copy,X1_copy,X2_copy)
                                                                           ^~~~~~~
[00;31mERROR: orio.main.tuner.ptest_driver:  failed to compile the testing code: "timeout --kill-after=30s --signal=9 20m gcc -O3 -fopenmp -DDYNAMIC  -DORIO_REPS=10 -o __orio_perftest64.exe __orio_perftest64.c timer_cpu.o -lm -lrt"[00m
[00;31mERROR: orio.main.tuner.ptest_driver:  the executable of the test code does not exist[00m
timeout: failed to run command â€˜./__orio_perftest64.exeâ€™: No such file or directory
[00;31mERROR: orio.main.tuner.ptest_driver: failed to execute the test code: "timeout --kill-after=30s --signal=9 20m  ./__orio_perftest64.exe  "
 --> CalledProcessError: Command 'timeout --kill-after=30s --signal=9 20m  ./__orio_perftest64.exe  ' returned non-zero exit status 127[00m
[00;31mERROR: orio.main.tuner.ptest_driver:  performance testing failed: "timeout --kill-after=30s --signal=9 20m  ./__orio_perftest64.exe  "[00m
__orio_perftest65.c: In function â€˜mainâ€™:
__orio_perftest65.c:131:52: error: â€˜Y_copyâ€™ undeclared (first use in this function)
 #pragma omp parallel for private(i,j,ii,jj,iii,jjj,Y_copy,X0_copy,X1_copy,X2_copy)
                                                    ^~~~~~
__orio_perftest65.c:131:52: note: each undeclared identifier is reported only once for each function it appears in
__orio_perftest65.c:131:59: error: â€˜X0_copyâ€™ undeclared (first use in this function)
 #pragma omp parallel for private(i,j,ii,jj,iii,jjj,Y_copy,X0_copy,X1_copy,X2_copy)
                                                           ^~~~~~~
__orio_perftest65.c:131:67: error: â€˜X1_copyâ€™ undeclared (first use in this function)
 #pragma omp parallel for private(i,j,ii,jj,iii,jjj,Y_copy,X0_copy,X1_copy,X2_copy)
                                                                   ^~~~~~~
__orio_perftest65.c:131:75: error: â€˜X2_copyâ€™ undeclared (first use in this function)
 #pragma omp parallel for private(i,j,ii,jj,iii,jjj,Y_copy,X0_copy,X1_copy,X2_copy)
                                                                           ^~~~~~~
[00;31mERROR: orio.main.tuner.ptest_driver:  failed to compile the testing code: "timeout --kill-after=30s --signal=9 20m gcc -O3 -fopenmp -DDYNAMIC  -DORIO_REPS=10 -o __orio_perftest65.exe __orio_perftest65.c timer_cpu.o -lm -lrt"[00m
[00;31mERROR: orio.main.tuner.ptest_driver:  the executable of the test code does not exist[00m
timeout: failed to run command â€˜./__orio_perftest65.exeâ€™: No such file or directory
[00;31mERROR: orio.main.tuner.ptest_driver: failed to execute the test code: "timeout --kill-after=30s --signal=9 20m  ./__orio_perftest65.exe  "
 --> CalledProcessError: Command 'timeout --kill-after=30s --signal=9 20m  ./__orio_perftest65.exe  ' returned non-zero exit status 127[00m
[00;31mERROR: orio.main.tuner.ptest_driver:  performance testing failed: "timeout --kill-after=30s --signal=9 20m  ./__orio_perftest65.exe  "[00m
__orio_perftest66.c: In function â€˜mainâ€™:
__orio_perftest66.c:131:52: error: â€˜Y_copyâ€™ undeclared (first use in this function)
 #pragma omp parallel for private(i,j,ii,jj,iii,jjj,Y_copy,X0_copy,X1_copy,X2_copy)
                                                    ^~~~~~
__orio_perftest66.c:131:52: note: each undeclared identifier is reported only once for each function it appears in
__orio_perftest66.c:131:59: error: â€˜X0_copyâ€™ undeclared (first use in this function)
 #pragma omp parallel for private(i,j,ii,jj,iii,jjj,Y_copy,X0_copy,X1_copy,X2_copy)
                                                           ^~~~~~~
__orio_perftest66.c:131:67: error: â€˜X1_copyâ€™ undeclared (first use in this function)
 #pragma omp parallel for private(i,j,ii,jj,iii,jjj,Y_copy,X0_copy,X1_copy,X2_copy)
                                                                   ^~~~~~~
__orio_perftest66.c:131:75: error: â€˜X2_copyâ€™ undeclared (first use in this function)
 #pragma omp parallel for private(i,j,ii,jj,iii,jjj,Y_copy,X0_copy,X1_copy,X2_copy)
                                                                           ^~~~~~~
[00;31mERROR: orio.main.tuner.ptest_driver:  failed to compile the testing code: "timeout --kill-after=30s --signal=9 20m gcc -O3 -fopenmp -DDYNAMIC  -DORIO_REPS=10 -o __orio_perftest66.exe __orio_perftest66.c timer_cpu.o -lm -lrt"[00m
[00;31mERROR: orio.main.tuner.ptest_driver:  the executable of the test code does not exist[00m
timeout: failed to run command â€˜./__orio_perftest66.exeâ€™: No such file or directory
[00;31mERROR: orio.main.tuner.ptest_driver: failed to execute the test code: "timeout --kill-after=30s --signal=9 20m  ./__orio_perftest66.exe  "
 --> CalledProcessError: Command 'timeout --kill-after=30s --signal=9 20m  ./__orio_perftest66.exe  ' returned non-zero exit status 127[00m
[00;31mERROR: orio.main.tuner.ptest_driver:  performance testing failed: "timeout --kill-after=30s --signal=9 20m  ./__orio_perftest66.exe  "[00m
__orio_perftest67.c: In function â€˜mainâ€™:
__orio_perftest67.c:131:52: error: â€˜Y_copyâ€™ undeclared (first use in this function)
 #pragma omp parallel for private(i,j,ii,jj,iii,jjj,Y_copy,X0_copy,X1_copy,X2_copy)
                                                    ^~~~~~
__orio_perftest67.c:131:52: note: each undeclared identifier is reported only once for each function it appears in
__orio_perftest67.c:131:59: error: â€˜X0_copyâ€™ undeclared (first use in this function)
 #pragma omp parallel for private(i,j,ii,jj,iii,jjj,Y_copy,X0_copy,X1_copy,X2_copy)
                                                           ^~~~~~~
__orio_perftest67.c:131:67: error: â€˜X1_copyâ€™ undeclared (first use in this function)
 #pragma omp parallel for private(i,j,ii,jj,iii,jjj,Y_copy,X0_copy,X1_copy,X2_copy)
                                                                   ^~~~~~~
__orio_perftest67.c:131:75: error: â€˜X2_copyâ€™ undeclared (first use in this function)
 #pragma omp parallel for private(i,j,ii,jj,iii,jjj,Y_copy,X0_copy,X1_copy,X2_copy)
                                                                           ^~~~~~~
[00;31mERROR: orio.main.tuner.ptest_driver:  failed to compile the testing code: "timeout --kill-after=30s --signal=9 20m gcc -O3 -fopenmp -DDYNAMIC  -DORIO_REPS=10 -o __orio_perftest67.exe __orio_perftest67.c timer_cpu.o -lm -lrt"[00m
[00;31mERROR: orio.main.tuner.ptest_driver:  the executable of the test code does not exist[00m
timeout: failed to run command â€˜./__orio_perftest67.exeâ€™: No such file or directory
[00;31mERROR: orio.main.tuner.ptest_driver: failed to execute the test code: "timeout --kill-after=30s --signal=9 20m  ./__orio_perftest67.exe  "
 --> CalledProcessError: Command 'timeout --kill-after=30s --signal=9 20m  ./__orio_perftest67.exe  ' returned non-zero exit status 127[00m
[00;31mERROR: orio.main.tuner.ptest_driver:  performance testing failed: "timeout --kill-after=30s --signal=9 20m  ./__orio_perftest67.exe  "[00m
expected=14981109.589145
actual=14981109.589145
diff=0.000000
diff=1
__orio_perftest69.c: In function â€˜mainâ€™:
__orio_perftest69.c:131:52: error: â€˜Y_copyâ€™ undeclared (first use in this function)
 #pragma omp parallel for private(i,j,ii,jj,iii,jjj,Y_copy,X0_copy,X1_copy,X2_copy)
                                                    ^~~~~~
__orio_perftest69.c:131:52: note: each undeclared identifier is reported only once for each function it appears in
__orio_perftest69.c:131:59: error: â€˜X0_copyâ€™ undeclared (first use in this function)
 #pragma omp parallel for private(i,j,ii,jj,iii,jjj,Y_copy,X0_copy,X1_copy,X2_copy)
                                                           ^~~~~~~
__orio_perftest69.c:131:67: error: â€˜X1_copyâ€™ undeclared (first use in this function)
 #pragma omp parallel for private(i,j,ii,jj,iii,jjj,Y_copy,X0_copy,X1_copy,X2_copy)
                                                                   ^~~~~~~
__orio_perftest69.c:131:75: error: â€˜X2_copyâ€™ undeclared (first use in this function)
 #pragma omp parallel for private(i,j,ii,jj,iii,jjj,Y_copy,X0_copy,X1_copy,X2_copy)
                                                                           ^~~~~~~
[00;31mERROR: orio.main.tuner.ptest_driver:  failed to compile the testing code: "timeout --kill-after=30s --signal=9 20m gcc -O3 -fopenmp -DDYNAMIC  -DORIO_REPS=10 -o __orio_perftest69.exe __orio_perftest69.c timer_cpu.o -lm -lrt"[00m
[00;31mERROR: orio.main.tuner.ptest_driver:  the executable of the test code does not exist[00m
timeout: failed to run command â€˜./__orio_perftest69.exeâ€™: No such file or directory
[00;31mERROR: orio.main.tuner.ptest_driver: failed to execute the test code: "timeout --kill-after=30s --signal=9 20m  ./__orio_perftest69.exe  "
 --> CalledProcessError: Command 'timeout --kill-after=30s --signal=9 20m  ./__orio_perftest69.exe  ' returned non-zero exit status 127[00m
[00;31mERROR: orio.main.tuner.ptest_driver:  performance testing failed: "timeout --kill-after=30s --signal=9 20m  ./__orio_perftest69.exe  "[00m
expected=14981109.589145
actual=14981109.589145
diff=0.000000
diff=1
__orio_perftest71.c: In function â€˜mainâ€™:
__orio_perftest71.c:131:52: error: â€˜Y_copyâ€™ undeclared (first use in this function)
 #pragma omp parallel for private(i,j,ii,jj,iii,jjj,Y_copy,X0_copy,X1_copy,X2_copy)
                                                    ^~~~~~
__orio_perftest71.c:131:52: note: each undeclared identifier is reported only once for each function it appears in
__orio_perftest71.c:131:59: error: â€˜X0_copyâ€™ undeclared (first use in this function)
 #pragma omp parallel for private(i,j,ii,jj,iii,jjj,Y_copy,X0_copy,X1_copy,X2_copy)
                                                           ^~~~~~~
__orio_perftest71.c:131:67: error: â€˜X1_copyâ€™ undeclared (first use in this function)
 #pragma omp parallel for private(i,j,ii,jj,iii,jjj,Y_copy,X0_copy,X1_copy,X2_copy)
                                                                   ^~~~~~~
__orio_perftest71.c:131:75: error: â€˜X2_copyâ€™ undeclared (first use in this function)
 #pragma omp parallel for private(i,j,ii,jj,iii,jjj,Y_copy,X0_copy,X1_copy,X2_copy)
                                                                           ^~~~~~~
[00;31mERROR: orio.main.tuner.ptest_driver:  failed to compile the testing code: "timeout --kill-after=30s --signal=9 20m gcc -O3 -fopenmp -DDYNAMIC  -DORIO_REPS=10 -o __orio_perftest71.exe __orio_perftest71.c timer_cpu.o -lm -lrt"[00m
[00;31mERROR: orio.main.tuner.ptest_driver:  the executable of the test code does not exist[00m
timeout: failed to run command â€˜./__orio_perftest71.exeâ€™: No such file or directory
[00;31mERROR: orio.main.tuner.ptest_driver: failed to execute the test code: "timeout --kill-after=30s --signal=9 20m  ./__orio_perftest71.exe  "
 --> CalledProcessError: Command 'timeout --kill-after=30s --signal=9 20m  ./__orio_perftest71.exe  ' returned non-zero exit status 127[00m
[00;31mERROR: orio.main.tuner.ptest_driver:  performance testing failed: "timeout --kill-after=30s --signal=9 20m  ./__orio_perftest71.exe  "[00m
expected=14981109.589145
actual=14981109.589145
diff=0.000000
diff=1
__orio_perftest73.c: In function â€˜mainâ€™:
__orio_perftest73.c:131:52: error: â€˜Y_copyâ€™ undeclared (first use in this function)
 #pragma omp parallel for private(i,j,ii,jj,iii,jjj,Y_copy,X0_copy,X1_copy,X2_copy)
                                                    ^~~~~~
__orio_perftest73.c:131:52: note: each undeclared identifier is reported only once for each function it appears in
__orio_perftest73.c:131:59: error: â€˜X0_copyâ€™ undeclared (first use in this function)
 #pragma omp parallel for private(i,j,ii,jj,iii,jjj,Y_copy,X0_copy,X1_copy,X2_copy)
                                                           ^~~~~~~
__orio_perftest73.c:131:67: error: â€˜X1_copyâ€™ undeclared (first use in this function)
 #pragma omp parallel for private(i,j,ii,jj,iii,jjj,Y_copy,X0_copy,X1_copy,X2_copy)
                                                                   ^~~~~~~
__orio_perftest73.c:131:75: error: â€˜X2_copyâ€™ undeclared (first use in this function)
 #pragma omp parallel for private(i,j,ii,jj,iii,jjj,Y_copy,X0_copy,X1_copy,X2_copy)
                                                                           ^~~~~~~
[00;31mERROR: orio.main.tuner.ptest_driver:  failed to compile the testing code: "timeout --kill-after=30s --signal=9 20m gcc -O3 -fopenmp -DDYNAMIC  -DORIO_REPS=10 -o __orio_perftest73.exe __orio_perftest73.c timer_cpu.o -lm -lrt"[00m
[00;31mERROR: orio.main.tuner.ptest_driver:  the executable of the test code does not exist[00m
timeout: failed to run command â€˜./__orio_perftest73.exeâ€™: No such file or directory
[00;31mERROR: orio.main.tuner.ptest_driver: failed to execute the test code: "timeout --kill-after=30s --signal=9 20m  ./__orio_perftest73.exe  "
 --> CalledProcessError: Command 'timeout --kill-after=30s --signal=9 20m  ./__orio_perftest73.exe  ' returned non-zero exit status 127[00m
[00;31mERROR: orio.main.tuner.ptest_driver:  performance testing failed: "timeout --kill-after=30s --signal=9 20m  ./__orio_perftest73.exe  "[00m
__orio_perftest74.c: In function â€˜mainâ€™:
__orio_perftest74.c:131:52: error: â€˜Y_copyâ€™ undeclared (first use in this function)
 #pragma omp parallel for private(i,j,ii,jj,iii,jjj,Y_copy,X0_copy,X1_copy,X2_copy)
                                                    ^~~~~~
__orio_perftest74.c:131:52: note: each undeclared identifier is reported only once for each function it appears in
__orio_perftest74.c:131:59: error: â€˜X0_copyâ€™ undeclared (first use in this function)
 #pragma omp parallel for private(i,j,ii,jj,iii,jjj,Y_copy,X0_copy,X1_copy,X2_copy)
                                                           ^~~~~~~
__orio_perftest74.c:131:67: error: â€˜X1_copyâ€™ undeclared (first use in this function)
 #pragma omp parallel for private(i,j,ii,jj,iii,jjj,Y_copy,X0_copy,X1_copy,X2_copy)
                                                                   ^~~~~~~
__orio_perftest74.c:131:75: error: â€˜X2_copyâ€™ undeclared (first use in this function)
 #pragma omp parallel for private(i,j,ii,jj,iii,jjj,Y_copy,X0_copy,X1_copy,X2_copy)
                                                                           ^~~~~~~
[00;31mERROR: orio.main.tuner.ptest_driver:  failed to compile the testing code: "timeout --kill-after=30s --signal=9 20m gcc -O3 -fopenmp -DDYNAMIC  -DORIO_REPS=10 -o __orio_perftest74.exe __orio_perftest74.c timer_cpu.o -lm -lrt"[00m
[00;31mERROR: orio.main.tuner.ptest_driver:  the executable of the test code does not exist[00m
timeout: failed to run command â€˜./__orio_perftest74.exeâ€™: No such file or directory
[00;31mERROR: orio.main.tuner.ptest_driver: failed to execute the test code: "timeout --kill-after=30s --signal=9 20m  ./__orio_perftest74.exe  "
 --> CalledProcessError: Command 'timeout --kill-after=30s --signal=9 20m  ./__orio_perftest74.exe  ' returned non-zero exit status 127[00m
[00;31mERROR: orio.main.tuner.ptest_driver:  performance testing failed: "timeout --kill-after=30s --signal=9 20m  ./__orio_perftest74.exe  "[00m
expected=14981109.589145
actual=14981109.589145
diff=0.000000
diff=1
expected=14981109.589145
actual=14981109.589145
diff=0.000000
diff=1
__orio_perftest77.c: In function â€˜mainâ€™:
__orio_perftest77.c:131:52: error: â€˜Y_copyâ€™ undeclared (first use in this function)
 #pragma omp parallel for private(i,j,ii,jj,iii,jjj,Y_copy,X0_copy,X1_copy,X2_copy)
                                                    ^~~~~~
__orio_perftest77.c:131:52: note: each undeclared identifier is reported only once for each function it appears in
__orio_perftest77.c:131:59: error: â€˜X0_copyâ€™ undeclared (first use in this function)
 #pragma omp parallel for private(i,j,ii,jj,iii,jjj,Y_copy,X0_copy,X1_copy,X2_copy)
                                                           ^~~~~~~
__orio_perftest77.c:131:67: error: â€˜X1_copyâ€™ undeclared (first use in this function)
 #pragma omp parallel for private(i,j,ii,jj,iii,jjj,Y_copy,X0_copy,X1_copy,X2_copy)
                                                                   ^~~~~~~
__orio_perftest77.c:131:75: error: â€˜X2_copyâ€™ undeclared (first use in this function)
 #pragma omp parallel for private(i,j,ii,jj,iii,jjj,Y_copy,X0_copy,X1_copy,X2_copy)
                                                                           ^~~~~~~
[00;31mERROR: orio.main.tuner.ptest_driver:  failed to compile the testing code: "timeout --kill-after=30s --signal=9 20m gcc -O3 -fopenmp -DDYNAMIC  -DORIO_REPS=10 -o __orio_perftest77.exe __orio_perftest77.c timer_cpu.o -lm -lrt"[00m
[00;31mERROR: orio.main.tuner.ptest_driver:  the executable of the test code does not exist[00m
timeout: failed to run command â€˜./__orio_perftest77.exeâ€™: No such file or directory
[00;31mERROR: orio.main.tuner.ptest_driver: failed to execute the test code: "timeout --kill-after=30s --signal=9 20m  ./__orio_perftest77.exe  "
 --> CalledProcessError: Command 'timeout --kill-after=30s --signal=9 20m  ./__orio_perftest77.exe  ' returned non-zero exit status 127[00m
[00;31mERROR: orio.main.tuner.ptest_driver:  performance testing failed: "timeout --kill-after=30s --signal=9 20m  ./__orio_perftest77.exe  "[00m
expected=14981109.589145
actual=14981109.589145
diff=0.000000
diff=1
expected=14981109.589145
actual=14981109.589145
diff=0.000000
diff=1
expected=14981109.589145
actual=14981109.589145
diff=0.000000
diff=1
__orio_perftest81.c: In function â€˜mainâ€™:
__orio_perftest81.c:131:52: error: â€˜Y_copyâ€™ undeclared (first use in this function)
 #pragma omp parallel for private(i,j,ii,jj,iii,jjj,Y_copy,X0_copy,X1_copy,X2_copy)
                                                    ^~~~~~
__orio_perftest81.c:131:52: note: each undeclared identifier is reported only once for each function it appears in
__orio_perftest81.c:131:59: error: â€˜X0_copyâ€™ undeclared (first use in this function)
 #pragma omp parallel for private(i,j,ii,jj,iii,jjj,Y_copy,X0_copy,X1_copy,X2_copy)
                                                           ^~~~~~~
__orio_perftest81.c:131:67: error: â€˜X1_copyâ€™ undeclared (first use in this function)
 #pragma omp parallel for private(i,j,ii,jj,iii,jjj,Y_copy,X0_copy,X1_copy,X2_copy)
                                                                   ^~~~~~~
__orio_perftest81.c:131:75: error: â€˜X2_copyâ€™ undeclared (first use in this function)
 #pragma omp parallel for private(i,j,ii,jj,iii,jjj,Y_copy,X0_copy,X1_copy,X2_copy)
                                                                           ^~~~~~~
[00;31mERROR: orio.main.tuner.ptest_driver:  failed to compile the testing code: "timeout --kill-after=30s --signal=9 20m gcc -O3 -fopenmp -DDYNAMIC  -DORIO_REPS=10 -o __orio_perftest81.exe __orio_perftest81.c timer_cpu.o -lm -lrt"[00m
[00;31mERROR: orio.main.tuner.ptest_driver:  the executable of the test code does not exist[00m
timeout: failed to run command â€˜./__orio_perftest81.exeâ€™: No such file or directory
[00;31mERROR: orio.main.tuner.ptest_driver: failed to execute the test code: "timeout --kill-after=30s --signal=9 20m  ./__orio_perftest81.exe  "
 --> CalledProcessError: Command 'timeout --kill-after=30s --signal=9 20m  ./__orio_perftest81.exe  ' returned non-zero exit status 127[00m
[00;31mERROR: orio.main.tuner.ptest_driver:  performance testing failed: "timeout --kill-after=30s --signal=9 20m  ./__orio_perftest81.exe  "[00m
__orio_perftest82.c: In function â€˜mainâ€™:
__orio_perftest82.c:131:52: error: â€˜Y_copyâ€™ undeclared (first use in this function)
 #pragma omp parallel for private(i,j,ii,jj,iii,jjj,Y_copy,X0_copy,X1_copy,X2_copy)
                                                    ^~~~~~
__orio_perftest82.c:131:52: note: each undeclared identifier is reported only once for each function it appears in
__orio_perftest82.c:131:59: error: â€˜X0_copyâ€™ undeclared (first use in this function)
 #pragma omp parallel for private(i,j,ii,jj,iii,jjj,Y_copy,X0_copy,X1_copy,X2_copy)
                                                           ^~~~~~~
__orio_perftest82.c:131:67: error: â€˜X1_copyâ€™ undeclared (first use in this function)
 #pragma omp parallel for private(i,j,ii,jj,iii,jjj,Y_copy,X0_copy,X1_copy,X2_copy)
                                                                   ^~~~~~~
__orio_perftest82.c:131:75: error: â€˜X2_copyâ€™ undeclared (first use in this function)
 #pragma omp parallel for private(i,j,ii,jj,iii,jjj,Y_copy,X0_copy,X1_copy,X2_copy)
                                                                           ^~~~~~~
[00;31mERROR: orio.main.tuner.ptest_driver:  failed to compile the testing code: "timeout --kill-after=30s --signal=9 20m gcc -O3 -fopenmp -DDYNAMIC  -DORIO_REPS=10 -o __orio_perftest82.exe __orio_perftest82.c timer_cpu.o -lm -lrt"[00m
[00;31mERROR: orio.main.tuner.ptest_driver:  the executable of the test code does not exist[00m
timeout: failed to run command â€˜./__orio_perftest82.exeâ€™: No such file or directory
[00;31mERROR: orio.main.tuner.ptest_driver: failed to execute the test code: "timeout --kill-after=30s --signal=9 20m  ./__orio_perftest82.exe  "
 --> CalledProcessError: Command 'timeout --kill-after=30s --signal=9 20m  ./__orio_perftest82.exe  ' returned non-zero exit status 127[00m
[00;31mERROR: orio.main.tuner.ptest_driver:  performance testing failed: "timeout --kill-after=30s --signal=9 20m  ./__orio_perftest82.exe  "[00m
expected=14981109.589145
actual=14981109.589145
diff=0.000000
diff=1
expected=14981109.589145
actual=14981109.589145
diff=0.000000
diff=1
__orio_perftest85.c: In function â€˜mainâ€™:
__orio_perftest85.c:131:52: error: â€˜Y_copyâ€™ undeclared (first use in this function)
 #pragma omp parallel for private(i,j,ii,jj,iii,jjj,Y_copy,X0_copy,X1_copy,X2_copy)
                                                    ^~~~~~
__orio_perftest85.c:131:52: note: each undeclared identifier is reported only once for each function it appears in
__orio_perftest85.c:131:59: error: â€˜X0_copyâ€™ undeclared (first use in this function)
 #pragma omp parallel for private(i,j,ii,jj,iii,jjj,Y_copy,X0_copy,X1_copy,X2_copy)
                                                           ^~~~~~~
__orio_perftest85.c:131:67: error: â€˜X1_copyâ€™ undeclared (first use in this function)
 #pragma omp parallel for private(i,j,ii,jj,iii,jjj,Y_copy,X0_copy,X1_copy,X2_copy)
                                                                   ^~~~~~~
__orio_perftest85.c:131:75: error: â€˜X2_copyâ€™ undeclared (first use in this function)
 #pragma omp parallel for private(i,j,ii,jj,iii,jjj,Y_copy,X0_copy,X1_copy,X2_copy)
                                                                           ^~~~~~~
[00;31mERROR: orio.main.tuner.ptest_driver:  failed to compile the testing code: "timeout --kill-after=30s --signal=9 20m gcc -O3 -fopenmp -DDYNAMIC  -DORIO_REPS=10 -o __orio_perftest85.exe __orio_perftest85.c timer_cpu.o -lm -lrt"[00m
[00;31mERROR: orio.main.tuner.ptest_driver:  the executable of the test code does not exist[00m
timeout: failed to run command â€˜./__orio_perftest85.exeâ€™: No such file or directory
[00;31mERROR: orio.main.tuner.ptest_driver: failed to execute the test code: "timeout --kill-after=30s --signal=9 20m  ./__orio_perftest85.exe  "
 --> CalledProcessError: Command 'timeout --kill-after=30s --signal=9 20m  ./__orio_perftest85.exe  ' returned non-zero exit status 127[00m
[00;31mERROR: orio.main.tuner.ptest_driver:  performance testing failed: "timeout --kill-after=30s --signal=9 20m  ./__orio_perftest85.exe  "[00m
__orio_perftest86.c: In function â€˜mainâ€™:
__orio_perftest86.c:131:52: error: â€˜Y_copyâ€™ undeclared (first use in this function)
 #pragma omp parallel for private(i,j,ii,jj,iii,jjj,Y_copy,X0_copy,X1_copy,X2_copy)
                                                    ^~~~~~
__orio_perftest86.c:131:52: note: each undeclared identifier is reported only once for each function it appears in
__orio_perftest86.c:131:59: error: â€˜X0_copyâ€™ undeclared (first use in this function)
 #pragma omp parallel for private(i,j,ii,jj,iii,jjj,Y_copy,X0_copy,X1_copy,X2_copy)
                                                           ^~~~~~~
__orio_perftest86.c:131:67: error: â€˜X1_copyâ€™ undeclared (first use in this function)
 #pragma omp parallel for private(i,j,ii,jj,iii,jjj,Y_copy,X0_copy,X1_copy,X2_copy)
                                                                   ^~~~~~~
__orio_perftest86.c:131:75: error: â€˜X2_copyâ€™ undeclared (first use in this function)
 #pragma omp parallel for private(i,j,ii,jj,iii,jjj,Y_copy,X0_copy,X1_copy,X2_copy)
                                                                           ^~~~~~~
[00;31mERROR: orio.main.tuner.ptest_driver:  failed to compile the testing code: "timeout --kill-after=30s --signal=9 20m gcc -O3 -fopenmp -DDYNAMIC  -DORIO_REPS=10 -o __orio_perftest86.exe __orio_perftest86.c timer_cpu.o -lm -lrt"[00m
[00;31mERROR: orio.main.tuner.ptest_driver:  the executable of the test code does not exist[00m
timeout: failed to run command â€˜./__orio_perftest86.exeâ€™: No such file or directory
[00;31mERROR: orio.main.tuner.ptest_driver: failed to execute the test code: "timeout --kill-after=30s --signal=9 20m  ./__orio_perftest86.exe  "
 --> CalledProcessError: Command 'timeout --kill-after=30s --signal=9 20m  ./__orio_perftest86.exe  ' returned non-zero exit status 127[00m
[00;31mERROR: orio.main.tuner.ptest_driver:  performance testing failed: "timeout --kill-after=30s --signal=9 20m  ./__orio_perftest86.exe  "[00m
expected=14981109.589145
actual=14981109.589145
diff=0.000000
diff=1
expected=14981109.589145
actual=14981109.589145
diff=0.000000
diff=1
__orio_perftest89.c: In function â€˜mainâ€™:
__orio_perftest89.c:131:52: error: â€˜Y_copyâ€™ undeclared (first use in this function)
 #pragma omp parallel for private(i,j,ii,jj,iii,jjj,Y_copy,X0_copy,X1_copy,X2_copy)
                                                    ^~~~~~
__orio_perftest89.c:131:52: note: each undeclared identifier is reported only once for each function it appears in
__orio_perftest89.c:131:59: error: â€˜X0_copyâ€™ undeclared (first use in this function)
 #pragma omp parallel for private(i,j,ii,jj,iii,jjj,Y_copy,X0_copy,X1_copy,X2_copy)
                                                           ^~~~~~~
__orio_perftest89.c:131:67: error: â€˜X1_copyâ€™ undeclared (first use in this function)
 #pragma omp parallel for private(i,j,ii,jj,iii,jjj,Y_copy,X0_copy,X1_copy,X2_copy)
                                                                   ^~~~~~~
__orio_perftest89.c:131:75: error: â€˜X2_copyâ€™ undeclared (first use in this function)
 #pragma omp parallel for private(i,j,ii,jj,iii,jjj,Y_copy,X0_copy,X1_copy,X2_copy)
                                                                           ^~~~~~~
[00;31mERROR: orio.main.tuner.ptest_driver:  failed to compile the testing code: "timeout --kill-after=30s --signal=9 20m gcc -O3 -fopenmp -DDYNAMIC  -DORIO_REPS=10 -o __orio_perftest89.exe __orio_perftest89.c timer_cpu.o -lm -lrt"[00m
[00;31mERROR: orio.main.tuner.ptest_driver:  the executable of the test code does not exist[00m
timeout: failed to run command â€˜./__orio_perftest89.exeâ€™: No such file or directory
[00;31mERROR: orio.main.tuner.ptest_driver: failed to execute the test code: "timeout --kill-after=30s --signal=9 20m  ./__orio_perftest89.exe  "
 --> CalledProcessError: Command 'timeout --kill-after=30s --signal=9 20m  ./__orio_perftest89.exe  ' returned non-zero exit status 127[00m
[00;31mERROR: orio.main.tuner.ptest_driver:  performance testing failed: "timeout --kill-after=30s --signal=9 20m  ./__orio_perftest89.exe  "[00m
expected=14981109.589145
actual=14981109.589145
diff=0.000000
diff=1
__orio_perftest91.c: In function â€˜mainâ€™:
__orio_perftest91.c:132:52: error: â€˜Y_copyâ€™ undeclared (first use in this function)
 #pragma omp parallel for private(i,j,ii,jj,iii,jjj,Y_copy,X0_copy,X1_copy,X2_copy)
                                                    ^~~~~~
__orio_perftest91.c:132:52: note: each undeclared identifier is reported only once for each function it appears in
__orio_perftest91.c:132:59: error: â€˜X0_copyâ€™ undeclared (first use in this function)
 #pragma omp parallel for private(i,j,ii,jj,iii,jjj,Y_copy,X0_copy,X1_copy,X2_copy)
                                                           ^~~~~~~
__orio_perftest91.c:132:67: error: â€˜X1_copyâ€™ undeclared (first use in this function)
 #pragma omp parallel for private(i,j,ii,jj,iii,jjj,Y_copy,X0_copy,X1_copy,X2_copy)
                                                                   ^~~~~~~
__orio_perftest91.c:132:75: error: â€˜X2_copyâ€™ undeclared (first use in this function)
 #pragma omp parallel for private(i,j,ii,jj,iii,jjj,Y_copy,X0_copy,X1_copy,X2_copy)
                                                                           ^~~~~~~
[00;31mERROR: orio.main.tuner.ptest_driver:  failed to compile the testing code: "timeout --kill-after=30s --signal=9 20m gcc -O3 -fopenmp -DDYNAMIC  -DORIO_REPS=10 -o __orio_perftest91.exe __orio_perftest91.c timer_cpu.o -lm -lrt"[00m
[00;31mERROR: orio.main.tuner.ptest_driver:  the executable of the test code does not exist[00m
timeout: failed to run command â€˜./__orio_perftest91.exeâ€™: No such file or directory
[00;31mERROR: orio.main.tuner.ptest_driver: failed to execute the test code: "timeout --kill-after=30s --signal=9 20m  ./__orio_perftest91.exe  "
 --> CalledProcessError: Command 'timeout --kill-after=30s --signal=9 20m  ./__orio_perftest91.exe  ' returned non-zero exit status 127[00m
[00;31mERROR: orio.main.tuner.ptest_driver:  performance testing failed: "timeout --kill-after=30s --signal=9 20m  ./__orio_perftest91.exe  "[00m
__orio_perftest92.c: In function â€˜mainâ€™:
__orio_perftest92.c:131:52: error: â€˜Y_copyâ€™ undeclared (first use in this function)
 #pragma omp parallel for private(i,j,ii,jj,iii,jjj,Y_copy,X0_copy,X1_copy,X2_copy)
                                                    ^~~~~~
__orio_perftest92.c:131:52: note: each undeclared identifier is reported only once for each function it appears in
__orio_perftest92.c:131:59: error: â€˜X0_copyâ€™ undeclared (first use in this function)
 #pragma omp parallel for private(i,j,ii,jj,iii,jjj,Y_copy,X0_copy,X1_copy,X2_copy)
                                                           ^~~~~~~
__orio_perftest92.c:131:67: error: â€˜X1_copyâ€™ undeclared (first use in this function)
 #pragma omp parallel for private(i,j,ii,jj,iii,jjj,Y_copy,X0_copy,X1_copy,X2_copy)
                                                                   ^~~~~~~
__orio_perftest92.c:131:75: error: â€˜X2_copyâ€™ undeclared (first use in this function)
 #pragma omp parallel for private(i,j,ii,jj,iii,jjj,Y_copy,X0_copy,X1_copy,X2_copy)
                                                                           ^~~~~~~
[00;31mERROR: orio.main.tuner.ptest_driver:  failed to compile the testing code: "timeout --kill-after=30s --signal=9 20m gcc -O3 -fopenmp -DDYNAMIC  -DORIO_REPS=10 -o __orio_perftest92.exe __orio_perftest92.c timer_cpu.o -lm -lrt"[00m
[00;31mERROR: orio.main.tuner.ptest_driver:  the executable of the test code does not exist[00m
timeout: failed to run command â€˜./__orio_perftest92.exeâ€™: No such file or directory
[00;31mERROR: orio.main.tuner.ptest_driver: failed to execute the test code: "timeout --kill-after=30s --signal=9 20m  ./__orio_perftest92.exe  "
 --> CalledProcessError: Command 'timeout --kill-after=30s --signal=9 20m  ./__orio_perftest92.exe  ' returned non-zero exit status 127[00m
[00;31mERROR: orio.main.tuner.ptest_driver:  performance testing failed: "timeout --kill-after=30s --signal=9 20m  ./__orio_perftest92.exe  "[00m
expected=14981109.589145
actual=14981109.589145
diff=0.000000
diff=1
__orio_perftest94.c: In function â€˜mainâ€™:
__orio_perftest94.c:131:52: error: â€˜Y_copyâ€™ undeclared (first use in this function)
 #pragma omp parallel for private(i,j,ii,jj,iii,jjj,Y_copy,X0_copy,X1_copy,X2_copy)
                                                    ^~~~~~
__orio_perftest94.c:131:52: note: each undeclared identifier is reported only once for each function it appears in
__orio_perftest94.c:131:59: error: â€˜X0_copyâ€™ undeclared (first use in this function)
 #pragma omp parallel for private(i,j,ii,jj,iii,jjj,Y_copy,X0_copy,X1_copy,X2_copy)
                                                           ^~~~~~~
__orio_perftest94.c:131:67: error: â€˜X1_copyâ€™ undeclared (first use in this function)
 #pragma omp parallel for private(i,j,ii,jj,iii,jjj,Y_copy,X0_copy,X1_copy,X2_copy)
                                                                   ^~~~~~~
__orio_perftest94.c:131:75: error: â€˜X2_copyâ€™ undeclared (first use in this function)
 #pragma omp parallel for private(i,j,ii,jj,iii,jjj,Y_copy,X0_copy,X1_copy,X2_copy)
                                                                           ^~~~~~~
[00;31mERROR: orio.main.tuner.ptest_driver:  failed to compile the testing code: "timeout --kill-after=30s --signal=9 20m gcc -O3 -fopenmp -DDYNAMIC  -DORIO_REPS=10 -o __orio_perftest94.exe __orio_perftest94.c timer_cpu.o -lm -lrt"[00m
[00;31mERROR: orio.main.tuner.ptest_driver:  the executable of the test code does not exist[00m
timeout: failed to run command â€˜./__orio_perftest94.exeâ€™: No such file or directory
[00;31mERROR: orio.main.tuner.ptest_driver: failed to execute the test code: "timeout --kill-after=30s --signal=9 20m  ./__orio_perftest94.exe  "
 --> CalledProcessError: Command 'timeout --kill-after=30s --signal=9 20m  ./__orio_perftest94.exe  ' returned non-zero exit status 127[00m
[00;31mERROR: orio.main.tuner.ptest_driver:  performance testing failed: "timeout --kill-after=30s --signal=9 20m  ./__orio_perftest94.exe  "[00m
expected=14981109.589145
actual=14981109.589145
diff=0.000000
diff=1
__orio_perftest96.c: In function â€˜mainâ€™:
__orio_perftest96.c:131:52: error: â€˜Y_copyâ€™ undeclared (first use in this function)
 #pragma omp parallel for private(i,j,ii,jj,iii,jjj,Y_copy,X0_copy,X1_copy,X2_copy)
                                                    ^~~~~~
__orio_perftest96.c:131:52: note: each undeclared identifier is reported only once for each function it appears in
__orio_perftest96.c:131:59: error: â€˜X0_copyâ€™ undeclared (first use in this function)
 #pragma omp parallel for private(i,j,ii,jj,iii,jjj,Y_copy,X0_copy,X1_copy,X2_copy)
                                                           ^~~~~~~
__orio_perftest96.c:131:67: error: â€˜X1_copyâ€™ undeclared (first use in this function)
 #pragma omp parallel for private(i,j,ii,jj,iii,jjj,Y_copy,X0_copy,X1_copy,X2_copy)
                                                                   ^~~~~~~
__orio_perftest96.c:131:75: error: â€˜X2_copyâ€™ undeclared (first use in this function)
 #pragma omp parallel for private(i,j,ii,jj,iii,jjj,Y_copy,X0_copy,X1_copy,X2_copy)
                                                                           ^~~~~~~
[00;31mERROR: orio.main.tuner.ptest_driver:  failed to compile the testing code: "timeout --kill-after=30s --signal=9 20m gcc -O3 -fopenmp -DDYNAMIC  -DORIO_REPS=10 -o __orio_perftest96.exe __orio_perftest96.c timer_cpu.o -lm -lrt"[00m
[00;31mERROR: orio.main.tuner.ptest_driver:  the executable of the test code does not exist[00m
timeout: failed to run command â€˜./__orio_perftest96.exeâ€™: No such file or directory
[00;31mERROR: orio.main.tuner.ptest_driver: failed to execute the test code: "timeout --kill-after=30s --signal=9 20m  ./__orio_perftest96.exe  "
 --> CalledProcessError: Command 'timeout --kill-after=30s --signal=9 20m  ./__orio_perftest96.exe  ' returned non-zero exit status 127[00m
[00;31mERROR: orio.main.tuner.ptest_driver:  performance testing failed: "timeout --kill-after=30s --signal=9 20m  ./__orio_perftest96.exe  "[00m
expected=14981109.589145
actual=14981109.589145
diff=0.000000
diff=1
__orio_perftest98.c: In function â€˜mainâ€™:
__orio_perftest98.c:131:52: error: â€˜Y_copyâ€™ undeclared (first use in this function)
 #pragma omp parallel for private(i,j,ii,jj,iii,jjj,Y_copy,X0_copy,X1_copy,X2_copy)
                                                    ^~~~~~
__orio_perftest98.c:131:52: note: each undeclared identifier is reported only once for each function it appears in
__orio_perftest98.c:131:59: error: â€˜X0_copyâ€™ undeclared (first use in this function)
 #pragma omp parallel for private(i,j,ii,jj,iii,jjj,Y_copy,X0_copy,X1_copy,X2_copy)
                                                           ^~~~~~~
__orio_perftest98.c:131:67: error: â€˜X1_copyâ€™ undeclared (first use in this function)
 #pragma omp parallel for private(i,j,ii,jj,iii,jjj,Y_copy,X0_copy,X1_copy,X2_copy)
                                                                   ^~~~~~~
__orio_perftest98.c:131:75: error: â€˜X2_copyâ€™ undeclared (first use in this function)
 #pragma omp parallel for private(i,j,ii,jj,iii,jjj,Y_copy,X0_copy,X1_copy,X2_copy)
                                                                           ^~~~~~~
[00;31mERROR: orio.main.tuner.ptest_driver:  failed to compile the testing code: "timeout --kill-after=30s --signal=9 20m gcc -O3 -fopenmp -DDYNAMIC  -DORIO_REPS=10 -o __orio_perftest98.exe __orio_perftest98.c timer_cpu.o -lm -lrt"[00m
[00;31mERROR: orio.main.tuner.ptest_driver:  the executable of the test code does not exist[00m
timeout: failed to run command â€˜./__orio_perftest98.exeâ€™: No such file or directory
[00;31mERROR: orio.main.tuner.ptest_driver: failed to execute the test code: "timeout --kill-after=30s --signal=9 20m  ./__orio_perftest98.exe  "
 --> CalledProcessError: Command 'timeout --kill-after=30s --signal=9 20m  ./__orio_perftest98.exe  ' returned non-zero exit status 127[00m
[00;31mERROR: orio.main.tuner.ptest_driver:  performance testing failed: "timeout --kill-after=30s --signal=9 20m  ./__orio_perftest98.exe  "[00m
expected=14981109.589145
actual=14981109.589145
diff=0.000000
diff=1
expected=14981109.589145
actual=14981109.589145
diff=0.000000
diff=1
expected=14981109.589145
actual=14981109.589145
diff=0.000000
diff=1
expected=14981109.589145
actual=14981109.589145
diff=0.000000
diff=1
__orio_perftest103.c: In function â€˜mainâ€™:
__orio_perftest103.c:131:52: error: â€˜Y_copyâ€™ undeclared (first use in this function)
 #pragma omp parallel for private(i,j,ii,jj,iii,jjj,Y_copy,X0_copy,X1_copy,X2_copy)
                                                    ^~~~~~
__orio_perftest103.c:131:52: note: each undeclared identifier is reported only once for each function it appears in
__orio_perftest103.c:131:59: error: â€˜X0_copyâ€™ undeclared (first use in this function)
 #pragma omp parallel for private(i,j,ii,jj,iii,jjj,Y_copy,X0_copy,X1_copy,X2_copy)
                                                           ^~~~~~~
__orio_perftest103.c:131:67: error: â€˜X1_copyâ€™ undeclared (first use in this function)
 #pragma omp parallel for private(i,j,ii,jj,iii,jjj,Y_copy,X0_copy,X1_copy,X2_copy)
                                                                   ^~~~~~~
__orio_perftest103.c:131:75: error: â€˜X2_copyâ€™ undeclared (first use in this function)
 #pragma omp parallel for private(i,j,ii,jj,iii,jjj,Y_copy,X0_copy,X1_copy,X2_copy)
                                                                           ^~~~~~~
[00;31mERROR: orio.main.tuner.ptest_driver:  failed to compile the testing code: "timeout --kill-after=30s --signal=9 20m gcc -O3 -fopenmp -DDYNAMIC  -DORIO_REPS=10 -o __orio_perftest103.exe __orio_perftest103.c timer_cpu.o -lm -lrt"[00m
[00;31mERROR: orio.main.tuner.ptest_driver:  the executable of the test code does not exist[00m
timeout: failed to run command â€˜./__orio_perftest103.exeâ€™: No such file or directory
[00;31mERROR: orio.main.tuner.ptest_driver: failed to execute the test code: "timeout --kill-after=30s --signal=9 20m  ./__orio_perftest103.exe  "
 --> CalledProcessError: Command 'timeout --kill-after=30s --signal=9 20m  ./__orio_perftest103.exe  ' returned non-zero exit status 127[00m
[00;31mERROR: orio.main.tuner.ptest_driver:  performance testing failed: "timeout --kill-after=30s --signal=9 20m  ./__orio_perftest103.exe  "[00m
__orio_perftest104.c: In function â€˜mainâ€™:
__orio_perftest104.c:131:52: error: â€˜Y_copyâ€™ undeclared (first use in this function)
 #pragma omp parallel for private(i,j,ii,jj,iii,jjj,Y_copy,X0_copy,X1_copy,X2_copy)
                                                    ^~~~~~
__orio_perftest104.c:131:52: note: each undeclared identifier is reported only once for each function it appears in
__orio_perftest104.c:131:59: error: â€˜X0_copyâ€™ undeclared (first use in this function)
 #pragma omp parallel for private(i,j,ii,jj,iii,jjj,Y_copy,X0_copy,X1_copy,X2_copy)
                                                           ^~~~~~~
__orio_perftest104.c:131:67: error: â€˜X1_copyâ€™ undeclared (first use in this function)
 #pragma omp parallel for private(i,j,ii,jj,iii,jjj,Y_copy,X0_copy,X1_copy,X2_copy)
                                                                   ^~~~~~~
__orio_perftest104.c:131:75: error: â€˜X2_copyâ€™ undeclared (first use in this function)
 #pragma omp parallel for private(i,j,ii,jj,iii,jjj,Y_copy,X0_copy,X1_copy,X2_copy)
                                                                           ^~~~~~~
[00;31mERROR: orio.main.tuner.ptest_driver:  failed to compile the testing code: "timeout --kill-after=30s --signal=9 20m gcc -O3 -fopenmp -DDYNAMIC  -DORIO_REPS=10 -o __orio_perftest104.exe __orio_perftest104.c timer_cpu.o -lm -lrt"[00m
[00;31mERROR: orio.main.tuner.ptest_driver:  the executable of the test code does not exist[00m
timeout: failed to run command â€˜./__orio_perftest104.exeâ€™: No such file or directory
[00;31mERROR: orio.main.tuner.ptest_driver: failed to execute the test code: "timeout --kill-after=30s --signal=9 20m  ./__orio_perftest104.exe  "
 --> CalledProcessError: Command 'timeout --kill-after=30s --signal=9 20m  ./__orio_perftest104.exe  ' returned non-zero exit status 127[00m
[00;31mERROR: orio.main.tuner.ptest_driver:  performance testing failed: "timeout --kill-after=30s --signal=9 20m  ./__orio_perftest104.exe  "[00m
expected=14981109.589145
actual=14981109.589145
diff=0.000000
diff=1
