
__orio_perftest1.c: In function â€˜mainâ€™:
__orio_perftest1.c:131:52: error: â€˜Y_copyâ€™ undeclared (first use in this function)
 #pragma omp parallel for private(i,j,ii,jj,iii,jjj,Y_copy,X0_copy,X1_copy,X2_copy)
                                                    ^~~~~~
__orio_perftest1.c:131:52: note: each undeclared identifier is reported only once for each function it appears in
__orio_perftest1.c:131:59: error: â€˜X0_copyâ€™ undeclared (first use in this function)
 #pragma omp parallel for private(i,j,ii,jj,iii,jjj,Y_copy,X0_copy,X1_copy,X2_copy)
                                                           ^~~~~~~
__orio_perftest1.c:131:67: error: â€˜X1_copyâ€™ undeclared (first use in this function)
 #pragma omp parallel for private(i,j,ii,jj,iii,jjj,Y_copy,X0_copy,X1_copy,X2_copy)
                                                                   ^~~~~~~
__orio_perftest1.c:131:75: error: â€˜X2_copyâ€™ undeclared (first use in this function)
 #pragma omp parallel for private(i,j,ii,jj,iii,jjj,Y_copy,X0_copy,X1_copy,X2_copy)
                                                                           ^~~~~~~
[00;31mERROR: orio.main.tuner.ptest_driver:  failed to compile the original version of the code: "timeout --kill-after=30s --signal=9 20m gcc -O3 -fopenmp -DDYNAMIC  -DORIO_REPS=10 -DORIGINAL -o __orio_perftest_original.exe __orio_perftest1.c timer_cpu.o -lm -lrt"[00m
__orio_perftest1.c: In function â€˜mainâ€™:
__orio_perftest1.c:131:52: error: â€˜Y_copyâ€™ undeclared (first use in this function)
 #pragma omp parallel for private(i,j,ii,jj,iii,jjj,Y_copy,X0_copy,X1_copy,X2_copy)
                                                    ^~~~~~
__orio_perftest1.c:131:52: note: each undeclared identifier is reported only once for each function it appears in
__orio_perftest1.c:131:59: error: â€˜X0_copyâ€™ undeclared (first use in this function)
 #pragma omp parallel for private(i,j,ii,jj,iii,jjj,Y_copy,X0_copy,X1_copy,X2_copy)
                                                           ^~~~~~~
__orio_perftest1.c:131:67: error: â€˜X1_copyâ€™ undeclared (first use in this function)
 #pragma omp parallel for private(i,j,ii,jj,iii,jjj,Y_copy,X0_copy,X1_copy,X2_copy)
                                                                   ^~~~~~~
__orio_perftest1.c:131:75: error: â€˜X2_copyâ€™ undeclared (first use in this function)
 #pragma omp parallel for private(i,j,ii,jj,iii,jjj,Y_copy,X0_copy,X1_copy,X2_copy)
                                                                           ^~~~~~~
[00;31mERROR: orio.main.tuner.ptest_driver:  failed to compile the testing code: "timeout --kill-after=30s --signal=9 20m gcc -O3 -fopenmp -DDYNAMIC  -DORIO_REPS=10 -o __orio_perftest1.exe __orio_perftest1.c timer_cpu.o -lm -lrt"[00m
[00;31mERROR: orio.main.tuner.ptest_driver:  the executable of the test code does not exist[00m
timeout: failed to run command â€˜./__orio_perftest1.exeâ€™: No such file or directory
[00;31mERROR: orio.main.tuner.ptest_driver: failed to execute the test code: "timeout --kill-after=30s --signal=9 20m  ./__orio_perftest1.exe  "
 --> CalledProcessError: Command 'timeout --kill-after=30s --signal=9 20m  ./__orio_perftest1.exe  ' returned non-zero exit status 127[00m
[00;31mERROR: orio.main.tuner.ptest_driver:  performance testing failed: "timeout --kill-after=30s --signal=9 20m  ./__orio_perftest1.exe  "[00m
expected=14981109.589145
actual=14981109.589145
diff=0.000000
diff=1
expected=14981109.589145
actual=14981109.589145
diff=0.000000
diff=1
__orio_perftest4.c: In function â€˜mainâ€™:
__orio_perftest4.c:132:52: error: â€˜Y_copyâ€™ undeclared (first use in this function)
 #pragma omp parallel for private(i,j,ii,jj,iii,jjj,Y_copy,X0_copy,X1_copy,X2_copy)
                                                    ^~~~~~
__orio_perftest4.c:132:52: note: each undeclared identifier is reported only once for each function it appears in
__orio_perftest4.c:132:59: error: â€˜X0_copyâ€™ undeclared (first use in this function)
 #pragma omp parallel for private(i,j,ii,jj,iii,jjj,Y_copy,X0_copy,X1_copy,X2_copy)
                                                           ^~~~~~~
__orio_perftest4.c:132:67: error: â€˜X1_copyâ€™ undeclared (first use in this function)
 #pragma omp parallel for private(i,j,ii,jj,iii,jjj,Y_copy,X0_copy,X1_copy,X2_copy)
                                                                   ^~~~~~~
__orio_perftest4.c:132:75: error: â€˜X2_copyâ€™ undeclared (first use in this function)
 #pragma omp parallel for private(i,j,ii,jj,iii,jjj,Y_copy,X0_copy,X1_copy,X2_copy)
                                                                           ^~~~~~~
[00;31mERROR: orio.main.tuner.ptest_driver:  failed to compile the testing code: "timeout --kill-after=30s --signal=9 20m gcc -O3 -fopenmp -DDYNAMIC  -DORIO_REPS=10 -o __orio_perftest4.exe __orio_perftest4.c timer_cpu.o -lm -lrt"[00m
[00;31mERROR: orio.main.tuner.ptest_driver:  the executable of the test code does not exist[00m
timeout: failed to run command â€˜./__orio_perftest4.exeâ€™: No such file or directory
[00;31mERROR: orio.main.tuner.ptest_driver: failed to execute the test code: "timeout --kill-after=30s --signal=9 20m  ./__orio_perftest4.exe  "
 --> CalledProcessError: Command 'timeout --kill-after=30s --signal=9 20m  ./__orio_perftest4.exe  ' returned non-zero exit status 127[00m
[00;31mERROR: orio.main.tuner.ptest_driver:  performance testing failed: "timeout --kill-after=30s --signal=9 20m  ./__orio_perftest4.exe  "[00m
expected=14981109.589145
actual=14981109.589145
diff=0.000000
diff=1
expected=14981109.589145
actual=14981109.589145
diff=0.000000
diff=1
__orio_perftest7.c: In function â€˜mainâ€™:
__orio_perftest7.c:131:52: error: â€˜Y_copyâ€™ undeclared (first use in this function)
 #pragma omp parallel for private(i,j,ii,jj,iii,jjj,Y_copy,X0_copy,X1_copy,X2_copy)
                                                    ^~~~~~
__orio_perftest7.c:131:52: note: each undeclared identifier is reported only once for each function it appears in
__orio_perftest7.c:131:59: error: â€˜X0_copyâ€™ undeclared (first use in this function)
 #pragma omp parallel for private(i,j,ii,jj,iii,jjj,Y_copy,X0_copy,X1_copy,X2_copy)
                                                           ^~~~~~~
__orio_perftest7.c:131:67: error: â€˜X1_copyâ€™ undeclared (first use in this function)
 #pragma omp parallel for private(i,j,ii,jj,iii,jjj,Y_copy,X0_copy,X1_copy,X2_copy)
                                                                   ^~~~~~~
__orio_perftest7.c:131:75: error: â€˜X2_copyâ€™ undeclared (first use in this function)
 #pragma omp parallel for private(i,j,ii,jj,iii,jjj,Y_copy,X0_copy,X1_copy,X2_copy)
                                                                           ^~~~~~~
[00;31mERROR: orio.main.tuner.ptest_driver:  failed to compile the testing code: "timeout --kill-after=30s --signal=9 20m gcc -O3 -fopenmp -DDYNAMIC  -DORIO_REPS=10 -o __orio_perftest7.exe __orio_perftest7.c timer_cpu.o -lm -lrt"[00m
[00;31mERROR: orio.main.tuner.ptest_driver:  the executable of the test code does not exist[00m
timeout: failed to run command â€˜./__orio_perftest7.exeâ€™: No such file or directory
[00;31mERROR: orio.main.tuner.ptest_driver: failed to execute the test code: "timeout --kill-after=30s --signal=9 20m  ./__orio_perftest7.exe  "
 --> CalledProcessError: Command 'timeout --kill-after=30s --signal=9 20m  ./__orio_perftest7.exe  ' returned non-zero exit status 127[00m
[00;31mERROR: orio.main.tuner.ptest_driver:  performance testing failed: "timeout --kill-after=30s --signal=9 20m  ./__orio_perftest7.exe  "[00m
__orio_perftest8.c: In function â€˜mainâ€™:
__orio_perftest8.c:131:52: error: â€˜Y_copyâ€™ undeclared (first use in this function)
 #pragma omp parallel for private(i,j,ii,jj,iii,jjj,Y_copy,X0_copy,X1_copy,X2_copy)
                                                    ^~~~~~
__orio_perftest8.c:131:52: note: each undeclared identifier is reported only once for each function it appears in
__orio_perftest8.c:131:59: error: â€˜X0_copyâ€™ undeclared (first use in this function)
 #pragma omp parallel for private(i,j,ii,jj,iii,jjj,Y_copy,X0_copy,X1_copy,X2_copy)
                                                           ^~~~~~~
__orio_perftest8.c:131:67: error: â€˜X1_copyâ€™ undeclared (first use in this function)
 #pragma omp parallel for private(i,j,ii,jj,iii,jjj,Y_copy,X0_copy,X1_copy,X2_copy)
                                                                   ^~~~~~~
__orio_perftest8.c:131:75: error: â€˜X2_copyâ€™ undeclared (first use in this function)
 #pragma omp parallel for private(i,j,ii,jj,iii,jjj,Y_copy,X0_copy,X1_copy,X2_copy)
                                                                           ^~~~~~~
[00;31mERROR: orio.main.tuner.ptest_driver:  failed to compile the testing code: "timeout --kill-after=30s --signal=9 20m gcc -O3 -fopenmp -DDYNAMIC  -DORIO_REPS=10 -o __orio_perftest8.exe __orio_perftest8.c timer_cpu.o -lm -lrt"[00m
[00;31mERROR: orio.main.tuner.ptest_driver:  the executable of the test code does not exist[00m
timeout: failed to run command â€˜./__orio_perftest8.exeâ€™: No such file or directory
[00;31mERROR: orio.main.tuner.ptest_driver: failed to execute the test code: "timeout --kill-after=30s --signal=9 20m  ./__orio_perftest8.exe  "
 --> CalledProcessError: Command 'timeout --kill-after=30s --signal=9 20m  ./__orio_perftest8.exe  ' returned non-zero exit status 127[00m
[00;31mERROR: orio.main.tuner.ptest_driver:  performance testing failed: "timeout --kill-after=30s --signal=9 20m  ./__orio_perftest8.exe  "[00m
expected=14981109.589145
actual=14981109.589145
diff=0.000000
diff=1
expected=14981109.589145
actual=14981109.589145
diff=0.000000
diff=1
expected=14981109.589145
actual=14981109.589145
diff=0.000000
diff=1
__orio_perftest12.c: In function â€˜mainâ€™:
__orio_perftest12.c:131:52: error: â€˜Y_copyâ€™ undeclared (first use in this function)
 #pragma omp parallel for private(i,j,ii,jj,iii,jjj,Y_copy,X0_copy,X1_copy,X2_copy)
                                                    ^~~~~~
__orio_perftest12.c:131:52: note: each undeclared identifier is reported only once for each function it appears in
__orio_perftest12.c:131:59: error: â€˜X0_copyâ€™ undeclared (first use in this function)
 #pragma omp parallel for private(i,j,ii,jj,iii,jjj,Y_copy,X0_copy,X1_copy,X2_copy)
                                                           ^~~~~~~
__orio_perftest12.c:131:67: error: â€˜X1_copyâ€™ undeclared (first use in this function)
 #pragma omp parallel for private(i,j,ii,jj,iii,jjj,Y_copy,X0_copy,X1_copy,X2_copy)
                                                                   ^~~~~~~
__orio_perftest12.c:131:75: error: â€˜X2_copyâ€™ undeclared (first use in this function)
 #pragma omp parallel for private(i,j,ii,jj,iii,jjj,Y_copy,X0_copy,X1_copy,X2_copy)
                                                                           ^~~~~~~
[00;31mERROR: orio.main.tuner.ptest_driver:  failed to compile the testing code: "timeout --kill-after=30s --signal=9 20m gcc -O3 -fopenmp -DDYNAMIC  -DORIO_REPS=10 -o __orio_perftest12.exe __orio_perftest12.c timer_cpu.o -lm -lrt"[00m
[00;31mERROR: orio.main.tuner.ptest_driver:  the executable of the test code does not exist[00m
timeout: failed to run command â€˜./__orio_perftest12.exeâ€™: No such file or directory
[00;31mERROR: orio.main.tuner.ptest_driver: failed to execute the test code: "timeout --kill-after=30s --signal=9 20m  ./__orio_perftest12.exe  "
 --> CalledProcessError: Command 'timeout --kill-after=30s --signal=9 20m  ./__orio_perftest12.exe  ' returned non-zero exit status 127[00m
[00;31mERROR: orio.main.tuner.ptest_driver:  performance testing failed: "timeout --kill-after=30s --signal=9 20m  ./__orio_perftest12.exe  "[00m
__orio_perftest13.c: In function â€˜mainâ€™:
__orio_perftest13.c:131:52: error: â€˜Y_copyâ€™ undeclared (first use in this function)
 #pragma omp parallel for private(i,j,ii,jj,iii,jjj,Y_copy,X0_copy,X1_copy,X2_copy)
                                                    ^~~~~~
__orio_perftest13.c:131:52: note: each undeclared identifier is reported only once for each function it appears in
__orio_perftest13.c:131:59: error: â€˜X0_copyâ€™ undeclared (first use in this function)
 #pragma omp parallel for private(i,j,ii,jj,iii,jjj,Y_copy,X0_copy,X1_copy,X2_copy)
                                                           ^~~~~~~
__orio_perftest13.c:131:67: error: â€˜X1_copyâ€™ undeclared (first use in this function)
 #pragma omp parallel for private(i,j,ii,jj,iii,jjj,Y_copy,X0_copy,X1_copy,X2_copy)
                                                                   ^~~~~~~
__orio_perftest13.c:131:75: error: â€˜X2_copyâ€™ undeclared (first use in this function)
 #pragma omp parallel for private(i,j,ii,jj,iii,jjj,Y_copy,X0_copy,X1_copy,X2_copy)
                                                                           ^~~~~~~
[00;31mERROR: orio.main.tuner.ptest_driver:  failed to compile the testing code: "timeout --kill-after=30s --signal=9 20m gcc -O3 -fopenmp -DDYNAMIC  -DORIO_REPS=10 -o __orio_perftest13.exe __orio_perftest13.c timer_cpu.o -lm -lrt"[00m
[00;31mERROR: orio.main.tuner.ptest_driver:  the executable of the test code does not exist[00m
timeout: failed to run command â€˜./__orio_perftest13.exeâ€™: No such file or directory
[00;31mERROR: orio.main.tuner.ptest_driver: failed to execute the test code: "timeout --kill-after=30s --signal=9 20m  ./__orio_perftest13.exe  "
 --> CalledProcessError: Command 'timeout --kill-after=30s --signal=9 20m  ./__orio_perftest13.exe  ' returned non-zero exit status 127[00m
[00;31mERROR: orio.main.tuner.ptest_driver:  performance testing failed: "timeout --kill-after=30s --signal=9 20m  ./__orio_perftest13.exe  "[00m
expected=14981109.589145
actual=14981109.589145
diff=0.000000
diff=1
__orio_perftest15.c: In function â€˜mainâ€™:
__orio_perftest15.c:131:52: error: â€˜Y_copyâ€™ undeclared (first use in this function)
 #pragma omp parallel for private(i,j,ii,jj,iii,jjj,Y_copy,X0_copy,X1_copy,X2_copy)
                                                    ^~~~~~
__orio_perftest15.c:131:52: note: each undeclared identifier is reported only once for each function it appears in
__orio_perftest15.c:131:59: error: â€˜X0_copyâ€™ undeclared (first use in this function)
 #pragma omp parallel for private(i,j,ii,jj,iii,jjj,Y_copy,X0_copy,X1_copy,X2_copy)
                                                           ^~~~~~~
__orio_perftest15.c:131:67: error: â€˜X1_copyâ€™ undeclared (first use in this function)
 #pragma omp parallel for private(i,j,ii,jj,iii,jjj,Y_copy,X0_copy,X1_copy,X2_copy)
                                                                   ^~~~~~~
__orio_perftest15.c:131:75: error: â€˜X2_copyâ€™ undeclared (first use in this function)
 #pragma omp parallel for private(i,j,ii,jj,iii,jjj,Y_copy,X0_copy,X1_copy,X2_copy)
                                                                           ^~~~~~~
[00;31mERROR: orio.main.tuner.ptest_driver:  failed to compile the testing code: "timeout --kill-after=30s --signal=9 20m gcc -O3 -fopenmp -DDYNAMIC  -DORIO_REPS=10 -o __orio_perftest15.exe __orio_perftest15.c timer_cpu.o -lm -lrt"[00m
[00;31mERROR: orio.main.tuner.ptest_driver:  the executable of the test code does not exist[00m
timeout: failed to run command â€˜./__orio_perftest15.exeâ€™: No such file or directory
[00;31mERROR: orio.main.tuner.ptest_driver: failed to execute the test code: "timeout --kill-after=30s --signal=9 20m  ./__orio_perftest15.exe  "
 --> CalledProcessError: Command 'timeout --kill-after=30s --signal=9 20m  ./__orio_perftest15.exe  ' returned non-zero exit status 127[00m
[00;31mERROR: orio.main.tuner.ptest_driver:  performance testing failed: "timeout --kill-after=30s --signal=9 20m  ./__orio_perftest15.exe  "[00m
expected=14981109.589145
actual=14981109.589145
diff=0.000000
diff=1
__orio_perftest17.c: In function â€˜mainâ€™:
__orio_perftest17.c:131:52: error: â€˜Y_copyâ€™ undeclared (first use in this function)
 #pragma omp parallel for private(i,j,ii,jj,iii,jjj,Y_copy,X0_copy,X1_copy,X2_copy)
                                                    ^~~~~~
__orio_perftest17.c:131:52: note: each undeclared identifier is reported only once for each function it appears in
__orio_perftest17.c:131:59: error: â€˜X0_copyâ€™ undeclared (first use in this function)
 #pragma omp parallel for private(i,j,ii,jj,iii,jjj,Y_copy,X0_copy,X1_copy,X2_copy)
                                                           ^~~~~~~
__orio_perftest17.c:131:67: error: â€˜X1_copyâ€™ undeclared (first use in this function)
 #pragma omp parallel for private(i,j,ii,jj,iii,jjj,Y_copy,X0_copy,X1_copy,X2_copy)
                                                                   ^~~~~~~
__orio_perftest17.c:131:75: error: â€˜X2_copyâ€™ undeclared (first use in this function)
 #pragma omp parallel for private(i,j,ii,jj,iii,jjj,Y_copy,X0_copy,X1_copy,X2_copy)
                                                                           ^~~~~~~
[00;31mERROR: orio.main.tuner.ptest_driver:  failed to compile the testing code: "timeout --kill-after=30s --signal=9 20m gcc -O3 -fopenmp -DDYNAMIC  -DORIO_REPS=10 -o __orio_perftest17.exe __orio_perftest17.c timer_cpu.o -lm -lrt"[00m
[00;31mERROR: orio.main.tuner.ptest_driver:  the executable of the test code does not exist[00m
timeout: failed to run command â€˜./__orio_perftest17.exeâ€™: No such file or directory
[00;31mERROR: orio.main.tuner.ptest_driver: failed to execute the test code: "timeout --kill-after=30s --signal=9 20m  ./__orio_perftest17.exe  "
 --> CalledProcessError: Command 'timeout --kill-after=30s --signal=9 20m  ./__orio_perftest17.exe  ' returned non-zero exit status 127[00m
[00;31mERROR: orio.main.tuner.ptest_driver:  performance testing failed: "timeout --kill-after=30s --signal=9 20m  ./__orio_perftest17.exe  "[00m
expected=14981109.589145
actual=14981109.589145
diff=0.000000
diff=1
__orio_perftest19.c: In function â€˜mainâ€™:
__orio_perftest19.c:131:52: error: â€˜Y_copyâ€™ undeclared (first use in this function)
 #pragma omp parallel for private(i,j,ii,jj,iii,jjj,Y_copy,X0_copy,X1_copy,X2_copy)
                                                    ^~~~~~
__orio_perftest19.c:131:52: note: each undeclared identifier is reported only once for each function it appears in
__orio_perftest19.c:131:59: error: â€˜X0_copyâ€™ undeclared (first use in this function)
 #pragma omp parallel for private(i,j,ii,jj,iii,jjj,Y_copy,X0_copy,X1_copy,X2_copy)
                                                           ^~~~~~~
__orio_perftest19.c:131:67: error: â€˜X1_copyâ€™ undeclared (first use in this function)
 #pragma omp parallel for private(i,j,ii,jj,iii,jjj,Y_copy,X0_copy,X1_copy,X2_copy)
                                                                   ^~~~~~~
__orio_perftest19.c:131:75: error: â€˜X2_copyâ€™ undeclared (first use in this function)
 #pragma omp parallel for private(i,j,ii,jj,iii,jjj,Y_copy,X0_copy,X1_copy,X2_copy)
                                                                           ^~~~~~~
[00;31mERROR: orio.main.tuner.ptest_driver:  failed to compile the testing code: "timeout --kill-after=30s --signal=9 20m gcc -O3 -fopenmp -DDYNAMIC  -DORIO_REPS=10 -o __orio_perftest19.exe __orio_perftest19.c timer_cpu.o -lm -lrt"[00m
[00;31mERROR: orio.main.tuner.ptest_driver:  the executable of the test code does not exist[00m
timeout: failed to run command â€˜./__orio_perftest19.exeâ€™: No such file or directory
[00;31mERROR: orio.main.tuner.ptest_driver: failed to execute the test code: "timeout --kill-after=30s --signal=9 20m  ./__orio_perftest19.exe  "
 --> CalledProcessError: Command 'timeout --kill-after=30s --signal=9 20m  ./__orio_perftest19.exe  ' returned non-zero exit status 127[00m
[00;31mERROR: orio.main.tuner.ptest_driver:  performance testing failed: "timeout --kill-after=30s --signal=9 20m  ./__orio_perftest19.exe  "[00m
expected=14981109.589145
actual=14981109.589145
diff=0.000000
diff=1
__orio_perftest21.c: In function â€˜mainâ€™:
__orio_perftest21.c:131:52: error: â€˜Y_copyâ€™ undeclared (first use in this function)
 #pragma omp parallel for private(i,j,ii,jj,iii,jjj,Y_copy,X0_copy,X1_copy,X2_copy)
                                                    ^~~~~~
__orio_perftest21.c:131:52: note: each undeclared identifier is reported only once for each function it appears in
__orio_perftest21.c:131:59: error: â€˜X0_copyâ€™ undeclared (first use in this function)
 #pragma omp parallel for private(i,j,ii,jj,iii,jjj,Y_copy,X0_copy,X1_copy,X2_copy)
                                                           ^~~~~~~
__orio_perftest21.c:131:67: error: â€˜X1_copyâ€™ undeclared (first use in this function)
 #pragma omp parallel for private(i,j,ii,jj,iii,jjj,Y_copy,X0_copy,X1_copy,X2_copy)
                                                                   ^~~~~~~
__orio_perftest21.c:131:75: error: â€˜X2_copyâ€™ undeclared (first use in this function)
 #pragma omp parallel for private(i,j,ii,jj,iii,jjj,Y_copy,X0_copy,X1_copy,X2_copy)
                                                                           ^~~~~~~
[00;31mERROR: orio.main.tuner.ptest_driver:  failed to compile the testing code: "timeout --kill-after=30s --signal=9 20m gcc -O3 -fopenmp -DDYNAMIC  -DORIO_REPS=10 -o __orio_perftest21.exe __orio_perftest21.c timer_cpu.o -lm -lrt"[00m
[00;31mERROR: orio.main.tuner.ptest_driver:  the executable of the test code does not exist[00m
timeout: failed to run command â€˜./__orio_perftest21.exeâ€™: No such file or directory
[00;31mERROR: orio.main.tuner.ptest_driver: failed to execute the test code: "timeout --kill-after=30s --signal=9 20m  ./__orio_perftest21.exe  "
 --> CalledProcessError: Command 'timeout --kill-after=30s --signal=9 20m  ./__orio_perftest21.exe  ' returned non-zero exit status 127[00m
[00;31mERROR: orio.main.tuner.ptest_driver:  performance testing failed: "timeout --kill-after=30s --signal=9 20m  ./__orio_perftest21.exe  "[00m
__orio_perftest22.c: In function â€˜mainâ€™:
__orio_perftest22.c:131:52: error: â€˜Y_copyâ€™ undeclared (first use in this function)
 #pragma omp parallel for private(i,j,ii,jj,iii,jjj,Y_copy,X0_copy,X1_copy,X2_copy)
                                                    ^~~~~~
__orio_perftest22.c:131:52: note: each undeclared identifier is reported only once for each function it appears in
__orio_perftest22.c:131:59: error: â€˜X0_copyâ€™ undeclared (first use in this function)
 #pragma omp parallel for private(i,j,ii,jj,iii,jjj,Y_copy,X0_copy,X1_copy,X2_copy)
                                                           ^~~~~~~
__orio_perftest22.c:131:67: error: â€˜X1_copyâ€™ undeclared (first use in this function)
 #pragma omp parallel for private(i,j,ii,jj,iii,jjj,Y_copy,X0_copy,X1_copy,X2_copy)
                                                                   ^~~~~~~
__orio_perftest22.c:131:75: error: â€˜X2_copyâ€™ undeclared (first use in this function)
 #pragma omp parallel for private(i,j,ii,jj,iii,jjj,Y_copy,X0_copy,X1_copy,X2_copy)
                                                                           ^~~~~~~
[00;31mERROR: orio.main.tuner.ptest_driver:  failed to compile the testing code: "timeout --kill-after=30s --signal=9 20m gcc -O3 -fopenmp -DDYNAMIC  -DORIO_REPS=10 -o __orio_perftest22.exe __orio_perftest22.c timer_cpu.o -lm -lrt"[00m
[00;31mERROR: orio.main.tuner.ptest_driver:  the executable of the test code does not exist[00m
timeout: failed to run command â€˜./__orio_perftest22.exeâ€™: No such file or directory
[00;31mERROR: orio.main.tuner.ptest_driver: failed to execute the test code: "timeout --kill-after=30s --signal=9 20m  ./__orio_perftest22.exe  "
 --> CalledProcessError: Command 'timeout --kill-after=30s --signal=9 20m  ./__orio_perftest22.exe  ' returned non-zero exit status 127[00m
[00;31mERROR: orio.main.tuner.ptest_driver:  performance testing failed: "timeout --kill-after=30s --signal=9 20m  ./__orio_perftest22.exe  "[00m
__orio_perftest23.c: In function â€˜mainâ€™:
__orio_perftest23.c:131:52: error: â€˜Y_copyâ€™ undeclared (first use in this function)
 #pragma omp parallel for private(i,j,ii,jj,iii,jjj,Y_copy,X0_copy,X1_copy,X2_copy)
                                                    ^~~~~~
__orio_perftest23.c:131:52: note: each undeclared identifier is reported only once for each function it appears in
__orio_perftest23.c:131:59: error: â€˜X0_copyâ€™ undeclared (first use in this function)
 #pragma omp parallel for private(i,j,ii,jj,iii,jjj,Y_copy,X0_copy,X1_copy,X2_copy)
                                                           ^~~~~~~
__orio_perftest23.c:131:67: error: â€˜X1_copyâ€™ undeclared (first use in this function)
 #pragma omp parallel for private(i,j,ii,jj,iii,jjj,Y_copy,X0_copy,X1_copy,X2_copy)
                                                                   ^~~~~~~
__orio_perftest23.c:131:75: error: â€˜X2_copyâ€™ undeclared (first use in this function)
 #pragma omp parallel for private(i,j,ii,jj,iii,jjj,Y_copy,X0_copy,X1_copy,X2_copy)
                                                                           ^~~~~~~
[00;31mERROR: orio.main.tuner.ptest_driver:  failed to compile the testing code: "timeout --kill-after=30s --signal=9 20m gcc -O3 -fopenmp -DDYNAMIC  -DORIO_REPS=10 -o __orio_perftest23.exe __orio_perftest23.c timer_cpu.o -lm -lrt"[00m
[00;31mERROR: orio.main.tuner.ptest_driver:  the executable of the test code does not exist[00m
timeout: failed to run command â€˜./__orio_perftest23.exeâ€™: No such file or directory
[00;31mERROR: orio.main.tuner.ptest_driver: failed to execute the test code: "timeout --kill-after=30s --signal=9 20m  ./__orio_perftest23.exe  "
 --> CalledProcessError: Command 'timeout --kill-after=30s --signal=9 20m  ./__orio_perftest23.exe  ' returned non-zero exit status 127[00m
[00;31mERROR: orio.main.tuner.ptest_driver:  performance testing failed: "timeout --kill-after=30s --signal=9 20m  ./__orio_perftest23.exe  "[00m
expected=14981109.589145
actual=14981109.589145
diff=0.000000
diff=1
expected=14981109.589145
actual=14981109.589145
diff=0.000000
diff=1
expected=14981109.589145
actual=14981109.589145
diff=0.000000
diff=1
/usr/lib/python2.7/dist-packages/rpy2/rinterface/__init__.py:186: RRuntimeWarning: Error in lm.fit(x, y, offset = offset, singular.ok = singular.ok, ...) : 
  0 (non-NA) cases

  warnings.warn(x, RRuntimeWarning)
expected=14981109.589145
actual=14981109.589145
diff=0.000000
diff=1
expected=14981109.589145
actual=14981109.589145
diff=0.000000
diff=1
__orio_perftest29.c: In function â€˜mainâ€™:
__orio_perftest29.c:131:52: error: â€˜Y_copyâ€™ undeclared (first use in this function)
 #pragma omp parallel for private(i,j,ii,jj,iii,jjj,Y_copy,X0_copy,X1_copy,X2_copy)
                                                    ^~~~~~
__orio_perftest29.c:131:52: note: each undeclared identifier is reported only once for each function it appears in
__orio_perftest29.c:131:59: error: â€˜X0_copyâ€™ undeclared (first use in this function)
 #pragma omp parallel for private(i,j,ii,jj,iii,jjj,Y_copy,X0_copy,X1_copy,X2_copy)
                                                           ^~~~~~~
__orio_perftest29.c:131:67: error: â€˜X1_copyâ€™ undeclared (first use in this function)
 #pragma omp parallel for private(i,j,ii,jj,iii,jjj,Y_copy,X0_copy,X1_copy,X2_copy)
                                                                   ^~~~~~~
__orio_perftest29.c:131:75: error: â€˜X2_copyâ€™ undeclared (first use in this function)
 #pragma omp parallel for private(i,j,ii,jj,iii,jjj,Y_copy,X0_copy,X1_copy,X2_copy)
                                                                           ^~~~~~~
[00;31mERROR: orio.main.tuner.ptest_driver:  failed to compile the testing code: "timeout --kill-after=30s --signal=9 20m gcc -O3 -fopenmp -DDYNAMIC  -DORIO_REPS=10 -o __orio_perftest29.exe __orio_perftest29.c timer_cpu.o -lm -lrt"[00m
[00;31mERROR: orio.main.tuner.ptest_driver:  the executable of the test code does not exist[00m
timeout: failed to run command â€˜./__orio_perftest29.exeâ€™: No such file or directory
[00;31mERROR: orio.main.tuner.ptest_driver: failed to execute the test code: "timeout --kill-after=30s --signal=9 20m  ./__orio_perftest29.exe  "
 --> CalledProcessError: Command 'timeout --kill-after=30s --signal=9 20m  ./__orio_perftest29.exe  ' returned non-zero exit status 127[00m
[00;31mERROR: orio.main.tuner.ptest_driver:  performance testing failed: "timeout --kill-after=30s --signal=9 20m  ./__orio_perftest29.exe  "[00m
__orio_perftest30.c: In function â€˜mainâ€™:
__orio_perftest30.c:131:52: error: â€˜Y_copyâ€™ undeclared (first use in this function)
 #pragma omp parallel for private(i,j,ii,jj,iii,jjj,Y_copy,X0_copy,X1_copy,X2_copy)
                                                    ^~~~~~
__orio_perftest30.c:131:52: note: each undeclared identifier is reported only once for each function it appears in
__orio_perftest30.c:131:59: error: â€˜X0_copyâ€™ undeclared (first use in this function)
 #pragma omp parallel for private(i,j,ii,jj,iii,jjj,Y_copy,X0_copy,X1_copy,X2_copy)
                                                           ^~~~~~~
__orio_perftest30.c:131:67: error: â€˜X1_copyâ€™ undeclared (first use in this function)
 #pragma omp parallel for private(i,j,ii,jj,iii,jjj,Y_copy,X0_copy,X1_copy,X2_copy)
                                                                   ^~~~~~~
__orio_perftest30.c:131:75: error: â€˜X2_copyâ€™ undeclared (first use in this function)
 #pragma omp parallel for private(i,j,ii,jj,iii,jjj,Y_copy,X0_copy,X1_copy,X2_copy)
                                                                           ^~~~~~~
[00;31mERROR: orio.main.tuner.ptest_driver:  failed to compile the testing code: "timeout --kill-after=30s --signal=9 20m gcc -O3 -fopenmp -DDYNAMIC  -DORIO_REPS=10 -o __orio_perftest30.exe __orio_perftest30.c timer_cpu.o -lm -lrt"[00m
[00;31mERROR: orio.main.tuner.ptest_driver:  the executable of the test code does not exist[00m
timeout: failed to run command â€˜./__orio_perftest30.exeâ€™: No such file or directory
[00;31mERROR: orio.main.tuner.ptest_driver: failed to execute the test code: "timeout --kill-after=30s --signal=9 20m  ./__orio_perftest30.exe  "
 --> CalledProcessError: Command 'timeout --kill-after=30s --signal=9 20m  ./__orio_perftest30.exe  ' returned non-zero exit status 127[00m
[00;31mERROR: orio.main.tuner.ptest_driver:  performance testing failed: "timeout --kill-after=30s --signal=9 20m  ./__orio_perftest30.exe  "[00m
expected=14981109.589145
actual=14981109.589145
diff=0.000000
diff=1
expected=14981109.589145
actual=14981109.589145
diff=0.000000
diff=1
__orio_perftest33.c: In function â€˜mainâ€™:
__orio_perftest33.c:131:52: error: â€˜Y_copyâ€™ undeclared (first use in this function)
 #pragma omp parallel for private(i,j,ii,jj,iii,jjj,Y_copy,X0_copy,X1_copy,X2_copy)
                                                    ^~~~~~
__orio_perftest33.c:131:52: note: each undeclared identifier is reported only once for each function it appears in
__orio_perftest33.c:131:59: error: â€˜X0_copyâ€™ undeclared (first use in this function)
 #pragma omp parallel for private(i,j,ii,jj,iii,jjj,Y_copy,X0_copy,X1_copy,X2_copy)
                                                           ^~~~~~~
__orio_perftest33.c:131:67: error: â€˜X1_copyâ€™ undeclared (first use in this function)
 #pragma omp parallel for private(i,j,ii,jj,iii,jjj,Y_copy,X0_copy,X1_copy,X2_copy)
                                                                   ^~~~~~~
__orio_perftest33.c:131:75: error: â€˜X2_copyâ€™ undeclared (first use in this function)
 #pragma omp parallel for private(i,j,ii,jj,iii,jjj,Y_copy,X0_copy,X1_copy,X2_copy)
                                                                           ^~~~~~~
[00;31mERROR: orio.main.tuner.ptest_driver:  failed to compile the testing code: "timeout --kill-after=30s --signal=9 20m gcc -O3 -fopenmp -DDYNAMIC  -DORIO_REPS=10 -o __orio_perftest33.exe __orio_perftest33.c timer_cpu.o -lm -lrt"[00m
[00;31mERROR: orio.main.tuner.ptest_driver:  the executable of the test code does not exist[00m
timeout: failed to run command â€˜./__orio_perftest33.exeâ€™: No such file or directory
[00;31mERROR: orio.main.tuner.ptest_driver: failed to execute the test code: "timeout --kill-after=30s --signal=9 20m  ./__orio_perftest33.exe  "
 --> CalledProcessError: Command 'timeout --kill-after=30s --signal=9 20m  ./__orio_perftest33.exe  ' returned non-zero exit status 127[00m
[00;31mERROR: orio.main.tuner.ptest_driver:  performance testing failed: "timeout --kill-after=30s --signal=9 20m  ./__orio_perftest33.exe  "[00m
expected=14981109.589145
actual=14981109.589145
diff=0.000000
diff=1
__orio_perftest35.c: In function â€˜mainâ€™:
__orio_perftest35.c:131:52: error: â€˜Y_copyâ€™ undeclared (first use in this function)
 #pragma omp parallel for private(i,j,ii,jj,iii,jjj,Y_copy,X0_copy,X1_copy,X2_copy)
                                                    ^~~~~~
__orio_perftest35.c:131:52: note: each undeclared identifier is reported only once for each function it appears in
__orio_perftest35.c:131:59: error: â€˜X0_copyâ€™ undeclared (first use in this function)
 #pragma omp parallel for private(i,j,ii,jj,iii,jjj,Y_copy,X0_copy,X1_copy,X2_copy)
                                                           ^~~~~~~
__orio_perftest35.c:131:67: error: â€˜X1_copyâ€™ undeclared (first use in this function)
 #pragma omp parallel for private(i,j,ii,jj,iii,jjj,Y_copy,X0_copy,X1_copy,X2_copy)
                                                                   ^~~~~~~
__orio_perftest35.c:131:75: error: â€˜X2_copyâ€™ undeclared (first use in this function)
 #pragma omp parallel for private(i,j,ii,jj,iii,jjj,Y_copy,X0_copy,X1_copy,X2_copy)
                                                                           ^~~~~~~
[00;31mERROR: orio.main.tuner.ptest_driver:  failed to compile the testing code: "timeout --kill-after=30s --signal=9 20m gcc -O3 -fopenmp -DDYNAMIC  -DORIO_REPS=10 -o __orio_perftest35.exe __orio_perftest35.c timer_cpu.o -lm -lrt"[00m
[00;31mERROR: orio.main.tuner.ptest_driver:  the executable of the test code does not exist[00m
timeout: failed to run command â€˜./__orio_perftest35.exeâ€™: No such file or directory
[00;31mERROR: orio.main.tuner.ptest_driver: failed to execute the test code: "timeout --kill-after=30s --signal=9 20m  ./__orio_perftest35.exe  "
 --> CalledProcessError: Command 'timeout --kill-after=30s --signal=9 20m  ./__orio_perftest35.exe  ' returned non-zero exit status 127[00m
[00;31mERROR: orio.main.tuner.ptest_driver:  performance testing failed: "timeout --kill-after=30s --signal=9 20m  ./__orio_perftest35.exe  "[00m
__orio_perftest36.c: In function â€˜mainâ€™:
__orio_perftest36.c:131:52: error: â€˜Y_copyâ€™ undeclared (first use in this function)
 #pragma omp parallel for private(i,j,ii,jj,iii,jjj,Y_copy,X0_copy,X1_copy,X2_copy)
                                                    ^~~~~~
__orio_perftest36.c:131:52: note: each undeclared identifier is reported only once for each function it appears in
__orio_perftest36.c:131:59: error: â€˜X0_copyâ€™ undeclared (first use in this function)
 #pragma omp parallel for private(i,j,ii,jj,iii,jjj,Y_copy,X0_copy,X1_copy,X2_copy)
                                                           ^~~~~~~
__orio_perftest36.c:131:67: error: â€˜X1_copyâ€™ undeclared (first use in this function)
 #pragma omp parallel for private(i,j,ii,jj,iii,jjj,Y_copy,X0_copy,X1_copy,X2_copy)
                                                                   ^~~~~~~
__orio_perftest36.c:131:75: error: â€˜X2_copyâ€™ undeclared (first use in this function)
 #pragma omp parallel for private(i,j,ii,jj,iii,jjj,Y_copy,X0_copy,X1_copy,X2_copy)
                                                                           ^~~~~~~
[00;31mERROR: orio.main.tuner.ptest_driver:  failed to compile the testing code: "timeout --kill-after=30s --signal=9 20m gcc -O3 -fopenmp -DDYNAMIC  -DORIO_REPS=10 -o __orio_perftest36.exe __orio_perftest36.c timer_cpu.o -lm -lrt"[00m
[00;31mERROR: orio.main.tuner.ptest_driver:  the executable of the test code does not exist[00m
timeout: failed to run command â€˜./__orio_perftest36.exeâ€™: No such file or directory
[00;31mERROR: orio.main.tuner.ptest_driver: failed to execute the test code: "timeout --kill-after=30s --signal=9 20m  ./__orio_perftest36.exe  "
 --> CalledProcessError: Command 'timeout --kill-after=30s --signal=9 20m  ./__orio_perftest36.exe  ' returned non-zero exit status 127[00m
[00;31mERROR: orio.main.tuner.ptest_driver:  performance testing failed: "timeout --kill-after=30s --signal=9 20m  ./__orio_perftest36.exe  "[00m
__orio_perftest37.c: In function â€˜mainâ€™:
__orio_perftest37.c:131:52: error: â€˜Y_copyâ€™ undeclared (first use in this function)
 #pragma omp parallel for private(i,j,ii,jj,iii,jjj,Y_copy,X0_copy,X1_copy,X2_copy)
                                                    ^~~~~~
__orio_perftest37.c:131:52: note: each undeclared identifier is reported only once for each function it appears in
__orio_perftest37.c:131:59: error: â€˜X0_copyâ€™ undeclared (first use in this function)
 #pragma omp parallel for private(i,j,ii,jj,iii,jjj,Y_copy,X0_copy,X1_copy,X2_copy)
                                                           ^~~~~~~
__orio_perftest37.c:131:67: error: â€˜X1_copyâ€™ undeclared (first use in this function)
 #pragma omp parallel for private(i,j,ii,jj,iii,jjj,Y_copy,X0_copy,X1_copy,X2_copy)
                                                                   ^~~~~~~
__orio_perftest37.c:131:75: error: â€˜X2_copyâ€™ undeclared (first use in this function)
 #pragma omp parallel for private(i,j,ii,jj,iii,jjj,Y_copy,X0_copy,X1_copy,X2_copy)
                                                                           ^~~~~~~
[00;31mERROR: orio.main.tuner.ptest_driver:  failed to compile the testing code: "timeout --kill-after=30s --signal=9 20m gcc -O3 -fopenmp -DDYNAMIC  -DORIO_REPS=10 -o __orio_perftest37.exe __orio_perftest37.c timer_cpu.o -lm -lrt"[00m
[00;31mERROR: orio.main.tuner.ptest_driver:  the executable of the test code does not exist[00m
timeout: failed to run command â€˜./__orio_perftest37.exeâ€™: No such file or directory
[00;31mERROR: orio.main.tuner.ptest_driver: failed to execute the test code: "timeout --kill-after=30s --signal=9 20m  ./__orio_perftest37.exe  "
 --> CalledProcessError: Command 'timeout --kill-after=30s --signal=9 20m  ./__orio_perftest37.exe  ' returned non-zero exit status 127[00m
[00;31mERROR: orio.main.tuner.ptest_driver:  performance testing failed: "timeout --kill-after=30s --signal=9 20m  ./__orio_perftest37.exe  "[00m
__orio_perftest38.c: In function â€˜mainâ€™:
__orio_perftest38.c:131:52: error: â€˜Y_copyâ€™ undeclared (first use in this function)
 #pragma omp parallel for private(i,j,ii,jj,iii,jjj,Y_copy,X0_copy,X1_copy,X2_copy)
                                                    ^~~~~~
__orio_perftest38.c:131:52: note: each undeclared identifier is reported only once for each function it appears in
__orio_perftest38.c:131:59: error: â€˜X0_copyâ€™ undeclared (first use in this function)
 #pragma omp parallel for private(i,j,ii,jj,iii,jjj,Y_copy,X0_copy,X1_copy,X2_copy)
                                                           ^~~~~~~
__orio_perftest38.c:131:67: error: â€˜X1_copyâ€™ undeclared (first use in this function)
 #pragma omp parallel for private(i,j,ii,jj,iii,jjj,Y_copy,X0_copy,X1_copy,X2_copy)
                                                                   ^~~~~~~
__orio_perftest38.c:131:75: error: â€˜X2_copyâ€™ undeclared (first use in this function)
 #pragma omp parallel for private(i,j,ii,jj,iii,jjj,Y_copy,X0_copy,X1_copy,X2_copy)
                                                                           ^~~~~~~
[00;31mERROR: orio.main.tuner.ptest_driver:  failed to compile the testing code: "timeout --kill-after=30s --signal=9 20m gcc -O3 -fopenmp -DDYNAMIC  -DORIO_REPS=10 -o __orio_perftest38.exe __orio_perftest38.c timer_cpu.o -lm -lrt"[00m
[00;31mERROR: orio.main.tuner.ptest_driver:  the executable of the test code does not exist[00m
timeout: failed to run command â€˜./__orio_perftest38.exeâ€™: No such file or directory
[00;31mERROR: orio.main.tuner.ptest_driver: failed to execute the test code: "timeout --kill-after=30s --signal=9 20m  ./__orio_perftest38.exe  "
 --> CalledProcessError: Command 'timeout --kill-after=30s --signal=9 20m  ./__orio_perftest38.exe  ' returned non-zero exit status 127[00m
[00;31mERROR: orio.main.tuner.ptest_driver:  performance testing failed: "timeout --kill-after=30s --signal=9 20m  ./__orio_perftest38.exe  "[00m
__orio_perftest39.c: In function â€˜mainâ€™:
__orio_perftest39.c:131:52: error: â€˜Y_copyâ€™ undeclared (first use in this function)
 #pragma omp parallel for private(i,j,ii,jj,iii,jjj,Y_copy,X0_copy,X1_copy,X2_copy)
                                                    ^~~~~~
__orio_perftest39.c:131:52: note: each undeclared identifier is reported only once for each function it appears in
__orio_perftest39.c:131:59: error: â€˜X0_copyâ€™ undeclared (first use in this function)
 #pragma omp parallel for private(i,j,ii,jj,iii,jjj,Y_copy,X0_copy,X1_copy,X2_copy)
                                                           ^~~~~~~
__orio_perftest39.c:131:67: error: â€˜X1_copyâ€™ undeclared (first use in this function)
 #pragma omp parallel for private(i,j,ii,jj,iii,jjj,Y_copy,X0_copy,X1_copy,X2_copy)
                                                                   ^~~~~~~
__orio_perftest39.c:131:75: error: â€˜X2_copyâ€™ undeclared (first use in this function)
 #pragma omp parallel for private(i,j,ii,jj,iii,jjj,Y_copy,X0_copy,X1_copy,X2_copy)
                                                                           ^~~~~~~
[00;31mERROR: orio.main.tuner.ptest_driver:  failed to compile the testing code: "timeout --kill-after=30s --signal=9 20m gcc -O3 -fopenmp -DDYNAMIC  -DORIO_REPS=10 -o __orio_perftest39.exe __orio_perftest39.c timer_cpu.o -lm -lrt"[00m
[00;31mERROR: orio.main.tuner.ptest_driver:  the executable of the test code does not exist[00m
timeout: failed to run command â€˜./__orio_perftest39.exeâ€™: No such file or directory
[00;31mERROR: orio.main.tuner.ptest_driver: failed to execute the test code: "timeout --kill-after=30s --signal=9 20m  ./__orio_perftest39.exe  "
 --> CalledProcessError: Command 'timeout --kill-after=30s --signal=9 20m  ./__orio_perftest39.exe  ' returned non-zero exit status 127[00m
[00;31mERROR: orio.main.tuner.ptest_driver:  performance testing failed: "timeout --kill-after=30s --signal=9 20m  ./__orio_perftest39.exe  "[00m
__orio_perftest40.c: In function â€˜mainâ€™:
__orio_perftest40.c:131:52: error: â€˜Y_copyâ€™ undeclared (first use in this function)
 #pragma omp parallel for private(i,j,ii,jj,iii,jjj,Y_copy,X0_copy,X1_copy,X2_copy)
                                                    ^~~~~~
__orio_perftest40.c:131:52: note: each undeclared identifier is reported only once for each function it appears in
__orio_perftest40.c:131:59: error: â€˜X0_copyâ€™ undeclared (first use in this function)
 #pragma omp parallel for private(i,j,ii,jj,iii,jjj,Y_copy,X0_copy,X1_copy,X2_copy)
                                                           ^~~~~~~
__orio_perftest40.c:131:67: error: â€˜X1_copyâ€™ undeclared (first use in this function)
 #pragma omp parallel for private(i,j,ii,jj,iii,jjj,Y_copy,X0_copy,X1_copy,X2_copy)
                                                                   ^~~~~~~
__orio_perftest40.c:131:75: error: â€˜X2_copyâ€™ undeclared (first use in this function)
 #pragma omp parallel for private(i,j,ii,jj,iii,jjj,Y_copy,X0_copy,X1_copy,X2_copy)
                                                                           ^~~~~~~
[00;31mERROR: orio.main.tuner.ptest_driver:  failed to compile the testing code: "timeout --kill-after=30s --signal=9 20m gcc -O3 -fopenmp -DDYNAMIC  -DORIO_REPS=10 -o __orio_perftest40.exe __orio_perftest40.c timer_cpu.o -lm -lrt"[00m
[00;31mERROR: orio.main.tuner.ptest_driver:  the executable of the test code does not exist[00m
timeout: failed to run command â€˜./__orio_perftest40.exeâ€™: No such file or directory
[00;31mERROR: orio.main.tuner.ptest_driver: failed to execute the test code: "timeout --kill-after=30s --signal=9 20m  ./__orio_perftest40.exe  "
 --> CalledProcessError: Command 'timeout --kill-after=30s --signal=9 20m  ./__orio_perftest40.exe  ' returned non-zero exit status 127[00m
[00;31mERROR: orio.main.tuner.ptest_driver:  performance testing failed: "timeout --kill-after=30s --signal=9 20m  ./__orio_perftest40.exe  "[00m
__orio_perftest41.c: In function â€˜mainâ€™:
__orio_perftest41.c:131:52: error: â€˜Y_copyâ€™ undeclared (first use in this function)
 #pragma omp parallel for private(i,j,ii,jj,iii,jjj,Y_copy,X0_copy,X1_copy,X2_copy)
                                                    ^~~~~~
__orio_perftest41.c:131:52: note: each undeclared identifier is reported only once for each function it appears in
__orio_perftest41.c:131:59: error: â€˜X0_copyâ€™ undeclared (first use in this function)
 #pragma omp parallel for private(i,j,ii,jj,iii,jjj,Y_copy,X0_copy,X1_copy,X2_copy)
                                                           ^~~~~~~
__orio_perftest41.c:131:67: error: â€˜X1_copyâ€™ undeclared (first use in this function)
 #pragma omp parallel for private(i,j,ii,jj,iii,jjj,Y_copy,X0_copy,X1_copy,X2_copy)
                                                                   ^~~~~~~
__orio_perftest41.c:131:75: error: â€˜X2_copyâ€™ undeclared (first use in this function)
 #pragma omp parallel for private(i,j,ii,jj,iii,jjj,Y_copy,X0_copy,X1_copy,X2_copy)
                                                                           ^~~~~~~
[00;31mERROR: orio.main.tuner.ptest_driver:  failed to compile the testing code: "timeout --kill-after=30s --signal=9 20m gcc -O3 -fopenmp -DDYNAMIC  -DORIO_REPS=10 -o __orio_perftest41.exe __orio_perftest41.c timer_cpu.o -lm -lrt"[00m
[00;31mERROR: orio.main.tuner.ptest_driver:  the executable of the test code does not exist[00m
timeout: failed to run command â€˜./__orio_perftest41.exeâ€™: No such file or directory
[00;31mERROR: orio.main.tuner.ptest_driver: failed to execute the test code: "timeout --kill-after=30s --signal=9 20m  ./__orio_perftest41.exe  "
 --> CalledProcessError: Command 'timeout --kill-after=30s --signal=9 20m  ./__orio_perftest41.exe  ' returned non-zero exit status 127[00m
[00;31mERROR: orio.main.tuner.ptest_driver:  performance testing failed: "timeout --kill-after=30s --signal=9 20m  ./__orio_perftest41.exe  "[00m
expected=14981109.589145
actual=14981109.589145
diff=0.000000
diff=1
expected=14981109.589145
actual=14981109.589145
diff=0.000000
diff=1
expected=14981109.589145
actual=14981109.589145
diff=0.000000
diff=1
expected=14981109.589145
actual=14981109.589145
diff=0.000000
diff=1
expected=14981109.589145
actual=14981109.589145
diff=0.000000
diff=1
__orio_perftest47.c: In function â€˜mainâ€™:
__orio_perftest47.c:131:52: error: â€˜Y_copyâ€™ undeclared (first use in this function)
 #pragma omp parallel for private(i,j,ii,jj,iii,jjj,Y_copy,X0_copy,X1_copy,X2_copy)
                                                    ^~~~~~
__orio_perftest47.c:131:52: note: each undeclared identifier is reported only once for each function it appears in
__orio_perftest47.c:131:59: error: â€˜X0_copyâ€™ undeclared (first use in this function)
 #pragma omp parallel for private(i,j,ii,jj,iii,jjj,Y_copy,X0_copy,X1_copy,X2_copy)
                                                           ^~~~~~~
__orio_perftest47.c:131:67: error: â€˜X1_copyâ€™ undeclared (first use in this function)
 #pragma omp parallel for private(i,j,ii,jj,iii,jjj,Y_copy,X0_copy,X1_copy,X2_copy)
                                                                   ^~~~~~~
__orio_perftest47.c:131:75: error: â€˜X2_copyâ€™ undeclared (first use in this function)
 #pragma omp parallel for private(i,j,ii,jj,iii,jjj,Y_copy,X0_copy,X1_copy,X2_copy)
                                                                           ^~~~~~~
[00;31mERROR: orio.main.tuner.ptest_driver:  failed to compile the testing code: "timeout --kill-after=30s --signal=9 20m gcc -O3 -fopenmp -DDYNAMIC  -DORIO_REPS=10 -o __orio_perftest47.exe __orio_perftest47.c timer_cpu.o -lm -lrt"[00m
[00;31mERROR: orio.main.tuner.ptest_driver:  the executable of the test code does not exist[00m
timeout: failed to run command â€˜./__orio_perftest47.exeâ€™: No such file or directory
[00;31mERROR: orio.main.tuner.ptest_driver: failed to execute the test code: "timeout --kill-after=30s --signal=9 20m  ./__orio_perftest47.exe  "
 --> CalledProcessError: Command 'timeout --kill-after=30s --signal=9 20m  ./__orio_perftest47.exe  ' returned non-zero exit status 127[00m
[00;31mERROR: orio.main.tuner.ptest_driver:  performance testing failed: "timeout --kill-after=30s --signal=9 20m  ./__orio_perftest47.exe  "[00m
expected=14981109.589145
actual=14981109.589145
diff=0.000000
diff=1
expected=14981109.589145
actual=14981109.589145
diff=0.000000
diff=1
expected=14981109.589145
actual=14981109.589145
diff=0.000000
diff=1
__orio_perftest51.c: In function â€˜mainâ€™:
__orio_perftest51.c:131:52: error: â€˜Y_copyâ€™ undeclared (first use in this function)
 #pragma omp parallel for private(i,j,ii,jj,iii,jjj,Y_copy,X0_copy,X1_copy,X2_copy)
                                                    ^~~~~~
__orio_perftest51.c:131:52: note: each undeclared identifier is reported only once for each function it appears in
__orio_perftest51.c:131:59: error: â€˜X0_copyâ€™ undeclared (first use in this function)
 #pragma omp parallel for private(i,j,ii,jj,iii,jjj,Y_copy,X0_copy,X1_copy,X2_copy)
                                                           ^~~~~~~
__orio_perftest51.c:131:67: error: â€˜X1_copyâ€™ undeclared (first use in this function)
 #pragma omp parallel for private(i,j,ii,jj,iii,jjj,Y_copy,X0_copy,X1_copy,X2_copy)
                                                                   ^~~~~~~
__orio_perftest51.c:131:75: error: â€˜X2_copyâ€™ undeclared (first use in this function)
 #pragma omp parallel for private(i,j,ii,jj,iii,jjj,Y_copy,X0_copy,X1_copy,X2_copy)
                                                                           ^~~~~~~
[00;31mERROR: orio.main.tuner.ptest_driver:  failed to compile the testing code: "timeout --kill-after=30s --signal=9 20m gcc -O3 -fopenmp -DDYNAMIC  -DORIO_REPS=10 -o __orio_perftest51.exe __orio_perftest51.c timer_cpu.o -lm -lrt"[00m
[00;31mERROR: orio.main.tuner.ptest_driver:  the executable of the test code does not exist[00m
timeout: failed to run command â€˜./__orio_perftest51.exeâ€™: No such file or directory
[00;31mERROR: orio.main.tuner.ptest_driver: failed to execute the test code: "timeout --kill-after=30s --signal=9 20m  ./__orio_perftest51.exe  "
 --> CalledProcessError: Command 'timeout --kill-after=30s --signal=9 20m  ./__orio_perftest51.exe  ' returned non-zero exit status 127[00m
[00;31mERROR: orio.main.tuner.ptest_driver:  performance testing failed: "timeout --kill-after=30s --signal=9 20m  ./__orio_perftest51.exe  "[00m
__orio_perftest52.c: In function â€˜mainâ€™:
__orio_perftest52.c:131:52: error: â€˜Y_copyâ€™ undeclared (first use in this function)
 #pragma omp parallel for private(i,j,ii,jj,iii,jjj,Y_copy,X0_copy,X1_copy,X2_copy)
                                                    ^~~~~~
__orio_perftest52.c:131:52: note: each undeclared identifier is reported only once for each function it appears in
__orio_perftest52.c:131:59: error: â€˜X0_copyâ€™ undeclared (first use in this function)
 #pragma omp parallel for private(i,j,ii,jj,iii,jjj,Y_copy,X0_copy,X1_copy,X2_copy)
                                                           ^~~~~~~
__orio_perftest52.c:131:67: error: â€˜X1_copyâ€™ undeclared (first use in this function)
 #pragma omp parallel for private(i,j,ii,jj,iii,jjj,Y_copy,X0_copy,X1_copy,X2_copy)
                                                                   ^~~~~~~
__orio_perftest52.c:131:75: error: â€˜X2_copyâ€™ undeclared (first use in this function)
 #pragma omp parallel for private(i,j,ii,jj,iii,jjj,Y_copy,X0_copy,X1_copy,X2_copy)
                                                                           ^~~~~~~
[00;31mERROR: orio.main.tuner.ptest_driver:  failed to compile the testing code: "timeout --kill-after=30s --signal=9 20m gcc -O3 -fopenmp -DDYNAMIC  -DORIO_REPS=10 -o __orio_perftest52.exe __orio_perftest52.c timer_cpu.o -lm -lrt"[00m
[00;31mERROR: orio.main.tuner.ptest_driver:  the executable of the test code does not exist[00m
timeout: failed to run command â€˜./__orio_perftest52.exeâ€™: No such file or directory
[00;31mERROR: orio.main.tuner.ptest_driver: failed to execute the test code: "timeout --kill-after=30s --signal=9 20m  ./__orio_perftest52.exe  "
 --> CalledProcessError: Command 'timeout --kill-after=30s --signal=9 20m  ./__orio_perftest52.exe  ' returned non-zero exit status 127[00m
[00;31mERROR: orio.main.tuner.ptest_driver:  performance testing failed: "timeout --kill-after=30s --signal=9 20m  ./__orio_perftest52.exe  "[00m
__orio_perftest53.c: In function â€˜mainâ€™:
__orio_perftest53.c:131:52: error: â€˜Y_copyâ€™ undeclared (first use in this function)
 #pragma omp parallel for private(i,j,ii,jj,iii,jjj,Y_copy,X0_copy,X1_copy,X2_copy)
                                                    ^~~~~~
__orio_perftest53.c:131:52: note: each undeclared identifier is reported only once for each function it appears in
__orio_perftest53.c:131:59: error: â€˜X0_copyâ€™ undeclared (first use in this function)
 #pragma omp parallel for private(i,j,ii,jj,iii,jjj,Y_copy,X0_copy,X1_copy,X2_copy)
                                                           ^~~~~~~
__orio_perftest53.c:131:67: error: â€˜X1_copyâ€™ undeclared (first use in this function)
 #pragma omp parallel for private(i,j,ii,jj,iii,jjj,Y_copy,X0_copy,X1_copy,X2_copy)
                                                                   ^~~~~~~
__orio_perftest53.c:131:75: error: â€˜X2_copyâ€™ undeclared (first use in this function)
 #pragma omp parallel for private(i,j,ii,jj,iii,jjj,Y_copy,X0_copy,X1_copy,X2_copy)
                                                                           ^~~~~~~
[00;31mERROR: orio.main.tuner.ptest_driver:  failed to compile the testing code: "timeout --kill-after=30s --signal=9 20m gcc -O3 -fopenmp -DDYNAMIC  -DORIO_REPS=10 -o __orio_perftest53.exe __orio_perftest53.c timer_cpu.o -lm -lrt"[00m
[00;31mERROR: orio.main.tuner.ptest_driver:  the executable of the test code does not exist[00m
timeout: failed to run command â€˜./__orio_perftest53.exeâ€™: No such file or directory
[00;31mERROR: orio.main.tuner.ptest_driver: failed to execute the test code: "timeout --kill-after=30s --signal=9 20m  ./__orio_perftest53.exe  "
 --> CalledProcessError: Command 'timeout --kill-after=30s --signal=9 20m  ./__orio_perftest53.exe  ' returned non-zero exit status 127[00m
[00;31mERROR: orio.main.tuner.ptest_driver:  performance testing failed: "timeout --kill-after=30s --signal=9 20m  ./__orio_perftest53.exe  "[00m
expected=14981109.589145
actual=14981109.589145
diff=0.000000
diff=1
__orio_perftest55.c: In function â€˜mainâ€™:
__orio_perftest55.c:131:52: error: â€˜Y_copyâ€™ undeclared (first use in this function)
 #pragma omp parallel for private(i,j,ii,jj,iii,jjj,Y_copy,X0_copy,X1_copy,X2_copy)
                                                    ^~~~~~
__orio_perftest55.c:131:52: note: each undeclared identifier is reported only once for each function it appears in
__orio_perftest55.c:131:59: error: â€˜X0_copyâ€™ undeclared (first use in this function)
 #pragma omp parallel for private(i,j,ii,jj,iii,jjj,Y_copy,X0_copy,X1_copy,X2_copy)
                                                           ^~~~~~~
__orio_perftest55.c:131:67: error: â€˜X1_copyâ€™ undeclared (first use in this function)
 #pragma omp parallel for private(i,j,ii,jj,iii,jjj,Y_copy,X0_copy,X1_copy,X2_copy)
                                                                   ^~~~~~~
__orio_perftest55.c:131:75: error: â€˜X2_copyâ€™ undeclared (first use in this function)
 #pragma omp parallel for private(i,j,ii,jj,iii,jjj,Y_copy,X0_copy,X1_copy,X2_copy)
                                                                           ^~~~~~~
[00;31mERROR: orio.main.tuner.ptest_driver:  failed to compile the testing code: "timeout --kill-after=30s --signal=9 20m gcc -O3 -fopenmp -DDYNAMIC  -DORIO_REPS=10 -o __orio_perftest55.exe __orio_perftest55.c timer_cpu.o -lm -lrt"[00m
[00;31mERROR: orio.main.tuner.ptest_driver:  the executable of the test code does not exist[00m
timeout: failed to run command â€˜./__orio_perftest55.exeâ€™: No such file or directory
[00;31mERROR: orio.main.tuner.ptest_driver: failed to execute the test code: "timeout --kill-after=30s --signal=9 20m  ./__orio_perftest55.exe  "
 --> CalledProcessError: Command 'timeout --kill-after=30s --signal=9 20m  ./__orio_perftest55.exe  ' returned non-zero exit status 127[00m
[00;31mERROR: orio.main.tuner.ptest_driver:  performance testing failed: "timeout --kill-after=30s --signal=9 20m  ./__orio_perftest55.exe  "[00m
expected=14981109.589145
actual=14981109.589145
diff=0.000000
diff=1
__orio_perftest57.c: In function â€˜mainâ€™:
__orio_perftest57.c:131:52: error: â€˜Y_copyâ€™ undeclared (first use in this function)
 #pragma omp parallel for private(i,j,ii,jj,iii,jjj,Y_copy,X0_copy,X1_copy,X2_copy)
                                                    ^~~~~~
__orio_perftest57.c:131:52: note: each undeclared identifier is reported only once for each function it appears in
__orio_perftest57.c:131:59: error: â€˜X0_copyâ€™ undeclared (first use in this function)
 #pragma omp parallel for private(i,j,ii,jj,iii,jjj,Y_copy,X0_copy,X1_copy,X2_copy)
                                                           ^~~~~~~
__orio_perftest57.c:131:67: error: â€˜X1_copyâ€™ undeclared (first use in this function)
 #pragma omp parallel for private(i,j,ii,jj,iii,jjj,Y_copy,X0_copy,X1_copy,X2_copy)
                                                                   ^~~~~~~
__orio_perftest57.c:131:75: error: â€˜X2_copyâ€™ undeclared (first use in this function)
 #pragma omp parallel for private(i,j,ii,jj,iii,jjj,Y_copy,X0_copy,X1_copy,X2_copy)
                                                                           ^~~~~~~
[00;31mERROR: orio.main.tuner.ptest_driver:  failed to compile the testing code: "timeout --kill-after=30s --signal=9 20m gcc -O3 -fopenmp -DDYNAMIC  -DORIO_REPS=10 -o __orio_perftest57.exe __orio_perftest57.c timer_cpu.o -lm -lrt"[00m
[00;31mERROR: orio.main.tuner.ptest_driver:  the executable of the test code does not exist[00m
timeout: failed to run command â€˜./__orio_perftest57.exeâ€™: No such file or directory
[00;31mERROR: orio.main.tuner.ptest_driver: failed to execute the test code: "timeout --kill-after=30s --signal=9 20m  ./__orio_perftest57.exe  "
 --> CalledProcessError: Command 'timeout --kill-after=30s --signal=9 20m  ./__orio_perftest57.exe  ' returned non-zero exit status 127[00m
[00;31mERROR: orio.main.tuner.ptest_driver:  performance testing failed: "timeout --kill-after=30s --signal=9 20m  ./__orio_perftest57.exe  "[00m
__orio_perftest58.c: In function â€˜mainâ€™:
__orio_perftest58.c:131:52: error: â€˜Y_copyâ€™ undeclared (first use in this function)
 #pragma omp parallel for private(i,j,ii,jj,iii,jjj,Y_copy,X0_copy,X1_copy,X2_copy)
                                                    ^~~~~~
__orio_perftest58.c:131:52: note: each undeclared identifier is reported only once for each function it appears in
__orio_perftest58.c:131:59: error: â€˜X0_copyâ€™ undeclared (first use in this function)
 #pragma omp parallel for private(i,j,ii,jj,iii,jjj,Y_copy,X0_copy,X1_copy,X2_copy)
                                                           ^~~~~~~
__orio_perftest58.c:131:67: error: â€˜X1_copyâ€™ undeclared (first use in this function)
 #pragma omp parallel for private(i,j,ii,jj,iii,jjj,Y_copy,X0_copy,X1_copy,X2_copy)
                                                                   ^~~~~~~
__orio_perftest58.c:131:75: error: â€˜X2_copyâ€™ undeclared (first use in this function)
 #pragma omp parallel for private(i,j,ii,jj,iii,jjj,Y_copy,X0_copy,X1_copy,X2_copy)
                                                                           ^~~~~~~
[00;31mERROR: orio.main.tuner.ptest_driver:  failed to compile the testing code: "timeout --kill-after=30s --signal=9 20m gcc -O3 -fopenmp -DDYNAMIC  -DORIO_REPS=10 -o __orio_perftest58.exe __orio_perftest58.c timer_cpu.o -lm -lrt"[00m
[00;31mERROR: orio.main.tuner.ptest_driver:  the executable of the test code does not exist[00m
timeout: failed to run command â€˜./__orio_perftest58.exeâ€™: No such file or directory
[00;31mERROR: orio.main.tuner.ptest_driver: failed to execute the test code: "timeout --kill-after=30s --signal=9 20m  ./__orio_perftest58.exe  "
 --> CalledProcessError: Command 'timeout --kill-after=30s --signal=9 20m  ./__orio_perftest58.exe  ' returned non-zero exit status 127[00m
[00;31mERROR: orio.main.tuner.ptest_driver:  performance testing failed: "timeout --kill-after=30s --signal=9 20m  ./__orio_perftest58.exe  "[00m
expected=14981109.589145
actual=14981109.589145
diff=0.000000
diff=1
__orio_perftest60.c: In function â€˜mainâ€™:
__orio_perftest60.c:131:52: error: â€˜Y_copyâ€™ undeclared (first use in this function)
 #pragma omp parallel for private(i,j,ii,jj,iii,jjj,Y_copy,X0_copy,X1_copy,X2_copy)
                                                    ^~~~~~
__orio_perftest60.c:131:52: note: each undeclared identifier is reported only once for each function it appears in
__orio_perftest60.c:131:59: error: â€˜X0_copyâ€™ undeclared (first use in this function)
 #pragma omp parallel for private(i,j,ii,jj,iii,jjj,Y_copy,X0_copy,X1_copy,X2_copy)
                                                           ^~~~~~~
__orio_perftest60.c:131:67: error: â€˜X1_copyâ€™ undeclared (first use in this function)
 #pragma omp parallel for private(i,j,ii,jj,iii,jjj,Y_copy,X0_copy,X1_copy,X2_copy)
                                                                   ^~~~~~~
__orio_perftest60.c:131:75: error: â€˜X2_copyâ€™ undeclared (first use in this function)
 #pragma omp parallel for private(i,j,ii,jj,iii,jjj,Y_copy,X0_copy,X1_copy,X2_copy)
                                                                           ^~~~~~~
[00;31mERROR: orio.main.tuner.ptest_driver:  failed to compile the testing code: "timeout --kill-after=30s --signal=9 20m gcc -O3 -fopenmp -DDYNAMIC  -DORIO_REPS=10 -o __orio_perftest60.exe __orio_perftest60.c timer_cpu.o -lm -lrt"[00m
[00;31mERROR: orio.main.tuner.ptest_driver:  the executable of the test code does not exist[00m
timeout: failed to run command â€˜./__orio_perftest60.exeâ€™: No such file or directory
[00;31mERROR: orio.main.tuner.ptest_driver: failed to execute the test code: "timeout --kill-after=30s --signal=9 20m  ./__orio_perftest60.exe  "
 --> CalledProcessError: Command 'timeout --kill-after=30s --signal=9 20m  ./__orio_perftest60.exe  ' returned non-zero exit status 127[00m
[00;31mERROR: orio.main.tuner.ptest_driver:  performance testing failed: "timeout --kill-after=30s --signal=9 20m  ./__orio_perftest60.exe  "[00m
__orio_perftest61.c: In function â€˜mainâ€™:
__orio_perftest61.c:131:52: error: â€˜Y_copyâ€™ undeclared (first use in this function)
 #pragma omp parallel for private(i,j,ii,jj,iii,jjj,Y_copy,X0_copy,X1_copy,X2_copy)
                                                    ^~~~~~
__orio_perftest61.c:131:52: note: each undeclared identifier is reported only once for each function it appears in
__orio_perftest61.c:131:59: error: â€˜X0_copyâ€™ undeclared (first use in this function)
 #pragma omp parallel for private(i,j,ii,jj,iii,jjj,Y_copy,X0_copy,X1_copy,X2_copy)
                                                           ^~~~~~~
__orio_perftest61.c:131:67: error: â€˜X1_copyâ€™ undeclared (first use in this function)
 #pragma omp parallel for private(i,j,ii,jj,iii,jjj,Y_copy,X0_copy,X1_copy,X2_copy)
                                                                   ^~~~~~~
__orio_perftest61.c:131:75: error: â€˜X2_copyâ€™ undeclared (first use in this function)
 #pragma omp parallel for private(i,j,ii,jj,iii,jjj,Y_copy,X0_copy,X1_copy,X2_copy)
                                                                           ^~~~~~~
[00;31mERROR: orio.main.tuner.ptest_driver:  failed to compile the testing code: "timeout --kill-after=30s --signal=9 20m gcc -O3 -fopenmp -DDYNAMIC  -DORIO_REPS=10 -o __orio_perftest61.exe __orio_perftest61.c timer_cpu.o -lm -lrt"[00m
[00;31mERROR: orio.main.tuner.ptest_driver:  the executable of the test code does not exist[00m
timeout: failed to run command â€˜./__orio_perftest61.exeâ€™: No such file or directory
[00;31mERROR: orio.main.tuner.ptest_driver: failed to execute the test code: "timeout --kill-after=30s --signal=9 20m  ./__orio_perftest61.exe  "
 --> CalledProcessError: Command 'timeout --kill-after=30s --signal=9 20m  ./__orio_perftest61.exe  ' returned non-zero exit status 127[00m
[00;31mERROR: orio.main.tuner.ptest_driver:  performance testing failed: "timeout --kill-after=30s --signal=9 20m  ./__orio_perftest61.exe  "[00m
__orio_perftest62.c: In function â€˜mainâ€™:
__orio_perftest62.c:131:52: error: â€˜Y_copyâ€™ undeclared (first use in this function)
 #pragma omp parallel for private(i,j,ii,jj,iii,jjj,Y_copy,X0_copy,X1_copy,X2_copy)
                                                    ^~~~~~
__orio_perftest62.c:131:52: note: each undeclared identifier is reported only once for each function it appears in
__orio_perftest62.c:131:59: error: â€˜X0_copyâ€™ undeclared (first use in this function)
 #pragma omp parallel for private(i,j,ii,jj,iii,jjj,Y_copy,X0_copy,X1_copy,X2_copy)
                                                           ^~~~~~~
__orio_perftest62.c:131:67: error: â€˜X1_copyâ€™ undeclared (first use in this function)
 #pragma omp parallel for private(i,j,ii,jj,iii,jjj,Y_copy,X0_copy,X1_copy,X2_copy)
                                                                   ^~~~~~~
__orio_perftest62.c:131:75: error: â€˜X2_copyâ€™ undeclared (first use in this function)
 #pragma omp parallel for private(i,j,ii,jj,iii,jjj,Y_copy,X0_copy,X1_copy,X2_copy)
                                                                           ^~~~~~~
[00;31mERROR: orio.main.tuner.ptest_driver:  failed to compile the testing code: "timeout --kill-after=30s --signal=9 20m gcc -O3 -fopenmp -DDYNAMIC  -DORIO_REPS=10 -o __orio_perftest62.exe __orio_perftest62.c timer_cpu.o -lm -lrt"[00m
[00;31mERROR: orio.main.tuner.ptest_driver:  the executable of the test code does not exist[00m
timeout: failed to run command â€˜./__orio_perftest62.exeâ€™: No such file or directory
[00;31mERROR: orio.main.tuner.ptest_driver: failed to execute the test code: "timeout --kill-after=30s --signal=9 20m  ./__orio_perftest62.exe  "
 --> CalledProcessError: Command 'timeout --kill-after=30s --signal=9 20m  ./__orio_perftest62.exe  ' returned non-zero exit status 127[00m
[00;31mERROR: orio.main.tuner.ptest_driver:  performance testing failed: "timeout --kill-after=30s --signal=9 20m  ./__orio_perftest62.exe  "[00m
expected=14981109.589145
actual=14981109.589145
diff=0.000000
diff=1
expected=14981109.589145
actual=14981109.589145
diff=0.000000
diff=1
expected=14981109.589145
actual=14981109.589145
diff=0.000000
diff=1
__orio_perftest66.c: In function â€˜mainâ€™:
__orio_perftest66.c:131:52: error: â€˜Y_copyâ€™ undeclared (first use in this function)
 #pragma omp parallel for private(i,j,ii,jj,iii,jjj,Y_copy,X0_copy,X1_copy,X2_copy)
                                                    ^~~~~~
__orio_perftest66.c:131:52: note: each undeclared identifier is reported only once for each function it appears in
__orio_perftest66.c:131:59: error: â€˜X0_copyâ€™ undeclared (first use in this function)
 #pragma omp parallel for private(i,j,ii,jj,iii,jjj,Y_copy,X0_copy,X1_copy,X2_copy)
                                                           ^~~~~~~
__orio_perftest66.c:131:67: error: â€˜X1_copyâ€™ undeclared (first use in this function)
 #pragma omp parallel for private(i,j,ii,jj,iii,jjj,Y_copy,X0_copy,X1_copy,X2_copy)
                                                                   ^~~~~~~
__orio_perftest66.c:131:75: error: â€˜X2_copyâ€™ undeclared (first use in this function)
 #pragma omp parallel for private(i,j,ii,jj,iii,jjj,Y_copy,X0_copy,X1_copy,X2_copy)
                                                                           ^~~~~~~
[00;31mERROR: orio.main.tuner.ptest_driver:  failed to compile the testing code: "timeout --kill-after=30s --signal=9 20m gcc -O3 -fopenmp -DDYNAMIC  -DORIO_REPS=10 -o __orio_perftest66.exe __orio_perftest66.c timer_cpu.o -lm -lrt"[00m
[00;31mERROR: orio.main.tuner.ptest_driver:  the executable of the test code does not exist[00m
timeout: failed to run command â€˜./__orio_perftest66.exeâ€™: No such file or directory
[00;31mERROR: orio.main.tuner.ptest_driver: failed to execute the test code: "timeout --kill-after=30s --signal=9 20m  ./__orio_perftest66.exe  "
 --> CalledProcessError: Command 'timeout --kill-after=30s --signal=9 20m  ./__orio_perftest66.exe  ' returned non-zero exit status 127[00m
[00;31mERROR: orio.main.tuner.ptest_driver:  performance testing failed: "timeout --kill-after=30s --signal=9 20m  ./__orio_perftest66.exe  "[00m
__orio_perftest67.c: In function â€˜mainâ€™:
__orio_perftest67.c:131:52: error: â€˜Y_copyâ€™ undeclared (first use in this function)
 #pragma omp parallel for private(i,j,ii,jj,iii,jjj,Y_copy,X0_copy,X1_copy,X2_copy)
                                                    ^~~~~~
__orio_perftest67.c:131:52: note: each undeclared identifier is reported only once for each function it appears in
__orio_perftest67.c:131:59: error: â€˜X0_copyâ€™ undeclared (first use in this function)
 #pragma omp parallel for private(i,j,ii,jj,iii,jjj,Y_copy,X0_copy,X1_copy,X2_copy)
                                                           ^~~~~~~
__orio_perftest67.c:131:67: error: â€˜X1_copyâ€™ undeclared (first use in this function)
 #pragma omp parallel for private(i,j,ii,jj,iii,jjj,Y_copy,X0_copy,X1_copy,X2_copy)
                                                                   ^~~~~~~
__orio_perftest67.c:131:75: error: â€˜X2_copyâ€™ undeclared (first use in this function)
 #pragma omp parallel for private(i,j,ii,jj,iii,jjj,Y_copy,X0_copy,X1_copy,X2_copy)
                                                                           ^~~~~~~
[00;31mERROR: orio.main.tuner.ptest_driver:  failed to compile the testing code: "timeout --kill-after=30s --signal=9 20m gcc -O3 -fopenmp -DDYNAMIC  -DORIO_REPS=10 -o __orio_perftest67.exe __orio_perftest67.c timer_cpu.o -lm -lrt"[00m
[00;31mERROR: orio.main.tuner.ptest_driver:  the executable of the test code does not exist[00m
timeout: failed to run command â€˜./__orio_perftest67.exeâ€™: No such file or directory
[00;31mERROR: orio.main.tuner.ptest_driver: failed to execute the test code: "timeout --kill-after=30s --signal=9 20m  ./__orio_perftest67.exe  "
 --> CalledProcessError: Command 'timeout --kill-after=30s --signal=9 20m  ./__orio_perftest67.exe  ' returned non-zero exit status 127[00m
[00;31mERROR: orio.main.tuner.ptest_driver:  performance testing failed: "timeout --kill-after=30s --signal=9 20m  ./__orio_perftest67.exe  "[00m
__orio_perftest68.c: In function â€˜mainâ€™:
__orio_perftest68.c:131:52: error: â€˜Y_copyâ€™ undeclared (first use in this function)
 #pragma omp parallel for private(i,j,ii,jj,iii,jjj,Y_copy,X0_copy,X1_copy,X2_copy)
                                                    ^~~~~~
__orio_perftest68.c:131:52: note: each undeclared identifier is reported only once for each function it appears in
__orio_perftest68.c:131:59: error: â€˜X0_copyâ€™ undeclared (first use in this function)
 #pragma omp parallel for private(i,j,ii,jj,iii,jjj,Y_copy,X0_copy,X1_copy,X2_copy)
                                                           ^~~~~~~
__orio_perftest68.c:131:67: error: â€˜X1_copyâ€™ undeclared (first use in this function)
 #pragma omp parallel for private(i,j,ii,jj,iii,jjj,Y_copy,X0_copy,X1_copy,X2_copy)
                                                                   ^~~~~~~
__orio_perftest68.c:131:75: error: â€˜X2_copyâ€™ undeclared (first use in this function)
 #pragma omp parallel for private(i,j,ii,jj,iii,jjj,Y_copy,X0_copy,X1_copy,X2_copy)
                                                                           ^~~~~~~
[00;31mERROR: orio.main.tuner.ptest_driver:  failed to compile the testing code: "timeout --kill-after=30s --signal=9 20m gcc -O3 -fopenmp -DDYNAMIC  -DORIO_REPS=10 -o __orio_perftest68.exe __orio_perftest68.c timer_cpu.o -lm -lrt"[00m
[00;31mERROR: orio.main.tuner.ptest_driver:  the executable of the test code does not exist[00m
timeout: failed to run command â€˜./__orio_perftest68.exeâ€™: No such file or directory
[00;31mERROR: orio.main.tuner.ptest_driver: failed to execute the test code: "timeout --kill-after=30s --signal=9 20m  ./__orio_perftest68.exe  "
 --> CalledProcessError: Command 'timeout --kill-after=30s --signal=9 20m  ./__orio_perftest68.exe  ' returned non-zero exit status 127[00m
[00;31mERROR: orio.main.tuner.ptest_driver:  performance testing failed: "timeout --kill-after=30s --signal=9 20m  ./__orio_perftest68.exe  "[00m
expected=14981109.589145
actual=14981109.589145
diff=0.000000
diff=1
__orio_perftest70.c: In function â€˜mainâ€™:
__orio_perftest70.c:131:52: error: â€˜Y_copyâ€™ undeclared (first use in this function)
 #pragma omp parallel for private(i,j,ii,jj,iii,jjj,Y_copy,X0_copy,X1_copy,X2_copy)
                                                    ^~~~~~
__orio_perftest70.c:131:52: note: each undeclared identifier is reported only once for each function it appears in
__orio_perftest70.c:131:59: error: â€˜X0_copyâ€™ undeclared (first use in this function)
 #pragma omp parallel for private(i,j,ii,jj,iii,jjj,Y_copy,X0_copy,X1_copy,X2_copy)
                                                           ^~~~~~~
__orio_perftest70.c:131:67: error: â€˜X1_copyâ€™ undeclared (first use in this function)
 #pragma omp parallel for private(i,j,ii,jj,iii,jjj,Y_copy,X0_copy,X1_copy,X2_copy)
                                                                   ^~~~~~~
__orio_perftest70.c:131:75: error: â€˜X2_copyâ€™ undeclared (first use in this function)
 #pragma omp parallel for private(i,j,ii,jj,iii,jjj,Y_copy,X0_copy,X1_copy,X2_copy)
                                                                           ^~~~~~~
[00;31mERROR: orio.main.tuner.ptest_driver:  failed to compile the testing code: "timeout --kill-after=30s --signal=9 20m gcc -O3 -fopenmp -DDYNAMIC  -DORIO_REPS=10 -o __orio_perftest70.exe __orio_perftest70.c timer_cpu.o -lm -lrt"[00m
[00;31mERROR: orio.main.tuner.ptest_driver:  the executable of the test code does not exist[00m
timeout: failed to run command â€˜./__orio_perftest70.exeâ€™: No such file or directory
[00;31mERROR: orio.main.tuner.ptest_driver: failed to execute the test code: "timeout --kill-after=30s --signal=9 20m  ./__orio_perftest70.exe  "
 --> CalledProcessError: Command 'timeout --kill-after=30s --signal=9 20m  ./__orio_perftest70.exe  ' returned non-zero exit status 127[00m
[00;31mERROR: orio.main.tuner.ptest_driver:  performance testing failed: "timeout --kill-after=30s --signal=9 20m  ./__orio_perftest70.exe  "[00m
expected=14981109.589145
actual=14981109.589145
diff=0.000000
diff=1
__orio_perftest72.c: In function â€˜mainâ€™:
__orio_perftest72.c:131:52: error: â€˜Y_copyâ€™ undeclared (first use in this function)
 #pragma omp parallel for private(i,j,ii,jj,iii,jjj,Y_copy,X0_copy,X1_copy,X2_copy)
                                                    ^~~~~~
__orio_perftest72.c:131:52: note: each undeclared identifier is reported only once for each function it appears in
__orio_perftest72.c:131:59: error: â€˜X0_copyâ€™ undeclared (first use in this function)
 #pragma omp parallel for private(i,j,ii,jj,iii,jjj,Y_copy,X0_copy,X1_copy,X2_copy)
                                                           ^~~~~~~
__orio_perftest72.c:131:67: error: â€˜X1_copyâ€™ undeclared (first use in this function)
 #pragma omp parallel for private(i,j,ii,jj,iii,jjj,Y_copy,X0_copy,X1_copy,X2_copy)
                                                                   ^~~~~~~
__orio_perftest72.c:131:75: error: â€˜X2_copyâ€™ undeclared (first use in this function)
 #pragma omp parallel for private(i,j,ii,jj,iii,jjj,Y_copy,X0_copy,X1_copy,X2_copy)
                                                                           ^~~~~~~
[00;31mERROR: orio.main.tuner.ptest_driver:  failed to compile the testing code: "timeout --kill-after=30s --signal=9 20m gcc -O3 -fopenmp -DDYNAMIC  -DORIO_REPS=10 -o __orio_perftest72.exe __orio_perftest72.c timer_cpu.o -lm -lrt"[00m
[00;31mERROR: orio.main.tuner.ptest_driver:  the executable of the test code does not exist[00m
timeout: failed to run command â€˜./__orio_perftest72.exeâ€™: No such file or directory
[00;31mERROR: orio.main.tuner.ptest_driver: failed to execute the test code: "timeout --kill-after=30s --signal=9 20m  ./__orio_perftest72.exe  "
 --> CalledProcessError: Command 'timeout --kill-after=30s --signal=9 20m  ./__orio_perftest72.exe  ' returned non-zero exit status 127[00m
[00;31mERROR: orio.main.tuner.ptest_driver:  performance testing failed: "timeout --kill-after=30s --signal=9 20m  ./__orio_perftest72.exe  "[00m
__orio_perftest73.c: In function â€˜mainâ€™:
__orio_perftest73.c:131:52: error: â€˜Y_copyâ€™ undeclared (first use in this function)
 #pragma omp parallel for private(i,j,ii,jj,iii,jjj,Y_copy,X0_copy,X1_copy,X2_copy)
                                                    ^~~~~~
__orio_perftest73.c:131:52: note: each undeclared identifier is reported only once for each function it appears in
__orio_perftest73.c:131:59: error: â€˜X0_copyâ€™ undeclared (first use in this function)
 #pragma omp parallel for private(i,j,ii,jj,iii,jjj,Y_copy,X0_copy,X1_copy,X2_copy)
                                                           ^~~~~~~
__orio_perftest73.c:131:67: error: â€˜X1_copyâ€™ undeclared (first use in this function)
 #pragma omp parallel for private(i,j,ii,jj,iii,jjj,Y_copy,X0_copy,X1_copy,X2_copy)
                                                                   ^~~~~~~
__orio_perftest73.c:131:75: error: â€˜X2_copyâ€™ undeclared (first use in this function)
 #pragma omp parallel for private(i,j,ii,jj,iii,jjj,Y_copy,X0_copy,X1_copy,X2_copy)
                                                                           ^~~~~~~
[00;31mERROR: orio.main.tuner.ptest_driver:  failed to compile the testing code: "timeout --kill-after=30s --signal=9 20m gcc -O3 -fopenmp -DDYNAMIC  -DORIO_REPS=10 -o __orio_perftest73.exe __orio_perftest73.c timer_cpu.o -lm -lrt"[00m
[00;31mERROR: orio.main.tuner.ptest_driver:  the executable of the test code does not exist[00m
timeout: failed to run command â€˜./__orio_perftest73.exeâ€™: No such file or directory
[00;31mERROR: orio.main.tuner.ptest_driver: failed to execute the test code: "timeout --kill-after=30s --signal=9 20m  ./__orio_perftest73.exe  "
 --> CalledProcessError: Command 'timeout --kill-after=30s --signal=9 20m  ./__orio_perftest73.exe  ' returned non-zero exit status 127[00m
[00;31mERROR: orio.main.tuner.ptest_driver:  performance testing failed: "timeout --kill-after=30s --signal=9 20m  ./__orio_perftest73.exe  "[00m
expected=14981109.589145
actual=14981109.589145
diff=0.000000
diff=1
expected=14981109.589145
actual=14981109.589145
diff=0.000000
diff=1
__orio_perftest76.c: In function â€˜mainâ€™:
__orio_perftest76.c:131:52: error: â€˜Y_copyâ€™ undeclared (first use in this function)
 #pragma omp parallel for private(i,j,ii,jj,iii,jjj,Y_copy,X0_copy,X1_copy,X2_copy)
                                                    ^~~~~~
__orio_perftest76.c:131:52: note: each undeclared identifier is reported only once for each function it appears in
__orio_perftest76.c:131:59: error: â€˜X0_copyâ€™ undeclared (first use in this function)
 #pragma omp parallel for private(i,j,ii,jj,iii,jjj,Y_copy,X0_copy,X1_copy,X2_copy)
                                                           ^~~~~~~
__orio_perftest76.c:131:67: error: â€˜X1_copyâ€™ undeclared (first use in this function)
 #pragma omp parallel for private(i,j,ii,jj,iii,jjj,Y_copy,X0_copy,X1_copy,X2_copy)
                                                                   ^~~~~~~
__orio_perftest76.c:131:75: error: â€˜X2_copyâ€™ undeclared (first use in this function)
 #pragma omp parallel for private(i,j,ii,jj,iii,jjj,Y_copy,X0_copy,X1_copy,X2_copy)
                                                                           ^~~~~~~
[00;31mERROR: orio.main.tuner.ptest_driver:  failed to compile the testing code: "timeout --kill-after=30s --signal=9 20m gcc -O3 -fopenmp -DDYNAMIC  -DORIO_REPS=10 -o __orio_perftest76.exe __orio_perftest76.c timer_cpu.o -lm -lrt"[00m
[00;31mERROR: orio.main.tuner.ptest_driver:  the executable of the test code does not exist[00m
timeout: failed to run command â€˜./__orio_perftest76.exeâ€™: No such file or directory
[00;31mERROR: orio.main.tuner.ptest_driver: failed to execute the test code: "timeout --kill-after=30s --signal=9 20m  ./__orio_perftest76.exe  "
 --> CalledProcessError: Command 'timeout --kill-after=30s --signal=9 20m  ./__orio_perftest76.exe  ' returned non-zero exit status 127[00m
[00;31mERROR: orio.main.tuner.ptest_driver:  performance testing failed: "timeout --kill-after=30s --signal=9 20m  ./__orio_perftest76.exe  "[00m
expected=14981109.589145
actual=14981109.589145
diff=0.000000
diff=1
expected=14981109.589145
actual=14981109.589145
diff=0.000000
diff=1
expected=14981109.589145
actual=14981109.589145
diff=0.000000
diff=1
__orio_perftest80.c: In function â€˜mainâ€™:
__orio_perftest80.c:131:52: error: â€˜Y_copyâ€™ undeclared (first use in this function)
 #pragma omp parallel for private(i,j,ii,jj,iii,jjj,Y_copy,X0_copy,X1_copy,X2_copy)
                                                    ^~~~~~
__orio_perftest80.c:131:52: note: each undeclared identifier is reported only once for each function it appears in
__orio_perftest80.c:131:59: error: â€˜X0_copyâ€™ undeclared (first use in this function)
 #pragma omp parallel for private(i,j,ii,jj,iii,jjj,Y_copy,X0_copy,X1_copy,X2_copy)
                                                           ^~~~~~~
__orio_perftest80.c:131:67: error: â€˜X1_copyâ€™ undeclared (first use in this function)
 #pragma omp parallel for private(i,j,ii,jj,iii,jjj,Y_copy,X0_copy,X1_copy,X2_copy)
                                                                   ^~~~~~~
__orio_perftest80.c:131:75: error: â€˜X2_copyâ€™ undeclared (first use in this function)
 #pragma omp parallel for private(i,j,ii,jj,iii,jjj,Y_copy,X0_copy,X1_copy,X2_copy)
                                                                           ^~~~~~~
[00;31mERROR: orio.main.tuner.ptest_driver:  failed to compile the testing code: "timeout --kill-after=30s --signal=9 20m gcc -O3 -fopenmp -DDYNAMIC  -DORIO_REPS=10 -o __orio_perftest80.exe __orio_perftest80.c timer_cpu.o -lm -lrt"[00m
[00;31mERROR: orio.main.tuner.ptest_driver:  the executable of the test code does not exist[00m
timeout: failed to run command â€˜./__orio_perftest80.exeâ€™: No such file or directory
[00;31mERROR: orio.main.tuner.ptest_driver: failed to execute the test code: "timeout --kill-after=30s --signal=9 20m  ./__orio_perftest80.exe  "
 --> CalledProcessError: Command 'timeout --kill-after=30s --signal=9 20m  ./__orio_perftest80.exe  ' returned non-zero exit status 127[00m
[00;31mERROR: orio.main.tuner.ptest_driver:  performance testing failed: "timeout --kill-after=30s --signal=9 20m  ./__orio_perftest80.exe  "[00m
__orio_perftest81.c: In function â€˜mainâ€™:
__orio_perftest81.c:131:52: error: â€˜Y_copyâ€™ undeclared (first use in this function)
 #pragma omp parallel for private(i,j,ii,jj,iii,jjj,Y_copy,X0_copy,X1_copy,X2_copy)
                                                    ^~~~~~
__orio_perftest81.c:131:52: note: each undeclared identifier is reported only once for each function it appears in
__orio_perftest81.c:131:59: error: â€˜X0_copyâ€™ undeclared (first use in this function)
 #pragma omp parallel for private(i,j,ii,jj,iii,jjj,Y_copy,X0_copy,X1_copy,X2_copy)
                                                           ^~~~~~~
__orio_perftest81.c:131:67: error: â€˜X1_copyâ€™ undeclared (first use in this function)
 #pragma omp parallel for private(i,j,ii,jj,iii,jjj,Y_copy,X0_copy,X1_copy,X2_copy)
                                                                   ^~~~~~~
__orio_perftest81.c:131:75: error: â€˜X2_copyâ€™ undeclared (first use in this function)
 #pragma omp parallel for private(i,j,ii,jj,iii,jjj,Y_copy,X0_copy,X1_copy,X2_copy)
                                                                           ^~~~~~~
[00;31mERROR: orio.main.tuner.ptest_driver:  failed to compile the testing code: "timeout --kill-after=30s --signal=9 20m gcc -O3 -fopenmp -DDYNAMIC  -DORIO_REPS=10 -o __orio_perftest81.exe __orio_perftest81.c timer_cpu.o -lm -lrt"[00m
[00;31mERROR: orio.main.tuner.ptest_driver:  the executable of the test code does not exist[00m
timeout: failed to run command â€˜./__orio_perftest81.exeâ€™: No such file or directory
[00;31mERROR: orio.main.tuner.ptest_driver: failed to execute the test code: "timeout --kill-after=30s --signal=9 20m  ./__orio_perftest81.exe  "
 --> CalledProcessError: Command 'timeout --kill-after=30s --signal=9 20m  ./__orio_perftest81.exe  ' returned non-zero exit status 127[00m
[00;31mERROR: orio.main.tuner.ptest_driver:  performance testing failed: "timeout --kill-after=30s --signal=9 20m  ./__orio_perftest81.exe  "[00m
__orio_perftest82.c: In function â€˜mainâ€™:
__orio_perftest82.c:131:52: error: â€˜Y_copyâ€™ undeclared (first use in this function)
 #pragma omp parallel for private(i,j,ii,jj,iii,jjj,Y_copy,X0_copy,X1_copy,X2_copy)
                                                    ^~~~~~
__orio_perftest82.c:131:52: note: each undeclared identifier is reported only once for each function it appears in
__orio_perftest82.c:131:59: error: â€˜X0_copyâ€™ undeclared (first use in this function)
 #pragma omp parallel for private(i,j,ii,jj,iii,jjj,Y_copy,X0_copy,X1_copy,X2_copy)
                                                           ^~~~~~~
__orio_perftest82.c:131:67: error: â€˜X1_copyâ€™ undeclared (first use in this function)
 #pragma omp parallel for private(i,j,ii,jj,iii,jjj,Y_copy,X0_copy,X1_copy,X2_copy)
                                                                   ^~~~~~~
__orio_perftest82.c:131:75: error: â€˜X2_copyâ€™ undeclared (first use in this function)
 #pragma omp parallel for private(i,j,ii,jj,iii,jjj,Y_copy,X0_copy,X1_copy,X2_copy)
                                                                           ^~~~~~~
[00;31mERROR: orio.main.tuner.ptest_driver:  failed to compile the testing code: "timeout --kill-after=30s --signal=9 20m gcc -O3 -fopenmp -DDYNAMIC  -DORIO_REPS=10 -o __orio_perftest82.exe __orio_perftest82.c timer_cpu.o -lm -lrt"[00m
[00;31mERROR: orio.main.tuner.ptest_driver:  the executable of the test code does not exist[00m
timeout: failed to run command â€˜./__orio_perftest82.exeâ€™: No such file or directory
[00;31mERROR: orio.main.tuner.ptest_driver: failed to execute the test code: "timeout --kill-after=30s --signal=9 20m  ./__orio_perftest82.exe  "
 --> CalledProcessError: Command 'timeout --kill-after=30s --signal=9 20m  ./__orio_perftest82.exe  ' returned non-zero exit status 127[00m
[00;31mERROR: orio.main.tuner.ptest_driver:  performance testing failed: "timeout --kill-after=30s --signal=9 20m  ./__orio_perftest82.exe  "[00m
expected=14981109.589145
actual=14981109.589145
diff=0.000000
diff=1
expected=14981109.589145
actual=14981109.589145
diff=0.000000
diff=1
expected=14981109.589145
actual=14981109.589145
diff=0.000000
diff=1
__orio_perftest86.c: In function â€˜mainâ€™:
__orio_perftest86.c:131:52: error: â€˜Y_copyâ€™ undeclared (first use in this function)
 #pragma omp parallel for private(i,j,ii,jj,iii,jjj,Y_copy,X0_copy,X1_copy,X2_copy)
                                                    ^~~~~~
__orio_perftest86.c:131:52: note: each undeclared identifier is reported only once for each function it appears in
__orio_perftest86.c:131:59: error: â€˜X0_copyâ€™ undeclared (first use in this function)
 #pragma omp parallel for private(i,j,ii,jj,iii,jjj,Y_copy,X0_copy,X1_copy,X2_copy)
                                                           ^~~~~~~
__orio_perftest86.c:131:67: error: â€˜X1_copyâ€™ undeclared (first use in this function)
 #pragma omp parallel for private(i,j,ii,jj,iii,jjj,Y_copy,X0_copy,X1_copy,X2_copy)
                                                                   ^~~~~~~
__orio_perftest86.c:131:75: error: â€˜X2_copyâ€™ undeclared (first use in this function)
 #pragma omp parallel for private(i,j,ii,jj,iii,jjj,Y_copy,X0_copy,X1_copy,X2_copy)
                                                                           ^~~~~~~
[00;31mERROR: orio.main.tuner.ptest_driver:  failed to compile the testing code: "timeout --kill-after=30s --signal=9 20m gcc -O3 -fopenmp -DDYNAMIC  -DORIO_REPS=10 -o __orio_perftest86.exe __orio_perftest86.c timer_cpu.o -lm -lrt"[00m
[00;31mERROR: orio.main.tuner.ptest_driver:  the executable of the test code does not exist[00m
timeout: failed to run command â€˜./__orio_perftest86.exeâ€™: No such file or directory
[00;31mERROR: orio.main.tuner.ptest_driver: failed to execute the test code: "timeout --kill-after=30s --signal=9 20m  ./__orio_perftest86.exe  "
 --> CalledProcessError: Command 'timeout --kill-after=30s --signal=9 20m  ./__orio_perftest86.exe  ' returned non-zero exit status 127[00m
[00;31mERROR: orio.main.tuner.ptest_driver:  performance testing failed: "timeout --kill-after=30s --signal=9 20m  ./__orio_perftest86.exe  "[00m
expected=14981109.589145
actual=14981109.589145
diff=0.000000
diff=1
expected=14981109.589145
actual=14981109.589145
diff=0.000000
diff=1
__orio_perftest89.c: In function â€˜mainâ€™:
__orio_perftest89.c:131:52: error: â€˜Y_copyâ€™ undeclared (first use in this function)
 #pragma omp parallel for private(i,j,ii,jj,iii,jjj,Y_copy,X0_copy,X1_copy,X2_copy)
                                                    ^~~~~~
__orio_perftest89.c:131:52: note: each undeclared identifier is reported only once for each function it appears in
__orio_perftest89.c:131:59: error: â€˜X0_copyâ€™ undeclared (first use in this function)
 #pragma omp parallel for private(i,j,ii,jj,iii,jjj,Y_copy,X0_copy,X1_copy,X2_copy)
                                                           ^~~~~~~
__orio_perftest89.c:131:67: error: â€˜X1_copyâ€™ undeclared (first use in this function)
 #pragma omp parallel for private(i,j,ii,jj,iii,jjj,Y_copy,X0_copy,X1_copy,X2_copy)
                                                                   ^~~~~~~
__orio_perftest89.c:131:75: error: â€˜X2_copyâ€™ undeclared (first use in this function)
 #pragma omp parallel for private(i,j,ii,jj,iii,jjj,Y_copy,X0_copy,X1_copy,X2_copy)
                                                                           ^~~~~~~
[00;31mERROR: orio.main.tuner.ptest_driver:  failed to compile the testing code: "timeout --kill-after=30s --signal=9 20m gcc -O3 -fopenmp -DDYNAMIC  -DORIO_REPS=10 -o __orio_perftest89.exe __orio_perftest89.c timer_cpu.o -lm -lrt"[00m
[00;31mERROR: orio.main.tuner.ptest_driver:  the executable of the test code does not exist[00m
timeout: failed to run command â€˜./__orio_perftest89.exeâ€™: No such file or directory
[00;31mERROR: orio.main.tuner.ptest_driver: failed to execute the test code: "timeout --kill-after=30s --signal=9 20m  ./__orio_perftest89.exe  "
 --> CalledProcessError: Command 'timeout --kill-after=30s --signal=9 20m  ./__orio_perftest89.exe  ' returned non-zero exit status 127[00m
[00;31mERROR: orio.main.tuner.ptest_driver:  performance testing failed: "timeout --kill-after=30s --signal=9 20m  ./__orio_perftest89.exe  "[00m
__orio_perftest90.c: In function â€˜mainâ€™:
__orio_perftest90.c:131:52: error: â€˜Y_copyâ€™ undeclared (first use in this function)
 #pragma omp parallel for private(i,j,ii,jj,iii,jjj,Y_copy,X0_copy,X1_copy,X2_copy)
                                                    ^~~~~~
__orio_perftest90.c:131:52: note: each undeclared identifier is reported only once for each function it appears in
__orio_perftest90.c:131:59: error: â€˜X0_copyâ€™ undeclared (first use in this function)
 #pragma omp parallel for private(i,j,ii,jj,iii,jjj,Y_copy,X0_copy,X1_copy,X2_copy)
                                                           ^~~~~~~
__orio_perftest90.c:131:67: error: â€˜X1_copyâ€™ undeclared (first use in this function)
 #pragma omp parallel for private(i,j,ii,jj,iii,jjj,Y_copy,X0_copy,X1_copy,X2_copy)
                                                                   ^~~~~~~
__orio_perftest90.c:131:75: error: â€˜X2_copyâ€™ undeclared (first use in this function)
 #pragma omp parallel for private(i,j,ii,jj,iii,jjj,Y_copy,X0_copy,X1_copy,X2_copy)
                                                                           ^~~~~~~
[00;31mERROR: orio.main.tuner.ptest_driver:  failed to compile the testing code: "timeout --kill-after=30s --signal=9 20m gcc -O3 -fopenmp -DDYNAMIC  -DORIO_REPS=10 -o __orio_perftest90.exe __orio_perftest90.c timer_cpu.o -lm -lrt"[00m
[00;31mERROR: orio.main.tuner.ptest_driver:  the executable of the test code does not exist[00m
timeout: failed to run command â€˜./__orio_perftest90.exeâ€™: No such file or directory
[00;31mERROR: orio.main.tuner.ptest_driver: failed to execute the test code: "timeout --kill-after=30s --signal=9 20m  ./__orio_perftest90.exe  "
 --> CalledProcessError: Command 'timeout --kill-after=30s --signal=9 20m  ./__orio_perftest90.exe  ' returned non-zero exit status 127[00m
[00;31mERROR: orio.main.tuner.ptest_driver:  performance testing failed: "timeout --kill-after=30s --signal=9 20m  ./__orio_perftest90.exe  "[00m
expected=14981109.589145
actual=14981109.589145
diff=0.000000
diff=1
__orio_perftest92.c: In function â€˜mainâ€™:
__orio_perftest92.c:131:52: error: â€˜Y_copyâ€™ undeclared (first use in this function)
 #pragma omp parallel for private(i,j,ii,jj,iii,jjj,Y_copy,X0_copy,X1_copy,X2_copy)
                                                    ^~~~~~
__orio_perftest92.c:131:52: note: each undeclared identifier is reported only once for each function it appears in
__orio_perftest92.c:131:59: error: â€˜X0_copyâ€™ undeclared (first use in this function)
 #pragma omp parallel for private(i,j,ii,jj,iii,jjj,Y_copy,X0_copy,X1_copy,X2_copy)
                                                           ^~~~~~~
__orio_perftest92.c:131:67: error: â€˜X1_copyâ€™ undeclared (first use in this function)
 #pragma omp parallel for private(i,j,ii,jj,iii,jjj,Y_copy,X0_copy,X1_copy,X2_copy)
                                                                   ^~~~~~~
__orio_perftest92.c:131:75: error: â€˜X2_copyâ€™ undeclared (first use in this function)
 #pragma omp parallel for private(i,j,ii,jj,iii,jjj,Y_copy,X0_copy,X1_copy,X2_copy)
                                                                           ^~~~~~~
[00;31mERROR: orio.main.tuner.ptest_driver:  failed to compile the testing code: "timeout --kill-after=30s --signal=9 20m gcc -O3 -fopenmp -DDYNAMIC  -DORIO_REPS=10 -o __orio_perftest92.exe __orio_perftest92.c timer_cpu.o -lm -lrt"[00m
[00;31mERROR: orio.main.tuner.ptest_driver:  the executable of the test code does not exist[00m
timeout: failed to run command â€˜./__orio_perftest92.exeâ€™: No such file or directory
[00;31mERROR: orio.main.tuner.ptest_driver: failed to execute the test code: "timeout --kill-after=30s --signal=9 20m  ./__orio_perftest92.exe  "
 --> CalledProcessError: Command 'timeout --kill-after=30s --signal=9 20m  ./__orio_perftest92.exe  ' returned non-zero exit status 127[00m
[00;31mERROR: orio.main.tuner.ptest_driver:  performance testing failed: "timeout --kill-after=30s --signal=9 20m  ./__orio_perftest92.exe  "[00m
expected=14981109.589145
actual=14981109.589145
diff=0.000000
diff=1
__orio_perftest94.c: In function â€˜mainâ€™:
__orio_perftest94.c:131:52: error: â€˜Y_copyâ€™ undeclared (first use in this function)
 #pragma omp parallel for private(i,j,ii,jj,iii,jjj,Y_copy,X0_copy,X1_copy,X2_copy)
                                                    ^~~~~~
__orio_perftest94.c:131:52: note: each undeclared identifier is reported only once for each function it appears in
__orio_perftest94.c:131:59: error: â€˜X0_copyâ€™ undeclared (first use in this function)
 #pragma omp parallel for private(i,j,ii,jj,iii,jjj,Y_copy,X0_copy,X1_copy,X2_copy)
                                                           ^~~~~~~
__orio_perftest94.c:131:67: error: â€˜X1_copyâ€™ undeclared (first use in this function)
 #pragma omp parallel for private(i,j,ii,jj,iii,jjj,Y_copy,X0_copy,X1_copy,X2_copy)
                                                                   ^~~~~~~
__orio_perftest94.c:131:75: error: â€˜X2_copyâ€™ undeclared (first use in this function)
 #pragma omp parallel for private(i,j,ii,jj,iii,jjj,Y_copy,X0_copy,X1_copy,X2_copy)
                                                                           ^~~~~~~
[00;31mERROR: orio.main.tuner.ptest_driver:  failed to compile the testing code: "timeout --kill-after=30s --signal=9 20m gcc -O3 -fopenmp -DDYNAMIC  -DORIO_REPS=10 -o __orio_perftest94.exe __orio_perftest94.c timer_cpu.o -lm -lrt"[00m
[00;31mERROR: orio.main.tuner.ptest_driver:  the executable of the test code does not exist[00m
timeout: failed to run command â€˜./__orio_perftest94.exeâ€™: No such file or directory
[00;31mERROR: orio.main.tuner.ptest_driver: failed to execute the test code: "timeout --kill-after=30s --signal=9 20m  ./__orio_perftest94.exe  "
 --> CalledProcessError: Command 'timeout --kill-after=30s --signal=9 20m  ./__orio_perftest94.exe  ' returned non-zero exit status 127[00m
[00;31mERROR: orio.main.tuner.ptest_driver:  performance testing failed: "timeout --kill-after=30s --signal=9 20m  ./__orio_perftest94.exe  "[00m
__orio_perftest95.c: In function â€˜mainâ€™:
__orio_perftest95.c:131:52: error: â€˜Y_copyâ€™ undeclared (first use in this function)
 #pragma omp parallel for private(i,j,ii,jj,iii,jjj,Y_copy,X0_copy,X1_copy,X2_copy)
                                                    ^~~~~~
__orio_perftest95.c:131:52: note: each undeclared identifier is reported only once for each function it appears in
__orio_perftest95.c:131:59: error: â€˜X0_copyâ€™ undeclared (first use in this function)
 #pragma omp parallel for private(i,j,ii,jj,iii,jjj,Y_copy,X0_copy,X1_copy,X2_copy)
                                                           ^~~~~~~
__orio_perftest95.c:131:67: error: â€˜X1_copyâ€™ undeclared (first use in this function)
 #pragma omp parallel for private(i,j,ii,jj,iii,jjj,Y_copy,X0_copy,X1_copy,X2_copy)
                                                                   ^~~~~~~
__orio_perftest95.c:131:75: error: â€˜X2_copyâ€™ undeclared (first use in this function)
 #pragma omp parallel for private(i,j,ii,jj,iii,jjj,Y_copy,X0_copy,X1_copy,X2_copy)
                                                                           ^~~~~~~
[00;31mERROR: orio.main.tuner.ptest_driver:  failed to compile the testing code: "timeout --kill-after=30s --signal=9 20m gcc -O3 -fopenmp -DDYNAMIC  -DORIO_REPS=10 -o __orio_perftest95.exe __orio_perftest95.c timer_cpu.o -lm -lrt"[00m
[00;31mERROR: orio.main.tuner.ptest_driver:  the executable of the test code does not exist[00m
timeout: failed to run command â€˜./__orio_perftest95.exeâ€™: No such file or directory
[00;31mERROR: orio.main.tuner.ptest_driver: failed to execute the test code: "timeout --kill-after=30s --signal=9 20m  ./__orio_perftest95.exe  "
 --> CalledProcessError: Command 'timeout --kill-after=30s --signal=9 20m  ./__orio_perftest95.exe  ' returned non-zero exit status 127[00m
[00;31mERROR: orio.main.tuner.ptest_driver:  performance testing failed: "timeout --kill-after=30s --signal=9 20m  ./__orio_perftest95.exe  "[00m
expected=14981109.589145
actual=14981109.589145
diff=0.000000
diff=1
expected=14981109.589145
actual=14981109.589145
diff=0.000000
diff=1
expected=14981109.589145
actual=14981109.589145
diff=0.000000
diff=1
expected=14981109.589145
actual=14981109.589145
diff=0.000000
diff=1
__orio_perftest100.c: In function â€˜mainâ€™:
__orio_perftest100.c:131:52: error: â€˜Y_copyâ€™ undeclared (first use in this function)
 #pragma omp parallel for private(i,j,ii,jj,iii,jjj,Y_copy,X0_copy,X1_copy,X2_copy)
                                                    ^~~~~~
__orio_perftest100.c:131:52: note: each undeclared identifier is reported only once for each function it appears in
__orio_perftest100.c:131:59: error: â€˜X0_copyâ€™ undeclared (first use in this function)
 #pragma omp parallel for private(i,j,ii,jj,iii,jjj,Y_copy,X0_copy,X1_copy,X2_copy)
                                                           ^~~~~~~
__orio_perftest100.c:131:67: error: â€˜X1_copyâ€™ undeclared (first use in this function)
 #pragma omp parallel for private(i,j,ii,jj,iii,jjj,Y_copy,X0_copy,X1_copy,X2_copy)
                                                                   ^~~~~~~
__orio_perftest100.c:131:75: error: â€˜X2_copyâ€™ undeclared (first use in this function)
 #pragma omp parallel for private(i,j,ii,jj,iii,jjj,Y_copy,X0_copy,X1_copy,X2_copy)
                                                                           ^~~~~~~
[00;31mERROR: orio.main.tuner.ptest_driver:  failed to compile the testing code: "timeout --kill-after=30s --signal=9 20m gcc -O3 -fopenmp -DDYNAMIC  -DORIO_REPS=10 -o __orio_perftest100.exe __orio_perftest100.c timer_cpu.o -lm -lrt"[00m
[00;31mERROR: orio.main.tuner.ptest_driver:  the executable of the test code does not exist[00m
timeout: failed to run command â€˜./__orio_perftest100.exeâ€™: No such file or directory
[00;31mERROR: orio.main.tuner.ptest_driver: failed to execute the test code: "timeout --kill-after=30s --signal=9 20m  ./__orio_perftest100.exe  "
 --> CalledProcessError: Command 'timeout --kill-after=30s --signal=9 20m  ./__orio_perftest100.exe  ' returned non-zero exit status 127[00m
[00;31mERROR: orio.main.tuner.ptest_driver:  performance testing failed: "timeout --kill-after=30s --signal=9 20m  ./__orio_perftest100.exe  "[00m
expected=14981109.589145
actual=14981109.589145
diff=0.000000
diff=1
__orio_perftest102.c: In function â€˜mainâ€™:
__orio_perftest102.c:131:52: error: â€˜Y_copyâ€™ undeclared (first use in this function)
 #pragma omp parallel for private(i,j,ii,jj,iii,jjj,Y_copy,X0_copy,X1_copy,X2_copy)
                                                    ^~~~~~
__orio_perftest102.c:131:52: note: each undeclared identifier is reported only once for each function it appears in
__orio_perftest102.c:131:59: error: â€˜X0_copyâ€™ undeclared (first use in this function)
 #pragma omp parallel for private(i,j,ii,jj,iii,jjj,Y_copy,X0_copy,X1_copy,X2_copy)
                                                           ^~~~~~~
__orio_perftest102.c:131:67: error: â€˜X1_copyâ€™ undeclared (first use in this function)
 #pragma omp parallel for private(i,j,ii,jj,iii,jjj,Y_copy,X0_copy,X1_copy,X2_copy)
                                                                   ^~~~~~~
__orio_perftest102.c:131:75: error: â€˜X2_copyâ€™ undeclared (first use in this function)
 #pragma omp parallel for private(i,j,ii,jj,iii,jjj,Y_copy,X0_copy,X1_copy,X2_copy)
                                                                           ^~~~~~~
[00;31mERROR: orio.main.tuner.ptest_driver:  failed to compile the testing code: "timeout --kill-after=30s --signal=9 20m gcc -O3 -fopenmp -DDYNAMIC  -DORIO_REPS=10 -o __orio_perftest102.exe __orio_perftest102.c timer_cpu.o -lm -lrt"[00m
[00;31mERROR: orio.main.tuner.ptest_driver:  the executable of the test code does not exist[00m
timeout: failed to run command â€˜./__orio_perftest102.exeâ€™: No such file or directory
[00;31mERROR: orio.main.tuner.ptest_driver: failed to execute the test code: "timeout --kill-after=30s --signal=9 20m  ./__orio_perftest102.exe  "
 --> CalledProcessError: Command 'timeout --kill-after=30s --signal=9 20m  ./__orio_perftest102.exe  ' returned non-zero exit status 127[00m
[00;31mERROR: orio.main.tuner.ptest_driver:  performance testing failed: "timeout --kill-after=30s --signal=9 20m  ./__orio_perftest102.exe  "[00m
expected=14981109.589145
actual=14981109.589145
diff=0.000000
diff=1
__orio_perftest104.c: In function â€˜mainâ€™:
__orio_perftest104.c:131:52: error: â€˜Y_copyâ€™ undeclared (first use in this function)
 #pragma omp parallel for private(i,j,ii,jj,iii,jjj,Y_copy,X0_copy,X1_copy,X2_copy)
                                                    ^~~~~~
__orio_perftest104.c:131:52: note: each undeclared identifier is reported only once for each function it appears in
__orio_perftest104.c:131:59: error: â€˜X0_copyâ€™ undeclared (first use in this function)
 #pragma omp parallel for private(i,j,ii,jj,iii,jjj,Y_copy,X0_copy,X1_copy,X2_copy)
                                                           ^~~~~~~
__orio_perftest104.c:131:67: error: â€˜X1_copyâ€™ undeclared (first use in this function)
 #pragma omp parallel for private(i,j,ii,jj,iii,jjj,Y_copy,X0_copy,X1_copy,X2_copy)
                                                                   ^~~~~~~
__orio_perftest104.c:131:75: error: â€˜X2_copyâ€™ undeclared (first use in this function)
 #pragma omp parallel for private(i,j,ii,jj,iii,jjj,Y_copy,X0_copy,X1_copy,X2_copy)
                                                                           ^~~~~~~
[00;31mERROR: orio.main.tuner.ptest_driver:  failed to compile the testing code: "timeout --kill-after=30s --signal=9 20m gcc -O3 -fopenmp -DDYNAMIC  -DORIO_REPS=10 -o __orio_perftest104.exe __orio_perftest104.c timer_cpu.o -lm -lrt"[00m
[00;31mERROR: orio.main.tuner.ptest_driver:  the executable of the test code does not exist[00m
timeout: failed to run command â€˜./__orio_perftest104.exeâ€™: No such file or directory
[00;31mERROR: orio.main.tuner.ptest_driver: failed to execute the test code: "timeout --kill-after=30s --signal=9 20m  ./__orio_perftest104.exe  "
 --> CalledProcessError: Command 'timeout --kill-after=30s --signal=9 20m  ./__orio_perftest104.exe  ' returned non-zero exit status 127[00m
[00;31mERROR: orio.main.tuner.ptest_driver:  performance testing failed: "timeout --kill-after=30s --signal=9 20m  ./__orio_perftest104.exe  "[00m
__orio_perftest105.c: In function â€˜mainâ€™:
__orio_perftest105.c:131:52: error: â€˜Y_copyâ€™ undeclared (first use in this function)
 #pragma omp parallel for private(i,j,ii,jj,iii,jjj,Y_copy,X0_copy,X1_copy,X2_copy)
                                                    ^~~~~~
__orio_perftest105.c:131:52: note: each undeclared identifier is reported only once for each function it appears in
__orio_perftest105.c:131:59: error: â€˜X0_copyâ€™ undeclared (first use in this function)
 #pragma omp parallel for private(i,j,ii,jj,iii,jjj,Y_copy,X0_copy,X1_copy,X2_copy)
                                                           ^~~~~~~
__orio_perftest105.c:131:67: error: â€˜X1_copyâ€™ undeclared (first use in this function)
 #pragma omp parallel for private(i,j,ii,jj,iii,jjj,Y_copy,X0_copy,X1_copy,X2_copy)
                                                                   ^~~~~~~
__orio_perftest105.c:131:75: error: â€˜X2_copyâ€™ undeclared (first use in this function)
 #pragma omp parallel for private(i,j,ii,jj,iii,jjj,Y_copy,X0_copy,X1_copy,X2_copy)
                                                                           ^~~~~~~
[00;31mERROR: orio.main.tuner.ptest_driver:  failed to compile the testing code: "timeout --kill-after=30s --signal=9 20m gcc -O3 -fopenmp -DDYNAMIC  -DORIO_REPS=10 -o __orio_perftest105.exe __orio_perftest105.c timer_cpu.o -lm -lrt"[00m
[00;31mERROR: orio.main.tuner.ptest_driver:  the executable of the test code does not exist[00m
timeout: failed to run command â€˜./__orio_perftest105.exeâ€™: No such file or directory
[00;31mERROR: orio.main.tuner.ptest_driver: failed to execute the test code: "timeout --kill-after=30s --signal=9 20m  ./__orio_perftest105.exe  "
 --> CalledProcessError: Command 'timeout --kill-after=30s --signal=9 20m  ./__orio_perftest105.exe  ' returned non-zero exit status 127[00m
[00;31mERROR: orio.main.tuner.ptest_driver:  performance testing failed: "timeout --kill-after=30s --signal=9 20m  ./__orio_perftest105.exe  "[00m
