
__orio_perftest1.c: In function â€˜mainâ€™:
__orio_perftest1.c:131:52: error: â€˜Y_copyâ€™ undeclared (first use in this function)
 #pragma omp parallel for private(i,j,ii,jj,iii,jjj,Y_copy,X0_copy,X1_copy,X2_copy)
                                                    ^~~~~~
__orio_perftest1.c:131:52: note: each undeclared identifier is reported only once for each function it appears in
__orio_perftest1.c:131:59: error: â€˜X0_copyâ€™ undeclared (first use in this function)
 #pragma omp parallel for private(i,j,ii,jj,iii,jjj,Y_copy,X0_copy,X1_copy,X2_copy)
                                                           ^~~~~~~
__orio_perftest1.c:131:67: error: â€˜X1_copyâ€™ undeclared (first use in this function)
 #pragma omp parallel for private(i,j,ii,jj,iii,jjj,Y_copy,X0_copy,X1_copy,X2_copy)
                                                                   ^~~~~~~
__orio_perftest1.c:131:75: error: â€˜X2_copyâ€™ undeclared (first use in this function)
 #pragma omp parallel for private(i,j,ii,jj,iii,jjj,Y_copy,X0_copy,X1_copy,X2_copy)
                                                                           ^~~~~~~
[00;31mERROR: orio.main.tuner.ptest_driver:  failed to compile the original version of the code: "timeout --kill-after=30s --signal=9 20m gcc -O3 -fopenmp -DDYNAMIC  -DORIO_REPS=10 -DORIGINAL -o __orio_perftest_original.exe __orio_perftest1.c timer_cpu.o -lm -lrt"[00m
__orio_perftest1.c: In function â€˜mainâ€™:
__orio_perftest1.c:131:52: error: â€˜Y_copyâ€™ undeclared (first use in this function)
 #pragma omp parallel for private(i,j,ii,jj,iii,jjj,Y_copy,X0_copy,X1_copy,X2_copy)
                                                    ^~~~~~
__orio_perftest1.c:131:52: note: each undeclared identifier is reported only once for each function it appears in
__orio_perftest1.c:131:59: error: â€˜X0_copyâ€™ undeclared (first use in this function)
 #pragma omp parallel for private(i,j,ii,jj,iii,jjj,Y_copy,X0_copy,X1_copy,X2_copy)
                                                           ^~~~~~~
__orio_perftest1.c:131:67: error: â€˜X1_copyâ€™ undeclared (first use in this function)
 #pragma omp parallel for private(i,j,ii,jj,iii,jjj,Y_copy,X0_copy,X1_copy,X2_copy)
                                                                   ^~~~~~~
__orio_perftest1.c:131:75: error: â€˜X2_copyâ€™ undeclared (first use in this function)
 #pragma omp parallel for private(i,j,ii,jj,iii,jjj,Y_copy,X0_copy,X1_copy,X2_copy)
                                                                           ^~~~~~~
[00;31mERROR: orio.main.tuner.ptest_driver:  failed to compile the testing code: "timeout --kill-after=30s --signal=9 20m gcc -O3 -fopenmp -DDYNAMIC  -DORIO_REPS=10 -o __orio_perftest1.exe __orio_perftest1.c timer_cpu.o -lm -lrt"[00m
[00;31mERROR: orio.main.tuner.ptest_driver:  the executable of the test code does not exist[00m
timeout: failed to run command â€˜./__orio_perftest1.exeâ€™: No such file or directory
[00;31mERROR: orio.main.tuner.ptest_driver: failed to execute the test code: "timeout --kill-after=30s --signal=9 20m  ./__orio_perftest1.exe  "
 --> CalledProcessError: Command 'timeout --kill-after=30s --signal=9 20m  ./__orio_perftest1.exe  ' returned non-zero exit status 127[00m
[00;31mERROR: orio.main.tuner.ptest_driver:  performance testing failed: "timeout --kill-after=30s --signal=9 20m  ./__orio_perftest1.exe  "[00m
__orio_perftest2.c: In function â€˜mainâ€™:
__orio_perftest2.c:131:52: error: â€˜Y_copyâ€™ undeclared (first use in this function)
 #pragma omp parallel for private(i,j,ii,jj,iii,jjj,Y_copy,X0_copy,X1_copy,X2_copy)
                                                    ^~~~~~
__orio_perftest2.c:131:52: note: each undeclared identifier is reported only once for each function it appears in
__orio_perftest2.c:131:59: error: â€˜X0_copyâ€™ undeclared (first use in this function)
 #pragma omp parallel for private(i,j,ii,jj,iii,jjj,Y_copy,X0_copy,X1_copy,X2_copy)
                                                           ^~~~~~~
__orio_perftest2.c:131:67: error: â€˜X1_copyâ€™ undeclared (first use in this function)
 #pragma omp parallel for private(i,j,ii,jj,iii,jjj,Y_copy,X0_copy,X1_copy,X2_copy)
                                                                   ^~~~~~~
__orio_perftest2.c:131:75: error: â€˜X2_copyâ€™ undeclared (first use in this function)
 #pragma omp parallel for private(i,j,ii,jj,iii,jjj,Y_copy,X0_copy,X1_copy,X2_copy)
                                                                           ^~~~~~~
[00;31mERROR: orio.main.tuner.ptest_driver:  failed to compile the testing code: "timeout --kill-after=30s --signal=9 20m gcc -O3 -fopenmp -DDYNAMIC  -DORIO_REPS=10 -o __orio_perftest2.exe __orio_perftest2.c timer_cpu.o -lm -lrt"[00m
[00;31mERROR: orio.main.tuner.ptest_driver:  the executable of the test code does not exist[00m
timeout: failed to run command â€˜./__orio_perftest2.exeâ€™: No such file or directory
[00;31mERROR: orio.main.tuner.ptest_driver: failed to execute the test code: "timeout --kill-after=30s --signal=9 20m  ./__orio_perftest2.exe  "
 --> CalledProcessError: Command 'timeout --kill-after=30s --signal=9 20m  ./__orio_perftest2.exe  ' returned non-zero exit status 127[00m
[00;31mERROR: orio.main.tuner.ptest_driver:  performance testing failed: "timeout --kill-after=30s --signal=9 20m  ./__orio_perftest2.exe  "[00m
__orio_perftest3.c: In function â€˜mainâ€™:
__orio_perftest3.c:131:52: error: â€˜Y_copyâ€™ undeclared (first use in this function)
 #pragma omp parallel for private(i,j,ii,jj,iii,jjj,Y_copy,X0_copy,X1_copy,X2_copy)
                                                    ^~~~~~
__orio_perftest3.c:131:52: note: each undeclared identifier is reported only once for each function it appears in
__orio_perftest3.c:131:59: error: â€˜X0_copyâ€™ undeclared (first use in this function)
 #pragma omp parallel for private(i,j,ii,jj,iii,jjj,Y_copy,X0_copy,X1_copy,X2_copy)
                                                           ^~~~~~~
__orio_perftest3.c:131:67: error: â€˜X1_copyâ€™ undeclared (first use in this function)
 #pragma omp parallel for private(i,j,ii,jj,iii,jjj,Y_copy,X0_copy,X1_copy,X2_copy)
                                                                   ^~~~~~~
__orio_perftest3.c:131:75: error: â€˜X2_copyâ€™ undeclared (first use in this function)
 #pragma omp parallel for private(i,j,ii,jj,iii,jjj,Y_copy,X0_copy,X1_copy,X2_copy)
                                                                           ^~~~~~~
[00;31mERROR: orio.main.tuner.ptest_driver:  failed to compile the testing code: "timeout --kill-after=30s --signal=9 20m gcc -O3 -fopenmp -DDYNAMIC  -DORIO_REPS=10 -o __orio_perftest3.exe __orio_perftest3.c timer_cpu.o -lm -lrt"[00m
[00;31mERROR: orio.main.tuner.ptest_driver:  the executable of the test code does not exist[00m
timeout: failed to run command â€˜./__orio_perftest3.exeâ€™: No such file or directory
[00;31mERROR: orio.main.tuner.ptest_driver: failed to execute the test code: "timeout --kill-after=30s --signal=9 20m  ./__orio_perftest3.exe  "
 --> CalledProcessError: Command 'timeout --kill-after=30s --signal=9 20m  ./__orio_perftest3.exe  ' returned non-zero exit status 127[00m
[00;31mERROR: orio.main.tuner.ptest_driver:  performance testing failed: "timeout --kill-after=30s --signal=9 20m  ./__orio_perftest3.exe  "[00m
__orio_perftest4.c: In function â€˜mainâ€™:
__orio_perftest4.c:131:52: error: â€˜Y_copyâ€™ undeclared (first use in this function)
 #pragma omp parallel for private(i,j,ii,jj,iii,jjj,Y_copy,X0_copy,X1_copy,X2_copy)
                                                    ^~~~~~
__orio_perftest4.c:131:52: note: each undeclared identifier is reported only once for each function it appears in
__orio_perftest4.c:131:59: error: â€˜X0_copyâ€™ undeclared (first use in this function)
 #pragma omp parallel for private(i,j,ii,jj,iii,jjj,Y_copy,X0_copy,X1_copy,X2_copy)
                                                           ^~~~~~~
__orio_perftest4.c:131:67: error: â€˜X1_copyâ€™ undeclared (first use in this function)
 #pragma omp parallel for private(i,j,ii,jj,iii,jjj,Y_copy,X0_copy,X1_copy,X2_copy)
                                                                   ^~~~~~~
__orio_perftest4.c:131:75: error: â€˜X2_copyâ€™ undeclared (first use in this function)
 #pragma omp parallel for private(i,j,ii,jj,iii,jjj,Y_copy,X0_copy,X1_copy,X2_copy)
                                                                           ^~~~~~~
[00;31mERROR: orio.main.tuner.ptest_driver:  failed to compile the testing code: "timeout --kill-after=30s --signal=9 20m gcc -O3 -fopenmp -DDYNAMIC  -DORIO_REPS=10 -o __orio_perftest4.exe __orio_perftest4.c timer_cpu.o -lm -lrt"[00m
[00;31mERROR: orio.main.tuner.ptest_driver:  the executable of the test code does not exist[00m
timeout: failed to run command â€˜./__orio_perftest4.exeâ€™: No such file or directory
[00;31mERROR: orio.main.tuner.ptest_driver: failed to execute the test code: "timeout --kill-after=30s --signal=9 20m  ./__orio_perftest4.exe  "
 --> CalledProcessError: Command 'timeout --kill-after=30s --signal=9 20m  ./__orio_perftest4.exe  ' returned non-zero exit status 127[00m
[00;31mERROR: orio.main.tuner.ptest_driver:  performance testing failed: "timeout --kill-after=30s --signal=9 20m  ./__orio_perftest4.exe  "[00m
__orio_perftest5.c: In function â€˜mainâ€™:
__orio_perftest5.c:131:52: error: â€˜Y_copyâ€™ undeclared (first use in this function)
 #pragma omp parallel for private(i,j,ii,jj,iii,jjj,Y_copy,X0_copy,X1_copy,X2_copy)
                                                    ^~~~~~
__orio_perftest5.c:131:52: note: each undeclared identifier is reported only once for each function it appears in
__orio_perftest5.c:131:59: error: â€˜X0_copyâ€™ undeclared (first use in this function)
 #pragma omp parallel for private(i,j,ii,jj,iii,jjj,Y_copy,X0_copy,X1_copy,X2_copy)
                                                           ^~~~~~~
__orio_perftest5.c:131:67: error: â€˜X1_copyâ€™ undeclared (first use in this function)
 #pragma omp parallel for private(i,j,ii,jj,iii,jjj,Y_copy,X0_copy,X1_copy,X2_copy)
                                                                   ^~~~~~~
__orio_perftest5.c:131:75: error: â€˜X2_copyâ€™ undeclared (first use in this function)
 #pragma omp parallel for private(i,j,ii,jj,iii,jjj,Y_copy,X0_copy,X1_copy,X2_copy)
                                                                           ^~~~~~~
[00;31mERROR: orio.main.tuner.ptest_driver:  failed to compile the testing code: "timeout --kill-after=30s --signal=9 20m gcc -O3 -fopenmp -DDYNAMIC  -DORIO_REPS=10 -o __orio_perftest5.exe __orio_perftest5.c timer_cpu.o -lm -lrt"[00m
[00;31mERROR: orio.main.tuner.ptest_driver:  the executable of the test code does not exist[00m
timeout: failed to run command â€˜./__orio_perftest5.exeâ€™: No such file or directory
[00;31mERROR: orio.main.tuner.ptest_driver: failed to execute the test code: "timeout --kill-after=30s --signal=9 20m  ./__orio_perftest5.exe  "
 --> CalledProcessError: Command 'timeout --kill-after=30s --signal=9 20m  ./__orio_perftest5.exe  ' returned non-zero exit status 127[00m
[00;31mERROR: orio.main.tuner.ptest_driver:  performance testing failed: "timeout --kill-after=30s --signal=9 20m  ./__orio_perftest5.exe  "[00m
__orio_perftest6.c: In function â€˜mainâ€™:
__orio_perftest6.c:131:52: error: â€˜Y_copyâ€™ undeclared (first use in this function)
 #pragma omp parallel for private(i,j,ii,jj,iii,jjj,Y_copy,X0_copy,X1_copy,X2_copy)
                                                    ^~~~~~
__orio_perftest6.c:131:52: note: each undeclared identifier is reported only once for each function it appears in
__orio_perftest6.c:131:59: error: â€˜X0_copyâ€™ undeclared (first use in this function)
 #pragma omp parallel for private(i,j,ii,jj,iii,jjj,Y_copy,X0_copy,X1_copy,X2_copy)
                                                           ^~~~~~~
__orio_perftest6.c:131:67: error: â€˜X1_copyâ€™ undeclared (first use in this function)
 #pragma omp parallel for private(i,j,ii,jj,iii,jjj,Y_copy,X0_copy,X1_copy,X2_copy)
                                                                   ^~~~~~~
__orio_perftest6.c:131:75: error: â€˜X2_copyâ€™ undeclared (first use in this function)
 #pragma omp parallel for private(i,j,ii,jj,iii,jjj,Y_copy,X0_copy,X1_copy,X2_copy)
                                                                           ^~~~~~~
[00;31mERROR: orio.main.tuner.ptest_driver:  failed to compile the testing code: "timeout --kill-after=30s --signal=9 20m gcc -O3 -fopenmp -DDYNAMIC  -DORIO_REPS=10 -o __orio_perftest6.exe __orio_perftest6.c timer_cpu.o -lm -lrt"[00m
[00;31mERROR: orio.main.tuner.ptest_driver:  the executable of the test code does not exist[00m
timeout: failed to run command â€˜./__orio_perftest6.exeâ€™: No such file or directory
[00;31mERROR: orio.main.tuner.ptest_driver: failed to execute the test code: "timeout --kill-after=30s --signal=9 20m  ./__orio_perftest6.exe  "
 --> CalledProcessError: Command 'timeout --kill-after=30s --signal=9 20m  ./__orio_perftest6.exe  ' returned non-zero exit status 127[00m
[00;31mERROR: orio.main.tuner.ptest_driver:  performance testing failed: "timeout --kill-after=30s --signal=9 20m  ./__orio_perftest6.exe  "[00m
__orio_perftest7.c: In function â€˜mainâ€™:
__orio_perftest7.c:131:52: error: â€˜Y_copyâ€™ undeclared (first use in this function)
 #pragma omp parallel for private(i,j,ii,jj,iii,jjj,Y_copy,X0_copy,X1_copy,X2_copy)
                                                    ^~~~~~
__orio_perftest7.c:131:52: note: each undeclared identifier is reported only once for each function it appears in
__orio_perftest7.c:131:59: error: â€˜X0_copyâ€™ undeclared (first use in this function)
 #pragma omp parallel for private(i,j,ii,jj,iii,jjj,Y_copy,X0_copy,X1_copy,X2_copy)
                                                           ^~~~~~~
__orio_perftest7.c:131:67: error: â€˜X1_copyâ€™ undeclared (first use in this function)
 #pragma omp parallel for private(i,j,ii,jj,iii,jjj,Y_copy,X0_copy,X1_copy,X2_copy)
                                                                   ^~~~~~~
__orio_perftest7.c:131:75: error: â€˜X2_copyâ€™ undeclared (first use in this function)
 #pragma omp parallel for private(i,j,ii,jj,iii,jjj,Y_copy,X0_copy,X1_copy,X2_copy)
                                                                           ^~~~~~~
[00;31mERROR: orio.main.tuner.ptest_driver:  failed to compile the testing code: "timeout --kill-after=30s --signal=9 20m gcc -O3 -fopenmp -DDYNAMIC  -DORIO_REPS=10 -o __orio_perftest7.exe __orio_perftest7.c timer_cpu.o -lm -lrt"[00m
[00;31mERROR: orio.main.tuner.ptest_driver:  the executable of the test code does not exist[00m
timeout: failed to run command â€˜./__orio_perftest7.exeâ€™: No such file or directory
[00;31mERROR: orio.main.tuner.ptest_driver: failed to execute the test code: "timeout --kill-after=30s --signal=9 20m  ./__orio_perftest7.exe  "
 --> CalledProcessError: Command 'timeout --kill-after=30s --signal=9 20m  ./__orio_perftest7.exe  ' returned non-zero exit status 127[00m
[00;31mERROR: orio.main.tuner.ptest_driver:  performance testing failed: "timeout --kill-after=30s --signal=9 20m  ./__orio_perftest7.exe  "[00m
expected=14981109.589145
actual=14981109.589145
diff=0.000000
diff=1
expected=14981109.589145
actual=14981109.589145
diff=0.000000
diff=1
expected=14981109.589145
actual=14981109.589145
diff=0.000000
diff=1
expected=14981109.589145
actual=14981109.589145
diff=0.000000
diff=1
expected=14981109.589145
actual=14981109.589145
diff=0.000000
diff=1
expected=14981109.589145
actual=14981109.589145
diff=0.000000
diff=1
expected=14981109.589145
actual=14981109.589145
diff=0.000000
diff=1
__orio_perftest15.c: In function â€˜mainâ€™:
__orio_perftest15.c:131:52: error: â€˜Y_copyâ€™ undeclared (first use in this function)
 #pragma omp parallel for private(i,j,ii,jj,iii,jjj,Y_copy,X0_copy,X1_copy,X2_copy)
                                                    ^~~~~~
__orio_perftest15.c:131:52: note: each undeclared identifier is reported only once for each function it appears in
__orio_perftest15.c:131:59: error: â€˜X0_copyâ€™ undeclared (first use in this function)
 #pragma omp parallel for private(i,j,ii,jj,iii,jjj,Y_copy,X0_copy,X1_copy,X2_copy)
                                                           ^~~~~~~
__orio_perftest15.c:131:67: error: â€˜X1_copyâ€™ undeclared (first use in this function)
 #pragma omp parallel for private(i,j,ii,jj,iii,jjj,Y_copy,X0_copy,X1_copy,X2_copy)
                                                                   ^~~~~~~
__orio_perftest15.c:131:75: error: â€˜X2_copyâ€™ undeclared (first use in this function)
 #pragma omp parallel for private(i,j,ii,jj,iii,jjj,Y_copy,X0_copy,X1_copy,X2_copy)
                                                                           ^~~~~~~
[00;31mERROR: orio.main.tuner.ptest_driver:  failed to compile the testing code: "timeout --kill-after=30s --signal=9 20m gcc -O3 -fopenmp -DDYNAMIC  -DORIO_REPS=10 -o __orio_perftest15.exe __orio_perftest15.c timer_cpu.o -lm -lrt"[00m
[00;31mERROR: orio.main.tuner.ptest_driver:  the executable of the test code does not exist[00m
timeout: failed to run command â€˜./__orio_perftest15.exeâ€™: No such file or directory
[00;31mERROR: orio.main.tuner.ptest_driver: failed to execute the test code: "timeout --kill-after=30s --signal=9 20m  ./__orio_perftest15.exe  "
 --> CalledProcessError: Command 'timeout --kill-after=30s --signal=9 20m  ./__orio_perftest15.exe  ' returned non-zero exit status 127[00m
[00;31mERROR: orio.main.tuner.ptest_driver:  performance testing failed: "timeout --kill-after=30s --signal=9 20m  ./__orio_perftest15.exe  "[00m
expected=14981109.589145
actual=14981109.589145
diff=0.000000
diff=1
expected=14981109.589145
actual=14981109.589145
diff=0.000000
diff=1
__orio_perftest18.c: In function â€˜mainâ€™:
__orio_perftest18.c:131:52: error: â€˜Y_copyâ€™ undeclared (first use in this function)
 #pragma omp parallel for private(i,j,ii,jj,iii,jjj,Y_copy,X0_copy,X1_copy,X2_copy)
                                                    ^~~~~~
__orio_perftest18.c:131:52: note: each undeclared identifier is reported only once for each function it appears in
__orio_perftest18.c:131:59: error: â€˜X0_copyâ€™ undeclared (first use in this function)
 #pragma omp parallel for private(i,j,ii,jj,iii,jjj,Y_copy,X0_copy,X1_copy,X2_copy)
                                                           ^~~~~~~
__orio_perftest18.c:131:67: error: â€˜X1_copyâ€™ undeclared (first use in this function)
 #pragma omp parallel for private(i,j,ii,jj,iii,jjj,Y_copy,X0_copy,X1_copy,X2_copy)
                                                                   ^~~~~~~
__orio_perftest18.c:131:75: error: â€˜X2_copyâ€™ undeclared (first use in this function)
 #pragma omp parallel for private(i,j,ii,jj,iii,jjj,Y_copy,X0_copy,X1_copy,X2_copy)
                                                                           ^~~~~~~
[00;31mERROR: orio.main.tuner.ptest_driver:  failed to compile the testing code: "timeout --kill-after=30s --signal=9 20m gcc -O3 -fopenmp -DDYNAMIC  -DORIO_REPS=10 -o __orio_perftest18.exe __orio_perftest18.c timer_cpu.o -lm -lrt"[00m
[00;31mERROR: orio.main.tuner.ptest_driver:  the executable of the test code does not exist[00m
timeout: failed to run command â€˜./__orio_perftest18.exeâ€™: No such file or directory
[00;31mERROR: orio.main.tuner.ptest_driver: failed to execute the test code: "timeout --kill-after=30s --signal=9 20m  ./__orio_perftest18.exe  "
 --> CalledProcessError: Command 'timeout --kill-after=30s --signal=9 20m  ./__orio_perftest18.exe  ' returned non-zero exit status 127[00m
[00;31mERROR: orio.main.tuner.ptest_driver:  performance testing failed: "timeout --kill-after=30s --signal=9 20m  ./__orio_perftest18.exe  "[00m
expected=14981109.589145
actual=14981109.589145
diff=0.000000
diff=1
__orio_perftest20.c: In function â€˜mainâ€™:
__orio_perftest20.c:131:52: error: â€˜Y_copyâ€™ undeclared (first use in this function)
 #pragma omp parallel for private(i,j,ii,jj,iii,jjj,Y_copy,X0_copy,X1_copy,X2_copy)
                                                    ^~~~~~
__orio_perftest20.c:131:52: note: each undeclared identifier is reported only once for each function it appears in
__orio_perftest20.c:131:59: error: â€˜X0_copyâ€™ undeclared (first use in this function)
 #pragma omp parallel for private(i,j,ii,jj,iii,jjj,Y_copy,X0_copy,X1_copy,X2_copy)
                                                           ^~~~~~~
__orio_perftest20.c:131:67: error: â€˜X1_copyâ€™ undeclared (first use in this function)
 #pragma omp parallel for private(i,j,ii,jj,iii,jjj,Y_copy,X0_copy,X1_copy,X2_copy)
                                                                   ^~~~~~~
__orio_perftest20.c:131:75: error: â€˜X2_copyâ€™ undeclared (first use in this function)
 #pragma omp parallel for private(i,j,ii,jj,iii,jjj,Y_copy,X0_copy,X1_copy,X2_copy)
                                                                           ^~~~~~~
[00;31mERROR: orio.main.tuner.ptest_driver:  failed to compile the testing code: "timeout --kill-after=30s --signal=9 20m gcc -O3 -fopenmp -DDYNAMIC  -DORIO_REPS=10 -o __orio_perftest20.exe __orio_perftest20.c timer_cpu.o -lm -lrt"[00m
[00;31mERROR: orio.main.tuner.ptest_driver:  the executable of the test code does not exist[00m
timeout: failed to run command â€˜./__orio_perftest20.exeâ€™: No such file or directory
[00;31mERROR: orio.main.tuner.ptest_driver: failed to execute the test code: "timeout --kill-after=30s --signal=9 20m  ./__orio_perftest20.exe  "
 --> CalledProcessError: Command 'timeout --kill-after=30s --signal=9 20m  ./__orio_perftest20.exe  ' returned non-zero exit status 127[00m
[00;31mERROR: orio.main.tuner.ptest_driver:  performance testing failed: "timeout --kill-after=30s --signal=9 20m  ./__orio_perftest20.exe  "[00m
__orio_perftest21.c: In function â€˜mainâ€™:
__orio_perftest21.c:131:52: error: â€˜Y_copyâ€™ undeclared (first use in this function)
 #pragma omp parallel for private(i,j,ii,jj,iii,jjj,Y_copy,X0_copy,X1_copy,X2_copy)
                                                    ^~~~~~
__orio_perftest21.c:131:52: note: each undeclared identifier is reported only once for each function it appears in
__orio_perftest21.c:131:59: error: â€˜X0_copyâ€™ undeclared (first use in this function)
 #pragma omp parallel for private(i,j,ii,jj,iii,jjj,Y_copy,X0_copy,X1_copy,X2_copy)
                                                           ^~~~~~~
__orio_perftest21.c:131:67: error: â€˜X1_copyâ€™ undeclared (first use in this function)
 #pragma omp parallel for private(i,j,ii,jj,iii,jjj,Y_copy,X0_copy,X1_copy,X2_copy)
                                                                   ^~~~~~~
__orio_perftest21.c:131:75: error: â€˜X2_copyâ€™ undeclared (first use in this function)
 #pragma omp parallel for private(i,j,ii,jj,iii,jjj,Y_copy,X0_copy,X1_copy,X2_copy)
                                                                           ^~~~~~~
[00;31mERROR: orio.main.tuner.ptest_driver:  failed to compile the testing code: "timeout --kill-after=30s --signal=9 20m gcc -O3 -fopenmp -DDYNAMIC  -DORIO_REPS=10 -o __orio_perftest21.exe __orio_perftest21.c timer_cpu.o -lm -lrt"[00m
[00;31mERROR: orio.main.tuner.ptest_driver:  the executable of the test code does not exist[00m
timeout: failed to run command â€˜./__orio_perftest21.exeâ€™: No such file or directory
[00;31mERROR: orio.main.tuner.ptest_driver: failed to execute the test code: "timeout --kill-after=30s --signal=9 20m  ./__orio_perftest21.exe  "
 --> CalledProcessError: Command 'timeout --kill-after=30s --signal=9 20m  ./__orio_perftest21.exe  ' returned non-zero exit status 127[00m
[00;31mERROR: orio.main.tuner.ptest_driver:  performance testing failed: "timeout --kill-after=30s --signal=9 20m  ./__orio_perftest21.exe  "[00m
expected=14981109.589145
actual=14981109.589145
diff=0.000000
diff=1
expected=14981109.589145
actual=14981109.589145
diff=0.000000
diff=1
__orio_perftest24.c: In function â€˜mainâ€™:
__orio_perftest24.c:131:52: error: â€˜Y_copyâ€™ undeclared (first use in this function)
 #pragma omp parallel for private(i,j,ii,jj,iii,jjj,Y_copy,X0_copy,X1_copy,X2_copy)
                                                    ^~~~~~
__orio_perftest24.c:131:52: note: each undeclared identifier is reported only once for each function it appears in
__orio_perftest24.c:131:59: error: â€˜X0_copyâ€™ undeclared (first use in this function)
 #pragma omp parallel for private(i,j,ii,jj,iii,jjj,Y_copy,X0_copy,X1_copy,X2_copy)
                                                           ^~~~~~~
__orio_perftest24.c:131:67: error: â€˜X1_copyâ€™ undeclared (first use in this function)
 #pragma omp parallel for private(i,j,ii,jj,iii,jjj,Y_copy,X0_copy,X1_copy,X2_copy)
                                                                   ^~~~~~~
__orio_perftest24.c:131:75: error: â€˜X2_copyâ€™ undeclared (first use in this function)
 #pragma omp parallel for private(i,j,ii,jj,iii,jjj,Y_copy,X0_copy,X1_copy,X2_copy)
                                                                           ^~~~~~~
[00;31mERROR: orio.main.tuner.ptest_driver:  failed to compile the testing code: "timeout --kill-after=30s --signal=9 20m gcc -O3 -fopenmp -DDYNAMIC  -DORIO_REPS=10 -o __orio_perftest24.exe __orio_perftest24.c timer_cpu.o -lm -lrt"[00m
[00;31mERROR: orio.main.tuner.ptest_driver:  the executable of the test code does not exist[00m
timeout: failed to run command â€˜./__orio_perftest24.exeâ€™: No such file or directory
[00;31mERROR: orio.main.tuner.ptest_driver: failed to execute the test code: "timeout --kill-after=30s --signal=9 20m  ./__orio_perftest24.exe  "
 --> CalledProcessError: Command 'timeout --kill-after=30s --signal=9 20m  ./__orio_perftest24.exe  ' returned non-zero exit status 127[00m
[00;31mERROR: orio.main.tuner.ptest_driver:  performance testing failed: "timeout --kill-after=30s --signal=9 20m  ./__orio_perftest24.exe  "[00m
__orio_perftest25.c: In function â€˜mainâ€™:
__orio_perftest25.c:131:52: error: â€˜Y_copyâ€™ undeclared (first use in this function)
 #pragma omp parallel for private(i,j,ii,jj,iii,jjj,Y_copy,X0_copy,X1_copy,X2_copy)
                                                    ^~~~~~
__orio_perftest25.c:131:52: note: each undeclared identifier is reported only once for each function it appears in
__orio_perftest25.c:131:59: error: â€˜X0_copyâ€™ undeclared (first use in this function)
 #pragma omp parallel for private(i,j,ii,jj,iii,jjj,Y_copy,X0_copy,X1_copy,X2_copy)
                                                           ^~~~~~~
__orio_perftest25.c:131:67: error: â€˜X1_copyâ€™ undeclared (first use in this function)
 #pragma omp parallel for private(i,j,ii,jj,iii,jjj,Y_copy,X0_copy,X1_copy,X2_copy)
                                                                   ^~~~~~~
__orio_perftest25.c:131:75: error: â€˜X2_copyâ€™ undeclared (first use in this function)
 #pragma omp parallel for private(i,j,ii,jj,iii,jjj,Y_copy,X0_copy,X1_copy,X2_copy)
                                                                           ^~~~~~~
[00;31mERROR: orio.main.tuner.ptest_driver:  failed to compile the testing code: "timeout --kill-after=30s --signal=9 20m gcc -O3 -fopenmp -DDYNAMIC  -DORIO_REPS=10 -o __orio_perftest25.exe __orio_perftest25.c timer_cpu.o -lm -lrt"[00m
[00;31mERROR: orio.main.tuner.ptest_driver:  the executable of the test code does not exist[00m
timeout: failed to run command â€˜./__orio_perftest25.exeâ€™: No such file or directory
[00;31mERROR: orio.main.tuner.ptest_driver: failed to execute the test code: "timeout --kill-after=30s --signal=9 20m  ./__orio_perftest25.exe  "
 --> CalledProcessError: Command 'timeout --kill-after=30s --signal=9 20m  ./__orio_perftest25.exe  ' returned non-zero exit status 127[00m
[00;31mERROR: orio.main.tuner.ptest_driver:  performance testing failed: "timeout --kill-after=30s --signal=9 20m  ./__orio_perftest25.exe  "[00m
expected=14981109.589145
actual=14981109.589145
diff=0.000000
diff=1
/usr/lib/python2.7/dist-packages/rpy2/rinterface/__init__.py:186: RRuntimeWarning: Error in lm.fit(x, y, offset = offset, singular.ok = singular.ok, ...) : 
  0 (non-NA) cases

  warnings.warn(x, RRuntimeWarning)
expected=14981109.589145
actual=14981109.589145
diff=0.000000
diff=1
expected=14981109.589145
actual=14981109.589145
diff=0.000000
diff=1
__orio_perftest29.c: In function â€˜mainâ€™:
__orio_perftest29.c:131:52: error: â€˜Y_copyâ€™ undeclared (first use in this function)
 #pragma omp parallel for private(i,j,ii,jj,iii,jjj,Y_copy,X0_copy,X1_copy,X2_copy)
                                                    ^~~~~~
__orio_perftest29.c:131:52: note: each undeclared identifier is reported only once for each function it appears in
__orio_perftest29.c:131:59: error: â€˜X0_copyâ€™ undeclared (first use in this function)
 #pragma omp parallel for private(i,j,ii,jj,iii,jjj,Y_copy,X0_copy,X1_copy,X2_copy)
                                                           ^~~~~~~
__orio_perftest29.c:131:67: error: â€˜X1_copyâ€™ undeclared (first use in this function)
 #pragma omp parallel for private(i,j,ii,jj,iii,jjj,Y_copy,X0_copy,X1_copy,X2_copy)
                                                                   ^~~~~~~
__orio_perftest29.c:131:75: error: â€˜X2_copyâ€™ undeclared (first use in this function)
 #pragma omp parallel for private(i,j,ii,jj,iii,jjj,Y_copy,X0_copy,X1_copy,X2_copy)
                                                                           ^~~~~~~
[00;31mERROR: orio.main.tuner.ptest_driver:  failed to compile the testing code: "timeout --kill-after=30s --signal=9 20m gcc -O3 -fopenmp -DDYNAMIC  -DORIO_REPS=10 -o __orio_perftest29.exe __orio_perftest29.c timer_cpu.o -lm -lrt"[00m
[00;31mERROR: orio.main.tuner.ptest_driver:  the executable of the test code does not exist[00m
timeout: failed to run command â€˜./__orio_perftest29.exeâ€™: No such file or directory
[00;31mERROR: orio.main.tuner.ptest_driver: failed to execute the test code: "timeout --kill-after=30s --signal=9 20m  ./__orio_perftest29.exe  "
 --> CalledProcessError: Command 'timeout --kill-after=30s --signal=9 20m  ./__orio_perftest29.exe  ' returned non-zero exit status 127[00m
[00;31mERROR: orio.main.tuner.ptest_driver:  performance testing failed: "timeout --kill-after=30s --signal=9 20m  ./__orio_perftest29.exe  "[00m
__orio_perftest30.c: In function â€˜mainâ€™:
__orio_perftest30.c:131:52: error: â€˜Y_copyâ€™ undeclared (first use in this function)
 #pragma omp parallel for private(i,j,ii,jj,iii,jjj,Y_copy,X0_copy,X1_copy,X2_copy)
                                                    ^~~~~~
__orio_perftest30.c:131:52: note: each undeclared identifier is reported only once for each function it appears in
__orio_perftest30.c:131:59: error: â€˜X0_copyâ€™ undeclared (first use in this function)
 #pragma omp parallel for private(i,j,ii,jj,iii,jjj,Y_copy,X0_copy,X1_copy,X2_copy)
                                                           ^~~~~~~
__orio_perftest30.c:131:67: error: â€˜X1_copyâ€™ undeclared (first use in this function)
 #pragma omp parallel for private(i,j,ii,jj,iii,jjj,Y_copy,X0_copy,X1_copy,X2_copy)
                                                                   ^~~~~~~
__orio_perftest30.c:131:75: error: â€˜X2_copyâ€™ undeclared (first use in this function)
 #pragma omp parallel for private(i,j,ii,jj,iii,jjj,Y_copy,X0_copy,X1_copy,X2_copy)
                                                                           ^~~~~~~
[00;31mERROR: orio.main.tuner.ptest_driver:  failed to compile the testing code: "timeout --kill-after=30s --signal=9 20m gcc -O3 -fopenmp -DDYNAMIC  -DORIO_REPS=10 -o __orio_perftest30.exe __orio_perftest30.c timer_cpu.o -lm -lrt"[00m
[00;31mERROR: orio.main.tuner.ptest_driver:  the executable of the test code does not exist[00m
timeout: failed to run command â€˜./__orio_perftest30.exeâ€™: No such file or directory
[00;31mERROR: orio.main.tuner.ptest_driver: failed to execute the test code: "timeout --kill-after=30s --signal=9 20m  ./__orio_perftest30.exe  "
 --> CalledProcessError: Command 'timeout --kill-after=30s --signal=9 20m  ./__orio_perftest30.exe  ' returned non-zero exit status 127[00m
[00;31mERROR: orio.main.tuner.ptest_driver:  performance testing failed: "timeout --kill-after=30s --signal=9 20m  ./__orio_perftest30.exe  "[00m
__orio_perftest31.c: In function â€˜mainâ€™:
__orio_perftest31.c:132:52: error: â€˜Y_copyâ€™ undeclared (first use in this function)
 #pragma omp parallel for private(i,j,ii,jj,iii,jjj,Y_copy,X0_copy,X1_copy,X2_copy)
                                                    ^~~~~~
__orio_perftest31.c:132:52: note: each undeclared identifier is reported only once for each function it appears in
__orio_perftest31.c:132:59: error: â€˜X0_copyâ€™ undeclared (first use in this function)
 #pragma omp parallel for private(i,j,ii,jj,iii,jjj,Y_copy,X0_copy,X1_copy,X2_copy)
                                                           ^~~~~~~
__orio_perftest31.c:132:67: error: â€˜X1_copyâ€™ undeclared (first use in this function)
 #pragma omp parallel for private(i,j,ii,jj,iii,jjj,Y_copy,X0_copy,X1_copy,X2_copy)
                                                                   ^~~~~~~
__orio_perftest31.c:132:75: error: â€˜X2_copyâ€™ undeclared (first use in this function)
 #pragma omp parallel for private(i,j,ii,jj,iii,jjj,Y_copy,X0_copy,X1_copy,X2_copy)
                                                                           ^~~~~~~
[00;31mERROR: orio.main.tuner.ptest_driver:  failed to compile the testing code: "timeout --kill-after=30s --signal=9 20m gcc -O3 -fopenmp -DDYNAMIC  -DORIO_REPS=10 -o __orio_perftest31.exe __orio_perftest31.c timer_cpu.o -lm -lrt"[00m
[00;31mERROR: orio.main.tuner.ptest_driver:  the executable of the test code does not exist[00m
timeout: failed to run command â€˜./__orio_perftest31.exeâ€™: No such file or directory
[00;31mERROR: orio.main.tuner.ptest_driver: failed to execute the test code: "timeout --kill-after=30s --signal=9 20m  ./__orio_perftest31.exe  "
 --> CalledProcessError: Command 'timeout --kill-after=30s --signal=9 20m  ./__orio_perftest31.exe  ' returned non-zero exit status 127[00m
[00;31mERROR: orio.main.tuner.ptest_driver:  performance testing failed: "timeout --kill-after=30s --signal=9 20m  ./__orio_perftest31.exe  "[00m
__orio_perftest32.c: In function â€˜mainâ€™:
__orio_perftest32.c:131:52: error: â€˜Y_copyâ€™ undeclared (first use in this function)
 #pragma omp parallel for private(i,j,ii,jj,iii,jjj,Y_copy,X0_copy,X1_copy,X2_copy)
                                                    ^~~~~~
__orio_perftest32.c:131:52: note: each undeclared identifier is reported only once for each function it appears in
__orio_perftest32.c:131:59: error: â€˜X0_copyâ€™ undeclared (first use in this function)
 #pragma omp parallel for private(i,j,ii,jj,iii,jjj,Y_copy,X0_copy,X1_copy,X2_copy)
                                                           ^~~~~~~
__orio_perftest32.c:131:67: error: â€˜X1_copyâ€™ undeclared (first use in this function)
 #pragma omp parallel for private(i,j,ii,jj,iii,jjj,Y_copy,X0_copy,X1_copy,X2_copy)
                                                                   ^~~~~~~
__orio_perftest32.c:131:75: error: â€˜X2_copyâ€™ undeclared (first use in this function)
 #pragma omp parallel for private(i,j,ii,jj,iii,jjj,Y_copy,X0_copy,X1_copy,X2_copy)
                                                                           ^~~~~~~
[00;31mERROR: orio.main.tuner.ptest_driver:  failed to compile the testing code: "timeout --kill-after=30s --signal=9 20m gcc -O3 -fopenmp -DDYNAMIC  -DORIO_REPS=10 -o __orio_perftest32.exe __orio_perftest32.c timer_cpu.o -lm -lrt"[00m
[00;31mERROR: orio.main.tuner.ptest_driver:  the executable of the test code does not exist[00m
timeout: failed to run command â€˜./__orio_perftest32.exeâ€™: No such file or directory
[00;31mERROR: orio.main.tuner.ptest_driver: failed to execute the test code: "timeout --kill-after=30s --signal=9 20m  ./__orio_perftest32.exe  "
 --> CalledProcessError: Command 'timeout --kill-after=30s --signal=9 20m  ./__orio_perftest32.exe  ' returned non-zero exit status 127[00m
[00;31mERROR: orio.main.tuner.ptest_driver:  performance testing failed: "timeout --kill-after=30s --signal=9 20m  ./__orio_perftest32.exe  "[00m
expected=14981109.589145
actual=14981109.589145
diff=0.000000
diff=1
__orio_perftest34.c: In function â€˜mainâ€™:
__orio_perftest34.c:131:52: error: â€˜Y_copyâ€™ undeclared (first use in this function)
 #pragma omp parallel for private(i,j,ii,jj,iii,jjj,Y_copy,X0_copy,X1_copy,X2_copy)
                                                    ^~~~~~
__orio_perftest34.c:131:52: note: each undeclared identifier is reported only once for each function it appears in
__orio_perftest34.c:131:59: error: â€˜X0_copyâ€™ undeclared (first use in this function)
 #pragma omp parallel for private(i,j,ii,jj,iii,jjj,Y_copy,X0_copy,X1_copy,X2_copy)
                                                           ^~~~~~~
__orio_perftest34.c:131:67: error: â€˜X1_copyâ€™ undeclared (first use in this function)
 #pragma omp parallel for private(i,j,ii,jj,iii,jjj,Y_copy,X0_copy,X1_copy,X2_copy)
                                                                   ^~~~~~~
__orio_perftest34.c:131:75: error: â€˜X2_copyâ€™ undeclared (first use in this function)
 #pragma omp parallel for private(i,j,ii,jj,iii,jjj,Y_copy,X0_copy,X1_copy,X2_copy)
                                                                           ^~~~~~~
[00;31mERROR: orio.main.tuner.ptest_driver:  failed to compile the testing code: "timeout --kill-after=30s --signal=9 20m gcc -O3 -fopenmp -DDYNAMIC  -DORIO_REPS=10 -o __orio_perftest34.exe __orio_perftest34.c timer_cpu.o -lm -lrt"[00m
[00;31mERROR: orio.main.tuner.ptest_driver:  the executable of the test code does not exist[00m
timeout: failed to run command â€˜./__orio_perftest34.exeâ€™: No such file or directory
[00;31mERROR: orio.main.tuner.ptest_driver: failed to execute the test code: "timeout --kill-after=30s --signal=9 20m  ./__orio_perftest34.exe  "
 --> CalledProcessError: Command 'timeout --kill-after=30s --signal=9 20m  ./__orio_perftest34.exe  ' returned non-zero exit status 127[00m
[00;31mERROR: orio.main.tuner.ptest_driver:  performance testing failed: "timeout --kill-after=30s --signal=9 20m  ./__orio_perftest34.exe  "[00m
__orio_perftest35.c: In function â€˜mainâ€™:
__orio_perftest35.c:131:52: error: â€˜Y_copyâ€™ undeclared (first use in this function)
 #pragma omp parallel for private(i,j,ii,jj,iii,jjj,Y_copy,X0_copy,X1_copy,X2_copy)
                                                    ^~~~~~
__orio_perftest35.c:131:52: note: each undeclared identifier is reported only once for each function it appears in
__orio_perftest35.c:131:59: error: â€˜X0_copyâ€™ undeclared (first use in this function)
 #pragma omp parallel for private(i,j,ii,jj,iii,jjj,Y_copy,X0_copy,X1_copy,X2_copy)
                                                           ^~~~~~~
__orio_perftest35.c:131:67: error: â€˜X1_copyâ€™ undeclared (first use in this function)
 #pragma omp parallel for private(i,j,ii,jj,iii,jjj,Y_copy,X0_copy,X1_copy,X2_copy)
                                                                   ^~~~~~~
__orio_perftest35.c:131:75: error: â€˜X2_copyâ€™ undeclared (first use in this function)
 #pragma omp parallel for private(i,j,ii,jj,iii,jjj,Y_copy,X0_copy,X1_copy,X2_copy)
                                                                           ^~~~~~~
[00;31mERROR: orio.main.tuner.ptest_driver:  failed to compile the testing code: "timeout --kill-after=30s --signal=9 20m gcc -O3 -fopenmp -DDYNAMIC  -DORIO_REPS=10 -o __orio_perftest35.exe __orio_perftest35.c timer_cpu.o -lm -lrt"[00m
[00;31mERROR: orio.main.tuner.ptest_driver:  the executable of the test code does not exist[00m
timeout: failed to run command â€˜./__orio_perftest35.exeâ€™: No such file or directory
[00;31mERROR: orio.main.tuner.ptest_driver: failed to execute the test code: "timeout --kill-after=30s --signal=9 20m  ./__orio_perftest35.exe  "
 --> CalledProcessError: Command 'timeout --kill-after=30s --signal=9 20m  ./__orio_perftest35.exe  ' returned non-zero exit status 127[00m
[00;31mERROR: orio.main.tuner.ptest_driver:  performance testing failed: "timeout --kill-after=30s --signal=9 20m  ./__orio_perftest35.exe  "[00m
__orio_perftest36.c: In function â€˜mainâ€™:
__orio_perftest36.c:131:52: error: â€˜Y_copyâ€™ undeclared (first use in this function)
 #pragma omp parallel for private(i,j,ii,jj,iii,jjj,Y_copy,X0_copy,X1_copy,X2_copy)
                                                    ^~~~~~
__orio_perftest36.c:131:52: note: each undeclared identifier is reported only once for each function it appears in
__orio_perftest36.c:131:59: error: â€˜X0_copyâ€™ undeclared (first use in this function)
 #pragma omp parallel for private(i,j,ii,jj,iii,jjj,Y_copy,X0_copy,X1_copy,X2_copy)
                                                           ^~~~~~~
__orio_perftest36.c:131:67: error: â€˜X1_copyâ€™ undeclared (first use in this function)
 #pragma omp parallel for private(i,j,ii,jj,iii,jjj,Y_copy,X0_copy,X1_copy,X2_copy)
                                                                   ^~~~~~~
__orio_perftest36.c:131:75: error: â€˜X2_copyâ€™ undeclared (first use in this function)
 #pragma omp parallel for private(i,j,ii,jj,iii,jjj,Y_copy,X0_copy,X1_copy,X2_copy)
                                                                           ^~~~~~~
[00;31mERROR: orio.main.tuner.ptest_driver:  failed to compile the testing code: "timeout --kill-after=30s --signal=9 20m gcc -O3 -fopenmp -DDYNAMIC  -DORIO_REPS=10 -o __orio_perftest36.exe __orio_perftest36.c timer_cpu.o -lm -lrt"[00m
[00;31mERROR: orio.main.tuner.ptest_driver:  the executable of the test code does not exist[00m
timeout: failed to run command â€˜./__orio_perftest36.exeâ€™: No such file or directory
[00;31mERROR: orio.main.tuner.ptest_driver: failed to execute the test code: "timeout --kill-after=30s --signal=9 20m  ./__orio_perftest36.exe  "
 --> CalledProcessError: Command 'timeout --kill-after=30s --signal=9 20m  ./__orio_perftest36.exe  ' returned non-zero exit status 127[00m
[00;31mERROR: orio.main.tuner.ptest_driver:  performance testing failed: "timeout --kill-after=30s --signal=9 20m  ./__orio_perftest36.exe  "[00m
expected=14981109.589145
actual=14981109.589145
diff=0.000000
diff=1
__orio_perftest38.c: In function â€˜mainâ€™:
__orio_perftest38.c:131:52: error: â€˜Y_copyâ€™ undeclared (first use in this function)
 #pragma omp parallel for private(i,j,ii,jj,iii,jjj,Y_copy,X0_copy,X1_copy,X2_copy)
                                                    ^~~~~~
__orio_perftest38.c:131:52: note: each undeclared identifier is reported only once for each function it appears in
__orio_perftest38.c:131:59: error: â€˜X0_copyâ€™ undeclared (first use in this function)
 #pragma omp parallel for private(i,j,ii,jj,iii,jjj,Y_copy,X0_copy,X1_copy,X2_copy)
                                                           ^~~~~~~
__orio_perftest38.c:131:67: error: â€˜X1_copyâ€™ undeclared (first use in this function)
 #pragma omp parallel for private(i,j,ii,jj,iii,jjj,Y_copy,X0_copy,X1_copy,X2_copy)
                                                                   ^~~~~~~
__orio_perftest38.c:131:75: error: â€˜X2_copyâ€™ undeclared (first use in this function)
 #pragma omp parallel for private(i,j,ii,jj,iii,jjj,Y_copy,X0_copy,X1_copy,X2_copy)
                                                                           ^~~~~~~
[00;31mERROR: orio.main.tuner.ptest_driver:  failed to compile the testing code: "timeout --kill-after=30s --signal=9 20m gcc -O3 -fopenmp -DDYNAMIC  -DORIO_REPS=10 -o __orio_perftest38.exe __orio_perftest38.c timer_cpu.o -lm -lrt"[00m
[00;31mERROR: orio.main.tuner.ptest_driver:  the executable of the test code does not exist[00m
timeout: failed to run command â€˜./__orio_perftest38.exeâ€™: No such file or directory
[00;31mERROR: orio.main.tuner.ptest_driver: failed to execute the test code: "timeout --kill-after=30s --signal=9 20m  ./__orio_perftest38.exe  "
 --> CalledProcessError: Command 'timeout --kill-after=30s --signal=9 20m  ./__orio_perftest38.exe  ' returned non-zero exit status 127[00m
[00;31mERROR: orio.main.tuner.ptest_driver:  performance testing failed: "timeout --kill-after=30s --signal=9 20m  ./__orio_perftest38.exe  "[00m
__orio_perftest39.c: In function â€˜mainâ€™:
__orio_perftest39.c:131:52: error: â€˜Y_copyâ€™ undeclared (first use in this function)
 #pragma omp parallel for private(i,j,ii,jj,iii,jjj,Y_copy,X0_copy,X1_copy,X2_copy)
                                                    ^~~~~~
__orio_perftest39.c:131:52: note: each undeclared identifier is reported only once for each function it appears in
__orio_perftest39.c:131:59: error: â€˜X0_copyâ€™ undeclared (first use in this function)
 #pragma omp parallel for private(i,j,ii,jj,iii,jjj,Y_copy,X0_copy,X1_copy,X2_copy)
                                                           ^~~~~~~
__orio_perftest39.c:131:67: error: â€˜X1_copyâ€™ undeclared (first use in this function)
 #pragma omp parallel for private(i,j,ii,jj,iii,jjj,Y_copy,X0_copy,X1_copy,X2_copy)
                                                                   ^~~~~~~
__orio_perftest39.c:131:75: error: â€˜X2_copyâ€™ undeclared (first use in this function)
 #pragma omp parallel for private(i,j,ii,jj,iii,jjj,Y_copy,X0_copy,X1_copy,X2_copy)
                                                                           ^~~~~~~
[00;31mERROR: orio.main.tuner.ptest_driver:  failed to compile the testing code: "timeout --kill-after=30s --signal=9 20m gcc -O3 -fopenmp -DDYNAMIC  -DORIO_REPS=10 -o __orio_perftest39.exe __orio_perftest39.c timer_cpu.o -lm -lrt"[00m
[00;31mERROR: orio.main.tuner.ptest_driver:  the executable of the test code does not exist[00m
timeout: failed to run command â€˜./__orio_perftest39.exeâ€™: No such file or directory
[00;31mERROR: orio.main.tuner.ptest_driver: failed to execute the test code: "timeout --kill-after=30s --signal=9 20m  ./__orio_perftest39.exe  "
 --> CalledProcessError: Command 'timeout --kill-after=30s --signal=9 20m  ./__orio_perftest39.exe  ' returned non-zero exit status 127[00m
[00;31mERROR: orio.main.tuner.ptest_driver:  performance testing failed: "timeout --kill-after=30s --signal=9 20m  ./__orio_perftest39.exe  "[00m
expected=14981109.589145
actual=14981109.589145
diff=0.000000
diff=1
expected=14981109.589145
actual=14981109.589145
diff=0.000000
diff=1
expected=14981109.589145
actual=14981109.589145
diff=0.000000
diff=1
expected=14981109.589145
actual=14981109.589145
diff=0.000000
diff=1
__orio_perftest44.c: In function â€˜mainâ€™:
__orio_perftest44.c:131:52: error: â€˜Y_copyâ€™ undeclared (first use in this function)
 #pragma omp parallel for private(i,j,ii,jj,iii,jjj,Y_copy,X0_copy,X1_copy,X2_copy)
                                                    ^~~~~~
__orio_perftest44.c:131:52: note: each undeclared identifier is reported only once for each function it appears in
__orio_perftest44.c:131:59: error: â€˜X0_copyâ€™ undeclared (first use in this function)
 #pragma omp parallel for private(i,j,ii,jj,iii,jjj,Y_copy,X0_copy,X1_copy,X2_copy)
                                                           ^~~~~~~
__orio_perftest44.c:131:67: error: â€˜X1_copyâ€™ undeclared (first use in this function)
 #pragma omp parallel for private(i,j,ii,jj,iii,jjj,Y_copy,X0_copy,X1_copy,X2_copy)
                                                                   ^~~~~~~
__orio_perftest44.c:131:75: error: â€˜X2_copyâ€™ undeclared (first use in this function)
 #pragma omp parallel for private(i,j,ii,jj,iii,jjj,Y_copy,X0_copy,X1_copy,X2_copy)
                                                                           ^~~~~~~
[00;31mERROR: orio.main.tuner.ptest_driver:  failed to compile the testing code: "timeout --kill-after=30s --signal=9 20m gcc -O3 -fopenmp -DDYNAMIC  -DORIO_REPS=10 -o __orio_perftest44.exe __orio_perftest44.c timer_cpu.o -lm -lrt"[00m
[00;31mERROR: orio.main.tuner.ptest_driver:  the executable of the test code does not exist[00m
timeout: failed to run command â€˜./__orio_perftest44.exeâ€™: No such file or directory
[00;31mERROR: orio.main.tuner.ptest_driver: failed to execute the test code: "timeout --kill-after=30s --signal=9 20m  ./__orio_perftest44.exe  "
 --> CalledProcessError: Command 'timeout --kill-after=30s --signal=9 20m  ./__orio_perftest44.exe  ' returned non-zero exit status 127[00m
[00;31mERROR: orio.main.tuner.ptest_driver:  performance testing failed: "timeout --kill-after=30s --signal=9 20m  ./__orio_perftest44.exe  "[00m
expected=14981109.589145
actual=14981109.589145
diff=0.000000
diff=1
expected=14981109.589145
actual=14981109.589145
diff=0.000000
diff=1
__orio_perftest47.c: In function â€˜mainâ€™:
__orio_perftest47.c:131:52: error: â€˜Y_copyâ€™ undeclared (first use in this function)
 #pragma omp parallel for private(i,j,ii,jj,iii,jjj,Y_copy,X0_copy,X1_copy,X2_copy)
                                                    ^~~~~~
__orio_perftest47.c:131:52: note: each undeclared identifier is reported only once for each function it appears in
__orio_perftest47.c:131:59: error: â€˜X0_copyâ€™ undeclared (first use in this function)
 #pragma omp parallel for private(i,j,ii,jj,iii,jjj,Y_copy,X0_copy,X1_copy,X2_copy)
                                                           ^~~~~~~
__orio_perftest47.c:131:67: error: â€˜X1_copyâ€™ undeclared (first use in this function)
 #pragma omp parallel for private(i,j,ii,jj,iii,jjj,Y_copy,X0_copy,X1_copy,X2_copy)
                                                                   ^~~~~~~
__orio_perftest47.c:131:75: error: â€˜X2_copyâ€™ undeclared (first use in this function)
 #pragma omp parallel for private(i,j,ii,jj,iii,jjj,Y_copy,X0_copy,X1_copy,X2_copy)
                                                                           ^~~~~~~
[00;31mERROR: orio.main.tuner.ptest_driver:  failed to compile the testing code: "timeout --kill-after=30s --signal=9 20m gcc -O3 -fopenmp -DDYNAMIC  -DORIO_REPS=10 -o __orio_perftest47.exe __orio_perftest47.c timer_cpu.o -lm -lrt"[00m
[00;31mERROR: orio.main.tuner.ptest_driver:  the executable of the test code does not exist[00m
timeout: failed to run command â€˜./__orio_perftest47.exeâ€™: No such file or directory
[00;31mERROR: orio.main.tuner.ptest_driver: failed to execute the test code: "timeout --kill-after=30s --signal=9 20m  ./__orio_perftest47.exe  "
 --> CalledProcessError: Command 'timeout --kill-after=30s --signal=9 20m  ./__orio_perftest47.exe  ' returned non-zero exit status 127[00m
[00;31mERROR: orio.main.tuner.ptest_driver:  performance testing failed: "timeout --kill-after=30s --signal=9 20m  ./__orio_perftest47.exe  "[00m
expected=14981109.589145
actual=14981109.589145
diff=0.000000
diff=1
expected=14981109.589145
actual=14981109.589145
diff=0.000000
diff=1
__orio_perftest50.c: In function â€˜mainâ€™:
__orio_perftest50.c:131:52: error: â€˜Y_copyâ€™ undeclared (first use in this function)
 #pragma omp parallel for private(i,j,ii,jj,iii,jjj,Y_copy,X0_copy,X1_copy,X2_copy)
                                                    ^~~~~~
__orio_perftest50.c:131:52: note: each undeclared identifier is reported only once for each function it appears in
__orio_perftest50.c:131:59: error: â€˜X0_copyâ€™ undeclared (first use in this function)
 #pragma omp parallel for private(i,j,ii,jj,iii,jjj,Y_copy,X0_copy,X1_copy,X2_copy)
                                                           ^~~~~~~
__orio_perftest50.c:131:67: error: â€˜X1_copyâ€™ undeclared (first use in this function)
 #pragma omp parallel for private(i,j,ii,jj,iii,jjj,Y_copy,X0_copy,X1_copy,X2_copy)
                                                                   ^~~~~~~
__orio_perftest50.c:131:75: error: â€˜X2_copyâ€™ undeclared (first use in this function)
 #pragma omp parallel for private(i,j,ii,jj,iii,jjj,Y_copy,X0_copy,X1_copy,X2_copy)
                                                                           ^~~~~~~
[00;31mERROR: orio.main.tuner.ptest_driver:  failed to compile the testing code: "timeout --kill-after=30s --signal=9 20m gcc -O3 -fopenmp -DDYNAMIC  -DORIO_REPS=10 -o __orio_perftest50.exe __orio_perftest50.c timer_cpu.o -lm -lrt"[00m
[00;31mERROR: orio.main.tuner.ptest_driver:  the executable of the test code does not exist[00m
timeout: failed to run command â€˜./__orio_perftest50.exeâ€™: No such file or directory
[00;31mERROR: orio.main.tuner.ptest_driver: failed to execute the test code: "timeout --kill-after=30s --signal=9 20m  ./__orio_perftest50.exe  "
 --> CalledProcessError: Command 'timeout --kill-after=30s --signal=9 20m  ./__orio_perftest50.exe  ' returned non-zero exit status 127[00m
[00;31mERROR: orio.main.tuner.ptest_driver:  performance testing failed: "timeout --kill-after=30s --signal=9 20m  ./__orio_perftest50.exe  "[00m
__orio_perftest51.c: In function â€˜mainâ€™:
__orio_perftest51.c:131:52: error: â€˜Y_copyâ€™ undeclared (first use in this function)
 #pragma omp parallel for private(i,j,ii,jj,iii,jjj,Y_copy,X0_copy,X1_copy,X2_copy)
                                                    ^~~~~~
__orio_perftest51.c:131:52: note: each undeclared identifier is reported only once for each function it appears in
__orio_perftest51.c:131:59: error: â€˜X0_copyâ€™ undeclared (first use in this function)
 #pragma omp parallel for private(i,j,ii,jj,iii,jjj,Y_copy,X0_copy,X1_copy,X2_copy)
                                                           ^~~~~~~
__orio_perftest51.c:131:67: error: â€˜X1_copyâ€™ undeclared (first use in this function)
 #pragma omp parallel for private(i,j,ii,jj,iii,jjj,Y_copy,X0_copy,X1_copy,X2_copy)
                                                                   ^~~~~~~
__orio_perftest51.c:131:75: error: â€˜X2_copyâ€™ undeclared (first use in this function)
 #pragma omp parallel for private(i,j,ii,jj,iii,jjj,Y_copy,X0_copy,X1_copy,X2_copy)
                                                                           ^~~~~~~
[00;31mERROR: orio.main.tuner.ptest_driver:  failed to compile the testing code: "timeout --kill-after=30s --signal=9 20m gcc -O3 -fopenmp -DDYNAMIC  -DORIO_REPS=10 -o __orio_perftest51.exe __orio_perftest51.c timer_cpu.o -lm -lrt"[00m
[00;31mERROR: orio.main.tuner.ptest_driver:  the executable of the test code does not exist[00m
timeout: failed to run command â€˜./__orio_perftest51.exeâ€™: No such file or directory
[00;31mERROR: orio.main.tuner.ptest_driver: failed to execute the test code: "timeout --kill-after=30s --signal=9 20m  ./__orio_perftest51.exe  "
 --> CalledProcessError: Command 'timeout --kill-after=30s --signal=9 20m  ./__orio_perftest51.exe  ' returned non-zero exit status 127[00m
[00;31mERROR: orio.main.tuner.ptest_driver:  performance testing failed: "timeout --kill-after=30s --signal=9 20m  ./__orio_perftest51.exe  "[00m
expected=14981109.589145
actual=14981109.589145
diff=0.000000
diff=1
expected=14981109.589145
actual=14981109.589145
diff=0.000000
diff=1
expected=14981109.589145
actual=14981109.589145
diff=0.000000
diff=1
__orio_perftest55.c: In function â€˜mainâ€™:
__orio_perftest55.c:131:52: error: â€˜Y_copyâ€™ undeclared (first use in this function)
 #pragma omp parallel for private(i,j,ii,jj,iii,jjj,Y_copy,X0_copy,X1_copy,X2_copy)
                                                    ^~~~~~
__orio_perftest55.c:131:52: note: each undeclared identifier is reported only once for each function it appears in
__orio_perftest55.c:131:59: error: â€˜X0_copyâ€™ undeclared (first use in this function)
 #pragma omp parallel for private(i,j,ii,jj,iii,jjj,Y_copy,X0_copy,X1_copy,X2_copy)
                                                           ^~~~~~~
__orio_perftest55.c:131:67: error: â€˜X1_copyâ€™ undeclared (first use in this function)
 #pragma omp parallel for private(i,j,ii,jj,iii,jjj,Y_copy,X0_copy,X1_copy,X2_copy)
                                                                   ^~~~~~~
__orio_perftest55.c:131:75: error: â€˜X2_copyâ€™ undeclared (first use in this function)
 #pragma omp parallel for private(i,j,ii,jj,iii,jjj,Y_copy,X0_copy,X1_copy,X2_copy)
                                                                           ^~~~~~~
[00;31mERROR: orio.main.tuner.ptest_driver:  failed to compile the testing code: "timeout --kill-after=30s --signal=9 20m gcc -O3 -fopenmp -DDYNAMIC  -DORIO_REPS=10 -o __orio_perftest55.exe __orio_perftest55.c timer_cpu.o -lm -lrt"[00m
[00;31mERROR: orio.main.tuner.ptest_driver:  the executable of the test code does not exist[00m
timeout: failed to run command â€˜./__orio_perftest55.exeâ€™: No such file or directory
[00;31mERROR: orio.main.tuner.ptest_driver: failed to execute the test code: "timeout --kill-after=30s --signal=9 20m  ./__orio_perftest55.exe  "
 --> CalledProcessError: Command 'timeout --kill-after=30s --signal=9 20m  ./__orio_perftest55.exe  ' returned non-zero exit status 127[00m
[00;31mERROR: orio.main.tuner.ptest_driver:  performance testing failed: "timeout --kill-after=30s --signal=9 20m  ./__orio_perftest55.exe  "[00m
__orio_perftest56.c: In function â€˜mainâ€™:
__orio_perftest56.c:131:52: error: â€˜Y_copyâ€™ undeclared (first use in this function)
 #pragma omp parallel for private(i,j,ii,jj,iii,jjj,Y_copy,X0_copy,X1_copy,X2_copy)
                                                    ^~~~~~
__orio_perftest56.c:131:52: note: each undeclared identifier is reported only once for each function it appears in
__orio_perftest56.c:131:59: error: â€˜X0_copyâ€™ undeclared (first use in this function)
 #pragma omp parallel for private(i,j,ii,jj,iii,jjj,Y_copy,X0_copy,X1_copy,X2_copy)
                                                           ^~~~~~~
__orio_perftest56.c:131:67: error: â€˜X1_copyâ€™ undeclared (first use in this function)
 #pragma omp parallel for private(i,j,ii,jj,iii,jjj,Y_copy,X0_copy,X1_copy,X2_copy)
                                                                   ^~~~~~~
__orio_perftest56.c:131:75: error: â€˜X2_copyâ€™ undeclared (first use in this function)
 #pragma omp parallel for private(i,j,ii,jj,iii,jjj,Y_copy,X0_copy,X1_copy,X2_copy)
                                                                           ^~~~~~~
[00;31mERROR: orio.main.tuner.ptest_driver:  failed to compile the testing code: "timeout --kill-after=30s --signal=9 20m gcc -O3 -fopenmp -DDYNAMIC  -DORIO_REPS=10 -o __orio_perftest56.exe __orio_perftest56.c timer_cpu.o -lm -lrt"[00m
[00;31mERROR: orio.main.tuner.ptest_driver:  the executable of the test code does not exist[00m
timeout: failed to run command â€˜./__orio_perftest56.exeâ€™: No such file or directory
[00;31mERROR: orio.main.tuner.ptest_driver: failed to execute the test code: "timeout --kill-after=30s --signal=9 20m  ./__orio_perftest56.exe  "
 --> CalledProcessError: Command 'timeout --kill-after=30s --signal=9 20m  ./__orio_perftest56.exe  ' returned non-zero exit status 127[00m
[00;31mERROR: orio.main.tuner.ptest_driver:  performance testing failed: "timeout --kill-after=30s --signal=9 20m  ./__orio_perftest56.exe  "[00m
__orio_perftest57.c: In function â€˜mainâ€™:
__orio_perftest57.c:131:52: error: â€˜Y_copyâ€™ undeclared (first use in this function)
 #pragma omp parallel for private(i,j,ii,jj,iii,jjj,Y_copy,X0_copy,X1_copy,X2_copy)
                                                    ^~~~~~
__orio_perftest57.c:131:52: note: each undeclared identifier is reported only once for each function it appears in
__orio_perftest57.c:131:59: error: â€˜X0_copyâ€™ undeclared (first use in this function)
 #pragma omp parallel for private(i,j,ii,jj,iii,jjj,Y_copy,X0_copy,X1_copy,X2_copy)
                                                           ^~~~~~~
__orio_perftest57.c:131:67: error: â€˜X1_copyâ€™ undeclared (first use in this function)
 #pragma omp parallel for private(i,j,ii,jj,iii,jjj,Y_copy,X0_copy,X1_copy,X2_copy)
                                                                   ^~~~~~~
__orio_perftest57.c:131:75: error: â€˜X2_copyâ€™ undeclared (first use in this function)
 #pragma omp parallel for private(i,j,ii,jj,iii,jjj,Y_copy,X0_copy,X1_copy,X2_copy)
                                                                           ^~~~~~~
[00;31mERROR: orio.main.tuner.ptest_driver:  failed to compile the testing code: "timeout --kill-after=30s --signal=9 20m gcc -O3 -fopenmp -DDYNAMIC  -DORIO_REPS=10 -o __orio_perftest57.exe __orio_perftest57.c timer_cpu.o -lm -lrt"[00m
[00;31mERROR: orio.main.tuner.ptest_driver:  the executable of the test code does not exist[00m
timeout: failed to run command â€˜./__orio_perftest57.exeâ€™: No such file or directory
[00;31mERROR: orio.main.tuner.ptest_driver: failed to execute the test code: "timeout --kill-after=30s --signal=9 20m  ./__orio_perftest57.exe  "
 --> CalledProcessError: Command 'timeout --kill-after=30s --signal=9 20m  ./__orio_perftest57.exe  ' returned non-zero exit status 127[00m
[00;31mERROR: orio.main.tuner.ptest_driver:  performance testing failed: "timeout --kill-after=30s --signal=9 20m  ./__orio_perftest57.exe  "[00m
__orio_perftest58.c: In function â€˜mainâ€™:
__orio_perftest58.c:131:52: error: â€˜Y_copyâ€™ undeclared (first use in this function)
 #pragma omp parallel for private(i,j,ii,jj,iii,jjj,Y_copy,X0_copy,X1_copy,X2_copy)
                                                    ^~~~~~
__orio_perftest58.c:131:52: note: each undeclared identifier is reported only once for each function it appears in
__orio_perftest58.c:131:59: error: â€˜X0_copyâ€™ undeclared (first use in this function)
 #pragma omp parallel for private(i,j,ii,jj,iii,jjj,Y_copy,X0_copy,X1_copy,X2_copy)
                                                           ^~~~~~~
__orio_perftest58.c:131:67: error: â€˜X1_copyâ€™ undeclared (first use in this function)
 #pragma omp parallel for private(i,j,ii,jj,iii,jjj,Y_copy,X0_copy,X1_copy,X2_copy)
                                                                   ^~~~~~~
__orio_perftest58.c:131:75: error: â€˜X2_copyâ€™ undeclared (first use in this function)
 #pragma omp parallel for private(i,j,ii,jj,iii,jjj,Y_copy,X0_copy,X1_copy,X2_copy)
                                                                           ^~~~~~~
[00;31mERROR: orio.main.tuner.ptest_driver:  failed to compile the testing code: "timeout --kill-after=30s --signal=9 20m gcc -O3 -fopenmp -DDYNAMIC  -DORIO_REPS=10 -o __orio_perftest58.exe __orio_perftest58.c timer_cpu.o -lm -lrt"[00m
[00;31mERROR: orio.main.tuner.ptest_driver:  the executable of the test code does not exist[00m
timeout: failed to run command â€˜./__orio_perftest58.exeâ€™: No such file or directory
[00;31mERROR: orio.main.tuner.ptest_driver: failed to execute the test code: "timeout --kill-after=30s --signal=9 20m  ./__orio_perftest58.exe  "
 --> CalledProcessError: Command 'timeout --kill-after=30s --signal=9 20m  ./__orio_perftest58.exe  ' returned non-zero exit status 127[00m
[00;31mERROR: orio.main.tuner.ptest_driver:  performance testing failed: "timeout --kill-after=30s --signal=9 20m  ./__orio_perftest58.exe  "[00m
expected=14981109.589145
actual=14981109.589145
diff=0.000000
diff=1
expected=14981109.589145
actual=14981109.589145
diff=0.000000
diff=1
expected=14981109.589145
actual=14981109.589145
diff=0.000000
diff=1
expected=14981109.589145
actual=14981109.589145
diff=0.000000
diff=1
__orio_perftest63.c: In function â€˜mainâ€™:
__orio_perftest63.c:131:52: error: â€˜Y_copyâ€™ undeclared (first use in this function)
 #pragma omp parallel for private(i,j,ii,jj,iii,jjj,Y_copy,X0_copy,X1_copy,X2_copy)
                                                    ^~~~~~
__orio_perftest63.c:131:52: note: each undeclared identifier is reported only once for each function it appears in
__orio_perftest63.c:131:59: error: â€˜X0_copyâ€™ undeclared (first use in this function)
 #pragma omp parallel for private(i,j,ii,jj,iii,jjj,Y_copy,X0_copy,X1_copy,X2_copy)
                                                           ^~~~~~~
__orio_perftest63.c:131:67: error: â€˜X1_copyâ€™ undeclared (first use in this function)
 #pragma omp parallel for private(i,j,ii,jj,iii,jjj,Y_copy,X0_copy,X1_copy,X2_copy)
                                                                   ^~~~~~~
__orio_perftest63.c:131:75: error: â€˜X2_copyâ€™ undeclared (first use in this function)
 #pragma omp parallel for private(i,j,ii,jj,iii,jjj,Y_copy,X0_copy,X1_copy,X2_copy)
                                                                           ^~~~~~~
[00;31mERROR: orio.main.tuner.ptest_driver:  failed to compile the testing code: "timeout --kill-after=30s --signal=9 20m gcc -O3 -fopenmp -DDYNAMIC  -DORIO_REPS=10 -o __orio_perftest63.exe __orio_perftest63.c timer_cpu.o -lm -lrt"[00m
[00;31mERROR: orio.main.tuner.ptest_driver:  the executable of the test code does not exist[00m
timeout: failed to run command â€˜./__orio_perftest63.exeâ€™: No such file or directory
[00;31mERROR: orio.main.tuner.ptest_driver: failed to execute the test code: "timeout --kill-after=30s --signal=9 20m  ./__orio_perftest63.exe  "
 --> CalledProcessError: Command 'timeout --kill-after=30s --signal=9 20m  ./__orio_perftest63.exe  ' returned non-zero exit status 127[00m
[00;31mERROR: orio.main.tuner.ptest_driver:  performance testing failed: "timeout --kill-after=30s --signal=9 20m  ./__orio_perftest63.exe  "[00m
__orio_perftest64.c: In function â€˜mainâ€™:
__orio_perftest64.c:131:52: error: â€˜Y_copyâ€™ undeclared (first use in this function)
 #pragma omp parallel for private(i,j,ii,jj,iii,jjj,Y_copy,X0_copy,X1_copy,X2_copy)
                                                    ^~~~~~
__orio_perftest64.c:131:52: note: each undeclared identifier is reported only once for each function it appears in
__orio_perftest64.c:131:59: error: â€˜X0_copyâ€™ undeclared (first use in this function)
 #pragma omp parallel for private(i,j,ii,jj,iii,jjj,Y_copy,X0_copy,X1_copy,X2_copy)
                                                           ^~~~~~~
__orio_perftest64.c:131:67: error: â€˜X1_copyâ€™ undeclared (first use in this function)
 #pragma omp parallel for private(i,j,ii,jj,iii,jjj,Y_copy,X0_copy,X1_copy,X2_copy)
                                                                   ^~~~~~~
__orio_perftest64.c:131:75: error: â€˜X2_copyâ€™ undeclared (first use in this function)
 #pragma omp parallel for private(i,j,ii,jj,iii,jjj,Y_copy,X0_copy,X1_copy,X2_copy)
                                                                           ^~~~~~~
[00;31mERROR: orio.main.tuner.ptest_driver:  failed to compile the testing code: "timeout --kill-after=30s --signal=9 20m gcc -O3 -fopenmp -DDYNAMIC  -DORIO_REPS=10 -o __orio_perftest64.exe __orio_perftest64.c timer_cpu.o -lm -lrt"[00m
[00;31mERROR: orio.main.tuner.ptest_driver:  the executable of the test code does not exist[00m
timeout: failed to run command â€˜./__orio_perftest64.exeâ€™: No such file or directory
[00;31mERROR: orio.main.tuner.ptest_driver: failed to execute the test code: "timeout --kill-after=30s --signal=9 20m  ./__orio_perftest64.exe  "
 --> CalledProcessError: Command 'timeout --kill-after=30s --signal=9 20m  ./__orio_perftest64.exe  ' returned non-zero exit status 127[00m
[00;31mERROR: orio.main.tuner.ptest_driver:  performance testing failed: "timeout --kill-after=30s --signal=9 20m  ./__orio_perftest64.exe  "[00m
__orio_perftest65.c: In function â€˜mainâ€™:
__orio_perftest65.c:131:52: error: â€˜Y_copyâ€™ undeclared (first use in this function)
 #pragma omp parallel for private(i,j,ii,jj,iii,jjj,Y_copy,X0_copy,X1_copy,X2_copy)
                                                    ^~~~~~
__orio_perftest65.c:131:52: note: each undeclared identifier is reported only once for each function it appears in
__orio_perftest65.c:131:59: error: â€˜X0_copyâ€™ undeclared (first use in this function)
 #pragma omp parallel for private(i,j,ii,jj,iii,jjj,Y_copy,X0_copy,X1_copy,X2_copy)
                                                           ^~~~~~~
__orio_perftest65.c:131:67: error: â€˜X1_copyâ€™ undeclared (first use in this function)
 #pragma omp parallel for private(i,j,ii,jj,iii,jjj,Y_copy,X0_copy,X1_copy,X2_copy)
                                                                   ^~~~~~~
__orio_perftest65.c:131:75: error: â€˜X2_copyâ€™ undeclared (first use in this function)
 #pragma omp parallel for private(i,j,ii,jj,iii,jjj,Y_copy,X0_copy,X1_copy,X2_copy)
                                                                           ^~~~~~~
[00;31mERROR: orio.main.tuner.ptest_driver:  failed to compile the testing code: "timeout --kill-after=30s --signal=9 20m gcc -O3 -fopenmp -DDYNAMIC  -DORIO_REPS=10 -o __orio_perftest65.exe __orio_perftest65.c timer_cpu.o -lm -lrt"[00m
[00;31mERROR: orio.main.tuner.ptest_driver:  the executable of the test code does not exist[00m
timeout: failed to run command â€˜./__orio_perftest65.exeâ€™: No such file or directory
[00;31mERROR: orio.main.tuner.ptest_driver: failed to execute the test code: "timeout --kill-after=30s --signal=9 20m  ./__orio_perftest65.exe  "
 --> CalledProcessError: Command 'timeout --kill-after=30s --signal=9 20m  ./__orio_perftest65.exe  ' returned non-zero exit status 127[00m
[00;31mERROR: orio.main.tuner.ptest_driver:  performance testing failed: "timeout --kill-after=30s --signal=9 20m  ./__orio_perftest65.exe  "[00m
expected=14981109.589145
actual=14981109.589145
diff=0.000000
diff=1
__orio_perftest67.c: In function â€˜mainâ€™:
__orio_perftest67.c:131:52: error: â€˜Y_copyâ€™ undeclared (first use in this function)
 #pragma omp parallel for private(i,j,ii,jj,iii,jjj,Y_copy,X0_copy,X1_copy,X2_copy)
                                                    ^~~~~~
__orio_perftest67.c:131:52: note: each undeclared identifier is reported only once for each function it appears in
__orio_perftest67.c:131:59: error: â€˜X0_copyâ€™ undeclared (first use in this function)
 #pragma omp parallel for private(i,j,ii,jj,iii,jjj,Y_copy,X0_copy,X1_copy,X2_copy)
                                                           ^~~~~~~
__orio_perftest67.c:131:67: error: â€˜X1_copyâ€™ undeclared (first use in this function)
 #pragma omp parallel for private(i,j,ii,jj,iii,jjj,Y_copy,X0_copy,X1_copy,X2_copy)
                                                                   ^~~~~~~
__orio_perftest67.c:131:75: error: â€˜X2_copyâ€™ undeclared (first use in this function)
 #pragma omp parallel for private(i,j,ii,jj,iii,jjj,Y_copy,X0_copy,X1_copy,X2_copy)
                                                                           ^~~~~~~
[00;31mERROR: orio.main.tuner.ptest_driver:  failed to compile the testing code: "timeout --kill-after=30s --signal=9 20m gcc -O3 -fopenmp -DDYNAMIC  -DORIO_REPS=10 -o __orio_perftest67.exe __orio_perftest67.c timer_cpu.o -lm -lrt"[00m
[00;31mERROR: orio.main.tuner.ptest_driver:  the executable of the test code does not exist[00m
timeout: failed to run command â€˜./__orio_perftest67.exeâ€™: No such file or directory
[00;31mERROR: orio.main.tuner.ptest_driver: failed to execute the test code: "timeout --kill-after=30s --signal=9 20m  ./__orio_perftest67.exe  "
 --> CalledProcessError: Command 'timeout --kill-after=30s --signal=9 20m  ./__orio_perftest67.exe  ' returned non-zero exit status 127[00m
[00;31mERROR: orio.main.tuner.ptest_driver:  performance testing failed: "timeout --kill-after=30s --signal=9 20m  ./__orio_perftest67.exe  "[00m
__orio_perftest68.c: In function â€˜mainâ€™:
__orio_perftest68.c:131:52: error: â€˜Y_copyâ€™ undeclared (first use in this function)
 #pragma omp parallel for private(i,j,ii,jj,iii,jjj,Y_copy,X0_copy,X1_copy,X2_copy)
                                                    ^~~~~~
__orio_perftest68.c:131:52: note: each undeclared identifier is reported only once for each function it appears in
__orio_perftest68.c:131:59: error: â€˜X0_copyâ€™ undeclared (first use in this function)
 #pragma omp parallel for private(i,j,ii,jj,iii,jjj,Y_copy,X0_copy,X1_copy,X2_copy)
                                                           ^~~~~~~
__orio_perftest68.c:131:67: error: â€˜X1_copyâ€™ undeclared (first use in this function)
 #pragma omp parallel for private(i,j,ii,jj,iii,jjj,Y_copy,X0_copy,X1_copy,X2_copy)
                                                                   ^~~~~~~
__orio_perftest68.c:131:75: error: â€˜X2_copyâ€™ undeclared (first use in this function)
 #pragma omp parallel for private(i,j,ii,jj,iii,jjj,Y_copy,X0_copy,X1_copy,X2_copy)
                                                                           ^~~~~~~
[00;31mERROR: orio.main.tuner.ptest_driver:  failed to compile the testing code: "timeout --kill-after=30s --signal=9 20m gcc -O3 -fopenmp -DDYNAMIC  -DORIO_REPS=10 -o __orio_perftest68.exe __orio_perftest68.c timer_cpu.o -lm -lrt"[00m
[00;31mERROR: orio.main.tuner.ptest_driver:  the executable of the test code does not exist[00m
timeout: failed to run command â€˜./__orio_perftest68.exeâ€™: No such file or directory
[00;31mERROR: orio.main.tuner.ptest_driver: failed to execute the test code: "timeout --kill-after=30s --signal=9 20m  ./__orio_perftest68.exe  "
 --> CalledProcessError: Command 'timeout --kill-after=30s --signal=9 20m  ./__orio_perftest68.exe  ' returned non-zero exit status 127[00m
[00;31mERROR: orio.main.tuner.ptest_driver:  performance testing failed: "timeout --kill-after=30s --signal=9 20m  ./__orio_perftest68.exe  "[00m
expected=14981109.589145
actual=14981109.589145
diff=0.000000
diff=1
expected=14981109.589145
actual=14981109.589145
diff=0.000000
diff=1
__orio_perftest71.c: In function â€˜mainâ€™:
__orio_perftest71.c:131:52: error: â€˜Y_copyâ€™ undeclared (first use in this function)
 #pragma omp parallel for private(i,j,ii,jj,iii,jjj,Y_copy,X0_copy,X1_copy,X2_copy)
                                                    ^~~~~~
__orio_perftest71.c:131:52: note: each undeclared identifier is reported only once for each function it appears in
__orio_perftest71.c:131:59: error: â€˜X0_copyâ€™ undeclared (first use in this function)
 #pragma omp parallel for private(i,j,ii,jj,iii,jjj,Y_copy,X0_copy,X1_copy,X2_copy)
                                                           ^~~~~~~
__orio_perftest71.c:131:67: error: â€˜X1_copyâ€™ undeclared (first use in this function)
 #pragma omp parallel for private(i,j,ii,jj,iii,jjj,Y_copy,X0_copy,X1_copy,X2_copy)
                                                                   ^~~~~~~
__orio_perftest71.c:131:75: error: â€˜X2_copyâ€™ undeclared (first use in this function)
 #pragma omp parallel for private(i,j,ii,jj,iii,jjj,Y_copy,X0_copy,X1_copy,X2_copy)
                                                                           ^~~~~~~
[00;31mERROR: orio.main.tuner.ptest_driver:  failed to compile the testing code: "timeout --kill-after=30s --signal=9 20m gcc -O3 -fopenmp -DDYNAMIC  -DORIO_REPS=10 -o __orio_perftest71.exe __orio_perftest71.c timer_cpu.o -lm -lrt"[00m
[00;31mERROR: orio.main.tuner.ptest_driver:  the executable of the test code does not exist[00m
timeout: failed to run command â€˜./__orio_perftest71.exeâ€™: No such file or directory
[00;31mERROR: orio.main.tuner.ptest_driver: failed to execute the test code: "timeout --kill-after=30s --signal=9 20m  ./__orio_perftest71.exe  "
 --> CalledProcessError: Command 'timeout --kill-after=30s --signal=9 20m  ./__orio_perftest71.exe  ' returned non-zero exit status 127[00m
[00;31mERROR: orio.main.tuner.ptest_driver:  performance testing failed: "timeout --kill-after=30s --signal=9 20m  ./__orio_perftest71.exe  "[00m
expected=14981109.589145
actual=14981109.589145
diff=0.000000
diff=1
__orio_perftest73.c: In function â€˜mainâ€™:
__orio_perftest73.c:131:52: error: â€˜Y_copyâ€™ undeclared (first use in this function)
 #pragma omp parallel for private(i,j,ii,jj,iii,jjj,Y_copy,X0_copy,X1_copy,X2_copy)
                                                    ^~~~~~
__orio_perftest73.c:131:52: note: each undeclared identifier is reported only once for each function it appears in
__orio_perftest73.c:131:59: error: â€˜X0_copyâ€™ undeclared (first use in this function)
 #pragma omp parallel for private(i,j,ii,jj,iii,jjj,Y_copy,X0_copy,X1_copy,X2_copy)
                                                           ^~~~~~~
__orio_perftest73.c:131:67: error: â€˜X1_copyâ€™ undeclared (first use in this function)
 #pragma omp parallel for private(i,j,ii,jj,iii,jjj,Y_copy,X0_copy,X1_copy,X2_copy)
                                                                   ^~~~~~~
__orio_perftest73.c:131:75: error: â€˜X2_copyâ€™ undeclared (first use in this function)
 #pragma omp parallel for private(i,j,ii,jj,iii,jjj,Y_copy,X0_copy,X1_copy,X2_copy)
                                                                           ^~~~~~~
[00;31mERROR: orio.main.tuner.ptest_driver:  failed to compile the testing code: "timeout --kill-after=30s --signal=9 20m gcc -O3 -fopenmp -DDYNAMIC  -DORIO_REPS=10 -o __orio_perftest73.exe __orio_perftest73.c timer_cpu.o -lm -lrt"[00m
[00;31mERROR: orio.main.tuner.ptest_driver:  the executable of the test code does not exist[00m
timeout: failed to run command â€˜./__orio_perftest73.exeâ€™: No such file or directory
[00;31mERROR: orio.main.tuner.ptest_driver: failed to execute the test code: "timeout --kill-after=30s --signal=9 20m  ./__orio_perftest73.exe  "
 --> CalledProcessError: Command 'timeout --kill-after=30s --signal=9 20m  ./__orio_perftest73.exe  ' returned non-zero exit status 127[00m
[00;31mERROR: orio.main.tuner.ptest_driver:  performance testing failed: "timeout --kill-after=30s --signal=9 20m  ./__orio_perftest73.exe  "[00m
__orio_perftest74.c: In function â€˜mainâ€™:
__orio_perftest74.c:131:52: error: â€˜Y_copyâ€™ undeclared (first use in this function)
 #pragma omp parallel for private(i,j,ii,jj,iii,jjj,Y_copy,X0_copy,X1_copy,X2_copy)
                                                    ^~~~~~
__orio_perftest74.c:131:52: note: each undeclared identifier is reported only once for each function it appears in
__orio_perftest74.c:131:59: error: â€˜X0_copyâ€™ undeclared (first use in this function)
 #pragma omp parallel for private(i,j,ii,jj,iii,jjj,Y_copy,X0_copy,X1_copy,X2_copy)
                                                           ^~~~~~~
__orio_perftest74.c:131:67: error: â€˜X1_copyâ€™ undeclared (first use in this function)
 #pragma omp parallel for private(i,j,ii,jj,iii,jjj,Y_copy,X0_copy,X1_copy,X2_copy)
                                                                   ^~~~~~~
__orio_perftest74.c:131:75: error: â€˜X2_copyâ€™ undeclared (first use in this function)
 #pragma omp parallel for private(i,j,ii,jj,iii,jjj,Y_copy,X0_copy,X1_copy,X2_copy)
                                                                           ^~~~~~~
[00;31mERROR: orio.main.tuner.ptest_driver:  failed to compile the testing code: "timeout --kill-after=30s --signal=9 20m gcc -O3 -fopenmp -DDYNAMIC  -DORIO_REPS=10 -o __orio_perftest74.exe __orio_perftest74.c timer_cpu.o -lm -lrt"[00m
[00;31mERROR: orio.main.tuner.ptest_driver:  the executable of the test code does not exist[00m
timeout: failed to run command â€˜./__orio_perftest74.exeâ€™: No such file or directory
[00;31mERROR: orio.main.tuner.ptest_driver: failed to execute the test code: "timeout --kill-after=30s --signal=9 20m  ./__orio_perftest74.exe  "
 --> CalledProcessError: Command 'timeout --kill-after=30s --signal=9 20m  ./__orio_perftest74.exe  ' returned non-zero exit status 127[00m
[00;31mERROR: orio.main.tuner.ptest_driver:  performance testing failed: "timeout --kill-after=30s --signal=9 20m  ./__orio_perftest74.exe  "[00m
__orio_perftest75.c: In function â€˜mainâ€™:
__orio_perftest75.c:131:52: error: â€˜Y_copyâ€™ undeclared (first use in this function)
 #pragma omp parallel for private(i,j,ii,jj,iii,jjj,Y_copy,X0_copy,X1_copy,X2_copy)
                                                    ^~~~~~
__orio_perftest75.c:131:52: note: each undeclared identifier is reported only once for each function it appears in
__orio_perftest75.c:131:59: error: â€˜X0_copyâ€™ undeclared (first use in this function)
 #pragma omp parallel for private(i,j,ii,jj,iii,jjj,Y_copy,X0_copy,X1_copy,X2_copy)
                                                           ^~~~~~~
__orio_perftest75.c:131:67: error: â€˜X1_copyâ€™ undeclared (first use in this function)
 #pragma omp parallel for private(i,j,ii,jj,iii,jjj,Y_copy,X0_copy,X1_copy,X2_copy)
                                                                   ^~~~~~~
__orio_perftest75.c:131:75: error: â€˜X2_copyâ€™ undeclared (first use in this function)
 #pragma omp parallel for private(i,j,ii,jj,iii,jjj,Y_copy,X0_copy,X1_copy,X2_copy)
                                                                           ^~~~~~~
[00;31mERROR: orio.main.tuner.ptest_driver:  failed to compile the testing code: "timeout --kill-after=30s --signal=9 20m gcc -O3 -fopenmp -DDYNAMIC  -DORIO_REPS=10 -o __orio_perftest75.exe __orio_perftest75.c timer_cpu.o -lm -lrt"[00m
[00;31mERROR: orio.main.tuner.ptest_driver:  the executable of the test code does not exist[00m
timeout: failed to run command â€˜./__orio_perftest75.exeâ€™: No such file or directory
[00;31mERROR: orio.main.tuner.ptest_driver: failed to execute the test code: "timeout --kill-after=30s --signal=9 20m  ./__orio_perftest75.exe  "
 --> CalledProcessError: Command 'timeout --kill-after=30s --signal=9 20m  ./__orio_perftest75.exe  ' returned non-zero exit status 127[00m
[00;31mERROR: orio.main.tuner.ptest_driver:  performance testing failed: "timeout --kill-after=30s --signal=9 20m  ./__orio_perftest75.exe  "[00m
__orio_perftest76.c: In function â€˜mainâ€™:
__orio_perftest76.c:131:52: error: â€˜Y_copyâ€™ undeclared (first use in this function)
 #pragma omp parallel for private(i,j,ii,jj,iii,jjj,Y_copy,X0_copy,X1_copy,X2_copy)
                                                    ^~~~~~
__orio_perftest76.c:131:52: note: each undeclared identifier is reported only once for each function it appears in
__orio_perftest76.c:131:59: error: â€˜X0_copyâ€™ undeclared (first use in this function)
 #pragma omp parallel for private(i,j,ii,jj,iii,jjj,Y_copy,X0_copy,X1_copy,X2_copy)
                                                           ^~~~~~~
__orio_perftest76.c:131:67: error: â€˜X1_copyâ€™ undeclared (first use in this function)
 #pragma omp parallel for private(i,j,ii,jj,iii,jjj,Y_copy,X0_copy,X1_copy,X2_copy)
                                                                   ^~~~~~~
__orio_perftest76.c:131:75: error: â€˜X2_copyâ€™ undeclared (first use in this function)
 #pragma omp parallel for private(i,j,ii,jj,iii,jjj,Y_copy,X0_copy,X1_copy,X2_copy)
                                                                           ^~~~~~~
[00;31mERROR: orio.main.tuner.ptest_driver:  failed to compile the testing code: "timeout --kill-after=30s --signal=9 20m gcc -O3 -fopenmp -DDYNAMIC  -DORIO_REPS=10 -o __orio_perftest76.exe __orio_perftest76.c timer_cpu.o -lm -lrt"[00m
[00;31mERROR: orio.main.tuner.ptest_driver:  the executable of the test code does not exist[00m
timeout: failed to run command â€˜./__orio_perftest76.exeâ€™: No such file or directory
[00;31mERROR: orio.main.tuner.ptest_driver: failed to execute the test code: "timeout --kill-after=30s --signal=9 20m  ./__orio_perftest76.exe  "
 --> CalledProcessError: Command 'timeout --kill-after=30s --signal=9 20m  ./__orio_perftest76.exe  ' returned non-zero exit status 127[00m
[00;31mERROR: orio.main.tuner.ptest_driver:  performance testing failed: "timeout --kill-after=30s --signal=9 20m  ./__orio_perftest76.exe  "[00m
__orio_perftest77.c: In function â€˜mainâ€™:
__orio_perftest77.c:131:52: error: â€˜Y_copyâ€™ undeclared (first use in this function)
 #pragma omp parallel for private(i,j,ii,jj,iii,jjj,Y_copy,X0_copy,X1_copy,X2_copy)
                                                    ^~~~~~
__orio_perftest77.c:131:52: note: each undeclared identifier is reported only once for each function it appears in
__orio_perftest77.c:131:59: error: â€˜X0_copyâ€™ undeclared (first use in this function)
 #pragma omp parallel for private(i,j,ii,jj,iii,jjj,Y_copy,X0_copy,X1_copy,X2_copy)
                                                           ^~~~~~~
__orio_perftest77.c:131:67: error: â€˜X1_copyâ€™ undeclared (first use in this function)
 #pragma omp parallel for private(i,j,ii,jj,iii,jjj,Y_copy,X0_copy,X1_copy,X2_copy)
                                                                   ^~~~~~~
__orio_perftest77.c:131:75: error: â€˜X2_copyâ€™ undeclared (first use in this function)
 #pragma omp parallel for private(i,j,ii,jj,iii,jjj,Y_copy,X0_copy,X1_copy,X2_copy)
                                                                           ^~~~~~~
[00;31mERROR: orio.main.tuner.ptest_driver:  failed to compile the testing code: "timeout --kill-after=30s --signal=9 20m gcc -O3 -fopenmp -DDYNAMIC  -DORIO_REPS=10 -o __orio_perftest77.exe __orio_perftest77.c timer_cpu.o -lm -lrt"[00m
[00;31mERROR: orio.main.tuner.ptest_driver:  the executable of the test code does not exist[00m
timeout: failed to run command â€˜./__orio_perftest77.exeâ€™: No such file or directory
[00;31mERROR: orio.main.tuner.ptest_driver: failed to execute the test code: "timeout --kill-after=30s --signal=9 20m  ./__orio_perftest77.exe  "
 --> CalledProcessError: Command 'timeout --kill-after=30s --signal=9 20m  ./__orio_perftest77.exe  ' returned non-zero exit status 127[00m
[00;31mERROR: orio.main.tuner.ptest_driver:  performance testing failed: "timeout --kill-after=30s --signal=9 20m  ./__orio_perftest77.exe  "[00m
expected=14981109.589145
actual=14981109.589145
diff=0.000000
diff=1
__orio_perftest79.c: In function â€˜mainâ€™:
__orio_perftest79.c:131:52: error: â€˜Y_copyâ€™ undeclared (first use in this function)
 #pragma omp parallel for private(i,j,ii,jj,iii,jjj,Y_copy,X0_copy,X1_copy,X2_copy)
                                                    ^~~~~~
__orio_perftest79.c:131:52: note: each undeclared identifier is reported only once for each function it appears in
__orio_perftest79.c:131:59: error: â€˜X0_copyâ€™ undeclared (first use in this function)
 #pragma omp parallel for private(i,j,ii,jj,iii,jjj,Y_copy,X0_copy,X1_copy,X2_copy)
                                                           ^~~~~~~
__orio_perftest79.c:131:67: error: â€˜X1_copyâ€™ undeclared (first use in this function)
 #pragma omp parallel for private(i,j,ii,jj,iii,jjj,Y_copy,X0_copy,X1_copy,X2_copy)
                                                                   ^~~~~~~
__orio_perftest79.c:131:75: error: â€˜X2_copyâ€™ undeclared (first use in this function)
 #pragma omp parallel for private(i,j,ii,jj,iii,jjj,Y_copy,X0_copy,X1_copy,X2_copy)
                                                                           ^~~~~~~
[00;31mERROR: orio.main.tuner.ptest_driver:  failed to compile the testing code: "timeout --kill-after=30s --signal=9 20m gcc -O3 -fopenmp -DDYNAMIC  -DORIO_REPS=10 -o __orio_perftest79.exe __orio_perftest79.c timer_cpu.o -lm -lrt"[00m
[00;31mERROR: orio.main.tuner.ptest_driver:  the executable of the test code does not exist[00m
timeout: failed to run command â€˜./__orio_perftest79.exeâ€™: No such file or directory
[00;31mERROR: orio.main.tuner.ptest_driver: failed to execute the test code: "timeout --kill-after=30s --signal=9 20m  ./__orio_perftest79.exe  "
 --> CalledProcessError: Command 'timeout --kill-after=30s --signal=9 20m  ./__orio_perftest79.exe  ' returned non-zero exit status 127[00m
[00;31mERROR: orio.main.tuner.ptest_driver:  performance testing failed: "timeout --kill-after=30s --signal=9 20m  ./__orio_perftest79.exe  "[00m
expected=14981109.589145
actual=14981109.589145
diff=0.000000
diff=1
expected=14981109.589145
actual=14981109.589145
diff=0.000000
diff=1
__orio_perftest82.c: In function â€˜mainâ€™:
__orio_perftest82.c:131:52: error: â€˜Y_copyâ€™ undeclared (first use in this function)
 #pragma omp parallel for private(i,j,ii,jj,iii,jjj,Y_copy,X0_copy,X1_copy,X2_copy)
                                                    ^~~~~~
__orio_perftest82.c:131:52: note: each undeclared identifier is reported only once for each function it appears in
__orio_perftest82.c:131:59: error: â€˜X0_copyâ€™ undeclared (first use in this function)
 #pragma omp parallel for private(i,j,ii,jj,iii,jjj,Y_copy,X0_copy,X1_copy,X2_copy)
                                                           ^~~~~~~
__orio_perftest82.c:131:67: error: â€˜X1_copyâ€™ undeclared (first use in this function)
 #pragma omp parallel for private(i,j,ii,jj,iii,jjj,Y_copy,X0_copy,X1_copy,X2_copy)
                                                                   ^~~~~~~
__orio_perftest82.c:131:75: error: â€˜X2_copyâ€™ undeclared (first use in this function)
 #pragma omp parallel for private(i,j,ii,jj,iii,jjj,Y_copy,X0_copy,X1_copy,X2_copy)
                                                                           ^~~~~~~
[00;31mERROR: orio.main.tuner.ptest_driver:  failed to compile the testing code: "timeout --kill-after=30s --signal=9 20m gcc -O3 -fopenmp -DDYNAMIC  -DORIO_REPS=10 -o __orio_perftest82.exe __orio_perftest82.c timer_cpu.o -lm -lrt"[00m
[00;31mERROR: orio.main.tuner.ptest_driver:  the executable of the test code does not exist[00m
timeout: failed to run command â€˜./__orio_perftest82.exeâ€™: No such file or directory
[00;31mERROR: orio.main.tuner.ptest_driver: failed to execute the test code: "timeout --kill-after=30s --signal=9 20m  ./__orio_perftest82.exe  "
 --> CalledProcessError: Command 'timeout --kill-after=30s --signal=9 20m  ./__orio_perftest82.exe  ' returned non-zero exit status 127[00m
[00;31mERROR: orio.main.tuner.ptest_driver:  performance testing failed: "timeout --kill-after=30s --signal=9 20m  ./__orio_perftest82.exe  "[00m
__orio_perftest83.c: In function â€˜mainâ€™:
__orio_perftest83.c:131:52: error: â€˜Y_copyâ€™ undeclared (first use in this function)
 #pragma omp parallel for private(i,j,ii,jj,iii,jjj,Y_copy,X0_copy,X1_copy,X2_copy)
                                                    ^~~~~~
__orio_perftest83.c:131:52: note: each undeclared identifier is reported only once for each function it appears in
__orio_perftest83.c:131:59: error: â€˜X0_copyâ€™ undeclared (first use in this function)
 #pragma omp parallel for private(i,j,ii,jj,iii,jjj,Y_copy,X0_copy,X1_copy,X2_copy)
                                                           ^~~~~~~
__orio_perftest83.c:131:67: error: â€˜X1_copyâ€™ undeclared (first use in this function)
 #pragma omp parallel for private(i,j,ii,jj,iii,jjj,Y_copy,X0_copy,X1_copy,X2_copy)
                                                                   ^~~~~~~
__orio_perftest83.c:131:75: error: â€˜X2_copyâ€™ undeclared (first use in this function)
 #pragma omp parallel for private(i,j,ii,jj,iii,jjj,Y_copy,X0_copy,X1_copy,X2_copy)
                                                                           ^~~~~~~
[00;31mERROR: orio.main.tuner.ptest_driver:  failed to compile the testing code: "timeout --kill-after=30s --signal=9 20m gcc -O3 -fopenmp -DDYNAMIC  -DORIO_REPS=10 -o __orio_perftest83.exe __orio_perftest83.c timer_cpu.o -lm -lrt"[00m
[00;31mERROR: orio.main.tuner.ptest_driver:  the executable of the test code does not exist[00m
timeout: failed to run command â€˜./__orio_perftest83.exeâ€™: No such file or directory
[00;31mERROR: orio.main.tuner.ptest_driver: failed to execute the test code: "timeout --kill-after=30s --signal=9 20m  ./__orio_perftest83.exe  "
 --> CalledProcessError: Command 'timeout --kill-after=30s --signal=9 20m  ./__orio_perftest83.exe  ' returned non-zero exit status 127[00m
[00;31mERROR: orio.main.tuner.ptest_driver:  performance testing failed: "timeout --kill-after=30s --signal=9 20m  ./__orio_perftest83.exe  "[00m
expected=14981109.589145
actual=14981109.589145
diff=0.000000
diff=1
__orio_perftest85.c: In function â€˜mainâ€™:
__orio_perftest85.c:131:52: error: â€˜Y_copyâ€™ undeclared (first use in this function)
 #pragma omp parallel for private(i,j,ii,jj,iii,jjj,Y_copy,X0_copy,X1_copy,X2_copy)
                                                    ^~~~~~
__orio_perftest85.c:131:52: note: each undeclared identifier is reported only once for each function it appears in
__orio_perftest85.c:131:59: error: â€˜X0_copyâ€™ undeclared (first use in this function)
 #pragma omp parallel for private(i,j,ii,jj,iii,jjj,Y_copy,X0_copy,X1_copy,X2_copy)
                                                           ^~~~~~~
__orio_perftest85.c:131:67: error: â€˜X1_copyâ€™ undeclared (first use in this function)
 #pragma omp parallel for private(i,j,ii,jj,iii,jjj,Y_copy,X0_copy,X1_copy,X2_copy)
                                                                   ^~~~~~~
__orio_perftest85.c:131:75: error: â€˜X2_copyâ€™ undeclared (first use in this function)
 #pragma omp parallel for private(i,j,ii,jj,iii,jjj,Y_copy,X0_copy,X1_copy,X2_copy)
                                                                           ^~~~~~~
[00;31mERROR: orio.main.tuner.ptest_driver:  failed to compile the testing code: "timeout --kill-after=30s --signal=9 20m gcc -O3 -fopenmp -DDYNAMIC  -DORIO_REPS=10 -o __orio_perftest85.exe __orio_perftest85.c timer_cpu.o -lm -lrt"[00m
[00;31mERROR: orio.main.tuner.ptest_driver:  the executable of the test code does not exist[00m
timeout: failed to run command â€˜./__orio_perftest85.exeâ€™: No such file or directory
[00;31mERROR: orio.main.tuner.ptest_driver: failed to execute the test code: "timeout --kill-after=30s --signal=9 20m  ./__orio_perftest85.exe  "
 --> CalledProcessError: Command 'timeout --kill-after=30s --signal=9 20m  ./__orio_perftest85.exe  ' returned non-zero exit status 127[00m
[00;31mERROR: orio.main.tuner.ptest_driver:  performance testing failed: "timeout --kill-after=30s --signal=9 20m  ./__orio_perftest85.exe  "[00m
__orio_perftest86.c: In function â€˜mainâ€™:
__orio_perftest86.c:131:52: error: â€˜Y_copyâ€™ undeclared (first use in this function)
 #pragma omp parallel for private(i,j,ii,jj,iii,jjj,Y_copy,X0_copy,X1_copy,X2_copy)
                                                    ^~~~~~
__orio_perftest86.c:131:52: note: each undeclared identifier is reported only once for each function it appears in
__orio_perftest86.c:131:59: error: â€˜X0_copyâ€™ undeclared (first use in this function)
 #pragma omp parallel for private(i,j,ii,jj,iii,jjj,Y_copy,X0_copy,X1_copy,X2_copy)
                                                           ^~~~~~~
__orio_perftest86.c:131:67: error: â€˜X1_copyâ€™ undeclared (first use in this function)
 #pragma omp parallel for private(i,j,ii,jj,iii,jjj,Y_copy,X0_copy,X1_copy,X2_copy)
                                                                   ^~~~~~~
__orio_perftest86.c:131:75: error: â€˜X2_copyâ€™ undeclared (first use in this function)
 #pragma omp parallel for private(i,j,ii,jj,iii,jjj,Y_copy,X0_copy,X1_copy,X2_copy)
                                                                           ^~~~~~~
[00;31mERROR: orio.main.tuner.ptest_driver:  failed to compile the testing code: "timeout --kill-after=30s --signal=9 20m gcc -O3 -fopenmp -DDYNAMIC  -DORIO_REPS=10 -o __orio_perftest86.exe __orio_perftest86.c timer_cpu.o -lm -lrt"[00m
[00;31mERROR: orio.main.tuner.ptest_driver:  the executable of the test code does not exist[00m
timeout: failed to run command â€˜./__orio_perftest86.exeâ€™: No such file or directory
[00;31mERROR: orio.main.tuner.ptest_driver: failed to execute the test code: "timeout --kill-after=30s --signal=9 20m  ./__orio_perftest86.exe  "
 --> CalledProcessError: Command 'timeout --kill-after=30s --signal=9 20m  ./__orio_perftest86.exe  ' returned non-zero exit status 127[00m
[00;31mERROR: orio.main.tuner.ptest_driver:  performance testing failed: "timeout --kill-after=30s --signal=9 20m  ./__orio_perftest86.exe  "[00m
expected=14981109.589145
actual=14981109.589145
diff=0.000000
diff=1
__orio_perftest88.c: In function â€˜mainâ€™:
__orio_perftest88.c:131:52: error: â€˜Y_copyâ€™ undeclared (first use in this function)
 #pragma omp parallel for private(i,j,ii,jj,iii,jjj,Y_copy,X0_copy,X1_copy,X2_copy)
                                                    ^~~~~~
__orio_perftest88.c:131:52: note: each undeclared identifier is reported only once for each function it appears in
__orio_perftest88.c:131:59: error: â€˜X0_copyâ€™ undeclared (first use in this function)
 #pragma omp parallel for private(i,j,ii,jj,iii,jjj,Y_copy,X0_copy,X1_copy,X2_copy)
                                                           ^~~~~~~
__orio_perftest88.c:131:67: error: â€˜X1_copyâ€™ undeclared (first use in this function)
 #pragma omp parallel for private(i,j,ii,jj,iii,jjj,Y_copy,X0_copy,X1_copy,X2_copy)
                                                                   ^~~~~~~
__orio_perftest88.c:131:75: error: â€˜X2_copyâ€™ undeclared (first use in this function)
 #pragma omp parallel for private(i,j,ii,jj,iii,jjj,Y_copy,X0_copy,X1_copy,X2_copy)
                                                                           ^~~~~~~
[00;31mERROR: orio.main.tuner.ptest_driver:  failed to compile the testing code: "timeout --kill-after=30s --signal=9 20m gcc -O3 -fopenmp -DDYNAMIC  -DORIO_REPS=10 -o __orio_perftest88.exe __orio_perftest88.c timer_cpu.o -lm -lrt"[00m
[00;31mERROR: orio.main.tuner.ptest_driver:  the executable of the test code does not exist[00m
timeout: failed to run command â€˜./__orio_perftest88.exeâ€™: No such file or directory
[00;31mERROR: orio.main.tuner.ptest_driver: failed to execute the test code: "timeout --kill-after=30s --signal=9 20m  ./__orio_perftest88.exe  "
 --> CalledProcessError: Command 'timeout --kill-after=30s --signal=9 20m  ./__orio_perftest88.exe  ' returned non-zero exit status 127[00m
[00;31mERROR: orio.main.tuner.ptest_driver:  performance testing failed: "timeout --kill-after=30s --signal=9 20m  ./__orio_perftest88.exe  "[00m
__orio_perftest89.c: In function â€˜mainâ€™:
__orio_perftest89.c:131:52: error: â€˜Y_copyâ€™ undeclared (first use in this function)
 #pragma omp parallel for private(i,j,ii,jj,iii,jjj,Y_copy,X0_copy,X1_copy,X2_copy)
                                                    ^~~~~~
__orio_perftest89.c:131:52: note: each undeclared identifier is reported only once for each function it appears in
__orio_perftest89.c:131:59: error: â€˜X0_copyâ€™ undeclared (first use in this function)
 #pragma omp parallel for private(i,j,ii,jj,iii,jjj,Y_copy,X0_copy,X1_copy,X2_copy)
                                                           ^~~~~~~
__orio_perftest89.c:131:67: error: â€˜X1_copyâ€™ undeclared (first use in this function)
 #pragma omp parallel for private(i,j,ii,jj,iii,jjj,Y_copy,X0_copy,X1_copy,X2_copy)
                                                                   ^~~~~~~
__orio_perftest89.c:131:75: error: â€˜X2_copyâ€™ undeclared (first use in this function)
 #pragma omp parallel for private(i,j,ii,jj,iii,jjj,Y_copy,X0_copy,X1_copy,X2_copy)
                                                                           ^~~~~~~
[00;31mERROR: orio.main.tuner.ptest_driver:  failed to compile the testing code: "timeout --kill-after=30s --signal=9 20m gcc -O3 -fopenmp -DDYNAMIC  -DORIO_REPS=10 -o __orio_perftest89.exe __orio_perftest89.c timer_cpu.o -lm -lrt"[00m
[00;31mERROR: orio.main.tuner.ptest_driver:  the executable of the test code does not exist[00m
timeout: failed to run command â€˜./__orio_perftest89.exeâ€™: No such file or directory
[00;31mERROR: orio.main.tuner.ptest_driver: failed to execute the test code: "timeout --kill-after=30s --signal=9 20m  ./__orio_perftest89.exe  "
 --> CalledProcessError: Command 'timeout --kill-after=30s --signal=9 20m  ./__orio_perftest89.exe  ' returned non-zero exit status 127[00m
[00;31mERROR: orio.main.tuner.ptest_driver:  performance testing failed: "timeout --kill-after=30s --signal=9 20m  ./__orio_perftest89.exe  "[00m
__orio_perftest90.c: In function â€˜mainâ€™:
__orio_perftest90.c:131:52: error: â€˜Y_copyâ€™ undeclared (first use in this function)
 #pragma omp parallel for private(i,j,ii,jj,iii,jjj,Y_copy,X0_copy,X1_copy,X2_copy)
                                                    ^~~~~~
__orio_perftest90.c:131:52: note: each undeclared identifier is reported only once for each function it appears in
__orio_perftest90.c:131:59: error: â€˜X0_copyâ€™ undeclared (first use in this function)
 #pragma omp parallel for private(i,j,ii,jj,iii,jjj,Y_copy,X0_copy,X1_copy,X2_copy)
                                                           ^~~~~~~
__orio_perftest90.c:131:67: error: â€˜X1_copyâ€™ undeclared (first use in this function)
 #pragma omp parallel for private(i,j,ii,jj,iii,jjj,Y_copy,X0_copy,X1_copy,X2_copy)
                                                                   ^~~~~~~
__orio_perftest90.c:131:75: error: â€˜X2_copyâ€™ undeclared (first use in this function)
 #pragma omp parallel for private(i,j,ii,jj,iii,jjj,Y_copy,X0_copy,X1_copy,X2_copy)
                                                                           ^~~~~~~
[00;31mERROR: orio.main.tuner.ptest_driver:  failed to compile the testing code: "timeout --kill-after=30s --signal=9 20m gcc -O3 -fopenmp -DDYNAMIC  -DORIO_REPS=10 -o __orio_perftest90.exe __orio_perftest90.c timer_cpu.o -lm -lrt"[00m
[00;31mERROR: orio.main.tuner.ptest_driver:  the executable of the test code does not exist[00m
timeout: failed to run command â€˜./__orio_perftest90.exeâ€™: No such file or directory
[00;31mERROR: orio.main.tuner.ptest_driver: failed to execute the test code: "timeout --kill-after=30s --signal=9 20m  ./__orio_perftest90.exe  "
 --> CalledProcessError: Command 'timeout --kill-after=30s --signal=9 20m  ./__orio_perftest90.exe  ' returned non-zero exit status 127[00m
[00;31mERROR: orio.main.tuner.ptest_driver:  performance testing failed: "timeout --kill-after=30s --signal=9 20m  ./__orio_perftest90.exe  "[00m
expected=14981109.589145
actual=14981109.589145
diff=0.000000
diff=1
expected=14981109.589145
actual=14981109.589145
diff=0.000000
diff=1
__orio_perftest93.c: In function â€˜mainâ€™:
__orio_perftest93.c:131:52: error: â€˜Y_copyâ€™ undeclared (first use in this function)
 #pragma omp parallel for private(i,j,ii,jj,iii,jjj,Y_copy,X0_copy,X1_copy,X2_copy)
                                                    ^~~~~~
__orio_perftest93.c:131:52: note: each undeclared identifier is reported only once for each function it appears in
__orio_perftest93.c:131:59: error: â€˜X0_copyâ€™ undeclared (first use in this function)
 #pragma omp parallel for private(i,j,ii,jj,iii,jjj,Y_copy,X0_copy,X1_copy,X2_copy)
                                                           ^~~~~~~
__orio_perftest93.c:131:67: error: â€˜X1_copyâ€™ undeclared (first use in this function)
 #pragma omp parallel for private(i,j,ii,jj,iii,jjj,Y_copy,X0_copy,X1_copy,X2_copy)
                                                                   ^~~~~~~
__orio_perftest93.c:131:75: error: â€˜X2_copyâ€™ undeclared (first use in this function)
 #pragma omp parallel for private(i,j,ii,jj,iii,jjj,Y_copy,X0_copy,X1_copy,X2_copy)
                                                                           ^~~~~~~
[00;31mERROR: orio.main.tuner.ptest_driver:  failed to compile the testing code: "timeout --kill-after=30s --signal=9 20m gcc -O3 -fopenmp -DDYNAMIC  -DORIO_REPS=10 -o __orio_perftest93.exe __orio_perftest93.c timer_cpu.o -lm -lrt"[00m
[00;31mERROR: orio.main.tuner.ptest_driver:  the executable of the test code does not exist[00m
timeout: failed to run command â€˜./__orio_perftest93.exeâ€™: No such file or directory
[00;31mERROR: orio.main.tuner.ptest_driver: failed to execute the test code: "timeout --kill-after=30s --signal=9 20m  ./__orio_perftest93.exe  "
 --> CalledProcessError: Command 'timeout --kill-after=30s --signal=9 20m  ./__orio_perftest93.exe  ' returned non-zero exit status 127[00m
[00;31mERROR: orio.main.tuner.ptest_driver:  performance testing failed: "timeout --kill-after=30s --signal=9 20m  ./__orio_perftest93.exe  "[00m
__orio_perftest94.c: In function â€˜mainâ€™:
__orio_perftest94.c:132:52: error: â€˜Y_copyâ€™ undeclared (first use in this function)
 #pragma omp parallel for private(i,j,ii,jj,iii,jjj,Y_copy,X0_copy,X1_copy,X2_copy)
                                                    ^~~~~~
__orio_perftest94.c:132:52: note: each undeclared identifier is reported only once for each function it appears in
__orio_perftest94.c:132:59: error: â€˜X0_copyâ€™ undeclared (first use in this function)
 #pragma omp parallel for private(i,j,ii,jj,iii,jjj,Y_copy,X0_copy,X1_copy,X2_copy)
                                                           ^~~~~~~
__orio_perftest94.c:132:67: error: â€˜X1_copyâ€™ undeclared (first use in this function)
 #pragma omp parallel for private(i,j,ii,jj,iii,jjj,Y_copy,X0_copy,X1_copy,X2_copy)
                                                                   ^~~~~~~
__orio_perftest94.c:132:75: error: â€˜X2_copyâ€™ undeclared (first use in this function)
 #pragma omp parallel for private(i,j,ii,jj,iii,jjj,Y_copy,X0_copy,X1_copy,X2_copy)
                                                                           ^~~~~~~
[00;31mERROR: orio.main.tuner.ptest_driver:  failed to compile the testing code: "timeout --kill-after=30s --signal=9 20m gcc -O3 -fopenmp -DDYNAMIC  -DORIO_REPS=10 -o __orio_perftest94.exe __orio_perftest94.c timer_cpu.o -lm -lrt"[00m
[00;31mERROR: orio.main.tuner.ptest_driver:  the executable of the test code does not exist[00m
timeout: failed to run command â€˜./__orio_perftest94.exeâ€™: No such file or directory
[00;31mERROR: orio.main.tuner.ptest_driver: failed to execute the test code: "timeout --kill-after=30s --signal=9 20m  ./__orio_perftest94.exe  "
 --> CalledProcessError: Command 'timeout --kill-after=30s --signal=9 20m  ./__orio_perftest94.exe  ' returned non-zero exit status 127[00m
[00;31mERROR: orio.main.tuner.ptest_driver:  performance testing failed: "timeout --kill-after=30s --signal=9 20m  ./__orio_perftest94.exe  "[00m
expected=14981109.589145
actual=14981109.589145
diff=0.000000
diff=1
__orio_perftest96.c: In function â€˜mainâ€™:
__orio_perftest96.c:131:52: error: â€˜Y_copyâ€™ undeclared (first use in this function)
 #pragma omp parallel for private(i,j,ii,jj,iii,jjj,Y_copy,X0_copy,X1_copy,X2_copy)
                                                    ^~~~~~
__orio_perftest96.c:131:52: note: each undeclared identifier is reported only once for each function it appears in
__orio_perftest96.c:131:59: error: â€˜X0_copyâ€™ undeclared (first use in this function)
 #pragma omp parallel for private(i,j,ii,jj,iii,jjj,Y_copy,X0_copy,X1_copy,X2_copy)
                                                           ^~~~~~~
__orio_perftest96.c:131:67: error: â€˜X1_copyâ€™ undeclared (first use in this function)
 #pragma omp parallel for private(i,j,ii,jj,iii,jjj,Y_copy,X0_copy,X1_copy,X2_copy)
                                                                   ^~~~~~~
__orio_perftest96.c:131:75: error: â€˜X2_copyâ€™ undeclared (first use in this function)
 #pragma omp parallel for private(i,j,ii,jj,iii,jjj,Y_copy,X0_copy,X1_copy,X2_copy)
                                                                           ^~~~~~~
[00;31mERROR: orio.main.tuner.ptest_driver:  failed to compile the testing code: "timeout --kill-after=30s --signal=9 20m gcc -O3 -fopenmp -DDYNAMIC  -DORIO_REPS=10 -o __orio_perftest96.exe __orio_perftest96.c timer_cpu.o -lm -lrt"[00m
[00;31mERROR: orio.main.tuner.ptest_driver:  the executable of the test code does not exist[00m
timeout: failed to run command â€˜./__orio_perftest96.exeâ€™: No such file or directory
[00;31mERROR: orio.main.tuner.ptest_driver: failed to execute the test code: "timeout --kill-after=30s --signal=9 20m  ./__orio_perftest96.exe  "
 --> CalledProcessError: Command 'timeout --kill-after=30s --signal=9 20m  ./__orio_perftest96.exe  ' returned non-zero exit status 127[00m
[00;31mERROR: orio.main.tuner.ptest_driver:  performance testing failed: "timeout --kill-after=30s --signal=9 20m  ./__orio_perftest96.exe  "[00m
__orio_perftest97.c: In function â€˜mainâ€™:
__orio_perftest97.c:131:52: error: â€˜Y_copyâ€™ undeclared (first use in this function)
 #pragma omp parallel for private(i,j,ii,jj,iii,jjj,Y_copy,X0_copy,X1_copy,X2_copy)
                                                    ^~~~~~
__orio_perftest97.c:131:52: note: each undeclared identifier is reported only once for each function it appears in
__orio_perftest97.c:131:59: error: â€˜X0_copyâ€™ undeclared (first use in this function)
 #pragma omp parallel for private(i,j,ii,jj,iii,jjj,Y_copy,X0_copy,X1_copy,X2_copy)
                                                           ^~~~~~~
__orio_perftest97.c:131:67: error: â€˜X1_copyâ€™ undeclared (first use in this function)
 #pragma omp parallel for private(i,j,ii,jj,iii,jjj,Y_copy,X0_copy,X1_copy,X2_copy)
                                                                   ^~~~~~~
__orio_perftest97.c:131:75: error: â€˜X2_copyâ€™ undeclared (first use in this function)
 #pragma omp parallel for private(i,j,ii,jj,iii,jjj,Y_copy,X0_copy,X1_copy,X2_copy)
                                                                           ^~~~~~~
[00;31mERROR: orio.main.tuner.ptest_driver:  failed to compile the testing code: "timeout --kill-after=30s --signal=9 20m gcc -O3 -fopenmp -DDYNAMIC  -DORIO_REPS=10 -o __orio_perftest97.exe __orio_perftest97.c timer_cpu.o -lm -lrt"[00m
[00;31mERROR: orio.main.tuner.ptest_driver:  the executable of the test code does not exist[00m
timeout: failed to run command â€˜./__orio_perftest97.exeâ€™: No such file or directory
[00;31mERROR: orio.main.tuner.ptest_driver: failed to execute the test code: "timeout --kill-after=30s --signal=9 20m  ./__orio_perftest97.exe  "
 --> CalledProcessError: Command 'timeout --kill-after=30s --signal=9 20m  ./__orio_perftest97.exe  ' returned non-zero exit status 127[00m
[00;31mERROR: orio.main.tuner.ptest_driver:  performance testing failed: "timeout --kill-after=30s --signal=9 20m  ./__orio_perftest97.exe  "[00m
expected=14981109.589145
actual=14981109.589145
diff=0.000000
diff=1
__orio_perftest99.c: In function â€˜mainâ€™:
__orio_perftest99.c:131:52: error: â€˜Y_copyâ€™ undeclared (first use in this function)
 #pragma omp parallel for private(i,j,ii,jj,iii,jjj,Y_copy,X0_copy,X1_copy,X2_copy)
                                                    ^~~~~~
__orio_perftest99.c:131:52: note: each undeclared identifier is reported only once for each function it appears in
__orio_perftest99.c:131:59: error: â€˜X0_copyâ€™ undeclared (first use in this function)
 #pragma omp parallel for private(i,j,ii,jj,iii,jjj,Y_copy,X0_copy,X1_copy,X2_copy)
                                                           ^~~~~~~
__orio_perftest99.c:131:67: error: â€˜X1_copyâ€™ undeclared (first use in this function)
 #pragma omp parallel for private(i,j,ii,jj,iii,jjj,Y_copy,X0_copy,X1_copy,X2_copy)
                                                                   ^~~~~~~
__orio_perftest99.c:131:75: error: â€˜X2_copyâ€™ undeclared (first use in this function)
 #pragma omp parallel for private(i,j,ii,jj,iii,jjj,Y_copy,X0_copy,X1_copy,X2_copy)
                                                                           ^~~~~~~
[00;31mERROR: orio.main.tuner.ptest_driver:  failed to compile the testing code: "timeout --kill-after=30s --signal=9 20m gcc -O3 -fopenmp -DDYNAMIC  -DORIO_REPS=10 -o __orio_perftest99.exe __orio_perftest99.c timer_cpu.o -lm -lrt"[00m
[00;31mERROR: orio.main.tuner.ptest_driver:  the executable of the test code does not exist[00m
timeout: failed to run command â€˜./__orio_perftest99.exeâ€™: No such file or directory
[00;31mERROR: orio.main.tuner.ptest_driver: failed to execute the test code: "timeout --kill-after=30s --signal=9 20m  ./__orio_perftest99.exe  "
 --> CalledProcessError: Command 'timeout --kill-after=30s --signal=9 20m  ./__orio_perftest99.exe  ' returned non-zero exit status 127[00m
[00;31mERROR: orio.main.tuner.ptest_driver:  performance testing failed: "timeout --kill-after=30s --signal=9 20m  ./__orio_perftest99.exe  "[00m
expected=14981109.589145
actual=14981109.589145
diff=0.000000
diff=1
expected=14981109.589145
actual=14981109.589145
diff=0.000000
diff=1
expected=14981109.589145
actual=14981109.589145
diff=0.000000
diff=1
__orio_perftest103.c: In function â€˜mainâ€™:
__orio_perftest103.c:131:52: error: â€˜Y_copyâ€™ undeclared (first use in this function)
 #pragma omp parallel for private(i,j,ii,jj,iii,jjj,Y_copy,X0_copy,X1_copy,X2_copy)
                                                    ^~~~~~
__orio_perftest103.c:131:52: note: each undeclared identifier is reported only once for each function it appears in
__orio_perftest103.c:131:59: error: â€˜X0_copyâ€™ undeclared (first use in this function)
 #pragma omp parallel for private(i,j,ii,jj,iii,jjj,Y_copy,X0_copy,X1_copy,X2_copy)
                                                           ^~~~~~~
__orio_perftest103.c:131:67: error: â€˜X1_copyâ€™ undeclared (first use in this function)
 #pragma omp parallel for private(i,j,ii,jj,iii,jjj,Y_copy,X0_copy,X1_copy,X2_copy)
                                                                   ^~~~~~~
__orio_perftest103.c:131:75: error: â€˜X2_copyâ€™ undeclared (first use in this function)
 #pragma omp parallel for private(i,j,ii,jj,iii,jjj,Y_copy,X0_copy,X1_copy,X2_copy)
                                                                           ^~~~~~~
[00;31mERROR: orio.main.tuner.ptest_driver:  failed to compile the testing code: "timeout --kill-after=30s --signal=9 20m gcc -O3 -fopenmp -DDYNAMIC  -DORIO_REPS=10 -o __orio_perftest103.exe __orio_perftest103.c timer_cpu.o -lm -lrt"[00m
[00;31mERROR: orio.main.tuner.ptest_driver:  the executable of the test code does not exist[00m
timeout: failed to run command â€˜./__orio_perftest103.exeâ€™: No such file or directory
[00;31mERROR: orio.main.tuner.ptest_driver: failed to execute the test code: "timeout --kill-after=30s --signal=9 20m  ./__orio_perftest103.exe  "
 --> CalledProcessError: Command 'timeout --kill-after=30s --signal=9 20m  ./__orio_perftest103.exe  ' returned non-zero exit status 127[00m
[00;31mERROR: orio.main.tuner.ptest_driver:  performance testing failed: "timeout --kill-after=30s --signal=9 20m  ./__orio_perftest103.exe  "[00m
__orio_perftest104.c: In function â€˜mainâ€™:
__orio_perftest104.c:131:52: error: â€˜Y_copyâ€™ undeclared (first use in this function)
 #pragma omp parallel for private(i,j,ii,jj,iii,jjj,Y_copy,X0_copy,X1_copy,X2_copy)
                                                    ^~~~~~
__orio_perftest104.c:131:52: note: each undeclared identifier is reported only once for each function it appears in
__orio_perftest104.c:131:59: error: â€˜X0_copyâ€™ undeclared (first use in this function)
 #pragma omp parallel for private(i,j,ii,jj,iii,jjj,Y_copy,X0_copy,X1_copy,X2_copy)
                                                           ^~~~~~~
__orio_perftest104.c:131:67: error: â€˜X1_copyâ€™ undeclared (first use in this function)
 #pragma omp parallel for private(i,j,ii,jj,iii,jjj,Y_copy,X0_copy,X1_copy,X2_copy)
                                                                   ^~~~~~~
__orio_perftest104.c:131:75: error: â€˜X2_copyâ€™ undeclared (first use in this function)
 #pragma omp parallel for private(i,j,ii,jj,iii,jjj,Y_copy,X0_copy,X1_copy,X2_copy)
                                                                           ^~~~~~~
[00;31mERROR: orio.main.tuner.ptest_driver:  failed to compile the testing code: "timeout --kill-after=30s --signal=9 20m gcc -O3 -fopenmp -DDYNAMIC  -DORIO_REPS=10 -o __orio_perftest104.exe __orio_perftest104.c timer_cpu.o -lm -lrt"[00m
[00;31mERROR: orio.main.tuner.ptest_driver:  the executable of the test code does not exist[00m
timeout: failed to run command â€˜./__orio_perftest104.exeâ€™: No such file or directory
[00;31mERROR: orio.main.tuner.ptest_driver: failed to execute the test code: "timeout --kill-after=30s --signal=9 20m  ./__orio_perftest104.exe  "
 --> CalledProcessError: Command 'timeout --kill-after=30s --signal=9 20m  ./__orio_perftest104.exe  ' returned non-zero exit status 127[00m
[00;31mERROR: orio.main.tuner.ptest_driver:  performance testing failed: "timeout --kill-after=30s --signal=9 20m  ./__orio_perftest104.exe  "[00m
expected=14981109.589145
actual=14981109.589145
diff=0.000000
diff=1
